[0.595s] Invoking command in '/home/vivek/On-Codes/Batch-Opt-Highway-Driving/ros_ws/src/highway_car': CMAKE_PREFIX_PATH=/home/vivek/On-Codes/Batch-Opt-Highway-Driving/ros_ws/install/msgs_car:/home/vivek/On-Codes/Batch-Opt-Highway-Driving/ros_ws/install/mpc_car_batch:/home/vivek/On-Codes/Batch-Opt-Highway-Driving/ros_ws/install/mpc_car_acado_single:/home/vivek/On-Codes/Batch-Opt-Highway-Driving/ros_ws/install/mpc_car_acado PYTHONPATH=/home/vivek/On-Codes/Batch-Opt-Highway-Driving/ros_ws/install/highway_car/lib/python3.8/site-packages:/home/vivek/On-Codes/Batch-Opt-Highway-Driving/ros_ws/install/msgs_car/lib/python3.8/site-packages:/home/vivek/On-Codes/Batch-Opt-Highway-Driving/ros_ws/install/highway_car/lib/python3.8/site-packages:/home/vivek/On-Codes/Batch-Opt-Highway-Driving/ros_ws/install/frenet_car/lib/python3.8/site-packages:/opt/ros/foxy/lib/python3.8/site-packages:/opt/carla-simulator/PythonAPI/carla/dist/carla-0.9.11-py3.7-linux-x86_64.egg:/opt/carla-simulator/PythonAPI/carla /usr/bin/python3 setup.py egg_info --egg-base ../../build/highway_car build --build-base /home/vivek/On-Codes/Batch-Opt-Highway-Driving/ros_ws/build/highway_car/build install --prefix /home/vivek/On-Codes/Batch-Opt-Highway-Driving/ros_ws/install/highway_car --record /home/vivek/On-Codes/Batch-Opt-Highway-Driving/ros_ws/build/highway_car/install.log --single-version-externally-managed
[0.911s] running egg_info
[0.911s] writing ../../build/highway_car/highway_car.egg-info/PKG-INFO
[0.912s] writing dependency_links to ../../build/highway_car/highway_car.egg-info/dependency_links.txt
[0.912s] writing entry points to ../../build/highway_car/highway_car.egg-info/entry_points.txt
[0.912s] writing requirements to ../../build/highway_car/highway_car.egg-info/requires.txt
[0.912s] writing top-level names to ../../build/highway_car/highway_car.egg-info/top_level.txt
[0.960s] reading manifest file '../../build/highway_car/highway_car.egg-info/SOURCES.txt'
[0.961s] writing manifest file '../../build/highway_car/highway_car.egg-info/SOURCES.txt'
[0.961s] running build
[0.961s] running build_py
[0.962s] copying highway_car/highway_car2.py -> /home/vivek/On-Codes/Batch-Opt-Highway-Driving/ros_ws/build/highway_car/build/lib/highway_car
[0.962s] running install
[0.966s] running install_lib
[0.966s] copying /home/vivek/On-Codes/Batch-Opt-Highway-Driving/ros_ws/build/highway_car/build/lib/highway_car/highway_car2.py -> /home/vivek/On-Codes/Batch-Opt-Highway-Driving/ros_ws/install/highway_car/lib/python3.8/site-packages/highway_car
[0.966s] byte-compiling /home/vivek/On-Codes/Batch-Opt-Highway-Driving/ros_ws/install/highway_car/lib/python3.8/site-packages/highway_car/highway_car2.py to highway_car2.cpython-38.pyc
[0.971s] running install_data
[0.972s] running install_egg_info
[0.977s] removing '/home/vivek/On-Codes/Batch-Opt-Highway-Driving/ros_ws/install/highway_car/lib/python3.8/site-packages/highway_car-0.0.0-py3.8.egg-info' (and everything under it)
[0.977s] Copying ../../build/highway_car/highway_car.egg-info to /home/vivek/On-Codes/Batch-Opt-Highway-Driving/ros_ws/install/highway_car/lib/python3.8/site-packages/highway_car-0.0.0-py3.8.egg-info
[0.977s] running install_scripts
[1.013s] Installing highway_node2 script to /home/vivek/On-Codes/Batch-Opt-Highway-Driving/ros_ws/install/highway_car/lib/highway_car
[1.013s] writing list of installed files to '/home/vivek/On-Codes/Batch-Opt-Highway-Driving/ros_ws/build/highway_car/install.log'
[1.052s] Invoked command in '/home/vivek/On-Codes/Batch-Opt-Highway-Driving/ros_ws/src/highway_car' returned '0': CMAKE_PREFIX_PATH=/home/vivek/On-Codes/Batch-Opt-Highway-Driving/ros_ws/install/msgs_car:/home/vivek/On-Codes/Batch-Opt-Highway-Driving/ros_ws/install/mpc_car_batch:/home/vivek/On-Codes/Batch-Opt-Highway-Driving/ros_ws/install/mpc_car_acado_single:/home/vivek/On-Codes/Batch-Opt-Highway-Driving/ros_ws/install/mpc_car_acado PYTHONPATH=/home/vivek/On-Codes/Batch-Opt-Highway-Driving/ros_ws/install/highway_car/lib/python3.8/site-packages:/home/vivek/On-Codes/Batch-Opt-Highway-Driving/ros_ws/install/msgs_car/lib/python3.8/site-packages:/home/vivek/On-Codes/Batch-Opt-Highway-Driving/ros_ws/install/highway_car/lib/python3.8/site-packages:/home/vivek/On-Codes/Batch-Opt-Highway-Driving/ros_ws/install/frenet_car/lib/python3.8/site-packages:/opt/ros/foxy/lib/python3.8/site-packages:/opt/carla-simulator/PythonAPI/carla/dist/carla-0.9.11-py3.7-linux-x86_64.egg:/opt/carla-simulator/PythonAPI/carla /usr/bin/python3 setup.py egg_info --egg-base ../../build/highway_car build --build-base /home/vivek/On-Codes/Batch-Opt-Highway-Driving/ros_ws/build/highway_car/build install --prefix /home/vivek/On-Codes/Batch-Opt-Highway-Driving/ros_ws/install/highway_car --record /home/vivek/On-Codes/Batch-Opt-Highway-Driving/ros_ws/build/highway_car/install.log --single-version-externally-managed
