[0.010s] Invoking command in '/home/vivek/On-Codes/Batch_traj_opt/mpc_car_batch/build/mpc_car_batch': CMAKE_PREFIX_PATH=/opt/ros/foxy /usr/bin/cmake --build /home/vivek/On-Codes/Batch_traj_opt/mpc_car_batch/build/mpc_car_batch -- -j4 -l4
[0.050s] -- Found ament_cmake: 0.9.8 (/opt/ros/foxy/share/ament_cmake/cmake)
[0.085s] -- Using PYTHON_EXECUTABLE: /usr/bin/python3
[0.323s] -- Found rclcpp: 2.3.1 (/opt/ros/foxy/share/rclcpp/cmake)
[0.367s] -- Using all available rosidl_typesupport_c: rosidl_typesupport_fastrtps_c;rosidl_typesupport_introspection_c
[0.372s] -- Found rosidl_adapter: 1.2.1 (/opt/ros/foxy/share/rosidl_adapter/cmake)
[0.527s] -- Using all available rosidl_typesupport_cpp: rosidl_typesupport_fastrtps_cpp;rosidl_typesupport_introspection_cpp
[0.593s] -- Found rmw_implementation_cmake: 1.0.3 (/opt/ros/foxy/share/rmw_implementation_cmake/cmake)
[0.595s] -- Using RMW implementation 'rmw_fastrtps_cpp' as default
[0.805s] -- Found geometry_msgs: 2.0.4 (/opt/ros/foxy/share/geometry_msgs/cmake)
[0.850s] -- Found nav_msgs: 2.0.4 (/opt/ros/foxy/share/nav_msgs/cmake)
[0.950s] CMake Error at /opt/ros/foxy/share/ament_cmake_target_dependencies/cmake/ament_target_dependencies.cmake:77 (message):
[0.950s]   ament_target_dependencies() the passed package name 'rclcpy' was not found
[0.950s]   before
[0.950s] Call Stack (most recent call first):
[0.951s]   CMakeLists.txt:43 (ament_target_dependencies)
[0.951s] 
[0.951s] 
[0.952s] -- Configuring incomplete, errors occurred!
[0.952s] See also "/home/vivek/On-Codes/Batch_traj_opt/mpc_car_batch/build/mpc_car_batch/CMakeFiles/CMakeOutput.log".
[0.952s] See also "/home/vivek/On-Codes/Batch_traj_opt/mpc_car_batch/build/mpc_car_batch/CMakeFiles/CMakeError.log".
[0.958s] make: *** [Makefile:324: cmake_check_build_system] Error 1
[0.961s] Invoked command in '/home/vivek/On-Codes/Batch_traj_opt/mpc_car_batch/build/mpc_car_batch' returned '2': CMAKE_PREFIX_PATH=/opt/ros/foxy /usr/bin/cmake --build /home/vivek/On-Codes/Batch_traj_opt/mpc_car_batch/build/mpc_car_batch -- -j4 -l4
