[0.014s] Invoking command in '/home/vivek/On-Codes/Batch_traj_opt/mpc_car_batch/build/mpc_car_batch': CMAKE_PREFIX_PATH=/opt/ros/foxy /usr/bin/cmake --build /home/vivek/On-Codes/Batch_traj_opt/mpc_car_batch/build/mpc_car_batch -- -j4 -l4
[0.041s] -- Found ament_cmake: 0.9.8 (/opt/ros/foxy/share/ament_cmake/cmake)
[0.069s] -- Using PYTHON_EXECUTABLE: /usr/bin/python3
[0.247s] -- Found ament_lint_auto: 0.9.6 (/opt/ros/foxy/share/ament_lint_auto/cmake)
[0.306s] -- Added test 'copyright' to check source files copyright and LICENSE
[0.321s] -- Added test 'cppcheck' to perform static code analysis on C / C++ code
[0.321s] -- Configured cppcheck include dirs: /home/vivek/On-Codes/Batch_traj_opt/mpc_car_batch/include
[0.322s] -- Configured cppcheck exclude dirs and/or files: 
[0.338s] -- Added test 'cpplint' to check C / C++ code against the Google style
[0.338s] -- Configured cpplint exclude dirs and/or files: 
[0.340s] -- Added test 'flake8' to check Python code syntax and style conventions
[0.344s] -- Added test 'lint_cmake' to check CMake code style
[0.346s] -- Added test 'pep257' to check Python code against some of the style conventions in PEP 257
[0.361s] -- Added test 'uncrustify' to check C / C++ code style
[0.361s] -- Configured uncrustify additional arguments: 
[0.363s] -- Added test 'xmllint' to check XML markup files
[0.365s] -- Configuring done
[0.369s] -- Generating done
[0.371s] -- Build files have been written to: /home/vivek/On-Codes/Batch_traj_opt/mpc_car_batch/build/mpc_car_batch
[0.399s] [ 50%] Built target mpc_node_lib
[0.418s] [ 75%] [32m[1mLinking CXX executable mpc_node[0m
[0.503s] /usr/bin/ld: cannot find -lEigen3
[0.503s] collect2: error: ld returned 1 exit status
[0.505s] make[2]: *** [CMakeFiles/mpc_node.dir/build.make:85: mpc_node] Error 1
[0.505s] make[1]: *** [CMakeFiles/Makefile2:80: CMakeFiles/mpc_node.dir/all] Error 2
[0.505s] make: *** [Makefile:141: all] Error 2
[0.507s] Invoked command in '/home/vivek/On-Codes/Batch_traj_opt/mpc_car_batch/build/mpc_car_batch' returned '2': CMAKE_PREFIX_PATH=/opt/ros/foxy /usr/bin/cmake --build /home/vivek/On-Codes/Batch_traj_opt/mpc_car_batch/build/mpc_car_batch -- -j4 -l4
