[ 88%] Built target mpc_solver
[100%] Built target mpc_node
-- Install configuration: ""
-- Up-to-date: /home/lenovo/ros2_foxy/src/Batch-Opt-Highway-Driving/ros_ws/install/mpc_car_acado/share/ament_index/resource_index/package_run_dependencies/mpc_car_acado
-- Up-to-date: /home/lenovo/ros2_foxy/src/Batch-Opt-Highway-Driving/ros_ws/install/mpc_car_acado/share/ament_index/resource_index/parent_prefix_path/mpc_car_acado
-- Up-to-date: /home/lenovo/ros2_foxy/src/Batch-Opt-Highway-Driving/ros_ws/install/mpc_car_acado/share/mpc_car_acado/environment/ament_prefix_path.sh
-- Up-to-date: /home/lenovo/ros2_foxy/src/Batch-Opt-Highway-Driving/ros_ws/install/mpc_car_acado/share/mpc_car_acado/environment/ament_prefix_path.dsv
-- Up-to-date: /home/lenovo/ros2_foxy/src/Batch-Opt-Highway-Driving/ros_ws/install/mpc_car_acado/share/mpc_car_acado/environment/path.sh
-- Up-to-date: /home/lenovo/ros2_foxy/src/Batch-Opt-Highway-Driving/ros_ws/install/mpc_car_acado/share/mpc_car_acado/environment/path.dsv
-- Up-to-date: /home/lenovo/ros2_foxy/src/Batch-Opt-Highway-Driving/ros_ws/install/mpc_car_acado/share/mpc_car_acado/local_setup.bash
-- Up-to-date: /home/lenovo/ros2_foxy/src/Batch-Opt-Highway-Driving/ros_ws/install/mpc_car_acado/share/mpc_car_acado/local_setup.sh
-- Up-to-date: /home/lenovo/ros2_foxy/src/Batch-Opt-Highway-Driving/ros_ws/install/mpc_car_acado/share/mpc_car_acado/local_setup.zsh
-- Up-to-date: /home/lenovo/ros2_foxy/src/Batch-Opt-Highway-Driving/ros_ws/install/mpc_car_acado/share/mpc_car_acado/local_setup.dsv
-- Installing: /home/lenovo/ros2_foxy/src/Batch-Opt-Highway-Driving/ros_ws/install/mpc_car_acado/share/mpc_car_acado/package.dsv
-- Up-to-date: /home/lenovo/ros2_foxy/src/Batch-Opt-Highway-Driving/ros_ws/install/mpc_car_acado/share/ament_index/resource_index/packages/mpc_car_acado
-- Up-to-date: /home/lenovo/ros2_foxy/src/Batch-Opt-Highway-Driving/ros_ws/install/mpc_car_acado/share/mpc_car_acado/cmake/ament_cmake_export_include_directories-extras.cmake
-- Up-to-date: /home/lenovo/ros2_foxy/src/Batch-Opt-Highway-Driving/ros_ws/install/mpc_car_acado/share/mpc_car_acado/cmake/mpc_car_acadoConfig.cmake
-- Up-to-date: /home/lenovo/ros2_foxy/src/Batch-Opt-Highway-Driving/ros_ws/install/mpc_car_acado/share/mpc_car_acado/cmake/mpc_car_acadoConfig-version.cmake
-- Up-to-date: /home/lenovo/ros2_foxy/src/Batch-Opt-Highway-Driving/ros_ws/install/mpc_car_acado/share/mpc_car_acado/package.xml
-- Up-to-date: /home/lenovo/ros2_foxy/src/Batch-Opt-Highway-Driving/ros_ws/install/mpc_car_acado/lib/mpc_car_acado/mpc_node
