[0.372s] Invoking command in '/home/lenovo/ros2_foxy/src/Batch-Opt-Highway-Driving/ros_ws/src/frenet_car': AMENT_PREFIX_PATH=/home/lenovo/ros2_foxy/src/Batch-Opt-Highway-Driving/ros_ws/install/msgs_car:${AMENT_PREFIX_PATH} CMAKE_PREFIX_PATH=/home/lenovo/ros2_foxy/src/Batch-Opt-Highway-Driving/ros_ws/install/msgs_car:${CMAKE_PREFIX_PATH} LD_LIBRARY_PATH=/home/lenovo/ros2_foxy/src/Batch-Opt-Highway-Driving/ros_ws/install/msgs_car/lib:/home/lenovo/ros2_foxy/install/msgs_car/lib:/home/lenovo/ros2_foxy/install/rviz2_plugin/lib:/home/lenovo/ros2_foxy/install/rmf_workcell_msgs/lib:/home/lenovo/ros2_foxy/install/rmf_task_ros2/lib:/home/lenovo/ros2_foxy/install/rmf_fleet_adapter/lib:/home/lenovo/ros2_foxy/install/rmf_traffic_ros2/lib:/home/lenovo/ros2_foxy/install/rmf_task/lib:/home/lenovo/ros2_foxy/install/rmf_rviz_plugin/lib:/home/lenovo/ros2_foxy/install/rmf_battery/lib:/home/lenovo/ros2_foxy/install/rmf_traffic/lib:/home/lenovo/ros2_foxy/install/rmf_traffic_msgs/lib:/home/lenovo/ros2_foxy/install/rmf_task_msgs/lib:/home/lenovo/ros2_foxy/install/rmf_schedule_visualizer_msgs/lib:/home/lenovo/ros2_foxy/install/building_gazebo_plugins/lib:/home/lenovo/ros2_foxy/install/building_sim_common/lib:/home/lenovo/ros2_foxy/install/rmf_lift_msgs/lib:/home/lenovo/ros2_foxy/install/rmf_ingestor_msgs/lib:/home/lenovo/ros2_foxy/install/rmf_fleet_msgs/lib:/home/lenovo/ros2_foxy/install/rmf_door_msgs/lib:/home/lenovo/ros2_foxy/install/rmf_dispenser_msgs/lib:/home/lenovo/ros2_foxy/install/rmf_charger_msgs/lib:/home/lenovo/ros2_foxy/install/menge/lib:/home/lenovo/ros2_foxy/install/free_fleet/lib:/home/lenovo/ros2_foxy/install/building_map_msgs/lib:/usr/lib/x86_64-linux-gnu/gazebo-11/plugins:/opt/ros/foxy/opt/yaml_cpp_vendor/lib:/opt/ros/foxy/opt/rviz_ogre_vendor/lib:/opt/ros/foxy/lib/x86_64-linux-gnu:/opt/ros/foxy/lib:/usr/local/cuda-11.2/lib64 PYTHONPATH=/home/lenovo/ros2_foxy/src/Batch-Opt-Highway-Driving/ros_ws/install/frenet_car/lib/python3.8/site-packages:/home/lenovo/ros2_foxy/src/Batch-Opt-Highway-Driving/ros_ws/install/msgs_car/lib/python3.8/site-packages:${PYTHONPATH} /usr/bin/python3 setup.py egg_info --egg-base ../../build/frenet_car build --build-base /home/lenovo/ros2_foxy/src/Batch-Opt-Highway-Driving/ros_ws/build/frenet_car/build install --prefix /home/lenovo/ros2_foxy/src/Batch-Opt-Highway-Driving/ros_ws/install/frenet_car --record /home/lenovo/ros2_foxy/src/Batch-Opt-Highway-Driving/ros_ws/build/frenet_car/install.log --single-version-externally-managed
[0.555s] running egg_info
[0.555s] creating ../../build/frenet_car/frenet_car.egg-info
[0.555s] writing ../../build/frenet_car/frenet_car.egg-info/PKG-INFO
[0.555s] writing dependency_links to ../../build/frenet_car/frenet_car.egg-info/dependency_links.txt
[0.555s] writing entry points to ../../build/frenet_car/frenet_car.egg-info/entry_points.txt
[0.555s] writing requirements to ../../build/frenet_car/frenet_car.egg-info/requires.txt
[0.556s] writing top-level names to ../../build/frenet_car/frenet_car.egg-info/top_level.txt
[0.556s] writing manifest file '../../build/frenet_car/frenet_car.egg-info/SOURCES.txt'
[0.583s] reading manifest file '../../build/frenet_car/frenet_car.egg-info/SOURCES.txt'
[0.584s] writing manifest file '../../build/frenet_car/frenet_car.egg-info/SOURCES.txt'
[0.584s] running build
[0.584s] running build_py
[0.584s] creating /home/lenovo/ros2_foxy/src/Batch-Opt-Highway-Driving/ros_ws/build/frenet_car/build
[0.584s] creating /home/lenovo/ros2_foxy/src/Batch-Opt-Highway-Driving/ros_ws/build/frenet_car/build/lib
[0.584s] creating /home/lenovo/ros2_foxy/src/Batch-Opt-Highway-Driving/ros_ws/build/frenet_car/build/lib/frenet_car
[0.584s] copying frenet_car/test.py -> /home/lenovo/ros2_foxy/src/Batch-Opt-Highway-Driving/ros_ws/build/frenet_car/build/lib/frenet_car
[0.585s] copying frenet_car/circ.py -> /home/lenovo/ros2_foxy/src/Batch-Opt-Highway-Driving/ros_ws/build/frenet_car/build/lib/frenet_car
[0.585s] copying frenet_car/cubic_spline_planner.py -> /home/lenovo/ros2_foxy/src/Batch-Opt-Highway-Driving/ros_ws/build/frenet_car/build/lib/frenet_car
[0.585s] copying frenet_car/NonLinearConstraint.py -> /home/lenovo/ros2_foxy/src/Batch-Opt-Highway-Driving/ros_ws/build/frenet_car/build/lib/frenet_car
[0.585s] copying frenet_car/frenet.py -> /home/lenovo/ros2_foxy/src/Batch-Opt-Highway-Driving/ros_ws/build/frenet_car/build/lib/frenet_car
[0.585s] copying frenet_car/fo.py -> /home/lenovo/ros2_foxy/src/Batch-Opt-Highway-Driving/ros_ws/build/frenet_car/build/lib/frenet_car
[0.585s] copying frenet_car/run_Linearized_VO.py -> /home/lenovo/ros2_foxy/src/Batch-Opt-Highway-Driving/ros_ws/build/frenet_car/build/lib/frenet_car
[0.585s] copying frenet_car/optimize_lane.py -> /home/lenovo/ros2_foxy/src/Batch-Opt-Highway-Driving/ros_ws/build/frenet_car/build/lib/frenet_car
[0.585s] copying frenet_car/frenet_optimal_trajectory.py -> /home/lenovo/ros2_foxy/src/Batch-Opt-Highway-Driving/ros_ws/build/frenet_car/build/lib/frenet_car
[0.585s] copying frenet_car/FF_func.py -> /home/lenovo/ros2_foxy/src/Batch-Opt-Highway-Driving/ros_ws/build/frenet_car/build/lib/frenet_car
[0.585s] copying frenet_car/term1.py -> /home/lenovo/ros2_foxy/src/Batch-Opt-Highway-Driving/ros_ws/build/frenet_car/build/lib/frenet_car
[0.585s] copying frenet_car/nlcon.py -> /home/lenovo/ros2_foxy/src/Batch-Opt-Highway-Driving/ros_ws/build/frenet_car/build/lib/frenet_car
[0.585s] copying frenet_car/optimize.py -> /home/lenovo/ros2_foxy/src/Batch-Opt-Highway-Driving/ros_ws/build/frenet_car/build/lib/frenet_car
[0.586s] copying frenet_car/term2.py -> /home/lenovo/ros2_foxy/src/Batch-Opt-Highway-Driving/ros_ws/build/frenet_car/build/lib/frenet_car
[0.586s] copying frenet_car/__init__.py -> /home/lenovo/ros2_foxy/src/Batch-Opt-Highway-Driving/ros_ws/build/frenet_car/build/lib/frenet_car
[0.586s] copying frenet_car/draw.py -> /home/lenovo/ros2_foxy/src/Batch-Opt-Highway-Driving/ros_ws/build/frenet_car/build/lib/frenet_car
[0.586s] running install
[0.586s] running install_lib
[0.587s] creating /home/lenovo/ros2_foxy/src/Batch-Opt-Highway-Driving/ros_ws/install/frenet_car/lib/python3.8/site-packages/frenet_car
[0.587s] copying /home/lenovo/ros2_foxy/src/Batch-Opt-Highway-Driving/ros_ws/build/frenet_car/build/lib/frenet_car/test.py -> /home/lenovo/ros2_foxy/src/Batch-Opt-Highway-Driving/ros_ws/install/frenet_car/lib/python3.8/site-packages/frenet_car
[0.587s] copying /home/lenovo/ros2_foxy/src/Batch-Opt-Highway-Driving/ros_ws/build/frenet_car/build/lib/frenet_car/circ.py -> /home/lenovo/ros2_foxy/src/Batch-Opt-Highway-Driving/ros_ws/install/frenet_car/lib/python3.8/site-packages/frenet_car
[0.587s] copying /home/lenovo/ros2_foxy/src/Batch-Opt-Highway-Driving/ros_ws/build/frenet_car/build/lib/frenet_car/cubic_spline_planner.py -> /home/lenovo/ros2_foxy/src/Batch-Opt-Highway-Driving/ros_ws/install/frenet_car/lib/python3.8/site-packages/frenet_car
[0.587s] copying /home/lenovo/ros2_foxy/src/Batch-Opt-Highway-Driving/ros_ws/build/frenet_car/build/lib/frenet_car/NonLinearConstraint.py -> /home/lenovo/ros2_foxy/src/Batch-Opt-Highway-Driving/ros_ws/install/frenet_car/lib/python3.8/site-packages/frenet_car
[0.588s] copying /home/lenovo/ros2_foxy/src/Batch-Opt-Highway-Driving/ros_ws/build/frenet_car/build/lib/frenet_car/frenet.py -> /home/lenovo/ros2_foxy/src/Batch-Opt-Highway-Driving/ros_ws/install/frenet_car/lib/python3.8/site-packages/frenet_car
[0.588s] copying /home/lenovo/ros2_foxy/src/Batch-Opt-Highway-Driving/ros_ws/build/frenet_car/build/lib/frenet_car/fo.py -> /home/lenovo/ros2_foxy/src/Batch-Opt-Highway-Driving/ros_ws/install/frenet_car/lib/python3.8/site-packages/frenet_car
[0.588s] copying /home/lenovo/ros2_foxy/src/Batch-Opt-Highway-Driving/ros_ws/build/frenet_car/build/lib/frenet_car/run_Linearized_VO.py -> /home/lenovo/ros2_foxy/src/Batch-Opt-Highway-Driving/ros_ws/install/frenet_car/lib/python3.8/site-packages/frenet_car
[0.588s] copying /home/lenovo/ros2_foxy/src/Batch-Opt-Highway-Driving/ros_ws/build/frenet_car/build/lib/frenet_car/optimize_lane.py -> /home/lenovo/ros2_foxy/src/Batch-Opt-Highway-Driving/ros_ws/install/frenet_car/lib/python3.8/site-packages/frenet_car
[0.588s] copying /home/lenovo/ros2_foxy/src/Batch-Opt-Highway-Driving/ros_ws/build/frenet_car/build/lib/frenet_car/frenet_optimal_trajectory.py -> /home/lenovo/ros2_foxy/src/Batch-Opt-Highway-Driving/ros_ws/install/frenet_car/lib/python3.8/site-packages/frenet_car
[0.588s] copying /home/lenovo/ros2_foxy/src/Batch-Opt-Highway-Driving/ros_ws/build/frenet_car/build/lib/frenet_car/FF_func.py -> /home/lenovo/ros2_foxy/src/Batch-Opt-Highway-Driving/ros_ws/install/frenet_car/lib/python3.8/site-packages/frenet_car
[0.588s] copying /home/lenovo/ros2_foxy/src/Batch-Opt-Highway-Driving/ros_ws/build/frenet_car/build/lib/frenet_car/term1.py -> /home/lenovo/ros2_foxy/src/Batch-Opt-Highway-Driving/ros_ws/install/frenet_car/lib/python3.8/site-packages/frenet_car
[0.588s] copying /home/lenovo/ros2_foxy/src/Batch-Opt-Highway-Driving/ros_ws/build/frenet_car/build/lib/frenet_car/nlcon.py -> /home/lenovo/ros2_foxy/src/Batch-Opt-Highway-Driving/ros_ws/install/frenet_car/lib/python3.8/site-packages/frenet_car
[0.588s] copying /home/lenovo/ros2_foxy/src/Batch-Opt-Highway-Driving/ros_ws/build/frenet_car/build/lib/frenet_car/optimize.py -> /home/lenovo/ros2_foxy/src/Batch-Opt-Highway-Driving/ros_ws/install/frenet_car/lib/python3.8/site-packages/frenet_car
[0.588s] copying /home/lenovo/ros2_foxy/src/Batch-Opt-Highway-Driving/ros_ws/build/frenet_car/build/lib/frenet_car/term2.py -> /home/lenovo/ros2_foxy/src/Batch-Opt-Highway-Driving/ros_ws/install/frenet_car/lib/python3.8/site-packages/frenet_car
[0.588s] copying /home/lenovo/ros2_foxy/src/Batch-Opt-Highway-Driving/ros_ws/build/frenet_car/build/lib/frenet_car/__init__.py -> /home/lenovo/ros2_foxy/src/Batch-Opt-Highway-Driving/ros_ws/install/frenet_car/lib/python3.8/site-packages/frenet_car
[0.588s] copying /home/lenovo/ros2_foxy/src/Batch-Opt-Highway-Driving/ros_ws/build/frenet_car/build/lib/frenet_car/draw.py -> /home/lenovo/ros2_foxy/src/Batch-Opt-Highway-Driving/ros_ws/install/frenet_car/lib/python3.8/site-packages/frenet_car
[0.589s] byte-compiling /home/lenovo/ros2_foxy/src/Batch-Opt-Highway-Driving/ros_ws/install/frenet_car/lib/python3.8/site-packages/frenet_car/test.py to test.cpython-38.pyc
[0.590s] byte-compiling /home/lenovo/ros2_foxy/src/Batch-Opt-Highway-Driving/ros_ws/install/frenet_car/lib/python3.8/site-packages/frenet_car/circ.py to circ.cpython-38.pyc
[0.590s] byte-compiling /home/lenovo/ros2_foxy/src/Batch-Opt-Highway-Driving/ros_ws/install/frenet_car/lib/python3.8/site-packages/frenet_car/cubic_spline_planner.py to cubic_spline_planner.cpython-38.pyc
[0.591s] byte-compiling /home/lenovo/ros2_foxy/src/Batch-Opt-Highway-Driving/ros_ws/install/frenet_car/lib/python3.8/site-packages/frenet_car/NonLinearConstraint.py to NonLinearConstraint.cpython-38.pyc
[0.591s] byte-compiling /home/lenovo/ros2_foxy/src/Batch-Opt-Highway-Driving/ros_ws/install/frenet_car/lib/python3.8/site-packages/frenet_car/frenet.py to frenet.cpython-38.pyc
[0.592s] byte-compiling /home/lenovo/ros2_foxy/src/Batch-Opt-Highway-Driving/ros_ws/install/frenet_car/lib/python3.8/site-packages/frenet_car/fo.py to fo.cpython-38.pyc
[0.594s] byte-compiling /home/lenovo/ros2_foxy/src/Batch-Opt-Highway-Driving/ros_ws/install/frenet_car/lib/python3.8/site-packages/frenet_car/run_Linearized_VO.py to run_Linearized_VO.cpython-38.pyc
[0.595s] byte-compiling /home/lenovo/ros2_foxy/src/Batch-Opt-Highway-Driving/ros_ws/install/frenet_car/lib/python3.8/site-packages/frenet_car/optimize_lane.py to optimize_lane.cpython-38.pyc
[0.595s] byte-compiling /home/lenovo/ros2_foxy/src/Batch-Opt-Highway-Driving/ros_ws/install/frenet_car/lib/python3.8/site-packages/frenet_car/frenet_optimal_trajectory.py to frenet_optimal_trajectory.cpython-38.pyc
[0.597s] byte-compiling /home/lenovo/ros2_foxy/src/Batch-Opt-Highway-Driving/ros_ws/install/frenet_car/lib/python3.8/site-packages/frenet_car/FF_func.py to FF_func.cpython-38.pyc
[0.599s] byte-compiling /home/lenovo/ros2_foxy/src/Batch-Opt-Highway-Driving/ros_ws/install/frenet_car/lib/python3.8/site-packages/frenet_car/term1.py to term1.cpython-38.pyc
[0.599s] byte-compiling /home/lenovo/ros2_foxy/src/Batch-Opt-Highway-Driving/ros_ws/install/frenet_car/lib/python3.8/site-packages/frenet_car/nlcon.py to nlcon.cpython-38.pyc
[0.599s] byte-compiling /home/lenovo/ros2_foxy/src/Batch-Opt-Highway-Driving/ros_ws/install/frenet_car/lib/python3.8/site-packages/frenet_car/optimize.py to optimize.cpython-38.pyc
[0.600s] byte-compiling /home/lenovo/ros2_foxy/src/Batch-Opt-Highway-Driving/ros_ws/install/frenet_car/lib/python3.8/site-packages/frenet_car/term2.py to term2.cpython-38.pyc
[0.600s] byte-compiling /home/lenovo/ros2_foxy/src/Batch-Opt-Highway-Driving/ros_ws/install/frenet_car/lib/python3.8/site-packages/frenet_car/__init__.py to __init__.cpython-38.pyc
[0.600s] byte-compiling /home/lenovo/ros2_foxy/src/Batch-Opt-Highway-Driving/ros_ws/install/frenet_car/lib/python3.8/site-packages/frenet_car/draw.py to draw.cpython-38.pyc
[0.601s] running install_data
[0.601s] creating /home/lenovo/ros2_foxy/src/Batch-Opt-Highway-Driving/ros_ws/install/frenet_car/share/ament_index
[0.602s] creating /home/lenovo/ros2_foxy/src/Batch-Opt-Highway-Driving/ros_ws/install/frenet_car/share/ament_index/resource_index
[0.602s] creating /home/lenovo/ros2_foxy/src/Batch-Opt-Highway-Driving/ros_ws/install/frenet_car/share/ament_index/resource_index/packages
[0.602s] copying resource/frenet_car -> /home/lenovo/ros2_foxy/src/Batch-Opt-Highway-Driving/ros_ws/install/frenet_car/share/ament_index/resource_index/packages
[0.602s] copying package.xml -> /home/lenovo/ros2_foxy/src/Batch-Opt-Highway-Driving/ros_ws/install/frenet_car/share/frenet_car
[0.602s] running install_egg_info
[0.603s] Copying ../../build/frenet_car/frenet_car.egg-info to /home/lenovo/ros2_foxy/src/Batch-Opt-Highway-Driving/ros_ws/install/frenet_car/lib/python3.8/site-packages/frenet_car-0.0.0-py3.8.egg-info
[0.603s] running install_scripts
[0.617s] Installing frenet_node script to /home/lenovo/ros2_foxy/src/Batch-Opt-Highway-Driving/ros_ws/install/frenet_car/lib/frenet_car
[0.617s] writing list of installed files to '/home/lenovo/ros2_foxy/src/Batch-Opt-Highway-Driving/ros_ws/build/frenet_car/install.log'
[0.639s] Invoked command in '/home/lenovo/ros2_foxy/src/Batch-Opt-Highway-Driving/ros_ws/src/frenet_car' returned '0': AMENT_PREFIX_PATH=/home/lenovo/ros2_foxy/src/Batch-Opt-Highway-Driving/ros_ws/install/msgs_car:${AMENT_PREFIX_PATH} CMAKE_PREFIX_PATH=/home/lenovo/ros2_foxy/src/Batch-Opt-Highway-Driving/ros_ws/install/msgs_car:${CMAKE_PREFIX_PATH} LD_LIBRARY_PATH=/home/lenovo/ros2_foxy/src/Batch-Opt-Highway-Driving/ros_ws/install/msgs_car/lib:/home/lenovo/ros2_foxy/install/msgs_car/lib:/home/lenovo/ros2_foxy/install/rviz2_plugin/lib:/home/lenovo/ros2_foxy/install/rmf_workcell_msgs/lib:/home/lenovo/ros2_foxy/install/rmf_task_ros2/lib:/home/lenovo/ros2_foxy/install/rmf_fleet_adapter/lib:/home/lenovo/ros2_foxy/install/rmf_traffic_ros2/lib:/home/lenovo/ros2_foxy/install/rmf_task/lib:/home/lenovo/ros2_foxy/install/rmf_rviz_plugin/lib:/home/lenovo/ros2_foxy/install/rmf_battery/lib:/home/lenovo/ros2_foxy/install/rmf_traffic/lib:/home/lenovo/ros2_foxy/install/rmf_traffic_msgs/lib:/home/lenovo/ros2_foxy/install/rmf_task_msgs/lib:/home/lenovo/ros2_foxy/install/rmf_schedule_visualizer_msgs/lib:/home/lenovo/ros2_foxy/install/building_gazebo_plugins/lib:/home/lenovo/ros2_foxy/install/building_sim_common/lib:/home/lenovo/ros2_foxy/install/rmf_lift_msgs/lib:/home/lenovo/ros2_foxy/install/rmf_ingestor_msgs/lib:/home/lenovo/ros2_foxy/install/rmf_fleet_msgs/lib:/home/lenovo/ros2_foxy/install/rmf_door_msgs/lib:/home/lenovo/ros2_foxy/install/rmf_dispenser_msgs/lib:/home/lenovo/ros2_foxy/install/rmf_charger_msgs/lib:/home/lenovo/ros2_foxy/install/menge/lib:/home/lenovo/ros2_foxy/install/free_fleet/lib:/home/lenovo/ros2_foxy/install/building_map_msgs/lib:/usr/lib/x86_64-linux-gnu/gazebo-11/plugins:/opt/ros/foxy/opt/yaml_cpp_vendor/lib:/opt/ros/foxy/opt/rviz_ogre_vendor/lib:/opt/ros/foxy/lib/x86_64-linux-gnu:/opt/ros/foxy/lib:/usr/local/cuda-11.2/lib64 PYTHONPATH=/home/lenovo/ros2_foxy/src/Batch-Opt-Highway-Driving/ros_ws/install/frenet_car/lib/python3.8/site-packages:/home/lenovo/ros2_foxy/src/Batch-Opt-Highway-Driving/ros_ws/install/msgs_car/lib/python3.8/site-packages:${PYTHONPATH} /usr/bin/python3 setup.py egg_info --egg-base ../../build/frenet_car build --build-base /home/lenovo/ros2_foxy/src/Batch-Opt-Highway-Driving/ros_ws/build/frenet_car/build install --prefix /home/lenovo/ros2_foxy/src/Batch-Opt-Highway-Driving/ros_ws/install/frenet_car --record /home/lenovo/ros2_foxy/src/Batch-Opt-Highway-Driving/ros_ws/build/frenet_car/install.log --single-version-externally-managed
