running egg_info
creating ../../build/highway_car/highway_car.egg-info
writing ../../build/highway_car/highway_car.egg-info/PKG-INFO
writing dependency_links to ../../build/highway_car/highway_car.egg-info/dependency_links.txt
writing entry points to ../../build/highway_car/highway_car.egg-info/entry_points.txt
writing requirements to ../../build/highway_car/highway_car.egg-info/requires.txt
writing top-level names to ../../build/highway_car/highway_car.egg-info/top_level.txt
writing manifest file '../../build/highway_car/highway_car.egg-info/SOURCES.txt'
reading manifest file '../../build/highway_car/highway_car.egg-info/SOURCES.txt'
writing manifest file '../../build/highway_car/highway_car.egg-info/SOURCES.txt'
running build
running build_py
creating /home/vivek/On-Codes/Batch-Opt-Highway-Driving/ros_ws/build/highway_car/build
creating /home/vivek/On-Codes/Batch-Opt-Highway-Driving/ros_ws/build/highway_car/build/lib
creating /home/vivek/On-Codes/Batch-Opt-Highway-Driving/ros_ws/build/highway_car/build/lib/highway_car
copying highway_car/highway_car2.py -> /home/vivek/On-Codes/Batch-Opt-Highway-Driving/ros_ws/build/highway_car/build/lib/highway_car
copying highway_car/__init__.py -> /home/vivek/On-Codes/Batch-Opt-Highway-Driving/ros_ws/build/highway_car/build/lib/highway_car
running install
running install_lib
creating /home/vivek/On-Codes/Batch-Opt-Highway-Driving/ros_ws/install/highway_car/lib/python3.8/site-packages/highway_car
copying /home/vivek/On-Codes/Batch-Opt-Highway-Driving/ros_ws/build/highway_car/build/lib/highway_car/highway_car2.py -> /home/vivek/On-Codes/Batch-Opt-Highway-Driving/ros_ws/install/highway_car/lib/python3.8/site-packages/highway_car
copying /home/vivek/On-Codes/Batch-Opt-Highway-Driving/ros_ws/build/highway_car/build/lib/highway_car/__init__.py -> /home/vivek/On-Codes/Batch-Opt-Highway-Driving/ros_ws/install/highway_car/lib/python3.8/site-packages/highway_car
byte-compiling /home/vivek/On-Codes/Batch-Opt-Highway-Driving/ros_ws/install/highway_car/lib/python3.8/site-packages/highway_car/highway_car2.py to highway_car2.cpython-38.pyc
byte-compiling /home/vivek/On-Codes/Batch-Opt-Highway-Driving/ros_ws/install/highway_car/lib/python3.8/site-packages/highway_car/__init__.py to __init__.cpython-38.pyc
running install_data
creating /home/vivek/On-Codes/Batch-Opt-Highway-Driving/ros_ws/install/highway_car/share/ament_index
creating /home/vivek/On-Codes/Batch-Opt-Highway-Driving/ros_ws/install/highway_car/share/ament_index/resource_index
creating /home/vivek/On-Codes/Batch-Opt-Highway-Driving/ros_ws/install/highway_car/share/ament_index/resource_index/packages
copying resource/highway_car -> /home/vivek/On-Codes/Batch-Opt-Highway-Driving/ros_ws/install/highway_car/share/ament_index/resource_index/packages
copying package.xml -> /home/vivek/On-Codes/Batch-Opt-Highway-Driving/ros_ws/install/highway_car/share/highway_car
running install_egg_info
Copying ../../build/highway_car/highway_car.egg-info to /home/vivek/On-Codes/Batch-Opt-Highway-Driving/ros_ws/install/highway_car/lib/python3.8/site-packages/highway_car-0.0.0-py3.8.egg-info
running install_scripts
Installing highway_node2 script to /home/vivek/On-Codes/Batch-Opt-Highway-Driving/ros_ws/install/highway_car/lib/highway_car
writing list of installed files to '/home/vivek/On-Codes/Batch-Opt-Highway-Driving/ros_ws/build/highway_car/install.log'
