[0.017s] Invoking command in '/home/vivek/On-Codes/Batch-Opt-Highway-Driving/ros_ws/build/msgs_car': CMAKE_PREFIX_PATH=/opt/ros/foxy /usr/bin/cmake /home/vivek/On-Codes/Batch-Opt-Highway-Driving/ros_ws/src/msgs_car -DCMAKE_INSTALL_PREFIX=/home/vivek/On-Codes/Batch-Opt-Highway-Driving/ros_ws/install/msgs_car
[2.655s] -- The C compiler identification is GNU 9.3.0
[7.943s] -- The CXX compiler identification is GNU 9.3.0
[8.169s] -- Check for working C compiler: /usr/bin/cc
[8.560s] -- Check for working C compiler: /usr/bin/cc -- works
[8.564s] -- Detecting C compiler ABI info
[8.766s] -- Detecting C compiler ABI info - done
[8.792s] -- Detecting C compile features
[8.794s] -- Detecting C compile features - done
[8.800s] -- Check for working CXX compiler: /usr/bin/c++
[8.954s] -- Check for working CXX compiler: /usr/bin/c++ -- works
[8.956s] -- Detecting CXX compiler ABI info
[9.095s] -- Detecting CXX compiler ABI info - done
[9.111s] -- Detecting CXX compile features
[9.111s] -- Detecting CXX compile features - done
[11.148s] -- Found ament_cmake: 0.9.8 (/opt/ros/foxy/share/ament_cmake/cmake)
[12.713s] -- Found PythonInterp: /usr/bin/python3 (found suitable version "3.8.10", minimum required is "3") 
[12.713s] -- Using PYTHON_EXECUTABLE: /usr/bin/python3
[16.330s] -- Found rosidl_default_generators: 1.0.1 (/opt/ros/foxy/share/rosidl_default_generators/cmake)
[16.796s] -- Using all available rosidl_typesupport_c: rosidl_typesupport_fastrtps_c;rosidl_typesupport_introspection_c
[17.477s] -- Found rosidl_adapter: 1.2.1 (/opt/ros/foxy/share/rosidl_adapter/cmake)
[22.469s] -- Found OpenSSL: /usr/lib/x86_64-linux-gnu/libcrypto.so (found version "1.1.1f")  
[22.533s] -- Found FastRTPS: /opt/ros/foxy/include  
[24.101s] -- Using all available rosidl_typesupport_cpp: rosidl_typesupport_fastrtps_cpp;rosidl_typesupport_introspection_cpp
[25.037s] -- Found geometry_msgs: 2.0.4 (/opt/ros/foxy/share/geometry_msgs/cmake)
[26.762s] -- Found PythonInterp: /usr/bin/python3 (found version "3.8.10") 
[27.075s] -- Found ament_cmake_ros: 0.9.1 (/opt/ros/foxy/share/ament_cmake_ros/cmake)
[28.027s] -- Using all available rosidl_typesupport_c: rosidl_typesupport_fastrtps_c;rosidl_typesupport_introspection_c
[28.185s] -- Using all available rosidl_typesupport_cpp: rosidl_typesupport_fastrtps_cpp;rosidl_typesupport_introspection_cpp
[28.238s] -- Found PythonInterp: /usr/bin/python3 (found suitable version "3.8.10", minimum required is "3.5") 
[28.240s] -- Found python_cmake_module: 0.8.1 (/opt/ros/foxy/share/python_cmake_module/cmake)
[28.682s] -- Found PythonLibs: /usr/lib/x86_64-linux-gnu/libpython3.8.so (found suitable version "3.8.10", minimum required is "3.5") 
[28.683s] -- Using PYTHON_EXECUTABLE: /usr/bin/python3
[28.683s] -- Using PYTHON_INCLUDE_DIRS: /usr/include/python3.8
[28.683s] -- Using PYTHON_LIBRARIES: /usr/lib/x86_64-linux-gnu/libpython3.8.so
[28.729s] -- Found PythonExtra: .so  
[28.938s] -- Found ament_lint_auto: 0.9.6 (/opt/ros/foxy/share/ament_lint_auto/cmake)
[30.392s] -- Added test 'copyright' to check source files copyright and LICENSE
[30.396s] -- Added test 'lint_cmake' to check CMake code style
[30.398s] -- Added test 'xmllint' to check XML markup files
[30.407s] -- Configuring done
[32.639s] -- Generating done
[32.643s] -- Build files have been written to: /home/vivek/On-Codes/Batch-Opt-Highway-Driving/ros_ws/build/msgs_car
[32.662s] Invoked command in '/home/vivek/On-Codes/Batch-Opt-Highway-Driving/ros_ws/build/msgs_car' returned '0': CMAKE_PREFIX_PATH=/opt/ros/foxy /usr/bin/cmake /home/vivek/On-Codes/Batch-Opt-Highway-Driving/ros_ws/src/msgs_car -DCMAKE_INSTALL_PREFIX=/home/vivek/On-Codes/Batch-Opt-Highway-Driving/ros_ws/install/msgs_car
[32.663s] Invoking command in '/home/vivek/On-Codes/Batch-Opt-Highway-Driving/ros_ws/build/msgs_car': CMAKE_PREFIX_PATH=/opt/ros/foxy /usr/bin/cmake --build /home/vivek/On-Codes/Batch-Opt-Highway-Driving/ros_ws/build/msgs_car -- -j4 -l4
[32.720s] [35m[1mScanning dependencies of target msgs_car__cpp[0m
[32.737s] [  2%] [34m[1mGenerating C++ code for ROS interfaces[0m
[35.543s] [  2%] Built target msgs_car__cpp
[35.560s] [  5%] [34m[1mGenerating C code for ROS interfaces[0m
[36.059s] [35m[1mScanning dependencies of target msgs_car__rosidl_generator_c[0m
[38.112s] [  7%] [32mBuilding C object CMakeFiles/msgs_car__rosidl_generator_c.dir/rosidl_generator_c/msgs_car/msg/detail/states__functions.c.o[0m
[39.346s] [ 10%] [32mBuilding C object CMakeFiles/msgs_car__rosidl_generator_c.dir/rosidl_generator_c/msgs_car/msg/detail/controls__functions.c.o[0m
[39.401s] [ 12%] [32m[1mLinking C shared library libmsgs_car__rosidl_generator_c.so[0m
[40.580s] [ 12%] Built target msgs_car__rosidl_generator_c
[40.596s] [ 15%] [34m[1mGenerating C++ introspection for ROS interfaces[0m
[41.529s] [35m[1mScanning dependencies of target msgs_car__rosidl_typesupport_introspection_cpp[0m
[42.064s] [ 17%] [32mBuilding CXX object CMakeFiles/msgs_car__rosidl_typesupport_introspection_cpp.dir/rosidl_typesupport_introspection_cpp/msgs_car/msg/detail/states__type_support.cpp.o[0m
[43.161s] [ 20%] [32mBuilding CXX object CMakeFiles/msgs_car__rosidl_typesupport_introspection_cpp.dir/rosidl_typesupport_introspection_cpp/msgs_car/msg/detail/controls__type_support.cpp.o[0m
[43.777s] [ 23%] [32m[1mLinking CXX shared library libmsgs_car__rosidl_typesupport_introspection_cpp.so[0m
[43.897s] [ 23%] Built target msgs_car__rosidl_typesupport_introspection_cpp
[43.912s] [ 25%] [34m[1mGenerating C type support dispatch for ROS interfaces[0m
[44.234s] [35m[1mScanning dependencies of target msgs_car__rosidl_typesupport_c[0m
[44.257s] [ 28%] [32mBuilding CXX object CMakeFiles/msgs_car__rosidl_typesupport_c.dir/rosidl_typesupport_c/msgs_car/msg/states__type_support.cpp.o[0m
[44.299s] [ 30%] [32mBuilding CXX object CMakeFiles/msgs_car__rosidl_typesupport_c.dir/rosidl_typesupport_c/msgs_car/msg/controls__type_support.cpp.o[0m
[44.345s] [ 33%] [32m[1mLinking CXX shared library libmsgs_car__rosidl_typesupport_c.so[0m
[44.407s] [ 33%] Built target msgs_car__rosidl_typesupport_c
[44.427s] [ 35%] [34m[1mGenerating C introspection for ROS interfaces[0m
[44.835s] [35m[1mScanning dependencies of target msgs_car__rosidl_typesupport_introspection_c[0m
[44.868s] [ 38%] [32mBuilding C object CMakeFiles/msgs_car__rosidl_typesupport_introspection_c.dir/rosidl_typesupport_introspection_c/msgs_car/msg/detail/states__type_support.c.o[0m
[44.914s] [ 41%] [32mBuilding C object CMakeFiles/msgs_car__rosidl_typesupport_introspection_c.dir/rosidl_typesupport_introspection_c/msgs_car/msg/detail/controls__type_support.c.o[0m
[44.960s] [ 43%] [32m[1mLinking C shared library libmsgs_car__rosidl_typesupport_introspection_c.so[0m
[45.016s] [ 43%] Built target msgs_car__rosidl_typesupport_introspection_c
[45.041s] [ 46%] [34m[1mGenerating C++ type support for eProsima Fast-RTPS[0m
[45.714s] [35m[1mScanning dependencies of target msgs_car__rosidl_typesupport_fastrtps_cpp[0m
[46.805s] [ 48%] [32mBuilding CXX object CMakeFiles/msgs_car__rosidl_typesupport_fastrtps_cpp.dir/rosidl_typesupport_fastrtps_cpp/msgs_car/msg/detail/dds_fastrtps/states__type_support.cpp.o[0m
[47.474s] [ 51%] [32mBuilding CXX object CMakeFiles/msgs_car__rosidl_typesupport_fastrtps_cpp.dir/rosidl_typesupport_fastrtps_cpp/msgs_car/msg/detail/dds_fastrtps/controls__type_support.cpp.o[0m
[48.055s] [ 53%] [32m[1mLinking CXX shared library libmsgs_car__rosidl_typesupport_fastrtps_cpp.so[0m
[49.337s] [ 53%] Built target msgs_car__rosidl_typesupport_fastrtps_cpp
[49.352s] [ 56%] [34m[1mGenerating C++ type support dispatch for ROS interfaces[0m
[49.703s] [35m[1mScanning dependencies of target msgs_car__rosidl_typesupport_cpp[0m
[49.731s] [ 58%] [32mBuilding CXX object CMakeFiles/msgs_car__rosidl_typesupport_cpp.dir/rosidl_typesupport_cpp/msgs_car/msg/states__type_support.cpp.o[0m
[50.143s] [ 61%] [32mBuilding CXX object CMakeFiles/msgs_car__rosidl_typesupport_cpp.dir/rosidl_typesupport_cpp/msgs_car/msg/controls__type_support.cpp.o[0m
[50.547s] [ 64%] [32m[1mLinking CXX shared library libmsgs_car__rosidl_typesupport_cpp.so[0m
[50.616s] [ 64%] Built target msgs_car__rosidl_typesupport_cpp
[50.638s] [ 66%] [34m[1mGenerating C type support for eProsima Fast-RTPS[0m
[51.055s] [35m[1mScanning dependencies of target msgs_car__rosidl_typesupport_fastrtps_c[0m
[51.093s] [ 69%] [32mBuilding CXX object CMakeFiles/msgs_car__rosidl_typesupport_fastrtps_c.dir/rosidl_typesupport_fastrtps_c/msgs_car/msg/detail/states__type_support_c.cpp.o[0m
[51.714s] [ 71%] [32mBuilding CXX object CMakeFiles/msgs_car__rosidl_typesupport_fastrtps_c.dir/rosidl_typesupport_fastrtps_c/msgs_car/msg/detail/controls__type_support_c.cpp.o[0m
[52.367s] [ 74%] [32m[1mLinking CXX shared library libmsgs_car__rosidl_typesupport_fastrtps_c.so[0m
[52.646s] [ 74%] Built target msgs_car__rosidl_typesupport_fastrtps_c
[52.658s] [35m[1mScanning dependencies of target msgs_car[0m
[52.674s] [ 74%] Built target msgs_car
[52.689s] [35m[1mScanning dependencies of target msgs_car__py[0m
[52.702s] [ 76%] [34m[1mGenerating Python code for ROS interfaces[0m
[67.881s] [ 76%] Built target msgs_car__py
[67.896s] [35m[1mScanning dependencies of target msgs_car__python[0m
[68.624s] [ 79%] [32mBuilding C object CMakeFiles/msgs_car__python.dir/rosidl_generator_py/msgs_car/msg/_states_s.c.o[0m
[69.279s] [ 82%] [32mBuilding C object CMakeFiles/msgs_car__python.dir/rosidl_generator_py/msgs_car/msg/_controls_s.c.o[0m
[69.468s] [ 84%] [32m[1mLinking C shared library rosidl_generator_py/msgs_car/libmsgs_car__python.so[0m
[69.782s] [ 84%] Built target msgs_car__python
[69.798s] [35m[1mScanning dependencies of target msgs_car__rosidl_typesupport_introspection_c__pyext[0m
[69.830s] [ 87%] [32mBuilding C object CMakeFiles/msgs_car__rosidl_typesupport_introspection_c__pyext.dir/rosidl_generator_py/msgs_car/_msgs_car_s.ep.rosidl_typesupport_introspection_c.c.o[0m
[69.946s] [ 89%] [32m[1mLinking C shared library rosidl_generator_py/msgs_car/msgs_car_s__rosidl_typesupport_introspection_c.cpython-38-x86_64-linux-gnu.so[0m
[70.013s] [ 89%] Built target msgs_car__rosidl_typesupport_introspection_c__pyext
[70.035s] [35m[1mScanning dependencies of target msgs_car__rosidl_typesupport_fastrtps_c__pyext[0m
[70.073s] [ 92%] [32mBuilding C object CMakeFiles/msgs_car__rosidl_typesupport_fastrtps_c__pyext.dir/rosidl_generator_py/msgs_car/_msgs_car_s.ep.rosidl_typesupport_fastrtps_c.c.o[0m
[70.206s] [ 94%] [32m[1mLinking CXX shared library rosidl_generator_py/msgs_car/msgs_car_s__rosidl_typesupport_fastrtps_c.cpython-38-x86_64-linux-gnu.so[0m
[70.319s] [ 94%] Built target msgs_car__rosidl_typesupport_fastrtps_c__pyext
[70.343s] [35m[1mScanning dependencies of target msgs_car__rosidl_typesupport_c__pyext[0m
[70.378s] [ 97%] [32mBuilding C object CMakeFiles/msgs_car__rosidl_typesupport_c__pyext.dir/rosidl_generator_py/msgs_car/_msgs_car_s.ep.rosidl_typesupport_c.c.o[0m
[70.489s] [100%] [32m[1mLinking C shared library rosidl_generator_py/msgs_car/msgs_car_s__rosidl_typesupport_c.cpython-38-x86_64-linux-gnu.so[0m
[70.553s] [100%] Built target msgs_car__rosidl_typesupport_c__pyext
[70.569s] Invoked command in '/home/vivek/On-Codes/Batch-Opt-Highway-Driving/ros_ws/build/msgs_car' returned '0': CMAKE_PREFIX_PATH=/opt/ros/foxy /usr/bin/cmake --build /home/vivek/On-Codes/Batch-Opt-Highway-Driving/ros_ws/build/msgs_car -- -j4 -l4
[70.703s] Invoking command in '/home/vivek/On-Codes/Batch-Opt-Highway-Driving/ros_ws/build/msgs_car': CMAKE_PREFIX_PATH=/opt/ros/foxy /usr/bin/cmake --install /home/vivek/On-Codes/Batch-Opt-Highway-Driving/ros_ws/build/msgs_car
[70.717s] -- Install configuration: ""
[70.717s] -- Installing: /home/vivek/On-Codes/Batch-Opt-Highway-Driving/ros_ws/install/msgs_car/share/ament_index/resource_index/rosidl_interfaces/msgs_car
[70.717s] -- Installing: /home/vivek/On-Codes/Batch-Opt-Highway-Driving/ros_ws/install/msgs_car/include/msgs_car
[70.718s] -- Installing: /home/vivek/On-Codes/Batch-Opt-Highway-Driving/ros_ws/install/msgs_car/include/msgs_car/msg
[70.718s] -- Installing: /home/vivek/On-Codes/Batch-Opt-Highway-Driving/ros_ws/install/msgs_car/include/msgs_car/msg/controls.h
[70.719s] -- Installing: /home/vivek/On-Codes/Batch-Opt-Highway-Driving/ros_ws/install/msgs_car/include/msgs_car/msg/states.h
[70.720s] -- Installing: /home/vivek/On-Codes/Batch-Opt-Highway-Driving/ros_ws/install/msgs_car/include/msgs_car/msg/detail
[70.720s] -- Installing: /home/vivek/On-Codes/Batch-Opt-Highway-Driving/ros_ws/install/msgs_car/include/msgs_car/msg/detail/controls__functions.c
[70.720s] -- Installing: /home/vivek/On-Codes/Batch-Opt-Highway-Driving/ros_ws/install/msgs_car/include/msgs_car/msg/detail/controls__type_support.h
[70.720s] -- Installing: /home/vivek/On-Codes/Batch-Opt-Highway-Driving/ros_ws/install/msgs_car/include/msgs_car/msg/detail/controls__struct.h
[70.721s] -- Installing: /home/vivek/On-Codes/Batch-Opt-Highway-Driving/ros_ws/install/msgs_car/include/msgs_car/msg/detail/states__functions.h
[70.722s] -- Installing: /home/vivek/On-Codes/Batch-Opt-Highway-Driving/ros_ws/install/msgs_car/include/msgs_car/msg/detail/states__functions.c
[70.723s] -- Installing: /home/vivek/On-Codes/Batch-Opt-Highway-Driving/ros_ws/install/msgs_car/include/msgs_car/msg/detail/states__struct.h
[70.723s] -- Installing: /home/vivek/On-Codes/Batch-Opt-Highway-Driving/ros_ws/install/msgs_car/include/msgs_car/msg/detail/controls__functions.h
[70.723s] -- Installing: /home/vivek/On-Codes/Batch-Opt-Highway-Driving/ros_ws/install/msgs_car/include/msgs_car/msg/detail/states__type_support.h
[70.723s] -- Installing: /home/vivek/On-Codes/Batch-Opt-Highway-Driving/ros_ws/install/msgs_car/include/msgs_car/msg/rosidl_generator_c__visibility_control.h
[70.724s] -- Installing: /home/vivek/On-Codes/Batch-Opt-Highway-Driving/ros_ws/install/msgs_car/share/msgs_car/environment/library_path.sh
[70.724s] -- Installing: /home/vivek/On-Codes/Batch-Opt-Highway-Driving/ros_ws/install/msgs_car/share/msgs_car/environment/library_path.dsv
[70.724s] -- Installing: /home/vivek/On-Codes/Batch-Opt-Highway-Driving/ros_ws/install/msgs_car/lib/libmsgs_car__rosidl_generator_c.so
[70.724s] -- Set runtime path of "/home/vivek/On-Codes/Batch-Opt-Highway-Driving/ros_ws/install/msgs_car/lib/libmsgs_car__rosidl_generator_c.so" to ""
[70.724s] -- Up-to-date: /home/vivek/On-Codes/Batch-Opt-Highway-Driving/ros_ws/install/msgs_car/include/msgs_car
[70.724s] -- Up-to-date: /home/vivek/On-Codes/Batch-Opt-Highway-Driving/ros_ws/install/msgs_car/include/msgs_car/msg
[70.724s] -- Installing: /home/vivek/On-Codes/Batch-Opt-Highway-Driving/ros_ws/install/msgs_car/include/msgs_car/msg/rosidl_typesupport_fastrtps_c__visibility_control.h
[70.724s] -- Up-to-date: /home/vivek/On-Codes/Batch-Opt-Highway-Driving/ros_ws/install/msgs_car/include/msgs_car/msg/detail
[70.724s] -- Installing: /home/vivek/On-Codes/Batch-Opt-Highway-Driving/ros_ws/install/msgs_car/include/msgs_car/msg/detail/states__rosidl_typesupport_fastrtps_c.h
[70.724s] -- Installing: /home/vivek/On-Codes/Batch-Opt-Highway-Driving/ros_ws/install/msgs_car/include/msgs_car/msg/detail/controls__rosidl_typesupport_fastrtps_c.h
[70.724s] -- Installing: /home/vivek/On-Codes/Batch-Opt-Highway-Driving/ros_ws/install/msgs_car/lib/libmsgs_car__rosidl_typesupport_fastrtps_c.so
[70.725s] -- Set runtime path of "/home/vivek/On-Codes/Batch-Opt-Highway-Driving/ros_ws/install/msgs_car/lib/libmsgs_car__rosidl_typesupport_fastrtps_c.so" to ""
[70.725s] -- Up-to-date: /home/vivek/On-Codes/Batch-Opt-Highway-Driving/ros_ws/install/msgs_car/include/msgs_car
[70.725s] -- Up-to-date: /home/vivek/On-Codes/Batch-Opt-Highway-Driving/ros_ws/install/msgs_car/include/msgs_car/msg
[70.725s] -- Installing: /home/vivek/On-Codes/Batch-Opt-Highway-Driving/ros_ws/install/msgs_car/include/msgs_car/msg/rosidl_typesupport_fastrtps_cpp__visibility_control.h
[70.725s] -- Up-to-date: /home/vivek/On-Codes/Batch-Opt-Highway-Driving/ros_ws/install/msgs_car/include/msgs_car/msg/detail
[70.731s] -- Installing: /home/vivek/On-Codes/Batch-Opt-Highway-Driving/ros_ws/install/msgs_car/include/msgs_car/msg/detail/dds_fastrtps
[70.732s] -- Installing: /home/vivek/On-Codes/Batch-Opt-Highway-Driving/ros_ws/install/msgs_car/include/msgs_car/msg/detail/controls__rosidl_typesupport_fastrtps_cpp.hpp
[70.732s] -- Installing: /home/vivek/On-Codes/Batch-Opt-Highway-Driving/ros_ws/install/msgs_car/include/msgs_car/msg/detail/states__rosidl_typesupport_fastrtps_cpp.hpp
[70.732s] -- Installing: /home/vivek/On-Codes/Batch-Opt-Highway-Driving/ros_ws/install/msgs_car/lib/libmsgs_car__rosidl_typesupport_fastrtps_cpp.so
[70.732s] -- Set runtime path of "/home/vivek/On-Codes/Batch-Opt-Highway-Driving/ros_ws/install/msgs_car/lib/libmsgs_car__rosidl_typesupport_fastrtps_cpp.so" to ""
[70.732s] -- Up-to-date: /home/vivek/On-Codes/Batch-Opt-Highway-Driving/ros_ws/install/msgs_car/include/msgs_car
[70.732s] -- Up-to-date: /home/vivek/On-Codes/Batch-Opt-Highway-Driving/ros_ws/install/msgs_car/include/msgs_car/msg
[70.732s] -- Installing: /home/vivek/On-Codes/Batch-Opt-Highway-Driving/ros_ws/install/msgs_car/include/msgs_car/msg/rosidl_typesupport_introspection_c__visibility_control.h
[70.732s] -- Up-to-date: /home/vivek/On-Codes/Batch-Opt-Highway-Driving/ros_ws/install/msgs_car/include/msgs_car/msg/detail
[70.733s] -- Installing: /home/vivek/On-Codes/Batch-Opt-Highway-Driving/ros_ws/install/msgs_car/include/msgs_car/msg/detail/states__type_support.c
[70.733s] -- Installing: /home/vivek/On-Codes/Batch-Opt-Highway-Driving/ros_ws/install/msgs_car/include/msgs_car/msg/detail/controls__rosidl_typesupport_introspection_c.h
[70.733s] -- Installing: /home/vivek/On-Codes/Batch-Opt-Highway-Driving/ros_ws/install/msgs_car/include/msgs_car/msg/detail/states__rosidl_typesupport_introspection_c.h
[70.733s] -- Installing: /home/vivek/On-Codes/Batch-Opt-Highway-Driving/ros_ws/install/msgs_car/include/msgs_car/msg/detail/controls__type_support.c
[70.733s] -- Installing: /home/vivek/On-Codes/Batch-Opt-Highway-Driving/ros_ws/install/msgs_car/lib/libmsgs_car__rosidl_typesupport_introspection_c.so
[70.733s] -- Set runtime path of "/home/vivek/On-Codes/Batch-Opt-Highway-Driving/ros_ws/install/msgs_car/lib/libmsgs_car__rosidl_typesupport_introspection_c.so" to ""
[70.733s] -- Installing: /home/vivek/On-Codes/Batch-Opt-Highway-Driving/ros_ws/install/msgs_car/lib/libmsgs_car__rosidl_typesupport_c.so
[70.733s] -- Set runtime path of "/home/vivek/On-Codes/Batch-Opt-Highway-Driving/ros_ws/install/msgs_car/lib/libmsgs_car__rosidl_typesupport_c.so" to ""
[70.733s] -- Up-to-date: /home/vivek/On-Codes/Batch-Opt-Highway-Driving/ros_ws/install/msgs_car/include/msgs_car
[70.733s] -- Up-to-date: /home/vivek/On-Codes/Batch-Opt-Highway-Driving/ros_ws/install/msgs_car/include/msgs_car/msg
[70.733s] -- Installing: /home/vivek/On-Codes/Batch-Opt-Highway-Driving/ros_ws/install/msgs_car/include/msgs_car/msg/controls.hpp
[70.733s] -- Up-to-date: /home/vivek/On-Codes/Batch-Opt-Highway-Driving/ros_ws/install/msgs_car/include/msgs_car/msg/detail
[70.734s] -- Installing: /home/vivek/On-Codes/Batch-Opt-Highway-Driving/ros_ws/install/msgs_car/include/msgs_car/msg/detail/controls__struct.hpp
[70.734s] -- Installing: /home/vivek/On-Codes/Batch-Opt-Highway-Driving/ros_ws/install/msgs_car/include/msgs_car/msg/detail/controls__builder.hpp
[70.734s] -- Installing: /home/vivek/On-Codes/Batch-Opt-Highway-Driving/ros_ws/install/msgs_car/include/msgs_car/msg/detail/states__builder.hpp
[70.734s] -- Installing: /home/vivek/On-Codes/Batch-Opt-Highway-Driving/ros_ws/install/msgs_car/include/msgs_car/msg/detail/states__struct.hpp
[70.738s] -- Installing: /home/vivek/On-Codes/Batch-Opt-Highway-Driving/ros_ws/install/msgs_car/include/msgs_car/msg/detail/states__traits.hpp
[70.738s] -- Installing: /home/vivek/On-Codes/Batch-Opt-Highway-Driving/ros_ws/install/msgs_car/include/msgs_car/msg/detail/controls__traits.hpp
[70.739s] -- Installing: /home/vivek/On-Codes/Batch-Opt-Highway-Driving/ros_ws/install/msgs_car/include/msgs_car/msg/states.hpp
[70.739s] -- Up-to-date: /home/vivek/On-Codes/Batch-Opt-Highway-Driving/ros_ws/install/msgs_car/include/msgs_car
[70.739s] -- Up-to-date: /home/vivek/On-Codes/Batch-Opt-Highway-Driving/ros_ws/install/msgs_car/include/msgs_car/msg
[70.739s] -- Up-to-date: /home/vivek/On-Codes/Batch-Opt-Highway-Driving/ros_ws/install/msgs_car/include/msgs_car/msg/detail
[70.739s] -- Installing: /home/vivek/On-Codes/Batch-Opt-Highway-Driving/ros_ws/install/msgs_car/include/msgs_car/msg/detail/controls__rosidl_typesupport_introspection_cpp.hpp
[70.739s] -- Installing: /home/vivek/On-Codes/Batch-Opt-Highway-Driving/ros_ws/install/msgs_car/include/msgs_car/msg/detail/states__type_support.cpp
[70.739s] -- Installing: /home/vivek/On-Codes/Batch-Opt-Highway-Driving/ros_ws/install/msgs_car/include/msgs_car/msg/detail/states__rosidl_typesupport_introspection_cpp.hpp
[70.739s] -- Installing: /home/vivek/On-Codes/Batch-Opt-Highway-Driving/ros_ws/install/msgs_car/include/msgs_car/msg/detail/controls__type_support.cpp
[70.739s] -- Installing: /home/vivek/On-Codes/Batch-Opt-Highway-Driving/ros_ws/install/msgs_car/lib/libmsgs_car__rosidl_typesupport_introspection_cpp.so
[70.739s] -- Set runtime path of "/home/vivek/On-Codes/Batch-Opt-Highway-Driving/ros_ws/install/msgs_car/lib/libmsgs_car__rosidl_typesupport_introspection_cpp.so" to ""
[70.739s] -- Installing: /home/vivek/On-Codes/Batch-Opt-Highway-Driving/ros_ws/install/msgs_car/lib/libmsgs_car__rosidl_typesupport_cpp.so
[70.739s] -- Set runtime path of "/home/vivek/On-Codes/Batch-Opt-Highway-Driving/ros_ws/install/msgs_car/lib/libmsgs_car__rosidl_typesupport_cpp.so" to ""
[70.740s] -- Installing: /home/vivek/On-Codes/Batch-Opt-Highway-Driving/ros_ws/install/msgs_car/share/msgs_car/environment/pythonpath.sh
[70.740s] -- Installing: /home/vivek/On-Codes/Batch-Opt-Highway-Driving/ros_ws/install/msgs_car/share/msgs_car/environment/pythonpath.dsv
[70.740s] -- Installing: /home/vivek/On-Codes/Batch-Opt-Highway-Driving/ros_ws/install/msgs_car/lib/python3.8/site-packages/msgs_car/__init__.py
[70.776s] Compiling '/home/vivek/On-Codes/Batch-Opt-Highway-Driving/ros_ws/install/msgs_car/lib/python3.8/site-packages/msgs_car/__init__.py'...
[70.783s] -- Installing: /home/vivek/On-Codes/Batch-Opt-Highway-Driving/ros_ws/install/msgs_car/lib/python3.8/site-packages/msgs_car/msg
[70.786s] -- Installing: /home/vivek/On-Codes/Batch-Opt-Highway-Driving/ros_ws/install/msgs_car/lib/python3.8/site-packages/msgs_car/msg/_controls_s.c
[70.787s] -- Installing: /home/vivek/On-Codes/Batch-Opt-Highway-Driving/ros_ws/install/msgs_car/lib/python3.8/site-packages/msgs_car/msg/_states_s.c
[70.787s] -- Installing: /home/vivek/On-Codes/Batch-Opt-Highway-Driving/ros_ws/install/msgs_car/lib/python3.8/site-packages/msgs_car/msg/_states.py
[70.788s] -- Installing: /home/vivek/On-Codes/Batch-Opt-Highway-Driving/ros_ws/install/msgs_car/lib/python3.8/site-packages/msgs_car/msg/__init__.py
[70.788s] -- Installing: /home/vivek/On-Codes/Batch-Opt-Highway-Driving/ros_ws/install/msgs_car/lib/python3.8/site-packages/msgs_car/msg/_controls.py
[70.789s] -- Installing: /home/vivek/On-Codes/Batch-Opt-Highway-Driving/ros_ws/install/msgs_car/lib/python3.8/site-packages/msgs_car/msgs_car_s__rosidl_typesupport_fastrtps_c.cpython-38-x86_64-linux-gnu.so
[70.790s] -- Set runtime path of "/home/vivek/On-Codes/Batch-Opt-Highway-Driving/ros_ws/install/msgs_car/lib/python3.8/site-packages/msgs_car/msgs_car_s__rosidl_typesupport_fastrtps_c.cpython-38-x86_64-linux-gnu.so" to ""
[70.791s] -- Installing: /home/vivek/On-Codes/Batch-Opt-Highway-Driving/ros_ws/install/msgs_car/lib/python3.8/site-packages/msgs_car/msgs_car_s__rosidl_typesupport_introspection_c.cpython-38-x86_64-linux-gnu.so
[70.793s] -- Set runtime path of "/home/vivek/On-Codes/Batch-Opt-Highway-Driving/ros_ws/install/msgs_car/lib/python3.8/site-packages/msgs_car/msgs_car_s__rosidl_typesupport_introspection_c.cpython-38-x86_64-linux-gnu.so" to ""
[70.795s] -- Installing: /home/vivek/On-Codes/Batch-Opt-Highway-Driving/ros_ws/install/msgs_car/lib/python3.8/site-packages/msgs_car/msgs_car_s__rosidl_typesupport_c.cpython-38-x86_64-linux-gnu.so
[70.797s] -- Set runtime path of "/home/vivek/On-Codes/Batch-Opt-Highway-Driving/ros_ws/install/msgs_car/lib/python3.8/site-packages/msgs_car/msgs_car_s__rosidl_typesupport_c.cpython-38-x86_64-linux-gnu.so" to ""
[70.798s] -- Installing: /home/vivek/On-Codes/Batch-Opt-Highway-Driving/ros_ws/install/msgs_car/lib/libmsgs_car__python.so
[70.800s] -- Set runtime path of "/home/vivek/On-Codes/Batch-Opt-Highway-Driving/ros_ws/install/msgs_car/lib/libmsgs_car__python.so" to ""
[70.800s] -- Installing: /home/vivek/On-Codes/Batch-Opt-Highway-Driving/ros_ws/install/msgs_car/share/msgs_car/msg/States.idl
[70.801s] -- Installing: /home/vivek/On-Codes/Batch-Opt-Highway-Driving/ros_ws/install/msgs_car/share/msgs_car/msg/Controls.idl
[70.801s] -- Installing: /home/vivek/On-Codes/Batch-Opt-Highway-Driving/ros_ws/install/msgs_car/share/msgs_car/msg/States.msg
[70.801s] -- Installing: /home/vivek/On-Codes/Batch-Opt-Highway-Driving/ros_ws/install/msgs_car/share/msgs_car/msg/Controls.msg
[70.802s] -- Installing: /home/vivek/On-Codes/Batch-Opt-Highway-Driving/ros_ws/install/msgs_car/share/ament_index/resource_index/package_run_dependencies/msgs_car
[70.802s] -- Installing: /home/vivek/On-Codes/Batch-Opt-Highway-Driving/ros_ws/install/msgs_car/share/ament_index/resource_index/parent_prefix_path/msgs_car
[70.802s] -- Installing: /home/vivek/On-Codes/Batch-Opt-Highway-Driving/ros_ws/install/msgs_car/share/msgs_car/environment/ament_prefix_path.sh
[70.804s] -- Installing: /home/vivek/On-Codes/Batch-Opt-Highway-Driving/ros_ws/install/msgs_car/share/msgs_car/environment/ament_prefix_path.dsv
[70.804s] -- Installing: /home/vivek/On-Codes/Batch-Opt-Highway-Driving/ros_ws/install/msgs_car/share/msgs_car/environment/path.sh
[70.804s] -- Installing: /home/vivek/On-Codes/Batch-Opt-Highway-Driving/ros_ws/install/msgs_car/share/msgs_car/environment/path.dsv
[70.804s] -- Installing: /home/vivek/On-Codes/Batch-Opt-Highway-Driving/ros_ws/install/msgs_car/share/msgs_car/local_setup.bash
[70.805s] -- Installing: /home/vivek/On-Codes/Batch-Opt-Highway-Driving/ros_ws/install/msgs_car/share/msgs_car/local_setup.sh
[70.805s] -- Installing: /home/vivek/On-Codes/Batch-Opt-Highway-Driving/ros_ws/install/msgs_car/share/msgs_car/local_setup.zsh
[70.807s] -- Installing: /home/vivek/On-Codes/Batch-Opt-Highway-Driving/ros_ws/install/msgs_car/share/msgs_car/local_setup.dsv
[70.807s] -- Installing: /home/vivek/On-Codes/Batch-Opt-Highway-Driving/ros_ws/install/msgs_car/share/msgs_car/package.dsv
[70.807s] -- Installing: /home/vivek/On-Codes/Batch-Opt-Highway-Driving/ros_ws/install/msgs_car/share/ament_index/resource_index/packages/msgs_car
[70.807s] -- Installing: /home/vivek/On-Codes/Batch-Opt-Highway-Driving/ros_ws/install/msgs_car/share/msgs_car/cmake/msgs_car__rosidl_generator_cExport.cmake
[70.807s] -- Installing: /home/vivek/On-Codes/Batch-Opt-Highway-Driving/ros_ws/install/msgs_car/share/msgs_car/cmake/msgs_car__rosidl_generator_cExport-noconfig.cmake
[70.807s] -- Installing: /home/vivek/On-Codes/Batch-Opt-Highway-Driving/ros_ws/install/msgs_car/share/msgs_car/cmake/msgs_car__rosidl_typesupport_introspection_cExport.cmake
[70.807s] -- Installing: /home/vivek/On-Codes/Batch-Opt-Highway-Driving/ros_ws/install/msgs_car/share/msgs_car/cmake/msgs_car__rosidl_typesupport_introspection_cExport-noconfig.cmake
[70.807s] -- Installing: /home/vivek/On-Codes/Batch-Opt-Highway-Driving/ros_ws/install/msgs_car/share/msgs_car/cmake/msgs_car__rosidl_typesupport_cExport.cmake
[70.807s] -- Installing: /home/vivek/On-Codes/Batch-Opt-Highway-Driving/ros_ws/install/msgs_car/share/msgs_car/cmake/msgs_car__rosidl_typesupport_cExport-noconfig.cmake
[70.808s] -- Installing: /home/vivek/On-Codes/Batch-Opt-Highway-Driving/ros_ws/install/msgs_car/share/msgs_car/cmake/msgs_car__rosidl_generator_cppExport.cmake
[70.808s] -- Installing: /home/vivek/On-Codes/Batch-Opt-Highway-Driving/ros_ws/install/msgs_car/share/msgs_car/cmake/msgs_car__rosidl_typesupport_introspection_cppExport.cmake
[70.808s] -- Installing: /home/vivek/On-Codes/Batch-Opt-Highway-Driving/ros_ws/install/msgs_car/share/msgs_car/cmake/msgs_car__rosidl_typesupport_introspection_cppExport-noconfig.cmake
[70.808s] -- Installing: /home/vivek/On-Codes/Batch-Opt-Highway-Driving/ros_ws/install/msgs_car/share/msgs_car/cmake/msgs_car__rosidl_typesupport_cppExport.cmake
[70.809s] -- Installing: /home/vivek/On-Codes/Batch-Opt-Highway-Driving/ros_ws/install/msgs_car/share/msgs_car/cmake/msgs_car__rosidl_typesupport_cppExport-noconfig.cmake
[70.809s] -- Installing: /home/vivek/On-Codes/Batch-Opt-Highway-Driving/ros_ws/install/msgs_car/share/msgs_car/cmake/rosidl_cmake-extras.cmake
[70.810s] -- Installing: /home/vivek/On-Codes/Batch-Opt-Highway-Driving/ros_ws/install/msgs_car/share/msgs_car/cmake/ament_cmake_export_dependencies-extras.cmake
[70.810s] -- Installing: /home/vivek/On-Codes/Batch-Opt-Highway-Driving/ros_ws/install/msgs_car/share/msgs_car/cmake/ament_cmake_export_libraries-extras.cmake
[70.810s] -- Installing: /home/vivek/On-Codes/Batch-Opt-Highway-Driving/ros_ws/install/msgs_car/share/msgs_car/cmake/ament_cmake_export_targets-extras.cmake
[70.811s] -- Installing: /home/vivek/On-Codes/Batch-Opt-Highway-Driving/ros_ws/install/msgs_car/share/msgs_car/cmake/ament_cmake_export_include_directories-extras.cmake
[70.811s] -- Installing: /home/vivek/On-Codes/Batch-Opt-Highway-Driving/ros_ws/install/msgs_car/share/msgs_car/cmake/rosidl_cmake_export_typesupport_libraries-extras.cmake
[70.812s] -- Installing: /home/vivek/On-Codes/Batch-Opt-Highway-Driving/ros_ws/install/msgs_car/share/msgs_car/cmake/rosidl_cmake_export_typesupport_targets-extras.cmake
[70.812s] -- Installing: /home/vivek/On-Codes/Batch-Opt-Highway-Driving/ros_ws/install/msgs_car/share/msgs_car/cmake/msgs_carConfig.cmake
[70.812s] -- Installing: /home/vivek/On-Codes/Batch-Opt-Highway-Driving/ros_ws/install/msgs_car/share/msgs_car/cmake/msgs_carConfig-version.cmake
[70.813s] -- Installing: /home/vivek/On-Codes/Batch-Opt-Highway-Driving/ros_ws/install/msgs_car/share/msgs_car/package.xml
[70.816s] Invoked command in '/home/vivek/On-Codes/Batch-Opt-Highway-Driving/ros_ws/build/msgs_car' returned '0': CMAKE_PREFIX_PATH=/opt/ros/foxy /usr/bin/cmake --install /home/vivek/On-Codes/Batch-Opt-Highway-Driving/ros_ws/build/msgs_car
