[0.028s] Invoking command in '/home/vivek/On-Codes/Batch_traj_opt/mpc_car_batch/build/mpc_car_batch': CMAKE_PREFIX_PATH=/opt/ros/foxy /usr/bin/cmake --build /home/vivek/On-Codes/Batch_traj_opt/mpc_car_batch/build/mpc_car_batch -- -j4 -l4
[0.064s] -- Found ament_cmake: 0.9.8 (/opt/ros/foxy/share/ament_cmake/cmake)
[0.100s] -- Using PYTHON_EXECUTABLE: /usr/bin/python3
[0.358s] -- Found rclcpp: 2.3.1 (/opt/ros/foxy/share/rclcpp/cmake)
[0.421s] -- Using all available rosidl_typesupport_c: rosidl_typesupport_fastrtps_c;rosidl_typesupport_introspection_c
[0.426s] -- Found rosidl_adapter: 1.2.1 (/opt/ros/foxy/share/rosidl_adapter/cmake)
[0.582s] -- Using all available rosidl_typesupport_cpp: rosidl_typesupport_fastrtps_cpp;rosidl_typesupport_introspection_cpp
[0.655s] -- Found rmw_implementation_cmake: 1.0.3 (/opt/ros/foxy/share/rmw_implementation_cmake/cmake)
[0.657s] -- Using RMW implementation 'rmw_fastrtps_cpp' as default
[0.867s] -- Found geometry_msgs: 2.0.4 (/opt/ros/foxy/share/geometry_msgs/cmake)
[0.914s] -- Found nav_msgs: 2.0.4 (/opt/ros/foxy/share/nav_msgs/cmake)
[1.016s] CMake Error at /opt/ros/foxy/share/ament_cmake_target_dependencies/cmake/ament_target_dependencies.cmake:77 (message):
[1.016s]   ament_target_dependencies() the passed package name 'rclpy' was not found
[1.016s]   before
[1.016s] Call Stack (most recent call first):
[1.016s]   CMakeLists.txt:43 (ament_target_dependencies)
[1.017s] 
[1.017s] 
[1.018s] -- Configuring incomplete, errors occurred!
[1.018s] See also "/home/vivek/On-Codes/Batch_traj_opt/mpc_car_batch/build/mpc_car_batch/CMakeFiles/CMakeOutput.log".
[1.018s] See also "/home/vivek/On-Codes/Batch_traj_opt/mpc_car_batch/build/mpc_car_batch/CMakeFiles/CMakeError.log".
[1.106s] make: *** [Makefile:324: cmake_check_build_system] Error 1
[1.112s] Invoked command in '/home/vivek/On-Codes/Batch_traj_opt/mpc_car_batch/build/mpc_car_batch' returned '2': CMAKE_PREFIX_PATH=/opt/ros/foxy /usr/bin/cmake --build /home/vivek/On-Codes/Batch_traj_opt/mpc_car_batch/build/mpc_car_batch -- -j4 -l4
