[0.653s] Invoking command in '/home/vivek/On-Codes/Batch-Opt-Highway-Driving/ros_ws/src/frenet_car': CMAKE_PREFIX_PATH=/home/vivek/On-Codes/Batch-Opt-Highway-Driving/ros_ws/install/msgs_car:/home/vivek/On-Codes/Batch-Opt-Highway-Driving/ros_ws/install/mpc_car_batch:/home/vivek/On-Codes/Batch-Opt-Highway-Driving/ros_ws/install/mpc_car_acado_single:/home/vivek/On-Codes/Batch-Opt-Highway-Driving/ros_ws/install/mpc_car_acado PYTHONPATH=/home/vivek/On-Codes/Batch-Opt-Highway-Driving/ros_ws/install/frenet_car/lib/python3.8/site-packages:/home/vivek/On-Codes/Batch-Opt-Highway-Driving/ros_ws/install/msgs_car/lib/python3.8/site-packages:/home/vivek/On-Codes/Batch-Opt-Highway-Driving/ros_ws/install/highway_car/lib/python3.8/site-packages:/home/vivek/On-Codes/Batch-Opt-Highway-Driving/ros_ws/install/frenet_car/lib/python3.8/site-packages:/opt/ros/foxy/lib/python3.8/site-packages:/opt/carla-simulator/PythonAPI/carla/dist/carla-0.9.11-py3.7-linux-x86_64.egg:/opt/carla-simulator/PythonAPI/carla /usr/bin/python3 setup.py egg_info --egg-base ../../build/frenet_car build --build-base /home/vivek/On-Codes/Batch-Opt-Highway-Driving/ros_ws/build/frenet_car/build install --prefix /home/vivek/On-Codes/Batch-Opt-Highway-Driving/ros_ws/install/frenet_car --record /home/vivek/On-Codes/Batch-Opt-Highway-Driving/ros_ws/build/frenet_car/install.log --single-version-externally-managed
[0.921s] running egg_info
[0.925s] writing ../../build/frenet_car/frenet_car.egg-info/PKG-INFO
[0.925s] writing dependency_links to ../../build/frenet_car/frenet_car.egg-info/dependency_links.txt
[0.925s] writing entry points to ../../build/frenet_car/frenet_car.egg-info/entry_points.txt
[0.925s] writing requirements to ../../build/frenet_car/frenet_car.egg-info/requires.txt
[0.925s] writing top-level names to ../../build/frenet_car/frenet_car.egg-info/top_level.txt
[0.962s] reading manifest file '../../build/frenet_car/frenet_car.egg-info/SOURCES.txt'
[0.971s] writing manifest file '../../build/frenet_car/frenet_car.egg-info/SOURCES.txt'
[0.971s] running build
[0.972s] running build_py
[0.972s] running install
[0.972s] running install_lib
[0.972s] running install_data
[0.976s] running install_egg_info
[0.976s] removing '/home/vivek/On-Codes/Batch-Opt-Highway-Driving/ros_ws/install/frenet_car/lib/python3.8/site-packages/frenet_car-0.0.0-py3.8.egg-info' (and everything under it)
[0.976s] Copying ../../build/frenet_car/frenet_car.egg-info to /home/vivek/On-Codes/Batch-Opt-Highway-Driving/ros_ws/install/frenet_car/lib/python3.8/site-packages/frenet_car-0.0.0-py3.8.egg-info
[0.976s] running install_scripts
[0.995s] Installing frenet_node script to /home/vivek/On-Codes/Batch-Opt-Highway-Driving/ros_ws/install/frenet_car/lib/frenet_car
[0.996s] writing list of installed files to '/home/vivek/On-Codes/Batch-Opt-Highway-Driving/ros_ws/build/frenet_car/install.log'
[1.047s] Invoked command in '/home/vivek/On-Codes/Batch-Opt-Highway-Driving/ros_ws/src/frenet_car' returned '0': CMAKE_PREFIX_PATH=/home/vivek/On-Codes/Batch-Opt-Highway-Driving/ros_ws/install/msgs_car:/home/vivek/On-Codes/Batch-Opt-Highway-Driving/ros_ws/install/mpc_car_batch:/home/vivek/On-Codes/Batch-Opt-Highway-Driving/ros_ws/install/mpc_car_acado_single:/home/vivek/On-Codes/Batch-Opt-Highway-Driving/ros_ws/install/mpc_car_acado PYTHONPATH=/home/vivek/On-Codes/Batch-Opt-Highway-Driving/ros_ws/install/frenet_car/lib/python3.8/site-packages:/home/vivek/On-Codes/Batch-Opt-Highway-Driving/ros_ws/install/msgs_car/lib/python3.8/site-packages:/home/vivek/On-Codes/Batch-Opt-Highway-Driving/ros_ws/install/highway_car/lib/python3.8/site-packages:/home/vivek/On-Codes/Batch-Opt-Highway-Driving/ros_ws/install/frenet_car/lib/python3.8/site-packages:/opt/ros/foxy/lib/python3.8/site-packages:/opt/carla-simulator/PythonAPI/carla/dist/carla-0.9.11-py3.7-linux-x86_64.egg:/opt/carla-simulator/PythonAPI/carla /usr/bin/python3 setup.py egg_info --egg-base ../../build/frenet_car build --build-base /home/vivek/On-Codes/Batch-Opt-Highway-Driving/ros_ws/build/frenet_car/build install --prefix /home/vivek/On-Codes/Batch-Opt-Highway-Driving/ros_ws/install/frenet_car --record /home/vivek/On-Codes/Batch-Opt-Highway-Driving/ros_ws/build/frenet_car/install.log --single-version-externally-managed
