[0.694s] Invoking command in '/home/vivek/On-Codes/Batch-Opt-Highway-Driving/ros_ws/build/mpc_car_acado': AMENT_PREFIX_PATH=/home/vivek/On-Codes/Batch-Opt-Highway-Driving/ros_ws/install/msgs_car:${AMENT_PREFIX_PATH} CMAKE_PREFIX_PATH=/home/vivek/On-Codes/Batch-Opt-Highway-Driving/ros_ws/install/msgs_car:/opt/ros/foxy LD_LIBRARY_PATH=/home/vivek/On-Codes/Batch-Opt-Highway-Driving/ros_ws/install/msgs_car/lib:${LD_LIBRARY_PATH} PYTHONPATH=/home/vivek/On-Codes/Batch-Opt-Highway-Driving/ros_ws/install/msgs_car/lib/python3.8/site-packages:${PYTHONPATH} /usr/bin/cmake --build /home/vivek/On-Codes/Batch-Opt-Highway-Driving/ros_ws/build/mpc_car_acado -- -j4 -l4
[0.945s] [ 88%] Built target mpc_solver
[1.067s] [100%] Built target mpc_node
[1.101s] Invoked command in '/home/vivek/On-Codes/Batch-Opt-Highway-Driving/ros_ws/build/mpc_car_acado' returned '0': AMENT_PREFIX_PATH=/home/vivek/On-Codes/Batch-Opt-Highway-Driving/ros_ws/install/msgs_car:${AMENT_PREFIX_PATH} CMAKE_PREFIX_PATH=/home/vivek/On-Codes/Batch-Opt-Highway-Driving/ros_ws/install/msgs_car:/opt/ros/foxy LD_LIBRARY_PATH=/home/vivek/On-Codes/Batch-Opt-Highway-Driving/ros_ws/install/msgs_car/lib:${LD_LIBRARY_PATH} PYTHONPATH=/home/vivek/On-Codes/Batch-Opt-Highway-Driving/ros_ws/install/msgs_car/lib/python3.8/site-packages:${PYTHONPATH} /usr/bin/cmake --build /home/vivek/On-Codes/Batch-Opt-Highway-Driving/ros_ws/build/mpc_car_acado -- -j4 -l4
[1.249s] Invoking command in '/home/vivek/On-Codes/Batch-Opt-Highway-Driving/ros_ws/build/mpc_car_acado': AMENT_PREFIX_PATH=/home/vivek/On-Codes/Batch-Opt-Highway-Driving/ros_ws/install/msgs_car:${AMENT_PREFIX_PATH} CMAKE_PREFIX_PATH=/home/vivek/On-Codes/Batch-Opt-Highway-Driving/ros_ws/install/msgs_car:/opt/ros/foxy LD_LIBRARY_PATH=/home/vivek/On-Codes/Batch-Opt-Highway-Driving/ros_ws/install/msgs_car/lib:${LD_LIBRARY_PATH} PYTHONPATH=/home/vivek/On-Codes/Batch-Opt-Highway-Driving/ros_ws/install/msgs_car/lib/python3.8/site-packages:${PYTHONPATH} /usr/bin/cmake --install /home/vivek/On-Codes/Batch-Opt-Highway-Driving/ros_ws/build/mpc_car_acado
[1.272s] -- Install configuration: ""
[1.273s] -- Up-to-date: /home/vivek/On-Codes/Batch-Opt-Highway-Driving/ros_ws/install/mpc_car_acado/include/mpc_car_acado/
[1.273s] -- Up-to-date: /home/vivek/On-Codes/Batch-Opt-Highway-Driving/ros_ws/install/mpc_car_acado/share/ament_index/resource_index/package_run_dependencies/mpc_car_acado
[1.273s] -- Up-to-date: /home/vivek/On-Codes/Batch-Opt-Highway-Driving/ros_ws/install/mpc_car_acado/share/ament_index/resource_index/parent_prefix_path/mpc_car_acado
[1.273s] -- Up-to-date: /home/vivek/On-Codes/Batch-Opt-Highway-Driving/ros_ws/install/mpc_car_acado/share/mpc_car_acado/environment/ament_prefix_path.sh
[1.273s] -- Up-to-date: /home/vivek/On-Codes/Batch-Opt-Highway-Driving/ros_ws/install/mpc_car_acado/share/mpc_car_acado/environment/ament_prefix_path.dsv
[1.273s] -- Up-to-date: /home/vivek/On-Codes/Batch-Opt-Highway-Driving/ros_ws/install/mpc_car_acado/share/mpc_car_acado/environment/path.sh
[1.273s] -- Up-to-date: /home/vivek/On-Codes/Batch-Opt-Highway-Driving/ros_ws/install/mpc_car_acado/share/mpc_car_acado/environment/path.dsv
[1.273s] -- Up-to-date: /home/vivek/On-Codes/Batch-Opt-Highway-Driving/ros_ws/install/mpc_car_acado/share/mpc_car_acado/local_setup.bash
[1.274s] -- Up-to-date: /home/vivek/On-Codes/Batch-Opt-Highway-Driving/ros_ws/install/mpc_car_acado/share/mpc_car_acado/local_setup.sh
[1.274s] -- Up-to-date: /home/vivek/On-Codes/Batch-Opt-Highway-Driving/ros_ws/install/mpc_car_acado/share/mpc_car_acado/local_setup.zsh
[1.274s] -- Up-to-date: /home/vivek/On-Codes/Batch-Opt-Highway-Driving/ros_ws/install/mpc_car_acado/share/mpc_car_acado/local_setup.dsv
[1.274s] -- Installing: /home/vivek/On-Codes/Batch-Opt-Highway-Driving/ros_ws/install/mpc_car_acado/share/mpc_car_acado/package.dsv
[1.274s] -- Up-to-date: /home/vivek/On-Codes/Batch-Opt-Highway-Driving/ros_ws/install/mpc_car_acado/share/ament_index/resource_index/packages/mpc_car_acado
[1.274s] -- Up-to-date: /home/vivek/On-Codes/Batch-Opt-Highway-Driving/ros_ws/install/mpc_car_acado/share/mpc_car_acado/cmake/ament_cmake_export_include_directories-extras.cmake
[1.274s] -- Up-to-date: /home/vivek/On-Codes/Batch-Opt-Highway-Driving/ros_ws/install/mpc_car_acado/share/mpc_car_acado/cmake/mpc_car_acadoConfig.cmake
[1.274s] -- Up-to-date: /home/vivek/On-Codes/Batch-Opt-Highway-Driving/ros_ws/install/mpc_car_acado/share/mpc_car_acado/cmake/mpc_car_acadoConfig-version.cmake
[1.274s] -- Up-to-date: /home/vivek/On-Codes/Batch-Opt-Highway-Driving/ros_ws/install/mpc_car_acado/share/mpc_car_acado/package.xml
[1.274s] -- Up-to-date: /home/vivek/On-Codes/Batch-Opt-Highway-Driving/ros_ws/install/mpc_car_acado/lib/mpc_car_acado/mpc_node
[1.289s] Invoked command in '/home/vivek/On-Codes/Batch-Opt-Highway-Driving/ros_ws/build/mpc_car_acado' returned '0': AMENT_PREFIX_PATH=/home/vivek/On-Codes/Batch-Opt-Highway-Driving/ros_ws/install/msgs_car:${AMENT_PREFIX_PATH} CMAKE_PREFIX_PATH=/home/vivek/On-Codes/Batch-Opt-Highway-Driving/ros_ws/install/msgs_car:/opt/ros/foxy LD_LIBRARY_PATH=/home/vivek/On-Codes/Batch-Opt-Highway-Driving/ros_ws/install/msgs_car/lib:${LD_LIBRARY_PATH} PYTHONPATH=/home/vivek/On-Codes/Batch-Opt-Highway-Driving/ros_ws/install/msgs_car/lib/python3.8/site-packages:${PYTHONPATH} /usr/bin/cmake --install /home/vivek/On-Codes/Batch-Opt-Highway-Driving/ros_ws/build/mpc_car_acado
