[0.059s] Invoking command in '/home/vivek/On-Codes/Batch-Opt-Highway-Driving/ros_ws/build/mpc_car_batch': CMAKE_PREFIX_PATH=/home/vivek/On-Codes/Batch-Opt-Highway-Driving/ros_ws/install/msgs_car:/home/vivek/On-Codes/Batch-Opt-Highway-Driving/ros_ws/install/mpc_car_batch:/home/vivek/On-Codes/Batch-Opt-Highway-Driving/ros_ws/install/mpc_car_acado_single:/home/vivek/On-Codes/Batch-Opt-Highway-Driving/ros_ws/install/mpc_car_acado:/home/vivek/On-Codes/Batch-Opt-Highway-Driving/ros_ws/install/highway_car:/home/vivek/On-Codes/Batch-Opt-Highway-Driving/ros_ws/install/frenet_car:/opt/ros/foxy PYTHONPATH=/home/vivek/On-Codes/Batch-Opt-Highway-Driving/ros_ws/install/msgs_car/lib/python3.8/site-packages:/home/vivek/On-Codes/Batch-Opt-Highway-Driving/ros_ws/install/highway_car/lib/python3.8/site-packages:/home/vivek/On-Codes/Batch-Opt-Highway-Driving/ros_ws/install/frenet_car/lib/python3.8/site-packages:/opt/ros/foxy/lib/python3.8/site-packages:/opt/carla-simulator/PythonAPI/carla/dist/carla-0.9.11-py3.7-linux-x86_64.egg:/opt/carla-simulator/PythonAPI/carla /usr/bin/cmake --build /home/vivek/On-Codes/Batch-Opt-Highway-Driving/ros_ws/build/mpc_car_batch -- -j4 -l4
[0.177s] [ 50%] Built target mpc_node_lib
[0.201s] [35m[1mScanning dependencies of target mpc_node[0m
[0.280s] [ 75%] [32mBuilding CXX object CMakeFiles/mpc_node.dir/src/main_batch.cpp.o[0m
[25.260s] [100%] [32m[1mLinking CXX executable mpc_node[0m
[26.416s] [100%] Built target mpc_node
[26.440s] Invoked command in '/home/vivek/On-Codes/Batch-Opt-Highway-Driving/ros_ws/build/mpc_car_batch' returned '0': CMAKE_PREFIX_PATH=/home/vivek/On-Codes/Batch-Opt-Highway-Driving/ros_ws/install/msgs_car:/home/vivek/On-Codes/Batch-Opt-Highway-Driving/ros_ws/install/mpc_car_batch:/home/vivek/On-Codes/Batch-Opt-Highway-Driving/ros_ws/install/mpc_car_acado_single:/home/vivek/On-Codes/Batch-Opt-Highway-Driving/ros_ws/install/mpc_car_acado:/home/vivek/On-Codes/Batch-Opt-Highway-Driving/ros_ws/install/highway_car:/home/vivek/On-Codes/Batch-Opt-Highway-Driving/ros_ws/install/frenet_car:/opt/ros/foxy PYTHONPATH=/home/vivek/On-Codes/Batch-Opt-Highway-Driving/ros_ws/install/msgs_car/lib/python3.8/site-packages:/home/vivek/On-Codes/Batch-Opt-Highway-Driving/ros_ws/install/highway_car/lib/python3.8/site-packages:/home/vivek/On-Codes/Batch-Opt-Highway-Driving/ros_ws/install/frenet_car/lib/python3.8/site-packages:/opt/ros/foxy/lib/python3.8/site-packages:/opt/carla-simulator/PythonAPI/carla/dist/carla-0.9.11-py3.7-linux-x86_64.egg:/opt/carla-simulator/PythonAPI/carla /usr/bin/cmake --build /home/vivek/On-Codes/Batch-Opt-Highway-Driving/ros_ws/build/mpc_car_batch -- -j4 -l4
[26.488s] Invoking command in '/home/vivek/On-Codes/Batch-Opt-Highway-Driving/ros_ws/build/mpc_car_batch': CMAKE_PREFIX_PATH=/home/vivek/On-Codes/Batch-Opt-Highway-Driving/ros_ws/install/msgs_car:/home/vivek/On-Codes/Batch-Opt-Highway-Driving/ros_ws/install/mpc_car_batch:/home/vivek/On-Codes/Batch-Opt-Highway-Driving/ros_ws/install/mpc_car_acado_single:/home/vivek/On-Codes/Batch-Opt-Highway-Driving/ros_ws/install/mpc_car_acado:/home/vivek/On-Codes/Batch-Opt-Highway-Driving/ros_ws/install/highway_car:/home/vivek/On-Codes/Batch-Opt-Highway-Driving/ros_ws/install/frenet_car:/opt/ros/foxy PYTHONPATH=/home/vivek/On-Codes/Batch-Opt-Highway-Driving/ros_ws/install/msgs_car/lib/python3.8/site-packages:/home/vivek/On-Codes/Batch-Opt-Highway-Driving/ros_ws/install/highway_car/lib/python3.8/site-packages:/home/vivek/On-Codes/Batch-Opt-Highway-Driving/ros_ws/install/frenet_car/lib/python3.8/site-packages:/opt/ros/foxy/lib/python3.8/site-packages:/opt/carla-simulator/PythonAPI/carla/dist/carla-0.9.11-py3.7-linux-x86_64.egg:/opt/carla-simulator/PythonAPI/carla /usr/bin/cmake --install /home/vivek/On-Codes/Batch-Opt-Highway-Driving/ros_ws/build/mpc_car_batch
[26.502s] -- Install configuration: ""
[26.502s] -- Installing: /home/vivek/On-Codes/Batch-Opt-Highway-Driving/ros_ws/install/mpc_car_batch/lib/mpc_car_batch/mpc_node
[26.600s] -- Set runtime path of "/home/vivek/On-Codes/Batch-Opt-Highway-Driving/ros_ws/install/mpc_car_batch/lib/mpc_car_batch/mpc_node" to ""
[26.601s] -- Up-to-date: /home/vivek/On-Codes/Batch-Opt-Highway-Driving/ros_ws/install/mpc_car_batch/share/ament_index/resource_index/package_run_dependencies/mpc_car_batch
[26.601s] -- Up-to-date: /home/vivek/On-Codes/Batch-Opt-Highway-Driving/ros_ws/install/mpc_car_batch/share/ament_index/resource_index/parent_prefix_path/mpc_car_batch
[26.601s] -- Up-to-date: /home/vivek/On-Codes/Batch-Opt-Highway-Driving/ros_ws/install/mpc_car_batch/share/mpc_car_batch/environment/ament_prefix_path.sh
[26.601s] -- Up-to-date: /home/vivek/On-Codes/Batch-Opt-Highway-Driving/ros_ws/install/mpc_car_batch/share/mpc_car_batch/environment/ament_prefix_path.dsv
[26.601s] -- Up-to-date: /home/vivek/On-Codes/Batch-Opt-Highway-Driving/ros_ws/install/mpc_car_batch/share/mpc_car_batch/environment/path.sh
[26.601s] -- Up-to-date: /home/vivek/On-Codes/Batch-Opt-Highway-Driving/ros_ws/install/mpc_car_batch/share/mpc_car_batch/environment/path.dsv
[26.602s] -- Up-to-date: /home/vivek/On-Codes/Batch-Opt-Highway-Driving/ros_ws/install/mpc_car_batch/share/mpc_car_batch/local_setup.bash
[26.602s] -- Up-to-date: /home/vivek/On-Codes/Batch-Opt-Highway-Driving/ros_ws/install/mpc_car_batch/share/mpc_car_batch/local_setup.sh
[26.602s] -- Up-to-date: /home/vivek/On-Codes/Batch-Opt-Highway-Driving/ros_ws/install/mpc_car_batch/share/mpc_car_batch/local_setup.zsh
[26.602s] -- Up-to-date: /home/vivek/On-Codes/Batch-Opt-Highway-Driving/ros_ws/install/mpc_car_batch/share/mpc_car_batch/local_setup.dsv
[26.602s] -- Installing: /home/vivek/On-Codes/Batch-Opt-Highway-Driving/ros_ws/install/mpc_car_batch/share/mpc_car_batch/package.dsv
[26.602s] -- Up-to-date: /home/vivek/On-Codes/Batch-Opt-Highway-Driving/ros_ws/install/mpc_car_batch/share/ament_index/resource_index/packages/mpc_car_batch
[26.602s] -- Up-to-date: /home/vivek/On-Codes/Batch-Opt-Highway-Driving/ros_ws/install/mpc_car_batch/share/mpc_car_batch/cmake/mpc_car_batchConfig.cmake
[26.603s] -- Up-to-date: /home/vivek/On-Codes/Batch-Opt-Highway-Driving/ros_ws/install/mpc_car_batch/share/mpc_car_batch/cmake/mpc_car_batchConfig-version.cmake
[26.603s] -- Up-to-date: /home/vivek/On-Codes/Batch-Opt-Highway-Driving/ros_ws/install/mpc_car_batch/share/mpc_car_batch/package.xml
[26.612s] Invoked command in '/home/vivek/On-Codes/Batch-Opt-Highway-Driving/ros_ws/build/mpc_car_batch' returned '0': CMAKE_PREFIX_PATH=/home/vivek/On-Codes/Batch-Opt-Highway-Driving/ros_ws/install/msgs_car:/home/vivek/On-Codes/Batch-Opt-Highway-Driving/ros_ws/install/mpc_car_batch:/home/vivek/On-Codes/Batch-Opt-Highway-Driving/ros_ws/install/mpc_car_acado_single:/home/vivek/On-Codes/Batch-Opt-Highway-Driving/ros_ws/install/mpc_car_acado:/home/vivek/On-Codes/Batch-Opt-Highway-Driving/ros_ws/install/highway_car:/home/vivek/On-Codes/Batch-Opt-Highway-Driving/ros_ws/install/frenet_car:/opt/ros/foxy PYTHONPATH=/home/vivek/On-Codes/Batch-Opt-Highway-Driving/ros_ws/install/msgs_car/lib/python3.8/site-packages:/home/vivek/On-Codes/Batch-Opt-Highway-Driving/ros_ws/install/highway_car/lib/python3.8/site-packages:/home/vivek/On-Codes/Batch-Opt-Highway-Driving/ros_ws/install/frenet_car/lib/python3.8/site-packages:/opt/ros/foxy/lib/python3.8/site-packages:/opt/carla-simulator/PythonAPI/carla/dist/carla-0.9.11-py3.7-linux-x86_64.egg:/opt/carla-simulator/PythonAPI/carla /usr/bin/cmake --install /home/vivek/On-Codes/Batch-Opt-Highway-Driving/ros_ws/build/mpc_car_batch
