[ 50%] Built target mpc_node_lib
[35m[1mScanning dependencies of target mpc_node[0m
[ 75%] [32mBuilding CXX object CMakeFiles/mpc_node.dir/src/main.cpp.o[0m
[01m[K/home/vivek/On-Codes/Batch_traj_opt/mpc_car_batch/src/main.cpp:[m[K In function ‘[01m[Kvoid start_mpc()[m[K’:
[01m[K/home/vivek/On-Codes/Batch_traj_opt/mpc_car_batch/src/main.cpp:100:11:[m[K [01;35m[Kwarning: [m[Kvariable ‘[01m[Kmin[m[K’ set but not used [[01;35m[K-Wunused-but-set-variable[m[K]
  100 |     float [01;35m[Kmin[m[K = 1000000;
      |           [01;35m[K^~~[m[K
[01m[K/home/vivek/On-Codes/Batch_traj_opt/mpc_car_batch/src/main.cpp:[m[K In function ‘[01m[Koptim::probData mpc(optim::probData, optim::three_var, Eigen::ArrayXXf, Eigen::ArrayXXf, float, float, float, float, float, float, Eigen::ArrayXXf, Eigen::ArrayXXf, Eigen::ArrayXXf, Eigen::ArrayXXf, Eigen::ArrayXXf, Eigen::ArrayXXf, Eigen::ArrayXXf, Eigen::ArrayXXf, bool)[m[K’:
[01m[K/home/vivek/On-Codes/Batch_traj_opt/mpc_car_batch/src/main.cpp:174:102:[m[K [01;35m[Kwarning: [m[Kunused parameter ‘[01m[Klane[m[K’ [[01;35m[K-Wunused-parameter[m[K]
  174 |                 ArrayXXf x_obs_temp, ArrayXXf y_obs_temp, ArrayXXf vx_obs, ArrayXXf vy_obs, [01;35m[KArrayXXf lane[m[K, ArrayXXf pre_x, ArrayXXf pre_y, ArrayXXf pre_xdot, bool sample)
      |                                                                                             [01;35m[K~~~~~~~~~^~~~[m[K
[01m[K/home/vivek/On-Codes/Batch_traj_opt/mpc_car_batch/src/main.cpp:174:117:[m[K [01;35m[Kwarning: [m[Kunused parameter ‘[01m[Kpre_x[m[K’ [[01;35m[K-Wunused-parameter[m[K]
  174 |                 ArrayXXf x_obs_temp, ArrayXXf y_obs_temp, ArrayXXf vx_obs, ArrayXXf vy_obs, ArrayXXf lane, [01;35m[KArrayXXf pre_x[m[K, ArrayXXf pre_y, ArrayXXf pre_xdot, bool sample)
      |                                                                                                            [01;35m[K~~~~~~~~~^~~~~[m[K
[01m[K/home/vivek/On-Codes/Batch_traj_opt/mpc_car_batch/src/main.cpp:174:133:[m[K [01;35m[Kwarning: [m[Kunused parameter ‘[01m[Kpre_y[m[K’ [[01;35m[K-Wunused-parameter[m[K]
  174 |                 ArrayXXf x_obs_temp, ArrayXXf y_obs_temp, ArrayXXf vx_obs, ArrayXXf vy_obs, ArrayXXf lane, ArrayXXf pre_x, [01;35m[KArrayXXf pre_y[m[K, ArrayXXf pre_xdot, bool sample)
      |                                                                                                                            [01;35m[K~~~~~~~~~^~~~~[m[K
[01m[K/home/vivek/On-Codes/Batch_traj_opt/mpc_car_batch/src/main.cpp:174:149:[m[K [01;35m[Kwarning: [m[Kunused parameter ‘[01m[Kpre_xdot[m[K’ [[01;35m[K-Wunused-parameter[m[K]
  174 |                 ArrayXXf x_obs_temp, ArrayXXf y_obs_temp, ArrayXXf vx_obs, ArrayXXf vy_obs, ArrayXXf lane, ArrayXXf pre_x, ArrayXXf pre_y, [01;35m[KArrayXXf pre_xdot[m[K, bool sample)
      |                                                                                                                                            [01;35m[K~~~~~~~~~^~~~~~~~[m[K
[01m[K/home/vivek/On-Codes/Batch_traj_opt/mpc_car_batch/src/main.cpp:174:164:[m[K [01;35m[Kwarning: [m[Kunused parameter ‘[01m[Ksample[m[K’ [[01;35m[K-Wunused-parameter[m[K]
  174 |                 ArrayXXf x_obs_temp, ArrayXXf y_obs_temp, ArrayXXf vx_obs, ArrayXXf vy_obs, ArrayXXf lane, ArrayXXf pre_x, ArrayXXf pre_y, ArrayXXf pre_xdot, [01;35m[Kbool sample[m[K)
      |                                                                                                                                                               [01;35m[K~~~~~^~~~~~[m[K
[100%] [32m[1mLinking CXX executable mpc_node[0m
[100%] Built target mpc_node
-- Install configuration: ""
-- Installing: /home/vivek/On-Codes/Batch_traj_opt/mpc_car_batch/install/mpc_car_batch/lib/mpc_car_batch/mpc_node
-- Set runtime path of "/home/vivek/On-Codes/Batch_traj_opt/mpc_car_batch/install/mpc_car_batch/lib/mpc_car_batch/mpc_node" to ""
-- Up-to-date: /home/vivek/On-Codes/Batch_traj_opt/mpc_car_batch/install/mpc_car_batch/share/ament_index/resource_index/package_run_dependencies/mpc_car_batch
-- Up-to-date: /home/vivek/On-Codes/Batch_traj_opt/mpc_car_batch/install/mpc_car_batch/share/ament_index/resource_index/parent_prefix_path/mpc_car_batch
-- Up-to-date: /home/vivek/On-Codes/Batch_traj_opt/mpc_car_batch/install/mpc_car_batch/share/mpc_car_batch/environment/ament_prefix_path.sh
-- Up-to-date: /home/vivek/On-Codes/Batch_traj_opt/mpc_car_batch/install/mpc_car_batch/share/mpc_car_batch/environment/ament_prefix_path.dsv
-- Up-to-date: /home/vivek/On-Codes/Batch_traj_opt/mpc_car_batch/install/mpc_car_batch/share/mpc_car_batch/environment/path.sh
-- Up-to-date: /home/vivek/On-Codes/Batch_traj_opt/mpc_car_batch/install/mpc_car_batch/share/mpc_car_batch/environment/path.dsv
-- Up-to-date: /home/vivek/On-Codes/Batch_traj_opt/mpc_car_batch/install/mpc_car_batch/share/mpc_car_batch/local_setup.bash
-- Up-to-date: /home/vivek/On-Codes/Batch_traj_opt/mpc_car_batch/install/mpc_car_batch/share/mpc_car_batch/local_setup.sh
-- Up-to-date: /home/vivek/On-Codes/Batch_traj_opt/mpc_car_batch/install/mpc_car_batch/share/mpc_car_batch/local_setup.zsh
-- Up-to-date: /home/vivek/On-Codes/Batch_traj_opt/mpc_car_batch/install/mpc_car_batch/share/mpc_car_batch/local_setup.dsv
-- Installing: /home/vivek/On-Codes/Batch_traj_opt/mpc_car_batch/install/mpc_car_batch/share/mpc_car_batch/package.dsv
-- Up-to-date: /home/vivek/On-Codes/Batch_traj_opt/mpc_car_batch/install/mpc_car_batch/share/ament_index/resource_index/packages/mpc_car_batch
-- Up-to-date: /home/vivek/On-Codes/Batch_traj_opt/mpc_car_batch/install/mpc_car_batch/share/mpc_car_batch/cmake/mpc_car_batchConfig.cmake
-- Up-to-date: /home/vivek/On-Codes/Batch_traj_opt/mpc_car_batch/install/mpc_car_batch/share/mpc_car_batch/cmake/mpc_car_batchConfig-version.cmake
-- Up-to-date: /home/vivek/On-Codes/Batch_traj_opt/mpc_car_batch/install/mpc_car_batch/share/mpc_car_batch/package.xml
