[0.284s] DEBUG:colcon:Command line arguments: ['/usr/bin/colcon', 'build', '--packages-select', 'mpc_car_batch']
[0.284s] DEBUG:colcon:Parsed command line arguments: Namespace(ament_cmake_args=None, base_paths=['.'], build_base='build', catkin_cmake_args=None, catkin_skip_building_tests=False, cmake_args=None, cmake_clean_cache=False, cmake_clean_first=False, cmake_force_configure=False, cmake_target=None, cmake_target_skip_unavailable=False, continue_on_error=False, event_handlers=None, executor='parallel', ignore_user_meta=False, install_base='install', log_base=None, log_level=None, main=<bound method BuildVerb.main of <colcon_core.verb.build.BuildVerb object at 0x7fab0c64e430>>, merge_install=False, metas=['./colcon.meta'], packages_above=None, packages_above_and_dependencies=None, packages_above_depth=None, packages_end=None, packages_ignore=None, packages_ignore_regex=None, packages_select=['mpc_car_batch'], packages_select_build_failed=False, packages_select_by_dep=None, packages_select_regex=None, packages_select_test_failures=False, packages_skip=None, packages_skip_build_finished=False, packages_skip_by_dep=None, packages_skip_regex=None, packages_skip_test_passed=False, packages_skip_up_to=None, packages_start=None, packages_up_to=None, packages_up_to_regex=None, parallel_workers=4, paths=None, symlink_install=False, test_result_base=None, verb_extension=<colcon_core.verb.build.BuildVerb object at 0x7fab0c64e430>, verb_name='build', verb_parser=<colcon_defaults.argument_parser.defaults.DefaultArgumentsDecorator object at 0x7fab0c64e970>)
[0.289s] Level 1:colcon.colcon_core.package_discovery:discover_packages(colcon_meta) check parameters
[0.290s] Level 1:colcon.colcon_core.package_discovery:discover_packages(recursive) check parameters
[0.290s] Level 1:colcon.colcon_core.package_discovery:discover_packages(ignore) check parameters
[0.290s] Level 1:colcon.colcon_core.package_discovery:discover_packages(path) check parameters
[0.290s] Level 1:colcon.colcon_core.package_discovery:discover_packages(colcon_meta) discover
[0.290s] Level 1:colcon.colcon_core.package_discovery:discover_packages(recursive) discover
[0.290s] INFO:colcon.colcon_core.package_discovery:Crawling recursively for packages in '/home/vivek/On-Codes/Batch-Opt-Highway-Driving/ros_ws'
[0.290s] Level 1:colcon.colcon_core.package_identification:_identify(.) by extensions ['ignore', 'ignore_ament_install']
[0.290s] Level 1:colcon.colcon_core.package_identification:_identify(.) by extension 'ignore'
[0.290s] Level 1:colcon.colcon_core.package_identification:_identify(.) by extension 'ignore_ament_install'
[0.290s] Level 1:colcon.colcon_core.package_identification:_identify(.) by extensions ['colcon_pkg']
[0.291s] Level 1:colcon.colcon_core.package_identification:_identify(.) by extension 'colcon_pkg'
[0.291s] Level 1:colcon.colcon_core.package_identification:_identify(.) by extensions ['colcon_meta']
[0.291s] Level 1:colcon.colcon_core.package_identification:_identify(.) by extension 'colcon_meta'
[0.291s] Level 1:colcon.colcon_core.package_identification:_identify(.) by extensions ['ros']
[0.291s] Level 1:colcon.colcon_core.package_identification:_identify(.) by extension 'ros'
[0.303s] Level 1:colcon.colcon_core.package_identification:_identify(.) by extensions ['cmake', 'python']
[0.303s] Level 1:colcon.colcon_core.package_identification:_identify(.) by extension 'cmake'
[0.303s] Level 1:colcon.colcon_core.package_identification:_identify(.) by extension 'python'
[0.303s] Level 1:colcon.colcon_core.package_identification:_identify(.) by extensions ['python_setup_py']
[0.303s] Level 1:colcon.colcon_core.package_identification:_identify(.) by extension 'python_setup_py'
[0.303s] Level 1:colcon.colcon_core.package_identification:_identify(build) by extensions ['ignore', 'ignore_ament_install']
[0.303s] Level 1:colcon.colcon_core.package_identification:_identify(build) by extension 'ignore'
[0.303s] Level 1:colcon.colcon_core.package_identification:_identify(build) ignored
[0.303s] Level 1:colcon.colcon_core.package_identification:_identify(install) by extensions ['ignore', 'ignore_ament_install']
[0.304s] Level 1:colcon.colcon_core.package_identification:_identify(install) by extension 'ignore'
[0.304s] Level 1:colcon.colcon_core.package_identification:_identify(install) ignored
[0.304s] Level 1:colcon.colcon_core.package_identification:_identify(log) by extensions ['ignore', 'ignore_ament_install']
[0.304s] Level 1:colcon.colcon_core.package_identification:_identify(log) by extension 'ignore'
[0.304s] Level 1:colcon.colcon_core.package_identification:_identify(log) ignored
[0.304s] Level 1:colcon.colcon_core.package_identification:_identify(src) by extensions ['ignore', 'ignore_ament_install']
[0.304s] Level 1:colcon.colcon_core.package_identification:_identify(src) by extension 'ignore'
[0.304s] Level 1:colcon.colcon_core.package_identification:_identify(src) by extension 'ignore_ament_install'
[0.304s] Level 1:colcon.colcon_core.package_identification:_identify(src) by extensions ['colcon_pkg']
[0.304s] Level 1:colcon.colcon_core.package_identification:_identify(src) by extension 'colcon_pkg'
[0.304s] Level 1:colcon.colcon_core.package_identification:_identify(src) by extensions ['colcon_meta']
[0.305s] Level 1:colcon.colcon_core.package_identification:_identify(src) by extension 'colcon_meta'
[0.305s] Level 1:colcon.colcon_core.package_identification:_identify(src) by extensions ['ros']
[0.305s] Level 1:colcon.colcon_core.package_identification:_identify(src) by extension 'ros'
[0.305s] Level 1:colcon.colcon_core.package_identification:_identify(src) by extensions ['cmake', 'python']
[0.305s] Level 1:colcon.colcon_core.package_identification:_identify(src) by extension 'cmake'
[0.305s] Level 1:colcon.colcon_core.package_identification:_identify(src) by extension 'python'
[0.305s] Level 1:colcon.colcon_core.package_identification:_identify(src) by extensions ['python_setup_py']
[0.305s] Level 1:colcon.colcon_core.package_identification:_identify(src) by extension 'python_setup_py'
[0.305s] Level 1:colcon.colcon_core.package_identification:_identify(src/frenet_car) by extensions ['ignore', 'ignore_ament_install']
[0.305s] Level 1:colcon.colcon_core.package_identification:_identify(src/frenet_car) by extension 'ignore'
[0.305s] Level 1:colcon.colcon_core.package_identification:_identify(src/frenet_car) by extension 'ignore_ament_install'
[0.305s] Level 1:colcon.colcon_core.package_identification:_identify(src/frenet_car) by extensions ['colcon_pkg']
[0.306s] Level 1:colcon.colcon_core.package_identification:_identify(src/frenet_car) by extension 'colcon_pkg'
[0.306s] Level 1:colcon.colcon_core.package_identification:_identify(src/frenet_car) by extensions ['colcon_meta']
[0.306s] Level 1:colcon.colcon_core.package_identification:_identify(src/frenet_car) by extension 'colcon_meta'
[0.306s] Level 1:colcon.colcon_core.package_identification:_identify(src/frenet_car) by extensions ['ros']
[0.306s] Level 1:colcon.colcon_core.package_identification:_identify(src/frenet_car) by extension 'ros'
[0.308s] DEBUG:colcon.colcon_core.package_identification:Package 'src/frenet_car' with type 'ros.ament_python' and name 'frenet_car'
[0.308s] Level 1:colcon.colcon_core.package_identification:_identify(src/highway_car) by extensions ['ignore', 'ignore_ament_install']
[0.308s] Level 1:colcon.colcon_core.package_identification:_identify(src/highway_car) by extension 'ignore'
[0.309s] Level 1:colcon.colcon_core.package_identification:_identify(src/highway_car) by extension 'ignore_ament_install'
[0.309s] Level 1:colcon.colcon_core.package_identification:_identify(src/highway_car) by extensions ['colcon_pkg']
[0.309s] Level 1:colcon.colcon_core.package_identification:_identify(src/highway_car) by extension 'colcon_pkg'
[0.309s] Level 1:colcon.colcon_core.package_identification:_identify(src/highway_car) by extensions ['colcon_meta']
[0.309s] Level 1:colcon.colcon_core.package_identification:_identify(src/highway_car) by extension 'colcon_meta'
[0.309s] Level 1:colcon.colcon_core.package_identification:_identify(src/highway_car) by extensions ['ros']
[0.309s] Level 1:colcon.colcon_core.package_identification:_identify(src/highway_car) by extension 'ros'
[0.309s] DEBUG:colcon.colcon_core.package_identification:Package 'src/highway_car' with type 'ros.ament_python' and name 'highway_car'
[0.310s] Level 1:colcon.colcon_core.package_identification:_identify(src/mpc_car_acado) by extensions ['ignore', 'ignore_ament_install']
[0.310s] Level 1:colcon.colcon_core.package_identification:_identify(src/mpc_car_acado) by extension 'ignore'
[0.310s] Level 1:colcon.colcon_core.package_identification:_identify(src/mpc_car_acado) by extension 'ignore_ament_install'
[0.310s] Level 1:colcon.colcon_core.package_identification:_identify(src/mpc_car_acado) by extensions ['colcon_pkg']
[0.310s] Level 1:colcon.colcon_core.package_identification:_identify(src/mpc_car_acado) by extension 'colcon_pkg'
[0.310s] Level 1:colcon.colcon_core.package_identification:_identify(src/mpc_car_acado) by extensions ['colcon_meta']
[0.310s] Level 1:colcon.colcon_core.package_identification:_identify(src/mpc_car_acado) by extension 'colcon_meta'
[0.310s] Level 1:colcon.colcon_core.package_identification:_identify(src/mpc_car_acado) by extensions ['ros']
[0.310s] Level 1:colcon.colcon_core.package_identification:_identify(src/mpc_car_acado) by extension 'ros'
[0.311s] DEBUG:colcon.colcon_core.package_identification:Package 'src/mpc_car_acado' with type 'ros.ament_cmake' and name 'mpc_car_acado'
[0.311s] Level 1:colcon.colcon_core.package_identification:_identify(src/mpc_car_acado_single) by extensions ['ignore', 'ignore_ament_install']
[0.311s] Level 1:colcon.colcon_core.package_identification:_identify(src/mpc_car_acado_single) by extension 'ignore'
[0.311s] Level 1:colcon.colcon_core.package_identification:_identify(src/mpc_car_acado_single) by extension 'ignore_ament_install'
[0.311s] Level 1:colcon.colcon_core.package_identification:_identify(src/mpc_car_acado_single) by extensions ['colcon_pkg']
[0.311s] Level 1:colcon.colcon_core.package_identification:_identify(src/mpc_car_acado_single) by extension 'colcon_pkg'
[0.311s] Level 1:colcon.colcon_core.package_identification:_identify(src/mpc_car_acado_single) by extensions ['colcon_meta']
[0.311s] Level 1:colcon.colcon_core.package_identification:_identify(src/mpc_car_acado_single) by extension 'colcon_meta'
[0.311s] Level 1:colcon.colcon_core.package_identification:_identify(src/mpc_car_acado_single) by extensions ['ros']
[0.311s] Level 1:colcon.colcon_core.package_identification:_identify(src/mpc_car_acado_single) by extension 'ros'
[0.312s] DEBUG:colcon.colcon_core.package_identification:Package 'src/mpc_car_acado_single' with type 'ros.ament_cmake' and name 'mpc_car_acado_single'
[0.312s] Level 1:colcon.colcon_core.package_identification:_identify(src/mpc_car_batch) by extensions ['ignore', 'ignore_ament_install']
[0.312s] Level 1:colcon.colcon_core.package_identification:_identify(src/mpc_car_batch) by extension 'ignore'
[0.312s] Level 1:colcon.colcon_core.package_identification:_identify(src/mpc_car_batch) by extension 'ignore_ament_install'
[0.313s] Level 1:colcon.colcon_core.package_identification:_identify(src/mpc_car_batch) by extensions ['colcon_pkg']
[0.313s] Level 1:colcon.colcon_core.package_identification:_identify(src/mpc_car_batch) by extension 'colcon_pkg'
[0.313s] Level 1:colcon.colcon_core.package_identification:_identify(src/mpc_car_batch) by extensions ['colcon_meta']
[0.313s] Level 1:colcon.colcon_core.package_identification:_identify(src/mpc_car_batch) by extension 'colcon_meta'
[0.313s] Level 1:colcon.colcon_core.package_identification:_identify(src/mpc_car_batch) by extensions ['ros']
[0.313s] Level 1:colcon.colcon_core.package_identification:_identify(src/mpc_car_batch) by extension 'ros'
[0.313s] DEBUG:colcon.colcon_core.package_identification:Package 'src/mpc_car_batch' with type 'ros.ament_cmake' and name 'mpc_car_batch'
[0.313s] Level 1:colcon.colcon_core.package_identification:_identify(src/msgs_car) by extensions ['ignore', 'ignore_ament_install']
[0.314s] Level 1:colcon.colcon_core.package_identification:_identify(src/msgs_car) by extension 'ignore'
[0.314s] Level 1:colcon.colcon_core.package_identification:_identify(src/msgs_car) by extension 'ignore_ament_install'
[0.314s] Level 1:colcon.colcon_core.package_identification:_identify(src/msgs_car) by extensions ['colcon_pkg']
[0.314s] Level 1:colcon.colcon_core.package_identification:_identify(src/msgs_car) by extension 'colcon_pkg'
[0.314s] Level 1:colcon.colcon_core.package_identification:_identify(src/msgs_car) by extensions ['colcon_meta']
[0.314s] Level 1:colcon.colcon_core.package_identification:_identify(src/msgs_car) by extension 'colcon_meta'
[0.314s] Level 1:colcon.colcon_core.package_identification:_identify(src/msgs_car) by extensions ['ros']
[0.314s] Level 1:colcon.colcon_core.package_identification:_identify(src/msgs_car) by extension 'ros'
[0.315s] DEBUG:colcon.colcon_core.package_identification:Package 'src/msgs_car' with type 'ros.ament_cmake' and name 'msgs_car'
[0.315s] Level 1:colcon.colcon_core.package_identification:_identify(stats) by extensions ['ignore', 'ignore_ament_install']
[0.315s] Level 1:colcon.colcon_core.package_identification:_identify(stats) by extension 'ignore'
[0.315s] Level 1:colcon.colcon_core.package_identification:_identify(stats) by extension 'ignore_ament_install'
[0.315s] Level 1:colcon.colcon_core.package_identification:_identify(stats) by extensions ['colcon_pkg']
[0.315s] Level 1:colcon.colcon_core.package_identification:_identify(stats) by extension 'colcon_pkg'
[0.315s] Level 1:colcon.colcon_core.package_identification:_identify(stats) by extensions ['colcon_meta']
[0.315s] Level 1:colcon.colcon_core.package_identification:_identify(stats) by extension 'colcon_meta'
[0.315s] Level 1:colcon.colcon_core.package_identification:_identify(stats) by extensions ['ros']
[0.315s] Level 1:colcon.colcon_core.package_identification:_identify(stats) by extension 'ros'
[0.315s] Level 1:colcon.colcon_core.package_identification:_identify(stats) by extensions ['cmake', 'python']
[0.315s] Level 1:colcon.colcon_core.package_identification:_identify(stats) by extension 'cmake'
[0.315s] Level 1:colcon.colcon_core.package_identification:_identify(stats) by extension 'python'
[0.315s] Level 1:colcon.colcon_core.package_identification:_identify(stats) by extensions ['python_setup_py']
[0.315s] Level 1:colcon.colcon_core.package_identification:_identify(stats) by extension 'python_setup_py'
[0.315s] Level 1:colcon.colcon_core.package_identification:_identify(stats/New) by extensions ['ignore', 'ignore_ament_install']
[0.316s] Level 1:colcon.colcon_core.package_identification:_identify(stats/New) by extension 'ignore'
[0.316s] Level 1:colcon.colcon_core.package_identification:_identify(stats/New) by extension 'ignore_ament_install'
[0.316s] Level 1:colcon.colcon_core.package_identification:_identify(stats/New) by extensions ['colcon_pkg']
[0.316s] Level 1:colcon.colcon_core.package_identification:_identify(stats/New) by extension 'colcon_pkg'
[0.316s] Level 1:colcon.colcon_core.package_identification:_identify(stats/New) by extensions ['colcon_meta']
[0.316s] Level 1:colcon.colcon_core.package_identification:_identify(stats/New) by extension 'colcon_meta'
[0.316s] Level 1:colcon.colcon_core.package_identification:_identify(stats/New) by extensions ['ros']
[0.316s] Level 1:colcon.colcon_core.package_identification:_identify(stats/New) by extension 'ros'
[0.316s] Level 1:colcon.colcon_core.package_identification:_identify(stats/New) by extensions ['cmake', 'python']
[0.316s] Level 1:colcon.colcon_core.package_identification:_identify(stats/New) by extension 'cmake'
[0.316s] Level 1:colcon.colcon_core.package_identification:_identify(stats/New) by extension 'python'
[0.316s] Level 1:colcon.colcon_core.package_identification:_identify(stats/New) by extensions ['python_setup_py']
[0.316s] Level 1:colcon.colcon_core.package_identification:_identify(stats/New) by extension 'python_setup_py'
[0.316s] Level 1:colcon.colcon_core.package_identification:_identify(stats/New/Cruise) by extensions ['ignore', 'ignore_ament_install']
[0.316s] Level 1:colcon.colcon_core.package_identification:_identify(stats/New/Cruise) by extension 'ignore'
[0.316s] Level 1:colcon.colcon_core.package_identification:_identify(stats/New/Cruise) by extension 'ignore_ament_install'
[0.317s] Level 1:colcon.colcon_core.package_identification:_identify(stats/New/Cruise) by extensions ['colcon_pkg']
[0.317s] Level 1:colcon.colcon_core.package_identification:_identify(stats/New/Cruise) by extension 'colcon_pkg'
[0.317s] Level 1:colcon.colcon_core.package_identification:_identify(stats/New/Cruise) by extensions ['colcon_meta']
[0.317s] Level 1:colcon.colcon_core.package_identification:_identify(stats/New/Cruise) by extension 'colcon_meta'
[0.317s] Level 1:colcon.colcon_core.package_identification:_identify(stats/New/Cruise) by extensions ['ros']
[0.317s] Level 1:colcon.colcon_core.package_identification:_identify(stats/New/Cruise) by extension 'ros'
[0.317s] Level 1:colcon.colcon_core.package_identification:_identify(stats/New/Cruise) by extensions ['cmake', 'python']
[0.317s] Level 1:colcon.colcon_core.package_identification:_identify(stats/New/Cruise) by extension 'cmake'
[0.317s] Level 1:colcon.colcon_core.package_identification:_identify(stats/New/Cruise) by extension 'python'
[0.317s] Level 1:colcon.colcon_core.package_identification:_identify(stats/New/Cruise) by extensions ['python_setup_py']
[0.317s] Level 1:colcon.colcon_core.package_identification:_identify(stats/New/Cruise) by extension 'python_setup_py'
[0.317s] Level 1:colcon.colcon_core.package_identification:_identify(stats/New/Cruise/No-Time-Budget) by extensions ['ignore', 'ignore_ament_install']
[0.317s] Level 1:colcon.colcon_core.package_identification:_identify(stats/New/Cruise/No-Time-Budget) by extension 'ignore'
[0.317s] Level 1:colcon.colcon_core.package_identification:_identify(stats/New/Cruise/No-Time-Budget) by extension 'ignore_ament_install'
[0.317s] Level 1:colcon.colcon_core.package_identification:_identify(stats/New/Cruise/No-Time-Budget) by extensions ['colcon_pkg']
[0.317s] Level 1:colcon.colcon_core.package_identification:_identify(stats/New/Cruise/No-Time-Budget) by extension 'colcon_pkg'
[0.318s] Level 1:colcon.colcon_core.package_identification:_identify(stats/New/Cruise/No-Time-Budget) by extensions ['colcon_meta']
[0.318s] Level 1:colcon.colcon_core.package_identification:_identify(stats/New/Cruise/No-Time-Budget) by extension 'colcon_meta'
[0.318s] Level 1:colcon.colcon_core.package_identification:_identify(stats/New/Cruise/No-Time-Budget) by extensions ['ros']
[0.318s] Level 1:colcon.colcon_core.package_identification:_identify(stats/New/Cruise/No-Time-Budget) by extension 'ros'
[0.318s] Level 1:colcon.colcon_core.package_identification:_identify(stats/New/Cruise/No-Time-Budget) by extensions ['cmake', 'python']
[0.318s] Level 1:colcon.colcon_core.package_identification:_identify(stats/New/Cruise/No-Time-Budget) by extension 'cmake'
[0.318s] Level 1:colcon.colcon_core.package_identification:_identify(stats/New/Cruise/No-Time-Budget) by extension 'python'
[0.318s] Level 1:colcon.colcon_core.package_identification:_identify(stats/New/Cruise/No-Time-Budget) by extensions ['python_setup_py']
[0.318s] Level 1:colcon.colcon_core.package_identification:_identify(stats/New/Cruise/No-Time-Budget) by extension 'python_setup_py'
[0.318s] Level 1:colcon.colcon_core.package_identification:_identify(stats/New/Cruise/No-Time-Budget/Copy) by extensions ['ignore', 'ignore_ament_install']
[0.318s] Level 1:colcon.colcon_core.package_identification:_identify(stats/New/Cruise/No-Time-Budget/Copy) by extension 'ignore'
[0.318s] Level 1:colcon.colcon_core.package_identification:_identify(stats/New/Cruise/No-Time-Budget/Copy) by extension 'ignore_ament_install'
[0.318s] Level 1:colcon.colcon_core.package_identification:_identify(stats/New/Cruise/No-Time-Budget/Copy) by extensions ['colcon_pkg']
[0.318s] Level 1:colcon.colcon_core.package_identification:_identify(stats/New/Cruise/No-Time-Budget/Copy) by extension 'colcon_pkg'
[0.318s] Level 1:colcon.colcon_core.package_identification:_identify(stats/New/Cruise/No-Time-Budget/Copy) by extensions ['colcon_meta']
[0.319s] Level 1:colcon.colcon_core.package_identification:_identify(stats/New/Cruise/No-Time-Budget/Copy) by extension 'colcon_meta'
[0.319s] Level 1:colcon.colcon_core.package_identification:_identify(stats/New/Cruise/No-Time-Budget/Copy) by extensions ['ros']
[0.319s] Level 1:colcon.colcon_core.package_identification:_identify(stats/New/Cruise/No-Time-Budget/Copy) by extension 'ros'
[0.319s] Level 1:colcon.colcon_core.package_identification:_identify(stats/New/Cruise/No-Time-Budget/Copy) by extensions ['cmake', 'python']
[0.319s] Level 1:colcon.colcon_core.package_identification:_identify(stats/New/Cruise/No-Time-Budget/Copy) by extension 'cmake'
[0.319s] Level 1:colcon.colcon_core.package_identification:_identify(stats/New/Cruise/No-Time-Budget/Copy) by extension 'python'
[0.319s] Level 1:colcon.colcon_core.package_identification:_identify(stats/New/Cruise/No-Time-Budget/Copy) by extensions ['python_setup_py']
[0.319s] Level 1:colcon.colcon_core.package_identification:_identify(stats/New/Cruise/No-Time-Budget/Copy) by extension 'python_setup_py'
[0.319s] Level 1:colcon.colcon_core.package_identification:_identify(stats/New/HighSpeed_RightLane) by extensions ['ignore', 'ignore_ament_install']
[0.319s] Level 1:colcon.colcon_core.package_identification:_identify(stats/New/HighSpeed_RightLane) by extension 'ignore'
[0.319s] Level 1:colcon.colcon_core.package_identification:_identify(stats/New/HighSpeed_RightLane) by extension 'ignore_ament_install'
[0.319s] Level 1:colcon.colcon_core.package_identification:_identify(stats/New/HighSpeed_RightLane) by extensions ['colcon_pkg']
[0.319s] Level 1:colcon.colcon_core.package_identification:_identify(stats/New/HighSpeed_RightLane) by extension 'colcon_pkg'
[0.319s] Level 1:colcon.colcon_core.package_identification:_identify(stats/New/HighSpeed_RightLane) by extensions ['colcon_meta']
[0.319s] Level 1:colcon.colcon_core.package_identification:_identify(stats/New/HighSpeed_RightLane) by extension 'colcon_meta'
[0.319s] Level 1:colcon.colcon_core.package_identification:_identify(stats/New/HighSpeed_RightLane) by extensions ['ros']
[0.319s] Level 1:colcon.colcon_core.package_identification:_identify(stats/New/HighSpeed_RightLane) by extension 'ros'
[0.320s] Level 1:colcon.colcon_core.package_identification:_identify(stats/New/HighSpeed_RightLane) by extensions ['cmake', 'python']
[0.320s] Level 1:colcon.colcon_core.package_identification:_identify(stats/New/HighSpeed_RightLane) by extension 'cmake'
[0.320s] Level 1:colcon.colcon_core.package_identification:_identify(stats/New/HighSpeed_RightLane) by extension 'python'
[0.320s] Level 1:colcon.colcon_core.package_identification:_identify(stats/New/HighSpeed_RightLane) by extensions ['python_setup_py']
[0.320s] Level 1:colcon.colcon_core.package_identification:_identify(stats/New/HighSpeed_RightLane) by extension 'python_setup_py'
[0.320s] Level 1:colcon.colcon_core.package_identification:_identify(stats/New/HighSpeed_RightLane/No-Time-Budget) by extensions ['ignore', 'ignore_ament_install']
[0.320s] Level 1:colcon.colcon_core.package_identification:_identify(stats/New/HighSpeed_RightLane/No-Time-Budget) by extension 'ignore'
[0.320s] Level 1:colcon.colcon_core.package_identification:_identify(stats/New/HighSpeed_RightLane/No-Time-Budget) by extension 'ignore_ament_install'
[0.320s] Level 1:colcon.colcon_core.package_identification:_identify(stats/New/HighSpeed_RightLane/No-Time-Budget) by extensions ['colcon_pkg']
[0.320s] Level 1:colcon.colcon_core.package_identification:_identify(stats/New/HighSpeed_RightLane/No-Time-Budget) by extension 'colcon_pkg'
[0.320s] Level 1:colcon.colcon_core.package_identification:_identify(stats/New/HighSpeed_RightLane/No-Time-Budget) by extensions ['colcon_meta']
[0.320s] Level 1:colcon.colcon_core.package_identification:_identify(stats/New/HighSpeed_RightLane/No-Time-Budget) by extension 'colcon_meta'
[0.320s] Level 1:colcon.colcon_core.package_identification:_identify(stats/New/HighSpeed_RightLane/No-Time-Budget) by extensions ['ros']
[0.320s] Level 1:colcon.colcon_core.package_identification:_identify(stats/New/HighSpeed_RightLane/No-Time-Budget) by extension 'ros'
[0.320s] Level 1:colcon.colcon_core.package_identification:_identify(stats/New/HighSpeed_RightLane/No-Time-Budget) by extensions ['cmake', 'python']
[0.320s] Level 1:colcon.colcon_core.package_identification:_identify(stats/New/HighSpeed_RightLane/No-Time-Budget) by extension 'cmake'
[0.321s] Level 1:colcon.colcon_core.package_identification:_identify(stats/New/HighSpeed_RightLane/No-Time-Budget) by extension 'python'
[0.321s] Level 1:colcon.colcon_core.package_identification:_identify(stats/New/HighSpeed_RightLane/No-Time-Budget) by extensions ['python_setup_py']
[0.321s] Level 1:colcon.colcon_core.package_identification:_identify(stats/New/HighSpeed_RightLane/No-Time-Budget) by extension 'python_setup_py'
[0.321s] Level 1:colcon.colcon_core.package_identification:_identify(stats/New/HighSpeed_RightLane/No-Time-Budget/Copy) by extensions ['ignore', 'ignore_ament_install']
[0.321s] Level 1:colcon.colcon_core.package_identification:_identify(stats/New/HighSpeed_RightLane/No-Time-Budget/Copy) by extension 'ignore'
[0.321s] Level 1:colcon.colcon_core.package_identification:_identify(stats/New/HighSpeed_RightLane/No-Time-Budget/Copy) by extension 'ignore_ament_install'
[0.321s] Level 1:colcon.colcon_core.package_identification:_identify(stats/New/HighSpeed_RightLane/No-Time-Budget/Copy) by extensions ['colcon_pkg']
[0.321s] Level 1:colcon.colcon_core.package_identification:_identify(stats/New/HighSpeed_RightLane/No-Time-Budget/Copy) by extension 'colcon_pkg'
[0.321s] Level 1:colcon.colcon_core.package_identification:_identify(stats/New/HighSpeed_RightLane/No-Time-Budget/Copy) by extensions ['colcon_meta']
[0.321s] Level 1:colcon.colcon_core.package_identification:_identify(stats/New/HighSpeed_RightLane/No-Time-Budget/Copy) by extension 'colcon_meta'
[0.321s] Level 1:colcon.colcon_core.package_identification:_identify(stats/New/HighSpeed_RightLane/No-Time-Budget/Copy) by extensions ['ros']
[0.321s] Level 1:colcon.colcon_core.package_identification:_identify(stats/New/HighSpeed_RightLane/No-Time-Budget/Copy) by extension 'ros'
[0.321s] Level 1:colcon.colcon_core.package_identification:_identify(stats/New/HighSpeed_RightLane/No-Time-Budget/Copy) by extensions ['cmake', 'python']
[0.321s] Level 1:colcon.colcon_core.package_identification:_identify(stats/New/HighSpeed_RightLane/No-Time-Budget/Copy) by extension 'cmake'
[0.321s] Level 1:colcon.colcon_core.package_identification:_identify(stats/New/HighSpeed_RightLane/No-Time-Budget/Copy) by extension 'python'
[0.321s] Level 1:colcon.colcon_core.package_identification:_identify(stats/New/HighSpeed_RightLane/No-Time-Budget/Copy) by extensions ['python_setup_py']
[0.321s] Level 1:colcon.colcon_core.package_identification:_identify(stats/New/HighSpeed_RightLane/No-Time-Budget/Copy) by extension 'python_setup_py'
[0.322s] Level 1:colcon.colcon_core.package_identification:_identify(stats/New/NGSIM) by extensions ['ignore', 'ignore_ament_install']
[0.322s] Level 1:colcon.colcon_core.package_identification:_identify(stats/New/NGSIM) by extension 'ignore'
[0.322s] Level 1:colcon.colcon_core.package_identification:_identify(stats/New/NGSIM) by extension 'ignore_ament_install'
[0.322s] Level 1:colcon.colcon_core.package_identification:_identify(stats/New/NGSIM) by extensions ['colcon_pkg']
[0.322s] Level 1:colcon.colcon_core.package_identification:_identify(stats/New/NGSIM) by extension 'colcon_pkg'
[0.322s] Level 1:colcon.colcon_core.package_identification:_identify(stats/New/NGSIM) by extensions ['colcon_meta']
[0.322s] Level 1:colcon.colcon_core.package_identification:_identify(stats/New/NGSIM) by extension 'colcon_meta'
[0.322s] Level 1:colcon.colcon_core.package_identification:_identify(stats/New/NGSIM) by extensions ['ros']
[0.322s] Level 1:colcon.colcon_core.package_identification:_identify(stats/New/NGSIM) by extension 'ros'
[0.322s] Level 1:colcon.colcon_core.package_identification:_identify(stats/New/NGSIM) by extensions ['cmake', 'python']
[0.322s] Level 1:colcon.colcon_core.package_identification:_identify(stats/New/NGSIM) by extension 'cmake'
[0.322s] Level 1:colcon.colcon_core.package_identification:_identify(stats/New/NGSIM) by extension 'python'
[0.322s] Level 1:colcon.colcon_core.package_identification:_identify(stats/New/NGSIM) by extensions ['python_setup_py']
[0.322s] Level 1:colcon.colcon_core.package_identification:_identify(stats/New/NGSIM) by extension 'python_setup_py'
[0.322s] Level 1:colcon.colcon_core.package_identification:_identify(stats/New/NGSIM/No-Time-Budget) by extensions ['ignore', 'ignore_ament_install']
[0.323s] Level 1:colcon.colcon_core.package_identification:_identify(stats/New/NGSIM/No-Time-Budget) by extension 'ignore'
[0.323s] Level 1:colcon.colcon_core.package_identification:_identify(stats/New/NGSIM/No-Time-Budget) by extension 'ignore_ament_install'
[0.323s] Level 1:colcon.colcon_core.package_identification:_identify(stats/New/NGSIM/No-Time-Budget) by extensions ['colcon_pkg']
[0.323s] Level 1:colcon.colcon_core.package_identification:_identify(stats/New/NGSIM/No-Time-Budget) by extension 'colcon_pkg'
[0.323s] Level 1:colcon.colcon_core.package_identification:_identify(stats/New/NGSIM/No-Time-Budget) by extensions ['colcon_meta']
[0.323s] Level 1:colcon.colcon_core.package_identification:_identify(stats/New/NGSIM/No-Time-Budget) by extension 'colcon_meta'
[0.323s] Level 1:colcon.colcon_core.package_identification:_identify(stats/New/NGSIM/No-Time-Budget) by extensions ['ros']
[0.323s] Level 1:colcon.colcon_core.package_identification:_identify(stats/New/NGSIM/No-Time-Budget) by extension 'ros'
[0.323s] Level 1:colcon.colcon_core.package_identification:_identify(stats/New/NGSIM/No-Time-Budget) by extensions ['cmake', 'python']
[0.323s] Level 1:colcon.colcon_core.package_identification:_identify(stats/New/NGSIM/No-Time-Budget) by extension 'cmake'
[0.323s] Level 1:colcon.colcon_core.package_identification:_identify(stats/New/NGSIM/No-Time-Budget) by extension 'python'
[0.323s] Level 1:colcon.colcon_core.package_identification:_identify(stats/New/NGSIM/No-Time-Budget) by extensions ['python_setup_py']
[0.323s] Level 1:colcon.colcon_core.package_identification:_identify(stats/New/NGSIM/No-Time-Budget) by extension 'python_setup_py'
[0.323s] Level 1:colcon.colcon_core.package_identification:_identify(stats/New/NGSIM/No-Time-Budget/cruise) by extensions ['ignore', 'ignore_ament_install']
[0.323s] Level 1:colcon.colcon_core.package_identification:_identify(stats/New/NGSIM/No-Time-Budget/cruise) by extension 'ignore'
[0.323s] Level 1:colcon.colcon_core.package_identification:_identify(stats/New/NGSIM/No-Time-Budget/cruise) by extension 'ignore_ament_install'
[0.323s] Level 1:colcon.colcon_core.package_identification:_identify(stats/New/NGSIM/No-Time-Budget/cruise) by extensions ['colcon_pkg']
[0.324s] Level 1:colcon.colcon_core.package_identification:_identify(stats/New/NGSIM/No-Time-Budget/cruise) by extension 'colcon_pkg'
[0.324s] Level 1:colcon.colcon_core.package_identification:_identify(stats/New/NGSIM/No-Time-Budget/cruise) by extensions ['colcon_meta']
[0.324s] Level 1:colcon.colcon_core.package_identification:_identify(stats/New/NGSIM/No-Time-Budget/cruise) by extension 'colcon_meta'
[0.324s] Level 1:colcon.colcon_core.package_identification:_identify(stats/New/NGSIM/No-Time-Budget/cruise) by extensions ['ros']
[0.324s] Level 1:colcon.colcon_core.package_identification:_identify(stats/New/NGSIM/No-Time-Budget/cruise) by extension 'ros'
[0.324s] Level 1:colcon.colcon_core.package_identification:_identify(stats/New/NGSIM/No-Time-Budget/cruise) by extensions ['cmake', 'python']
[0.324s] Level 1:colcon.colcon_core.package_identification:_identify(stats/New/NGSIM/No-Time-Budget/cruise) by extension 'cmake'
[0.324s] Level 1:colcon.colcon_core.package_identification:_identify(stats/New/NGSIM/No-Time-Budget/cruise) by extension 'python'
[0.324s] Level 1:colcon.colcon_core.package_identification:_identify(stats/New/NGSIM/No-Time-Budget/cruise) by extensions ['python_setup_py']
[0.324s] Level 1:colcon.colcon_core.package_identification:_identify(stats/New/NGSIM/No-Time-Budget/cruise) by extension 'python_setup_py'
[0.324s] Level 1:colcon.colcon_core.package_identification:_identify(stats/New/NGSIM/No-Time-Budget/cruise/Copy) by extensions ['ignore', 'ignore_ament_install']
[0.324s] Level 1:colcon.colcon_core.package_identification:_identify(stats/New/NGSIM/No-Time-Budget/cruise/Copy) by extension 'ignore'
[0.324s] Level 1:colcon.colcon_core.package_identification:_identify(stats/New/NGSIM/No-Time-Budget/cruise/Copy) by extension 'ignore_ament_install'
[0.324s] Level 1:colcon.colcon_core.package_identification:_identify(stats/New/NGSIM/No-Time-Budget/cruise/Copy) by extensions ['colcon_pkg']
[0.324s] Level 1:colcon.colcon_core.package_identification:_identify(stats/New/NGSIM/No-Time-Budget/cruise/Copy) by extension 'colcon_pkg'
[0.324s] Level 1:colcon.colcon_core.package_identification:_identify(stats/New/NGSIM/No-Time-Budget/cruise/Copy) by extensions ['colcon_meta']
[0.324s] Level 1:colcon.colcon_core.package_identification:_identify(stats/New/NGSIM/No-Time-Budget/cruise/Copy) by extension 'colcon_meta'
[0.325s] Level 1:colcon.colcon_core.package_identification:_identify(stats/New/NGSIM/No-Time-Budget/cruise/Copy) by extensions ['ros']
[0.325s] Level 1:colcon.colcon_core.package_identification:_identify(stats/New/NGSIM/No-Time-Budget/cruise/Copy) by extension 'ros'
[0.325s] Level 1:colcon.colcon_core.package_identification:_identify(stats/New/NGSIM/No-Time-Budget/cruise/Copy) by extensions ['cmake', 'python']
[0.325s] Level 1:colcon.colcon_core.package_identification:_identify(stats/New/NGSIM/No-Time-Budget/cruise/Copy) by extension 'cmake'
[0.325s] Level 1:colcon.colcon_core.package_identification:_identify(stats/New/NGSIM/No-Time-Budget/cruise/Copy) by extension 'python'
[0.325s] Level 1:colcon.colcon_core.package_identification:_identify(stats/New/NGSIM/No-Time-Budget/cruise/Copy) by extensions ['python_setup_py']
[0.325s] Level 1:colcon.colcon_core.package_identification:_identify(stats/New/NGSIM/No-Time-Budget/cruise/Copy) by extension 'python_setup_py'
[0.325s] Level 1:colcon.colcon_core.package_identification:_identify(stats/New/NGSIM/No-Time-Budget/hsrl) by extensions ['ignore', 'ignore_ament_install']
[0.325s] Level 1:colcon.colcon_core.package_identification:_identify(stats/New/NGSIM/No-Time-Budget/hsrl) by extension 'ignore'
[0.325s] Level 1:colcon.colcon_core.package_identification:_identify(stats/New/NGSIM/No-Time-Budget/hsrl) by extension 'ignore_ament_install'
[0.325s] Level 1:colcon.colcon_core.package_identification:_identify(stats/New/NGSIM/No-Time-Budget/hsrl) by extensions ['colcon_pkg']
[0.325s] Level 1:colcon.colcon_core.package_identification:_identify(stats/New/NGSIM/No-Time-Budget/hsrl) by extension 'colcon_pkg'
[0.325s] Level 1:colcon.colcon_core.package_identification:_identify(stats/New/NGSIM/No-Time-Budget/hsrl) by extensions ['colcon_meta']
[0.325s] Level 1:colcon.colcon_core.package_identification:_identify(stats/New/NGSIM/No-Time-Budget/hsrl) by extension 'colcon_meta'
[0.325s] Level 1:colcon.colcon_core.package_identification:_identify(stats/New/NGSIM/No-Time-Budget/hsrl) by extensions ['ros']
[0.325s] Level 1:colcon.colcon_core.package_identification:_identify(stats/New/NGSIM/No-Time-Budget/hsrl) by extension 'ros'
[0.326s] Level 1:colcon.colcon_core.package_identification:_identify(stats/New/NGSIM/No-Time-Budget/hsrl) by extensions ['cmake', 'python']
[0.326s] Level 1:colcon.colcon_core.package_identification:_identify(stats/New/NGSIM/No-Time-Budget/hsrl) by extension 'cmake'
[0.326s] Level 1:colcon.colcon_core.package_identification:_identify(stats/New/NGSIM/No-Time-Budget/hsrl) by extension 'python'
[0.326s] Level 1:colcon.colcon_core.package_identification:_identify(stats/New/NGSIM/No-Time-Budget/hsrl) by extensions ['python_setup_py']
[0.326s] Level 1:colcon.colcon_core.package_identification:_identify(stats/New/NGSIM/No-Time-Budget/hsrl) by extension 'python_setup_py'
[0.326s] Level 1:colcon.colcon_core.package_identification:_identify(stats/New/NGSIM/No-Time-Budget/hsrl/Copy) by extensions ['ignore', 'ignore_ament_install']
[0.326s] Level 1:colcon.colcon_core.package_identification:_identify(stats/New/NGSIM/No-Time-Budget/hsrl/Copy) by extension 'ignore'
[0.326s] Level 1:colcon.colcon_core.package_identification:_identify(stats/New/NGSIM/No-Time-Budget/hsrl/Copy) by extension 'ignore_ament_install'
[0.326s] Level 1:colcon.colcon_core.package_identification:_identify(stats/New/NGSIM/No-Time-Budget/hsrl/Copy) by extensions ['colcon_pkg']
[0.326s] Level 1:colcon.colcon_core.package_identification:_identify(stats/New/NGSIM/No-Time-Budget/hsrl/Copy) by extension 'colcon_pkg'
[0.326s] Level 1:colcon.colcon_core.package_identification:_identify(stats/New/NGSIM/No-Time-Budget/hsrl/Copy) by extensions ['colcon_meta']
[0.326s] Level 1:colcon.colcon_core.package_identification:_identify(stats/New/NGSIM/No-Time-Budget/hsrl/Copy) by extension 'colcon_meta'
[0.326s] Level 1:colcon.colcon_core.package_identification:_identify(stats/New/NGSIM/No-Time-Budget/hsrl/Copy) by extensions ['ros']
[0.326s] Level 1:colcon.colcon_core.package_identification:_identify(stats/New/NGSIM/No-Time-Budget/hsrl/Copy) by extension 'ros'
[0.326s] Level 1:colcon.colcon_core.package_identification:_identify(stats/New/NGSIM/No-Time-Budget/hsrl/Copy) by extensions ['cmake', 'python']
[0.327s] Level 1:colcon.colcon_core.package_identification:_identify(stats/New/NGSIM/No-Time-Budget/hsrl/Copy) by extension 'cmake'
[0.327s] Level 1:colcon.colcon_core.package_identification:_identify(stats/New/NGSIM/No-Time-Budget/hsrl/Copy) by extension 'python'
[0.327s] Level 1:colcon.colcon_core.package_identification:_identify(stats/New/NGSIM/No-Time-Budget/hsrl/Copy) by extensions ['python_setup_py']
[0.327s] Level 1:colcon.colcon_core.package_identification:_identify(stats/New/NGSIM/No-Time-Budget/hsrl/Copy) by extension 'python_setup_py'
[0.327s] Level 1:colcon.colcon_core.package_identification:_identify(stats/New/RightLane) by extensions ['ignore', 'ignore_ament_install']
[0.327s] Level 1:colcon.colcon_core.package_identification:_identify(stats/New/RightLane) by extension 'ignore'
[0.327s] Level 1:colcon.colcon_core.package_identification:_identify(stats/New/RightLane) by extension 'ignore_ament_install'
[0.327s] Level 1:colcon.colcon_core.package_identification:_identify(stats/New/RightLane) by extensions ['colcon_pkg']
[0.327s] Level 1:colcon.colcon_core.package_identification:_identify(stats/New/RightLane) by extension 'colcon_pkg'
[0.327s] Level 1:colcon.colcon_core.package_identification:_identify(stats/New/RightLane) by extensions ['colcon_meta']
[0.327s] Level 1:colcon.colcon_core.package_identification:_identify(stats/New/RightLane) by extension 'colcon_meta'
[0.327s] Level 1:colcon.colcon_core.package_identification:_identify(stats/New/RightLane) by extensions ['ros']
[0.327s] Level 1:colcon.colcon_core.package_identification:_identify(stats/New/RightLane) by extension 'ros'
[0.327s] Level 1:colcon.colcon_core.package_identification:_identify(stats/New/RightLane) by extensions ['cmake', 'python']
[0.327s] Level 1:colcon.colcon_core.package_identification:_identify(stats/New/RightLane) by extension 'cmake'
[0.328s] Level 1:colcon.colcon_core.package_identification:_identify(stats/New/RightLane) by extension 'python'
[0.328s] Level 1:colcon.colcon_core.package_identification:_identify(stats/New/RightLane) by extensions ['python_setup_py']
[0.328s] Level 1:colcon.colcon_core.package_identification:_identify(stats/New/RightLane) by extension 'python_setup_py'
[0.328s] Level 1:colcon.colcon_core.package_identification:_identify(stats/New/RightLane/No-Time-Budget) by extensions ['ignore', 'ignore_ament_install']
[0.328s] Level 1:colcon.colcon_core.package_identification:_identify(stats/New/RightLane/No-Time-Budget) by extension 'ignore'
[0.328s] Level 1:colcon.colcon_core.package_identification:_identify(stats/New/RightLane/No-Time-Budget) by extension 'ignore_ament_install'
[0.328s] Level 1:colcon.colcon_core.package_identification:_identify(stats/New/RightLane/No-Time-Budget) by extensions ['colcon_pkg']
[0.328s] Level 1:colcon.colcon_core.package_identification:_identify(stats/New/RightLane/No-Time-Budget) by extension 'colcon_pkg'
[0.328s] Level 1:colcon.colcon_core.package_identification:_identify(stats/New/RightLane/No-Time-Budget) by extensions ['colcon_meta']
[0.328s] Level 1:colcon.colcon_core.package_identification:_identify(stats/New/RightLane/No-Time-Budget) by extension 'colcon_meta'
[0.328s] Level 1:colcon.colcon_core.package_identification:_identify(stats/New/RightLane/No-Time-Budget) by extensions ['ros']
[0.328s] Level 1:colcon.colcon_core.package_identification:_identify(stats/New/RightLane/No-Time-Budget) by extension 'ros'
[0.328s] Level 1:colcon.colcon_core.package_identification:_identify(stats/New/RightLane/No-Time-Budget) by extensions ['cmake', 'python']
[0.328s] Level 1:colcon.colcon_core.package_identification:_identify(stats/New/RightLane/No-Time-Budget) by extension 'cmake'
[0.328s] Level 1:colcon.colcon_core.package_identification:_identify(stats/New/RightLane/No-Time-Budget) by extension 'python'
[0.328s] Level 1:colcon.colcon_core.package_identification:_identify(stats/New/RightLane/No-Time-Budget) by extensions ['python_setup_py']
[0.328s] Level 1:colcon.colcon_core.package_identification:_identify(stats/New/RightLane/No-Time-Budget) by extension 'python_setup_py'
[0.329s] Level 1:colcon.colcon_core.package_identification:_identify(stats/New/RightLane/No-Time-Budget/Copy) by extensions ['ignore', 'ignore_ament_install']
[0.329s] Level 1:colcon.colcon_core.package_identification:_identify(stats/New/RightLane/No-Time-Budget/Copy) by extension 'ignore'
[0.329s] Level 1:colcon.colcon_core.package_identification:_identify(stats/New/RightLane/No-Time-Budget/Copy) by extension 'ignore_ament_install'
[0.329s] Level 1:colcon.colcon_core.package_identification:_identify(stats/New/RightLane/No-Time-Budget/Copy) by extensions ['colcon_pkg']
[0.329s] Level 1:colcon.colcon_core.package_identification:_identify(stats/New/RightLane/No-Time-Budget/Copy) by extension 'colcon_pkg'
[0.329s] Level 1:colcon.colcon_core.package_identification:_identify(stats/New/RightLane/No-Time-Budget/Copy) by extensions ['colcon_meta']
[0.329s] Level 1:colcon.colcon_core.package_identification:_identify(stats/New/RightLane/No-Time-Budget/Copy) by extension 'colcon_meta'
[0.329s] Level 1:colcon.colcon_core.package_identification:_identify(stats/New/RightLane/No-Time-Budget/Copy) by extensions ['ros']
[0.329s] Level 1:colcon.colcon_core.package_identification:_identify(stats/New/RightLane/No-Time-Budget/Copy) by extension 'ros'
[0.329s] Level 1:colcon.colcon_core.package_identification:_identify(stats/New/RightLane/No-Time-Budget/Copy) by extensions ['cmake', 'python']
[0.329s] Level 1:colcon.colcon_core.package_identification:_identify(stats/New/RightLane/No-Time-Budget/Copy) by extension 'cmake'
[0.329s] Level 1:colcon.colcon_core.package_identification:_identify(stats/New/RightLane/No-Time-Budget/Copy) by extension 'python'
[0.329s] Level 1:colcon.colcon_core.package_identification:_identify(stats/New/RightLane/No-Time-Budget/Copy) by extensions ['python_setup_py']
[0.329s] Level 1:colcon.colcon_core.package_identification:_identify(stats/New/RightLane/No-Time-Budget/Copy) by extension 'python_setup_py'
[0.329s] Level 1:colcon.colcon_core.package_identification:_identify(stats/New/RightLane/Time-Budget) by extensions ['ignore', 'ignore_ament_install']
[0.329s] Level 1:colcon.colcon_core.package_identification:_identify(stats/New/RightLane/Time-Budget) by extension 'ignore'
[0.330s] Level 1:colcon.colcon_core.package_identification:_identify(stats/New/RightLane/Time-Budget) by extension 'ignore_ament_install'
[0.330s] Level 1:colcon.colcon_core.package_identification:_identify(stats/New/RightLane/Time-Budget) by extensions ['colcon_pkg']
[0.330s] Level 1:colcon.colcon_core.package_identification:_identify(stats/New/RightLane/Time-Budget) by extension 'colcon_pkg'
[0.330s] Level 1:colcon.colcon_core.package_identification:_identify(stats/New/RightLane/Time-Budget) by extensions ['colcon_meta']
[0.330s] Level 1:colcon.colcon_core.package_identification:_identify(stats/New/RightLane/Time-Budget) by extension 'colcon_meta'
[0.330s] Level 1:colcon.colcon_core.package_identification:_identify(stats/New/RightLane/Time-Budget) by extensions ['ros']
[0.330s] Level 1:colcon.colcon_core.package_identification:_identify(stats/New/RightLane/Time-Budget) by extension 'ros'
[0.330s] Level 1:colcon.colcon_core.package_identification:_identify(stats/New/RightLane/Time-Budget) by extensions ['cmake', 'python']
[0.330s] Level 1:colcon.colcon_core.package_identification:_identify(stats/New/RightLane/Time-Budget) by extension 'cmake'
[0.330s] Level 1:colcon.colcon_core.package_identification:_identify(stats/New/RightLane/Time-Budget) by extension 'python'
[0.330s] Level 1:colcon.colcon_core.package_identification:_identify(stats/New/RightLane/Time-Budget) by extensions ['python_setup_py']
[0.330s] Level 1:colcon.colcon_core.package_identification:_identify(stats/New/RightLane/Time-Budget) by extension 'python_setup_py'
[0.330s] Level 1:colcon.colcon_core.package_discovery:discover_packages(recursive) using defaults
[0.330s] Level 1:colcon.colcon_core.package_discovery:discover_packages(ignore) discover
[0.330s] Level 1:colcon.colcon_core.package_discovery:discover_packages(ignore) using defaults
[0.330s] Level 1:colcon.colcon_core.package_discovery:discover_packages(path) discover
[0.330s] Level 1:colcon.colcon_core.package_discovery:discover_packages(path) using defaults
[0.348s] INFO:colcon.colcon_core.package_selection:Skipping not selected package 'msgs_car' in 'src/msgs_car'
[0.348s] INFO:colcon.colcon_core.package_selection:Skipping not selected package 'frenet_car' in 'src/frenet_car'
[0.348s] INFO:colcon.colcon_core.package_selection:Skipping not selected package 'highway_car' in 'src/highway_car'
[0.348s] INFO:colcon.colcon_core.package_selection:Skipping not selected package 'mpc_car_acado' in 'src/mpc_car_acado'
[0.348s] INFO:colcon.colcon_core.package_selection:Skipping not selected package 'mpc_car_acado_single' in 'src/mpc_car_acado_single'
[0.350s] Level 5:colcon.colcon_core.verb:set package 'mpc_car_batch' build argument 'cmake_args' from command line to 'None'
[0.351s] Level 5:colcon.colcon_core.verb:set package 'mpc_car_batch' build argument 'cmake_target' from command line to 'None'
[0.351s] Level 5:colcon.colcon_core.verb:set package 'mpc_car_batch' build argument 'cmake_target_skip_unavailable' from command line to 'False'
[0.351s] Level 5:colcon.colcon_core.verb:set package 'mpc_car_batch' build argument 'cmake_clean_cache' from command line to 'False'
[0.351s] Level 5:colcon.colcon_core.verb:set package 'mpc_car_batch' build argument 'cmake_clean_first' from command line to 'False'
[0.351s] Level 5:colcon.colcon_core.verb:set package 'mpc_car_batch' build argument 'cmake_force_configure' from command line to 'False'
[0.351s] Level 5:colcon.colcon_core.verb:set package 'mpc_car_batch' build argument 'ament_cmake_args' from command line to 'None'
[0.351s] Level 5:colcon.colcon_core.verb:set package 'mpc_car_batch' build argument 'catkin_cmake_args' from command line to 'None'
[0.351s] Level 5:colcon.colcon_core.verb:set package 'mpc_car_batch' build argument 'catkin_skip_building_tests' from command line to 'False'
[0.351s] DEBUG:colcon.colcon_core.verb:Building package 'mpc_car_batch' with the following arguments: {'ament_cmake_args': None, 'build_base': '/home/vivek/On-Codes/Batch-Opt-Highway-Driving/ros_ws/build/mpc_car_batch', 'catkin_cmake_args': None, 'catkin_skip_building_tests': False, 'cmake_args': None, 'cmake_clean_cache': False, 'cmake_clean_first': False, 'cmake_force_configure': False, 'cmake_target': None, 'cmake_target_skip_unavailable': False, 'install_base': '/home/vivek/On-Codes/Batch-Opt-Highway-Driving/ros_ws/install/mpc_car_batch', 'merge_install': False, 'path': '/home/vivek/On-Codes/Batch-Opt-Highway-Driving/ros_ws/src/mpc_car_batch', 'symlink_install': False, 'test_result_base': None}
[0.351s] INFO:colcon.colcon_core.executor:Executing jobs using 'parallel' executor
[0.353s] DEBUG:colcon.colcon_parallel_executor.executor.parallel:run_until_complete
[0.354s] INFO:colcon.colcon_ros.task.ament_cmake.build:Building ROS package in '/home/vivek/On-Codes/Batch-Opt-Highway-Driving/ros_ws/src/mpc_car_batch' with build type 'ament_cmake'
[0.354s] INFO:colcon.colcon_cmake.task.cmake.build:Building CMake package in '/home/vivek/On-Codes/Batch-Opt-Highway-Driving/ros_ws/src/mpc_car_batch'
[0.358s] INFO:colcon.colcon_core.plugin_system:Skipping extension 'colcon_core.shell.bat': Not used on non-Windows systems
[0.358s] INFO:colcon.colcon_core.shell:Skip shell extension 'powershell' for command environment: Not usable outside of PowerShell
[0.358s] DEBUG:colcon.colcon_core.shell:Skip shell extension 'dsv' for command environment
[0.360s] DEBUG:colcon.colcon_core.shell:Ignoring prefix path '/opt/ros/foxy'
[0.465s] DEBUG:colcon.colcon_core.event_handler.log_command:Invoking command in '/home/vivek/On-Codes/Batch-Opt-Highway-Driving/ros_ws/build/mpc_car_batch': AMENT_PREFIX_PATH=/home/vivek/On-Codes/Batch-Opt-Highway-Driving/ros_ws/install/msgs_car:${AMENT_PREFIX_PATH} CMAKE_PREFIX_PATH=/home/vivek/On-Codes/Batch-Opt-Highway-Driving/ros_ws/install/msgs_car:/opt/ros/foxy LD_LIBRARY_PATH=/home/vivek/On-Codes/Batch-Opt-Highway-Driving/ros_ws/install/msgs_car/lib:${LD_LIBRARY_PATH} PYTHONPATH=/home/vivek/On-Codes/Batch-Opt-Highway-Driving/ros_ws/install/msgs_car/lib/python3.8/site-packages:${PYTHONPATH} /usr/bin/cmake --build /home/vivek/On-Codes/Batch-Opt-Highway-Driving/ros_ws/build/mpc_car_batch -- -j4 -l4
[6.966s] DEBUG:colcon.colcon_parallel_executor.executor.parallel:run_until_complete was interrupted
[6.966s] DEBUG:colcon.colcon_parallel_executor.executor.parallel:run_until_complete again
[6.996s] DEBUG:colcon.colcon_core.event_handler.log_command:Invoked command in '/home/vivek/On-Codes/Batch-Opt-Highway-Driving/ros_ws/build/mpc_car_batch' returned '-2': AMENT_PREFIX_PATH=/home/vivek/On-Codes/Batch-Opt-Highway-Driving/ros_ws/install/msgs_car:${AMENT_PREFIX_PATH} CMAKE_PREFIX_PATH=/home/vivek/On-Codes/Batch-Opt-Highway-Driving/ros_ws/install/msgs_car:/opt/ros/foxy LD_LIBRARY_PATH=/home/vivek/On-Codes/Batch-Opt-Highway-Driving/ros_ws/install/msgs_car/lib:${LD_LIBRARY_PATH} PYTHONPATH=/home/vivek/On-Codes/Batch-Opt-Highway-Driving/ros_ws/install/msgs_car/lib/python3.8/site-packages:${PYTHONPATH} /usr/bin/cmake --build /home/vivek/On-Codes/Batch-Opt-Highway-Driving/ros_ws/build/mpc_car_batch -- -j4 -l4
[7.021s] Level 1:colcon.colcon_core.environment:create_environment_scripts_only(mpc_car_batch)
[7.025s] Level 1:colcon.colcon_core.environment:checking '/home/vivek/On-Codes/Batch-Opt-Highway-Driving/ros_ws/install/mpc_car_batch' for CMake module files
[7.025s] Level 1:colcon.colcon_core.environment:checking '/home/vivek/On-Codes/Batch-Opt-Highway-Driving/ros_ws/install/mpc_car_batch' for CMake config files
[7.025s] Level 1:colcon.colcon_core.shell:create_environment_hook('mpc_car_batch', 'cmake_prefix_path')
[7.026s] INFO:colcon.colcon_core.shell:Creating environment hook '/home/vivek/On-Codes/Batch-Opt-Highway-Driving/ros_ws/install/mpc_car_batch/share/mpc_car_batch/hook/cmake_prefix_path.ps1'
[7.027s] INFO:colcon.colcon_core.shell:Creating environment descriptor '/home/vivek/On-Codes/Batch-Opt-Highway-Driving/ros_ws/install/mpc_car_batch/share/mpc_car_batch/hook/cmake_prefix_path.dsv'
[7.027s] INFO:colcon.colcon_core.shell:Creating environment hook '/home/vivek/On-Codes/Batch-Opt-Highway-Driving/ros_ws/install/mpc_car_batch/share/mpc_car_batch/hook/cmake_prefix_path.sh'
[7.029s] Level 1:colcon.colcon_core.environment:checking '/home/vivek/On-Codes/Batch-Opt-Highway-Driving/ros_ws/install/mpc_car_batch/lib'
[7.029s] Level 1:colcon.colcon_core.environment:checking '/home/vivek/On-Codes/Batch-Opt-Highway-Driving/ros_ws/install/mpc_car_batch/bin'
[7.029s] Level 1:colcon.colcon_core.environment:checking '/home/vivek/On-Codes/Batch-Opt-Highway-Driving/ros_ws/install/mpc_car_batch/lib/pkgconfig/mpc_car_batch.pc'
[7.029s] Level 1:colcon.colcon_core.environment:checking '/home/vivek/On-Codes/Batch-Opt-Highway-Driving/ros_ws/install/mpc_car_batch/lib/python3.8/site-packages'
[7.030s] INFO:colcon.colcon_core.shell:Creating package script '/home/vivek/On-Codes/Batch-Opt-Highway-Driving/ros_ws/install/mpc_car_batch/share/mpc_car_batch/package.ps1'
[7.031s] INFO:colcon.colcon_core.shell:Creating package descriptor '/home/vivek/On-Codes/Batch-Opt-Highway-Driving/ros_ws/install/mpc_car_batch/share/mpc_car_batch/package.dsv'
[7.031s] INFO:colcon.colcon_core.shell:Creating package script '/home/vivek/On-Codes/Batch-Opt-Highway-Driving/ros_ws/install/mpc_car_batch/share/mpc_car_batch/package.sh'
[7.032s] INFO:colcon.colcon_core.shell:Creating package script '/home/vivek/On-Codes/Batch-Opt-Highway-Driving/ros_ws/install/mpc_car_batch/share/mpc_car_batch/package.bash'
[7.033s] INFO:colcon.colcon_core.shell:Creating package script '/home/vivek/On-Codes/Batch-Opt-Highway-Driving/ros_ws/install/mpc_car_batch/share/mpc_car_batch/package.zsh'
[7.034s] Level 1:colcon.colcon_core.environment:create_file_with_runtime_dependencies(/home/vivek/On-Codes/Batch-Opt-Highway-Driving/ros_ws/install/mpc_car_batch/share/colcon-core/packages/mpc_car_batch)
[7.035s] DEBUG:colcon.colcon_parallel_executor.executor.parallel:run_until_complete finished
[7.035s] DEBUG:colcon.colcon_parallel_executor.executor.parallel:closing loop
[7.035s] DEBUG:colcon.colcon_parallel_executor.executor.parallel:loop closed
[7.036s] DEBUG:colcon.colcon_core.event_reactor:joining thread
[7.041s] INFO:colcon.colcon_core.plugin_system:Skipping extension 'colcon_notification.desktop_notification.terminal_notifier': Not used on non-Darwin systems
[7.041s] INFO:colcon.colcon_core.plugin_system:Skipping extension 'colcon_notification.desktop_notification.win32': Not used on non-Windows systems
[7.041s] INFO:colcon.colcon_notification.desktop_notification:Sending desktop notification using 'notify2'
[7.058s] DEBUG:colcon.colcon_core.event_reactor:joined thread
[7.059s] INFO:colcon.colcon_core.shell:Creating prefix script '/home/vivek/On-Codes/Batch-Opt-Highway-Driving/ros_ws/install/local_setup.ps1'
[7.060s] INFO:colcon.colcon_core.shell:Creating prefix util module '/home/vivek/On-Codes/Batch-Opt-Highway-Driving/ros_ws/install/_local_setup_util_ps1.py'
[7.061s] INFO:colcon.colcon_core.shell:Creating prefix chain script '/home/vivek/On-Codes/Batch-Opt-Highway-Driving/ros_ws/install/setup.ps1'
[7.064s] INFO:colcon.colcon_core.shell:Creating prefix script '/home/vivek/On-Codes/Batch-Opt-Highway-Driving/ros_ws/install/local_setup.sh'
[7.066s] INFO:colcon.colcon_core.shell:Creating prefix util module '/home/vivek/On-Codes/Batch-Opt-Highway-Driving/ros_ws/install/_local_setup_util_sh.py'
[7.066s] INFO:colcon.colcon_core.shell:Creating prefix chain script '/home/vivek/On-Codes/Batch-Opt-Highway-Driving/ros_ws/install/setup.sh'
[7.069s] INFO:colcon.colcon_core.shell:Creating prefix script '/home/vivek/On-Codes/Batch-Opt-Highway-Driving/ros_ws/install/local_setup.bash'
[7.069s] INFO:colcon.colcon_core.shell:Creating prefix chain script '/home/vivek/On-Codes/Batch-Opt-Highway-Driving/ros_ws/install/setup.bash'
[7.071s] INFO:colcon.colcon_core.shell:Creating prefix script '/home/vivek/On-Codes/Batch-Opt-Highway-Driving/ros_ws/install/local_setup.zsh'
[7.072s] INFO:colcon.colcon_core.shell:Creating prefix chain script '/home/vivek/On-Codes/Batch-Opt-Highway-Driving/ros_ws/install/setup.zsh'
