[22.817s] DEBUG:colcon:Command line arguments: ['/usr/bin/colcon', 'build']
[22.818s] DEBUG:colcon:Parsed command line arguments: Namespace(ament_cmake_args=None, base_paths=['.'], build_base='build', catkin_cmake_args=None, catkin_skip_building_tests=False, cmake_args=None, cmake_clean_cache=False, cmake_clean_first=False, cmake_force_configure=False, cmake_target=None, cmake_target_skip_unavailable=False, continue_on_error=False, event_handlers=None, executor='parallel', ignore_user_meta=False, install_base='install', log_base=None, log_level=None, main=<bound method BuildVerb.main of <colcon_core.verb.build.BuildVerb object at 0x7f7595cee430>>, merge_install=False, metas=['./colcon.meta'], packages_above=None, packages_above_and_dependencies=None, packages_above_depth=None, packages_end=None, packages_ignore=None, packages_ignore_regex=None, packages_select=None, packages_select_build_failed=False, packages_select_by_dep=None, packages_select_regex=None, packages_select_test_failures=False, packages_skip=None, packages_skip_build_finished=False, packages_skip_by_dep=None, packages_skip_regex=None, packages_skip_test_passed=False, packages_skip_up_to=None, packages_start=None, packages_up_to=None, packages_up_to_regex=None, parallel_workers=4, paths=None, symlink_install=False, test_result_base=None, verb_extension=<colcon_core.verb.build.BuildVerb object at 0x7f7595cee430>, verb_name='build', verb_parser=<colcon_defaults.argument_parser.defaults.DefaultArgumentsDecorator object at 0x7f7595cee970>)
[23.443s] Level 1:colcon.colcon_core.package_discovery:discover_packages(colcon_meta) check parameters
[23.444s] Level 1:colcon.colcon_core.package_discovery:discover_packages(recursive) check parameters
[23.444s] Level 1:colcon.colcon_core.package_discovery:discover_packages(ignore) check parameters
[23.444s] Level 1:colcon.colcon_core.package_discovery:discover_packages(path) check parameters
[23.444s] Level 1:colcon.colcon_core.package_discovery:discover_packages(colcon_meta) discover
[23.444s] Level 1:colcon.colcon_core.package_discovery:discover_packages(recursive) discover
[23.444s] INFO:colcon.colcon_core.package_discovery:Crawling recursively for packages in '/home/vivek/On-Codes/Batch-Opt-Highway-Driving/ros_ws'
[23.444s] Level 1:colcon.colcon_core.package_identification:_identify(.) by extensions ['ignore', 'ignore_ament_install']
[23.444s] Level 1:colcon.colcon_core.package_identification:_identify(.) by extension 'ignore'
[23.444s] Level 1:colcon.colcon_core.package_identification:_identify(.) by extension 'ignore_ament_install'
[23.444s] Level 1:colcon.colcon_core.package_identification:_identify(.) by extensions ['colcon_pkg']
[23.444s] Level 1:colcon.colcon_core.package_identification:_identify(.) by extension 'colcon_pkg'
[23.444s] Level 1:colcon.colcon_core.package_identification:_identify(.) by extensions ['colcon_meta']
[23.444s] Level 1:colcon.colcon_core.package_identification:_identify(.) by extension 'colcon_meta'
[23.444s] Level 1:colcon.colcon_core.package_identification:_identify(.) by extensions ['ros']
[23.445s] Level 1:colcon.colcon_core.package_identification:_identify(.) by extension 'ros'
[24.009s] Level 1:colcon.colcon_core.package_identification:_identify(.) by extensions ['cmake', 'python']
[24.009s] Level 1:colcon.colcon_core.package_identification:_identify(.) by extension 'cmake'
[24.009s] Level 1:colcon.colcon_core.package_identification:_identify(.) by extension 'python'
[24.009s] Level 1:colcon.colcon_core.package_identification:_identify(.) by extensions ['python_setup_py']
[24.009s] Level 1:colcon.colcon_core.package_identification:_identify(.) by extension 'python_setup_py'
[24.009s] Level 1:colcon.colcon_core.package_identification:_identify(build) by extensions ['ignore', 'ignore_ament_install']
[24.009s] Level 1:colcon.colcon_core.package_identification:_identify(build) by extension 'ignore'
[24.010s] Level 1:colcon.colcon_core.package_identification:_identify(build) ignored
[24.010s] Level 1:colcon.colcon_core.package_identification:_identify(install) by extensions ['ignore', 'ignore_ament_install']
[24.010s] Level 1:colcon.colcon_core.package_identification:_identify(install) by extension 'ignore'
[24.010s] Level 1:colcon.colcon_core.package_identification:_identify(install) ignored
[24.010s] Level 1:colcon.colcon_core.package_identification:_identify(log) by extensions ['ignore', 'ignore_ament_install']
[24.010s] Level 1:colcon.colcon_core.package_identification:_identify(log) by extension 'ignore'
[24.010s] Level 1:colcon.colcon_core.package_identification:_identify(log) ignored
[24.010s] Level 1:colcon.colcon_core.package_identification:_identify(src) by extensions ['ignore', 'ignore_ament_install']
[24.010s] Level 1:colcon.colcon_core.package_identification:_identify(src) by extension 'ignore'
[24.010s] Level 1:colcon.colcon_core.package_identification:_identify(src) by extension 'ignore_ament_install'
[24.011s] Level 1:colcon.colcon_core.package_identification:_identify(src) by extensions ['colcon_pkg']
[24.011s] Level 1:colcon.colcon_core.package_identification:_identify(src) by extension 'colcon_pkg'
[24.011s] Level 1:colcon.colcon_core.package_identification:_identify(src) by extensions ['colcon_meta']
[24.011s] Level 1:colcon.colcon_core.package_identification:_identify(src) by extension 'colcon_meta'
[24.011s] Level 1:colcon.colcon_core.package_identification:_identify(src) by extensions ['ros']
[24.011s] Level 1:colcon.colcon_core.package_identification:_identify(src) by extension 'ros'
[24.011s] Level 1:colcon.colcon_core.package_identification:_identify(src) by extensions ['cmake', 'python']
[24.011s] Level 1:colcon.colcon_core.package_identification:_identify(src) by extension 'cmake'
[24.011s] Level 1:colcon.colcon_core.package_identification:_identify(src) by extension 'python'
[24.011s] Level 1:colcon.colcon_core.package_identification:_identify(src) by extensions ['python_setup_py']
[24.011s] Level 1:colcon.colcon_core.package_identification:_identify(src) by extension 'python_setup_py'
[24.011s] Level 1:colcon.colcon_core.package_identification:_identify(src/frenet_car) by extensions ['ignore', 'ignore_ament_install']
[24.011s] Level 1:colcon.colcon_core.package_identification:_identify(src/frenet_car) by extension 'ignore'
[24.011s] Level 1:colcon.colcon_core.package_identification:_identify(src/frenet_car) by extension 'ignore_ament_install'
[24.011s] Level 1:colcon.colcon_core.package_identification:_identify(src/frenet_car) by extensions ['colcon_pkg']
[24.011s] Level 1:colcon.colcon_core.package_identification:_identify(src/frenet_car) by extension 'colcon_pkg'
[24.011s] Level 1:colcon.colcon_core.package_identification:_identify(src/frenet_car) by extensions ['colcon_meta']
[24.011s] Level 1:colcon.colcon_core.package_identification:_identify(src/frenet_car) by extension 'colcon_meta'
[24.012s] Level 1:colcon.colcon_core.package_identification:_identify(src/frenet_car) by extensions ['ros']
[24.012s] Level 1:colcon.colcon_core.package_identification:_identify(src/frenet_car) by extension 'ros'
[24.258s] DEBUG:colcon.colcon_core.package_identification:Package 'src/frenet_car' with type 'ros.ament_python' and name 'frenet_car'
[24.259s] Level 1:colcon.colcon_core.package_identification:_identify(src/highway_car) by extensions ['ignore', 'ignore_ament_install']
[24.259s] Level 1:colcon.colcon_core.package_identification:_identify(src/highway_car) by extension 'ignore'
[24.259s] Level 1:colcon.colcon_core.package_identification:_identify(src/highway_car) by extension 'ignore_ament_install'
[24.259s] Level 1:colcon.colcon_core.package_identification:_identify(src/highway_car) by extensions ['colcon_pkg']
[24.259s] Level 1:colcon.colcon_core.package_identification:_identify(src/highway_car) by extension 'colcon_pkg'
[24.259s] Level 1:colcon.colcon_core.package_identification:_identify(src/highway_car) by extensions ['colcon_meta']
[24.259s] Level 1:colcon.colcon_core.package_identification:_identify(src/highway_car) by extension 'colcon_meta'
[24.259s] Level 1:colcon.colcon_core.package_identification:_identify(src/highway_car) by extensions ['ros']
[24.259s] Level 1:colcon.colcon_core.package_identification:_identify(src/highway_car) by extension 'ros'
[24.294s] DEBUG:colcon.colcon_core.package_identification:Package 'src/highway_car' with type 'ros.ament_python' and name 'highway_car'
[24.294s] Level 1:colcon.colcon_core.package_identification:_identify(src/mpc_car_acado) by extensions ['ignore', 'ignore_ament_install']
[24.295s] Level 1:colcon.colcon_core.package_identification:_identify(src/mpc_car_acado) by extension 'ignore'
[24.295s] Level 1:colcon.colcon_core.package_identification:_identify(src/mpc_car_acado) by extension 'ignore_ament_install'
[24.295s] Level 1:colcon.colcon_core.package_identification:_identify(src/mpc_car_acado) by extensions ['colcon_pkg']
[24.295s] Level 1:colcon.colcon_core.package_identification:_identify(src/mpc_car_acado) by extension 'colcon_pkg'
[24.295s] Level 1:colcon.colcon_core.package_identification:_identify(src/mpc_car_acado) by extensions ['colcon_meta']
[24.295s] Level 1:colcon.colcon_core.package_identification:_identify(src/mpc_car_acado) by extension 'colcon_meta'
[24.295s] Level 1:colcon.colcon_core.package_identification:_identify(src/mpc_car_acado) by extensions ['ros']
[24.295s] Level 1:colcon.colcon_core.package_identification:_identify(src/mpc_car_acado) by extension 'ros'
[24.296s] DEBUG:colcon.colcon_core.package_identification:Package 'src/mpc_car_acado' with type 'ros.ament_cmake' and name 'mpc_car_acado'
[24.296s] Level 1:colcon.colcon_core.package_identification:_identify(src/mpc_car_acado_single) by extensions ['ignore', 'ignore_ament_install']
[24.296s] Level 1:colcon.colcon_core.package_identification:_identify(src/mpc_car_acado_single) by extension 'ignore'
[24.296s] Level 1:colcon.colcon_core.package_identification:_identify(src/mpc_car_acado_single) by extension 'ignore_ament_install'
[24.296s] Level 1:colcon.colcon_core.package_identification:_identify(src/mpc_car_acado_single) by extensions ['colcon_pkg']
[24.296s] Level 1:colcon.colcon_core.package_identification:_identify(src/mpc_car_acado_single) by extension 'colcon_pkg'
[24.297s] Level 1:colcon.colcon_core.package_identification:_identify(src/mpc_car_acado_single) by extensions ['colcon_meta']
[24.297s] Level 1:colcon.colcon_core.package_identification:_identify(src/mpc_car_acado_single) by extension 'colcon_meta'
[24.297s] Level 1:colcon.colcon_core.package_identification:_identify(src/mpc_car_acado_single) by extensions ['ros']
[24.297s] Level 1:colcon.colcon_core.package_identification:_identify(src/mpc_car_acado_single) by extension 'ros'
[24.298s] DEBUG:colcon.colcon_core.package_identification:Package 'src/mpc_car_acado_single' with type 'ros.ament_cmake' and name 'mpc_car_acado_single'
[24.298s] Level 1:colcon.colcon_core.package_identification:_identify(src/mpc_car_batch) by extensions ['ignore', 'ignore_ament_install']
[24.298s] Level 1:colcon.colcon_core.package_identification:_identify(src/mpc_car_batch) by extension 'ignore'
[24.298s] Level 1:colcon.colcon_core.package_identification:_identify(src/mpc_car_batch) by extension 'ignore_ament_install'
[24.298s] Level 1:colcon.colcon_core.package_identification:_identify(src/mpc_car_batch) by extensions ['colcon_pkg']
[24.298s] Level 1:colcon.colcon_core.package_identification:_identify(src/mpc_car_batch) by extension 'colcon_pkg'
[24.298s] Level 1:colcon.colcon_core.package_identification:_identify(src/mpc_car_batch) by extensions ['colcon_meta']
[24.298s] Level 1:colcon.colcon_core.package_identification:_identify(src/mpc_car_batch) by extension 'colcon_meta'
[24.298s] Level 1:colcon.colcon_core.package_identification:_identify(src/mpc_car_batch) by extensions ['ros']
[24.298s] Level 1:colcon.colcon_core.package_identification:_identify(src/mpc_car_batch) by extension 'ros'
[24.299s] DEBUG:colcon.colcon_core.package_identification:Package 'src/mpc_car_batch' with type 'ros.ament_cmake' and name 'mpc_car_batch'
[24.300s] Level 1:colcon.colcon_core.package_identification:_identify(src/msgs_car) by extensions ['ignore', 'ignore_ament_install']
[24.300s] Level 1:colcon.colcon_core.package_identification:_identify(src/msgs_car) by extension 'ignore'
[24.300s] Level 1:colcon.colcon_core.package_identification:_identify(src/msgs_car) by extension 'ignore_ament_install'
[24.300s] Level 1:colcon.colcon_core.package_identification:_identify(src/msgs_car) by extensions ['colcon_pkg']
[24.300s] Level 1:colcon.colcon_core.package_identification:_identify(src/msgs_car) by extension 'colcon_pkg'
[24.300s] Level 1:colcon.colcon_core.package_identification:_identify(src/msgs_car) by extensions ['colcon_meta']
[24.300s] Level 1:colcon.colcon_core.package_identification:_identify(src/msgs_car) by extension 'colcon_meta'
[24.300s] Level 1:colcon.colcon_core.package_identification:_identify(src/msgs_car) by extensions ['ros']
[24.300s] Level 1:colcon.colcon_core.package_identification:_identify(src/msgs_car) by extension 'ros'
[24.301s] DEBUG:colcon.colcon_core.package_identification:Package 'src/msgs_car' with type 'ros.ament_cmake' and name 'msgs_car'
[24.301s] Level 1:colcon.colcon_core.package_identification:_identify(stats) by extensions ['ignore', 'ignore_ament_install']
[24.301s] Level 1:colcon.colcon_core.package_identification:_identify(stats) by extension 'ignore'
[24.301s] Level 1:colcon.colcon_core.package_identification:_identify(stats) by extension 'ignore_ament_install'
[24.301s] Level 1:colcon.colcon_core.package_identification:_identify(stats) by extensions ['colcon_pkg']
[24.302s] Level 1:colcon.colcon_core.package_identification:_identify(stats) by extension 'colcon_pkg'
[24.302s] Level 1:colcon.colcon_core.package_identification:_identify(stats) by extensions ['colcon_meta']
[24.302s] Level 1:colcon.colcon_core.package_identification:_identify(stats) by extension 'colcon_meta'
[24.302s] Level 1:colcon.colcon_core.package_identification:_identify(stats) by extensions ['ros']
[24.302s] Level 1:colcon.colcon_core.package_identification:_identify(stats) by extension 'ros'
[24.302s] Level 1:colcon.colcon_core.package_identification:_identify(stats) by extensions ['cmake', 'python']
[24.302s] Level 1:colcon.colcon_core.package_identification:_identify(stats) by extension 'cmake'
[24.302s] Level 1:colcon.colcon_core.package_identification:_identify(stats) by extension 'python'
[24.302s] Level 1:colcon.colcon_core.package_identification:_identify(stats) by extensions ['python_setup_py']
[24.302s] Level 1:colcon.colcon_core.package_identification:_identify(stats) by extension 'python_setup_py'
[24.303s] Level 1:colcon.colcon_core.package_identification:_identify(stats/New) by extensions ['ignore', 'ignore_ament_install']
[24.303s] Level 1:colcon.colcon_core.package_identification:_identify(stats/New) by extension 'ignore'
[24.303s] Level 1:colcon.colcon_core.package_identification:_identify(stats/New) by extension 'ignore_ament_install'
[24.303s] Level 1:colcon.colcon_core.package_identification:_identify(stats/New) by extensions ['colcon_pkg']
[24.303s] Level 1:colcon.colcon_core.package_identification:_identify(stats/New) by extension 'colcon_pkg'
[24.303s] Level 1:colcon.colcon_core.package_identification:_identify(stats/New) by extensions ['colcon_meta']
[24.303s] Level 1:colcon.colcon_core.package_identification:_identify(stats/New) by extension 'colcon_meta'
[24.303s] Level 1:colcon.colcon_core.package_identification:_identify(stats/New) by extensions ['ros']
[24.304s] Level 1:colcon.colcon_core.package_identification:_identify(stats/New) by extension 'ros'
[24.304s] Level 1:colcon.colcon_core.package_identification:_identify(stats/New) by extensions ['cmake', 'python']
[24.304s] Level 1:colcon.colcon_core.package_identification:_identify(stats/New) by extension 'cmake'
[24.304s] Level 1:colcon.colcon_core.package_identification:_identify(stats/New) by extension 'python'
[24.304s] Level 1:colcon.colcon_core.package_identification:_identify(stats/New) by extensions ['python_setup_py']
[24.304s] Level 1:colcon.colcon_core.package_identification:_identify(stats/New) by extension 'python_setup_py'
[24.304s] Level 1:colcon.colcon_core.package_identification:_identify(stats/New/Cruise) by extensions ['ignore', 'ignore_ament_install']
[24.305s] Level 1:colcon.colcon_core.package_identification:_identify(stats/New/Cruise) by extension 'ignore'
[24.305s] Level 1:colcon.colcon_core.package_identification:_identify(stats/New/Cruise) by extension 'ignore_ament_install'
[24.305s] Level 1:colcon.colcon_core.package_identification:_identify(stats/New/Cruise) by extensions ['colcon_pkg']
[24.305s] Level 1:colcon.colcon_core.package_identification:_identify(stats/New/Cruise) by extension 'colcon_pkg'
[24.305s] Level 1:colcon.colcon_core.package_identification:_identify(stats/New/Cruise) by extensions ['colcon_meta']
[24.305s] Level 1:colcon.colcon_core.package_identification:_identify(stats/New/Cruise) by extension 'colcon_meta'
[24.305s] Level 1:colcon.colcon_core.package_identification:_identify(stats/New/Cruise) by extensions ['ros']
[24.305s] Level 1:colcon.colcon_core.package_identification:_identify(stats/New/Cruise) by extension 'ros'
[24.305s] Level 1:colcon.colcon_core.package_identification:_identify(stats/New/Cruise) by extensions ['cmake', 'python']
[24.305s] Level 1:colcon.colcon_core.package_identification:_identify(stats/New/Cruise) by extension 'cmake'
[24.305s] Level 1:colcon.colcon_core.package_identification:_identify(stats/New/Cruise) by extension 'python'
[24.305s] Level 1:colcon.colcon_core.package_identification:_identify(stats/New/Cruise) by extensions ['python_setup_py']
[24.305s] Level 1:colcon.colcon_core.package_identification:_identify(stats/New/Cruise) by extension 'python_setup_py'
[24.305s] Level 1:colcon.colcon_core.package_identification:_identify(stats/New/Cruise/No-Time-Budget) by extensions ['ignore', 'ignore_ament_install']
[24.305s] Level 1:colcon.colcon_core.package_identification:_identify(stats/New/Cruise/No-Time-Budget) by extension 'ignore'
[24.306s] Level 1:colcon.colcon_core.package_identification:_identify(stats/New/Cruise/No-Time-Budget) by extension 'ignore_ament_install'
[24.306s] Level 1:colcon.colcon_core.package_identification:_identify(stats/New/Cruise/No-Time-Budget) by extensions ['colcon_pkg']
[24.306s] Level 1:colcon.colcon_core.package_identification:_identify(stats/New/Cruise/No-Time-Budget) by extension 'colcon_pkg'
[24.306s] Level 1:colcon.colcon_core.package_identification:_identify(stats/New/Cruise/No-Time-Budget) by extensions ['colcon_meta']
[24.306s] Level 1:colcon.colcon_core.package_identification:_identify(stats/New/Cruise/No-Time-Budget) by extension 'colcon_meta'
[24.306s] Level 1:colcon.colcon_core.package_identification:_identify(stats/New/Cruise/No-Time-Budget) by extensions ['ros']
[24.306s] Level 1:colcon.colcon_core.package_identification:_identify(stats/New/Cruise/No-Time-Budget) by extension 'ros'
[24.306s] Level 1:colcon.colcon_core.package_identification:_identify(stats/New/Cruise/No-Time-Budget) by extensions ['cmake', 'python']
[24.306s] Level 1:colcon.colcon_core.package_identification:_identify(stats/New/Cruise/No-Time-Budget) by extension 'cmake'
[24.306s] Level 1:colcon.colcon_core.package_identification:_identify(stats/New/Cruise/No-Time-Budget) by extension 'python'
[24.306s] Level 1:colcon.colcon_core.package_identification:_identify(stats/New/Cruise/No-Time-Budget) by extensions ['python_setup_py']
[24.306s] Level 1:colcon.colcon_core.package_identification:_identify(stats/New/Cruise/No-Time-Budget) by extension 'python_setup_py'
[24.306s] Level 1:colcon.colcon_core.package_identification:_identify(stats/New/Cruise/No-Time-Budget/Copy) by extensions ['ignore', 'ignore_ament_install']
[24.306s] Level 1:colcon.colcon_core.package_identification:_identify(stats/New/Cruise/No-Time-Budget/Copy) by extension 'ignore'
[24.306s] Level 1:colcon.colcon_core.package_identification:_identify(stats/New/Cruise/No-Time-Budget/Copy) by extension 'ignore_ament_install'
[24.306s] Level 1:colcon.colcon_core.package_identification:_identify(stats/New/Cruise/No-Time-Budget/Copy) by extensions ['colcon_pkg']
[24.306s] Level 1:colcon.colcon_core.package_identification:_identify(stats/New/Cruise/No-Time-Budget/Copy) by extension 'colcon_pkg'
[24.307s] Level 1:colcon.colcon_core.package_identification:_identify(stats/New/Cruise/No-Time-Budget/Copy) by extensions ['colcon_meta']
[24.307s] Level 1:colcon.colcon_core.package_identification:_identify(stats/New/Cruise/No-Time-Budget/Copy) by extension 'colcon_meta'
[24.307s] Level 1:colcon.colcon_core.package_identification:_identify(stats/New/Cruise/No-Time-Budget/Copy) by extensions ['ros']
[24.307s] Level 1:colcon.colcon_core.package_identification:_identify(stats/New/Cruise/No-Time-Budget/Copy) by extension 'ros'
[24.307s] Level 1:colcon.colcon_core.package_identification:_identify(stats/New/Cruise/No-Time-Budget/Copy) by extensions ['cmake', 'python']
[24.307s] Level 1:colcon.colcon_core.package_identification:_identify(stats/New/Cruise/No-Time-Budget/Copy) by extension 'cmake'
[24.307s] Level 1:colcon.colcon_core.package_identification:_identify(stats/New/Cruise/No-Time-Budget/Copy) by extension 'python'
[24.307s] Level 1:colcon.colcon_core.package_identification:_identify(stats/New/Cruise/No-Time-Budget/Copy) by extensions ['python_setup_py']
[24.307s] Level 1:colcon.colcon_core.package_identification:_identify(stats/New/Cruise/No-Time-Budget/Copy) by extension 'python_setup_py'
[24.307s] Level 1:colcon.colcon_core.package_identification:_identify(stats/New/HighSpeed_RightLane) by extensions ['ignore', 'ignore_ament_install']
[24.307s] Level 1:colcon.colcon_core.package_identification:_identify(stats/New/HighSpeed_RightLane) by extension 'ignore'
[24.307s] Level 1:colcon.colcon_core.package_identification:_identify(stats/New/HighSpeed_RightLane) by extension 'ignore_ament_install'
[24.307s] Level 1:colcon.colcon_core.package_identification:_identify(stats/New/HighSpeed_RightLane) by extensions ['colcon_pkg']
[24.307s] Level 1:colcon.colcon_core.package_identification:_identify(stats/New/HighSpeed_RightLane) by extension 'colcon_pkg'
[24.307s] Level 1:colcon.colcon_core.package_identification:_identify(stats/New/HighSpeed_RightLane) by extensions ['colcon_meta']
[24.307s] Level 1:colcon.colcon_core.package_identification:_identify(stats/New/HighSpeed_RightLane) by extension 'colcon_meta'
[24.307s] Level 1:colcon.colcon_core.package_identification:_identify(stats/New/HighSpeed_RightLane) by extensions ['ros']
[24.308s] Level 1:colcon.colcon_core.package_identification:_identify(stats/New/HighSpeed_RightLane) by extension 'ros'
[24.308s] Level 1:colcon.colcon_core.package_identification:_identify(stats/New/HighSpeed_RightLane) by extensions ['cmake', 'python']
[24.308s] Level 1:colcon.colcon_core.package_identification:_identify(stats/New/HighSpeed_RightLane) by extension 'cmake'
[24.308s] Level 1:colcon.colcon_core.package_identification:_identify(stats/New/HighSpeed_RightLane) by extension 'python'
[24.308s] Level 1:colcon.colcon_core.package_identification:_identify(stats/New/HighSpeed_RightLane) by extensions ['python_setup_py']
[24.308s] Level 1:colcon.colcon_core.package_identification:_identify(stats/New/HighSpeed_RightLane) by extension 'python_setup_py'
[24.308s] Level 1:colcon.colcon_core.package_identification:_identify(stats/New/HighSpeed_RightLane/No-Time-Budget) by extensions ['ignore', 'ignore_ament_install']
[24.308s] Level 1:colcon.colcon_core.package_identification:_identify(stats/New/HighSpeed_RightLane/No-Time-Budget) by extension 'ignore'
[24.308s] Level 1:colcon.colcon_core.package_identification:_identify(stats/New/HighSpeed_RightLane/No-Time-Budget) by extension 'ignore_ament_install'
[24.308s] Level 1:colcon.colcon_core.package_identification:_identify(stats/New/HighSpeed_RightLane/No-Time-Budget) by extensions ['colcon_pkg']
[24.308s] Level 1:colcon.colcon_core.package_identification:_identify(stats/New/HighSpeed_RightLane/No-Time-Budget) by extension 'colcon_pkg'
[24.308s] Level 1:colcon.colcon_core.package_identification:_identify(stats/New/HighSpeed_RightLane/No-Time-Budget) by extensions ['colcon_meta']
[24.308s] Level 1:colcon.colcon_core.package_identification:_identify(stats/New/HighSpeed_RightLane/No-Time-Budget) by extension 'colcon_meta'
[24.308s] Level 1:colcon.colcon_core.package_identification:_identify(stats/New/HighSpeed_RightLane/No-Time-Budget) by extensions ['ros']
[24.308s] Level 1:colcon.colcon_core.package_identification:_identify(stats/New/HighSpeed_RightLane/No-Time-Budget) by extension 'ros'
[24.308s] Level 1:colcon.colcon_core.package_identification:_identify(stats/New/HighSpeed_RightLane/No-Time-Budget) by extensions ['cmake', 'python']
[24.309s] Level 1:colcon.colcon_core.package_identification:_identify(stats/New/HighSpeed_RightLane/No-Time-Budget) by extension 'cmake'
[24.309s] Level 1:colcon.colcon_core.package_identification:_identify(stats/New/HighSpeed_RightLane/No-Time-Budget) by extension 'python'
[24.309s] Level 1:colcon.colcon_core.package_identification:_identify(stats/New/HighSpeed_RightLane/No-Time-Budget) by extensions ['python_setup_py']
[24.309s] Level 1:colcon.colcon_core.package_identification:_identify(stats/New/HighSpeed_RightLane/No-Time-Budget) by extension 'python_setup_py'
[24.309s] Level 1:colcon.colcon_core.package_identification:_identify(stats/New/HighSpeed_RightLane/No-Time-Budget/Copy) by extensions ['ignore', 'ignore_ament_install']
[24.309s] Level 1:colcon.colcon_core.package_identification:_identify(stats/New/HighSpeed_RightLane/No-Time-Budget/Copy) by extension 'ignore'
[24.309s] Level 1:colcon.colcon_core.package_identification:_identify(stats/New/HighSpeed_RightLane/No-Time-Budget/Copy) by extension 'ignore_ament_install'
[24.309s] Level 1:colcon.colcon_core.package_identification:_identify(stats/New/HighSpeed_RightLane/No-Time-Budget/Copy) by extensions ['colcon_pkg']
[24.309s] Level 1:colcon.colcon_core.package_identification:_identify(stats/New/HighSpeed_RightLane/No-Time-Budget/Copy) by extension 'colcon_pkg'
[24.309s] Level 1:colcon.colcon_core.package_identification:_identify(stats/New/HighSpeed_RightLane/No-Time-Budget/Copy) by extensions ['colcon_meta']
[24.309s] Level 1:colcon.colcon_core.package_identification:_identify(stats/New/HighSpeed_RightLane/No-Time-Budget/Copy) by extension 'colcon_meta'
[24.309s] Level 1:colcon.colcon_core.package_identification:_identify(stats/New/HighSpeed_RightLane/No-Time-Budget/Copy) by extensions ['ros']
[24.309s] Level 1:colcon.colcon_core.package_identification:_identify(stats/New/HighSpeed_RightLane/No-Time-Budget/Copy) by extension 'ros'
[24.309s] Level 1:colcon.colcon_core.package_identification:_identify(stats/New/HighSpeed_RightLane/No-Time-Budget/Copy) by extensions ['cmake', 'python']
[24.309s] Level 1:colcon.colcon_core.package_identification:_identify(stats/New/HighSpeed_RightLane/No-Time-Budget/Copy) by extension 'cmake'
[24.309s] Level 1:colcon.colcon_core.package_identification:_identify(stats/New/HighSpeed_RightLane/No-Time-Budget/Copy) by extension 'python'
[24.310s] Level 1:colcon.colcon_core.package_identification:_identify(stats/New/HighSpeed_RightLane/No-Time-Budget/Copy) by extensions ['python_setup_py']
[24.310s] Level 1:colcon.colcon_core.package_identification:_identify(stats/New/HighSpeed_RightLane/No-Time-Budget/Copy) by extension 'python_setup_py'
[24.310s] Level 1:colcon.colcon_core.package_identification:_identify(stats/New/NGSIM) by extensions ['ignore', 'ignore_ament_install']
[24.310s] Level 1:colcon.colcon_core.package_identification:_identify(stats/New/NGSIM) by extension 'ignore'
[24.310s] Level 1:colcon.colcon_core.package_identification:_identify(stats/New/NGSIM) by extension 'ignore_ament_install'
[24.310s] Level 1:colcon.colcon_core.package_identification:_identify(stats/New/NGSIM) by extensions ['colcon_pkg']
[24.310s] Level 1:colcon.colcon_core.package_identification:_identify(stats/New/NGSIM) by extension 'colcon_pkg'
[24.310s] Level 1:colcon.colcon_core.package_identification:_identify(stats/New/NGSIM) by extensions ['colcon_meta']
[24.310s] Level 1:colcon.colcon_core.package_identification:_identify(stats/New/NGSIM) by extension 'colcon_meta'
[24.310s] Level 1:colcon.colcon_core.package_identification:_identify(stats/New/NGSIM) by extensions ['ros']
[24.310s] Level 1:colcon.colcon_core.package_identification:_identify(stats/New/NGSIM) by extension 'ros'
[24.310s] Level 1:colcon.colcon_core.package_identification:_identify(stats/New/NGSIM) by extensions ['cmake', 'python']
[24.310s] Level 1:colcon.colcon_core.package_identification:_identify(stats/New/NGSIM) by extension 'cmake'
[24.310s] Level 1:colcon.colcon_core.package_identification:_identify(stats/New/NGSIM) by extension 'python'
[24.310s] Level 1:colcon.colcon_core.package_identification:_identify(stats/New/NGSIM) by extensions ['python_setup_py']
[24.310s] Level 1:colcon.colcon_core.package_identification:_identify(stats/New/NGSIM) by extension 'python_setup_py'
[24.311s] Level 1:colcon.colcon_core.package_identification:_identify(stats/New/NGSIM/No-Time-Budget) by extensions ['ignore', 'ignore_ament_install']
[24.311s] Level 1:colcon.colcon_core.package_identification:_identify(stats/New/NGSIM/No-Time-Budget) by extension 'ignore'
[24.311s] Level 1:colcon.colcon_core.package_identification:_identify(stats/New/NGSIM/No-Time-Budget) by extension 'ignore_ament_install'
[24.311s] Level 1:colcon.colcon_core.package_identification:_identify(stats/New/NGSIM/No-Time-Budget) by extensions ['colcon_pkg']
[24.311s] Level 1:colcon.colcon_core.package_identification:_identify(stats/New/NGSIM/No-Time-Budget) by extension 'colcon_pkg'
[24.311s] Level 1:colcon.colcon_core.package_identification:_identify(stats/New/NGSIM/No-Time-Budget) by extensions ['colcon_meta']
[24.311s] Level 1:colcon.colcon_core.package_identification:_identify(stats/New/NGSIM/No-Time-Budget) by extension 'colcon_meta'
[24.311s] Level 1:colcon.colcon_core.package_identification:_identify(stats/New/NGSIM/No-Time-Budget) by extensions ['ros']
[24.311s] Level 1:colcon.colcon_core.package_identification:_identify(stats/New/NGSIM/No-Time-Budget) by extension 'ros'
[24.311s] Level 1:colcon.colcon_core.package_identification:_identify(stats/New/NGSIM/No-Time-Budget) by extensions ['cmake', 'python']
[24.313s] Level 1:colcon.colcon_core.package_identification:_identify(stats/New/NGSIM/No-Time-Budget) by extension 'cmake'
[24.313s] Level 1:colcon.colcon_core.package_identification:_identify(stats/New/NGSIM/No-Time-Budget) by extension 'python'
[24.313s] Level 1:colcon.colcon_core.package_identification:_identify(stats/New/NGSIM/No-Time-Budget) by extensions ['python_setup_py']
[24.313s] Level 1:colcon.colcon_core.package_identification:_identify(stats/New/NGSIM/No-Time-Budget) by extension 'python_setup_py'
[24.313s] Level 1:colcon.colcon_core.package_identification:_identify(stats/New/NGSIM/No-Time-Budget/cruise) by extensions ['ignore', 'ignore_ament_install']
[24.313s] Level 1:colcon.colcon_core.package_identification:_identify(stats/New/NGSIM/No-Time-Budget/cruise) by extension 'ignore'
[24.313s] Level 1:colcon.colcon_core.package_identification:_identify(stats/New/NGSIM/No-Time-Budget/cruise) by extension 'ignore_ament_install'
[24.314s] Level 1:colcon.colcon_core.package_identification:_identify(stats/New/NGSIM/No-Time-Budget/cruise) by extensions ['colcon_pkg']
[24.314s] Level 1:colcon.colcon_core.package_identification:_identify(stats/New/NGSIM/No-Time-Budget/cruise) by extension 'colcon_pkg'
[24.314s] Level 1:colcon.colcon_core.package_identification:_identify(stats/New/NGSIM/No-Time-Budget/cruise) by extensions ['colcon_meta']
[24.314s] Level 1:colcon.colcon_core.package_identification:_identify(stats/New/NGSIM/No-Time-Budget/cruise) by extension 'colcon_meta'
[24.314s] Level 1:colcon.colcon_core.package_identification:_identify(stats/New/NGSIM/No-Time-Budget/cruise) by extensions ['ros']
[24.314s] Level 1:colcon.colcon_core.package_identification:_identify(stats/New/NGSIM/No-Time-Budget/cruise) by extension 'ros'
[24.314s] Level 1:colcon.colcon_core.package_identification:_identify(stats/New/NGSIM/No-Time-Budget/cruise) by extensions ['cmake', 'python']
[24.314s] Level 1:colcon.colcon_core.package_identification:_identify(stats/New/NGSIM/No-Time-Budget/cruise) by extension 'cmake'
[24.314s] Level 1:colcon.colcon_core.package_identification:_identify(stats/New/NGSIM/No-Time-Budget/cruise) by extension 'python'
[24.314s] Level 1:colcon.colcon_core.package_identification:_identify(stats/New/NGSIM/No-Time-Budget/cruise) by extensions ['python_setup_py']
[24.314s] Level 1:colcon.colcon_core.package_identification:_identify(stats/New/NGSIM/No-Time-Budget/cruise) by extension 'python_setup_py'
[24.314s] Level 1:colcon.colcon_core.package_identification:_identify(stats/New/NGSIM/No-Time-Budget/cruise/Copy) by extensions ['ignore', 'ignore_ament_install']
[24.314s] Level 1:colcon.colcon_core.package_identification:_identify(stats/New/NGSIM/No-Time-Budget/cruise/Copy) by extension 'ignore'
[24.314s] Level 1:colcon.colcon_core.package_identification:_identify(stats/New/NGSIM/No-Time-Budget/cruise/Copy) by extension 'ignore_ament_install'
[24.314s] Level 1:colcon.colcon_core.package_identification:_identify(stats/New/NGSIM/No-Time-Budget/cruise/Copy) by extensions ['colcon_pkg']
[24.315s] Level 1:colcon.colcon_core.package_identification:_identify(stats/New/NGSIM/No-Time-Budget/cruise/Copy) by extension 'colcon_pkg'
[24.315s] Level 1:colcon.colcon_core.package_identification:_identify(stats/New/NGSIM/No-Time-Budget/cruise/Copy) by extensions ['colcon_meta']
[24.315s] Level 1:colcon.colcon_core.package_identification:_identify(stats/New/NGSIM/No-Time-Budget/cruise/Copy) by extension 'colcon_meta'
[24.315s] Level 1:colcon.colcon_core.package_identification:_identify(stats/New/NGSIM/No-Time-Budget/cruise/Copy) by extensions ['ros']
[24.315s] Level 1:colcon.colcon_core.package_identification:_identify(stats/New/NGSIM/No-Time-Budget/cruise/Copy) by extension 'ros'
[24.315s] Level 1:colcon.colcon_core.package_identification:_identify(stats/New/NGSIM/No-Time-Budget/cruise/Copy) by extensions ['cmake', 'python']
[24.315s] Level 1:colcon.colcon_core.package_identification:_identify(stats/New/NGSIM/No-Time-Budget/cruise/Copy) by extension 'cmake'
[24.315s] Level 1:colcon.colcon_core.package_identification:_identify(stats/New/NGSIM/No-Time-Budget/cruise/Copy) by extension 'python'
[24.315s] Level 1:colcon.colcon_core.package_identification:_identify(stats/New/NGSIM/No-Time-Budget/cruise/Copy) by extensions ['python_setup_py']
[24.315s] Level 1:colcon.colcon_core.package_identification:_identify(stats/New/NGSIM/No-Time-Budget/cruise/Copy) by extension 'python_setup_py'
[24.315s] Level 1:colcon.colcon_core.package_identification:_identify(stats/New/NGSIM/No-Time-Budget/hsrl) by extensions ['ignore', 'ignore_ament_install']
[24.315s] Level 1:colcon.colcon_core.package_identification:_identify(stats/New/NGSIM/No-Time-Budget/hsrl) by extension 'ignore'
[24.315s] Level 1:colcon.colcon_core.package_identification:_identify(stats/New/NGSIM/No-Time-Budget/hsrl) by extension 'ignore_ament_install'
[24.315s] Level 1:colcon.colcon_core.package_identification:_identify(stats/New/NGSIM/No-Time-Budget/hsrl) by extensions ['colcon_pkg']
[24.316s] Level 1:colcon.colcon_core.package_identification:_identify(stats/New/NGSIM/No-Time-Budget/hsrl) by extension 'colcon_pkg'
[24.316s] Level 1:colcon.colcon_core.package_identification:_identify(stats/New/NGSIM/No-Time-Budget/hsrl) by extensions ['colcon_meta']
[24.316s] Level 1:colcon.colcon_core.package_identification:_identify(stats/New/NGSIM/No-Time-Budget/hsrl) by extension 'colcon_meta'
[24.316s] Level 1:colcon.colcon_core.package_identification:_identify(stats/New/NGSIM/No-Time-Budget/hsrl) by extensions ['ros']
[24.316s] Level 1:colcon.colcon_core.package_identification:_identify(stats/New/NGSIM/No-Time-Budget/hsrl) by extension 'ros'
[24.316s] Level 1:colcon.colcon_core.package_identification:_identify(stats/New/NGSIM/No-Time-Budget/hsrl) by extensions ['cmake', 'python']
[24.316s] Level 1:colcon.colcon_core.package_identification:_identify(stats/New/NGSIM/No-Time-Budget/hsrl) by extension 'cmake'
[24.316s] Level 1:colcon.colcon_core.package_identification:_identify(stats/New/NGSIM/No-Time-Budget/hsrl) by extension 'python'
[24.316s] Level 1:colcon.colcon_core.package_identification:_identify(stats/New/NGSIM/No-Time-Budget/hsrl) by extensions ['python_setup_py']
[24.316s] Level 1:colcon.colcon_core.package_identification:_identify(stats/New/NGSIM/No-Time-Budget/hsrl) by extension 'python_setup_py'
[24.316s] Level 1:colcon.colcon_core.package_identification:_identify(stats/New/NGSIM/No-Time-Budget/hsrl/Copy) by extensions ['ignore', 'ignore_ament_install']
[24.316s] Level 1:colcon.colcon_core.package_identification:_identify(stats/New/NGSIM/No-Time-Budget/hsrl/Copy) by extension 'ignore'
[24.316s] Level 1:colcon.colcon_core.package_identification:_identify(stats/New/NGSIM/No-Time-Budget/hsrl/Copy) by extension 'ignore_ament_install'
[24.316s] Level 1:colcon.colcon_core.package_identification:_identify(stats/New/NGSIM/No-Time-Budget/hsrl/Copy) by extensions ['colcon_pkg']
[24.316s] Level 1:colcon.colcon_core.package_identification:_identify(stats/New/NGSIM/No-Time-Budget/hsrl/Copy) by extension 'colcon_pkg'
[24.316s] Level 1:colcon.colcon_core.package_identification:_identify(stats/New/NGSIM/No-Time-Budget/hsrl/Copy) by extensions ['colcon_meta']
[24.317s] Level 1:colcon.colcon_core.package_identification:_identify(stats/New/NGSIM/No-Time-Budget/hsrl/Copy) by extension 'colcon_meta'
[24.317s] Level 1:colcon.colcon_core.package_identification:_identify(stats/New/NGSIM/No-Time-Budget/hsrl/Copy) by extensions ['ros']
[24.317s] Level 1:colcon.colcon_core.package_identification:_identify(stats/New/NGSIM/No-Time-Budget/hsrl/Copy) by extension 'ros'
[24.317s] Level 1:colcon.colcon_core.package_identification:_identify(stats/New/NGSIM/No-Time-Budget/hsrl/Copy) by extensions ['cmake', 'python']
[24.317s] Level 1:colcon.colcon_core.package_identification:_identify(stats/New/NGSIM/No-Time-Budget/hsrl/Copy) by extension 'cmake'
[24.317s] Level 1:colcon.colcon_core.package_identification:_identify(stats/New/NGSIM/No-Time-Budget/hsrl/Copy) by extension 'python'
[24.317s] Level 1:colcon.colcon_core.package_identification:_identify(stats/New/NGSIM/No-Time-Budget/hsrl/Copy) by extensions ['python_setup_py']
[24.317s] Level 1:colcon.colcon_core.package_identification:_identify(stats/New/NGSIM/No-Time-Budget/hsrl/Copy) by extension 'python_setup_py'
[24.317s] Level 1:colcon.colcon_core.package_identification:_identify(stats/New/RightLane) by extensions ['ignore', 'ignore_ament_install']
[24.317s] Level 1:colcon.colcon_core.package_identification:_identify(stats/New/RightLane) by extension 'ignore'
[24.317s] Level 1:colcon.colcon_core.package_identification:_identify(stats/New/RightLane) by extension 'ignore_ament_install'
[24.317s] Level 1:colcon.colcon_core.package_identification:_identify(stats/New/RightLane) by extensions ['colcon_pkg']
[24.317s] Level 1:colcon.colcon_core.package_identification:_identify(stats/New/RightLane) by extension 'colcon_pkg'
[24.317s] Level 1:colcon.colcon_core.package_identification:_identify(stats/New/RightLane) by extensions ['colcon_meta']
[24.317s] Level 1:colcon.colcon_core.package_identification:_identify(stats/New/RightLane) by extension 'colcon_meta'
[24.318s] Level 1:colcon.colcon_core.package_identification:_identify(stats/New/RightLane) by extensions ['ros']
[24.318s] Level 1:colcon.colcon_core.package_identification:_identify(stats/New/RightLane) by extension 'ros'
[24.318s] Level 1:colcon.colcon_core.package_identification:_identify(stats/New/RightLane) by extensions ['cmake', 'python']
[24.318s] Level 1:colcon.colcon_core.package_identification:_identify(stats/New/RightLane) by extension 'cmake'
[24.318s] Level 1:colcon.colcon_core.package_identification:_identify(stats/New/RightLane) by extension 'python'
[24.318s] Level 1:colcon.colcon_core.package_identification:_identify(stats/New/RightLane) by extensions ['python_setup_py']
[24.318s] Level 1:colcon.colcon_core.package_identification:_identify(stats/New/RightLane) by extension 'python_setup_py'
[24.318s] Level 1:colcon.colcon_core.package_identification:_identify(stats/New/RightLane/No-Time-Budget) by extensions ['ignore', 'ignore_ament_install']
[24.318s] Level 1:colcon.colcon_core.package_identification:_identify(stats/New/RightLane/No-Time-Budget) by extension 'ignore'
[24.318s] Level 1:colcon.colcon_core.package_identification:_identify(stats/New/RightLane/No-Time-Budget) by extension 'ignore_ament_install'
[24.318s] Level 1:colcon.colcon_core.package_identification:_identify(stats/New/RightLane/No-Time-Budget) by extensions ['colcon_pkg']
[24.318s] Level 1:colcon.colcon_core.package_identification:_identify(stats/New/RightLane/No-Time-Budget) by extension 'colcon_pkg'
[24.318s] Level 1:colcon.colcon_core.package_identification:_identify(stats/New/RightLane/No-Time-Budget) by extensions ['colcon_meta']
[24.318s] Level 1:colcon.colcon_core.package_identification:_identify(stats/New/RightLane/No-Time-Budget) by extension 'colcon_meta'
[24.318s] Level 1:colcon.colcon_core.package_identification:_identify(stats/New/RightLane/No-Time-Budget) by extensions ['ros']
[24.318s] Level 1:colcon.colcon_core.package_identification:_identify(stats/New/RightLane/No-Time-Budget) by extension 'ros'
[24.319s] Level 1:colcon.colcon_core.package_identification:_identify(stats/New/RightLane/No-Time-Budget) by extensions ['cmake', 'python']
[24.319s] Level 1:colcon.colcon_core.package_identification:_identify(stats/New/RightLane/No-Time-Budget) by extension 'cmake'
[24.319s] Level 1:colcon.colcon_core.package_identification:_identify(stats/New/RightLane/No-Time-Budget) by extension 'python'
[24.319s] Level 1:colcon.colcon_core.package_identification:_identify(stats/New/RightLane/No-Time-Budget) by extensions ['python_setup_py']
[24.319s] Level 1:colcon.colcon_core.package_identification:_identify(stats/New/RightLane/No-Time-Budget) by extension 'python_setup_py'
[24.319s] Level 1:colcon.colcon_core.package_identification:_identify(stats/New/RightLane/No-Time-Budget/Copy) by extensions ['ignore', 'ignore_ament_install']
[24.319s] Level 1:colcon.colcon_core.package_identification:_identify(stats/New/RightLane/No-Time-Budget/Copy) by extension 'ignore'
[24.319s] Level 1:colcon.colcon_core.package_identification:_identify(stats/New/RightLane/No-Time-Budget/Copy) by extension 'ignore_ament_install'
[24.319s] Level 1:colcon.colcon_core.package_identification:_identify(stats/New/RightLane/No-Time-Budget/Copy) by extensions ['colcon_pkg']
[24.319s] Level 1:colcon.colcon_core.package_identification:_identify(stats/New/RightLane/No-Time-Budget/Copy) by extension 'colcon_pkg'
[24.319s] Level 1:colcon.colcon_core.package_identification:_identify(stats/New/RightLane/No-Time-Budget/Copy) by extensions ['colcon_meta']
[24.320s] Level 1:colcon.colcon_core.package_identification:_identify(stats/New/RightLane/No-Time-Budget/Copy) by extension 'colcon_meta'
[24.320s] Level 1:colcon.colcon_core.package_identification:_identify(stats/New/RightLane/No-Time-Budget/Copy) by extensions ['ros']
[24.320s] Level 1:colcon.colcon_core.package_identification:_identify(stats/New/RightLane/No-Time-Budget/Copy) by extension 'ros'
[24.320s] Level 1:colcon.colcon_core.package_identification:_identify(stats/New/RightLane/No-Time-Budget/Copy) by extensions ['cmake', 'python']
[24.320s] Level 1:colcon.colcon_core.package_identification:_identify(stats/New/RightLane/No-Time-Budget/Copy) by extension 'cmake'
[24.320s] Level 1:colcon.colcon_core.package_identification:_identify(stats/New/RightLane/No-Time-Budget/Copy) by extension 'python'
[24.320s] Level 1:colcon.colcon_core.package_identification:_identify(stats/New/RightLane/No-Time-Budget/Copy) by extensions ['python_setup_py']
[24.320s] Level 1:colcon.colcon_core.package_identification:_identify(stats/New/RightLane/No-Time-Budget/Copy) by extension 'python_setup_py'
[24.320s] Level 1:colcon.colcon_core.package_identification:_identify(stats/New/RightLane/Time-Budget) by extensions ['ignore', 'ignore_ament_install']
[24.320s] Level 1:colcon.colcon_core.package_identification:_identify(stats/New/RightLane/Time-Budget) by extension 'ignore'
[24.320s] Level 1:colcon.colcon_core.package_identification:_identify(stats/New/RightLane/Time-Budget) by extension 'ignore_ament_install'
[24.320s] Level 1:colcon.colcon_core.package_identification:_identify(stats/New/RightLane/Time-Budget) by extensions ['colcon_pkg']
[24.320s] Level 1:colcon.colcon_core.package_identification:_identify(stats/New/RightLane/Time-Budget) by extension 'colcon_pkg'
[24.320s] Level 1:colcon.colcon_core.package_identification:_identify(stats/New/RightLane/Time-Budget) by extensions ['colcon_meta']
[24.321s] Level 1:colcon.colcon_core.package_identification:_identify(stats/New/RightLane/Time-Budget) by extension 'colcon_meta'
[24.321s] Level 1:colcon.colcon_core.package_identification:_identify(stats/New/RightLane/Time-Budget) by extensions ['ros']
[24.321s] Level 1:colcon.colcon_core.package_identification:_identify(stats/New/RightLane/Time-Budget) by extension 'ros'
[24.321s] Level 1:colcon.colcon_core.package_identification:_identify(stats/New/RightLane/Time-Budget) by extensions ['cmake', 'python']
[24.321s] Level 1:colcon.colcon_core.package_identification:_identify(stats/New/RightLane/Time-Budget) by extension 'cmake'
[24.321s] Level 1:colcon.colcon_core.package_identification:_identify(stats/New/RightLane/Time-Budget) by extension 'python'
[24.322s] Level 1:colcon.colcon_core.package_identification:_identify(stats/New/RightLane/Time-Budget) by extensions ['python_setup_py']
[24.322s] Level 1:colcon.colcon_core.package_identification:_identify(stats/New/RightLane/Time-Budget) by extension 'python_setup_py'
[24.322s] Level 1:colcon.colcon_core.package_discovery:discover_packages(recursive) using defaults
[24.322s] Level 1:colcon.colcon_core.package_discovery:discover_packages(ignore) discover
[24.322s] Level 1:colcon.colcon_core.package_discovery:discover_packages(ignore) using defaults
[24.322s] Level 1:colcon.colcon_core.package_discovery:discover_packages(path) discover
[24.322s] Level 1:colcon.colcon_core.package_discovery:discover_packages(path) using defaults
[24.736s] Level 5:colcon.colcon_core.verb:set package 'msgs_car' build argument 'cmake_args' from command line to 'None'
[24.736s] Level 5:colcon.colcon_core.verb:set package 'msgs_car' build argument 'cmake_target' from command line to 'None'
[24.736s] Level 5:colcon.colcon_core.verb:set package 'msgs_car' build argument 'cmake_target_skip_unavailable' from command line to 'False'
[24.737s] Level 5:colcon.colcon_core.verb:set package 'msgs_car' build argument 'cmake_clean_cache' from command line to 'False'
[24.737s] Level 5:colcon.colcon_core.verb:set package 'msgs_car' build argument 'cmake_clean_first' from command line to 'False'
[24.737s] Level 5:colcon.colcon_core.verb:set package 'msgs_car' build argument 'cmake_force_configure' from command line to 'False'
[24.737s] Level 5:colcon.colcon_core.verb:set package 'msgs_car' build argument 'ament_cmake_args' from command line to 'None'
[24.737s] Level 5:colcon.colcon_core.verb:set package 'msgs_car' build argument 'catkin_cmake_args' from command line to 'None'
[24.737s] Level 5:colcon.colcon_core.verb:set package 'msgs_car' build argument 'catkin_skip_building_tests' from command line to 'False'
[24.737s] DEBUG:colcon.colcon_core.verb:Building package 'msgs_car' with the following arguments: {'ament_cmake_args': None, 'build_base': '/home/vivek/On-Codes/Batch-Opt-Highway-Driving/ros_ws/build/msgs_car', 'catkin_cmake_args': None, 'catkin_skip_building_tests': False, 'cmake_args': None, 'cmake_clean_cache': False, 'cmake_clean_first': False, 'cmake_force_configure': False, 'cmake_target': None, 'cmake_target_skip_unavailable': False, 'install_base': '/home/vivek/On-Codes/Batch-Opt-Highway-Driving/ros_ws/install/msgs_car', 'merge_install': False, 'path': '/home/vivek/On-Codes/Batch-Opt-Highway-Driving/ros_ws/src/msgs_car', 'symlink_install': False, 'test_result_base': None}
[24.741s] Level 5:colcon.colcon_core.verb:set package 'frenet_car' build argument 'cmake_args' from command line to 'None'
[24.742s] Level 5:colcon.colcon_core.verb:set package 'frenet_car' build argument 'cmake_target' from command line to 'None'
[24.742s] Level 5:colcon.colcon_core.verb:set package 'frenet_car' build argument 'cmake_target_skip_unavailable' from command line to 'False'
[24.742s] Level 5:colcon.colcon_core.verb:set package 'frenet_car' build argument 'cmake_clean_cache' from command line to 'False'
[24.742s] Level 5:colcon.colcon_core.verb:set package 'frenet_car' build argument 'cmake_clean_first' from command line to 'False'
[24.742s] Level 5:colcon.colcon_core.verb:set package 'frenet_car' build argument 'cmake_force_configure' from command line to 'False'
[24.742s] Level 5:colcon.colcon_core.verb:set package 'frenet_car' build argument 'ament_cmake_args' from command line to 'None'
[24.742s] Level 5:colcon.colcon_core.verb:set package 'frenet_car' build argument 'catkin_cmake_args' from command line to 'None'
[24.742s] Level 5:colcon.colcon_core.verb:set package 'frenet_car' build argument 'catkin_skip_building_tests' from command line to 'False'
[24.742s] DEBUG:colcon.colcon_core.verb:Building package 'frenet_car' with the following arguments: {'ament_cmake_args': None, 'build_base': '/home/vivek/On-Codes/Batch-Opt-Highway-Driving/ros_ws/build/frenet_car', 'catkin_cmake_args': None, 'catkin_skip_building_tests': False, 'cmake_args': None, 'cmake_clean_cache': False, 'cmake_clean_first': False, 'cmake_force_configure': False, 'cmake_target': None, 'cmake_target_skip_unavailable': False, 'install_base': '/home/vivek/On-Codes/Batch-Opt-Highway-Driving/ros_ws/install/frenet_car', 'merge_install': False, 'path': '/home/vivek/On-Codes/Batch-Opt-Highway-Driving/ros_ws/src/frenet_car', 'symlink_install': False, 'test_result_base': None}
[24.744s] Level 5:colcon.colcon_core.verb:set package 'highway_car' build argument 'cmake_args' from command line to 'None'
[24.744s] Level 5:colcon.colcon_core.verb:set package 'highway_car' build argument 'cmake_target' from command line to 'None'
[24.745s] Level 5:colcon.colcon_core.verb:set package 'highway_car' build argument 'cmake_target_skip_unavailable' from command line to 'False'
[24.745s] Level 5:colcon.colcon_core.verb:set package 'highway_car' build argument 'cmake_clean_cache' from command line to 'False'
[24.745s] Level 5:colcon.colcon_core.verb:set package 'highway_car' build argument 'cmake_clean_first' from command line to 'False'
[24.745s] Level 5:colcon.colcon_core.verb:set package 'highway_car' build argument 'cmake_force_configure' from command line to 'False'
[24.745s] Level 5:colcon.colcon_core.verb:set package 'highway_car' build argument 'ament_cmake_args' from command line to 'None'
[24.745s] Level 5:colcon.colcon_core.verb:set package 'highway_car' build argument 'catkin_cmake_args' from command line to 'None'
[24.745s] Level 5:colcon.colcon_core.verb:set package 'highway_car' build argument 'catkin_skip_building_tests' from command line to 'False'
[24.745s] DEBUG:colcon.colcon_core.verb:Building package 'highway_car' with the following arguments: {'ament_cmake_args': None, 'build_base': '/home/vivek/On-Codes/Batch-Opt-Highway-Driving/ros_ws/build/highway_car', 'catkin_cmake_args': None, 'catkin_skip_building_tests': False, 'cmake_args': None, 'cmake_clean_cache': False, 'cmake_clean_first': False, 'cmake_force_configure': False, 'cmake_target': None, 'cmake_target_skip_unavailable': False, 'install_base': '/home/vivek/On-Codes/Batch-Opt-Highway-Driving/ros_ws/install/highway_car', 'merge_install': False, 'path': '/home/vivek/On-Codes/Batch-Opt-Highway-Driving/ros_ws/src/highway_car', 'symlink_install': False, 'test_result_base': None}
[24.747s] Level 5:colcon.colcon_core.verb:set package 'mpc_car_acado' build argument 'cmake_args' from command line to 'None'
[24.747s] Level 5:colcon.colcon_core.verb:set package 'mpc_car_acado' build argument 'cmake_target' from command line to 'None'
[24.748s] Level 5:colcon.colcon_core.verb:set package 'mpc_car_acado' build argument 'cmake_target_skip_unavailable' from command line to 'False'
[24.748s] Level 5:colcon.colcon_core.verb:set package 'mpc_car_acado' build argument 'cmake_clean_cache' from command line to 'False'
[24.748s] Level 5:colcon.colcon_core.verb:set package 'mpc_car_acado' build argument 'cmake_clean_first' from command line to 'False'
[24.748s] Level 5:colcon.colcon_core.verb:set package 'mpc_car_acado' build argument 'cmake_force_configure' from command line to 'False'
[24.748s] Level 5:colcon.colcon_core.verb:set package 'mpc_car_acado' build argument 'ament_cmake_args' from command line to 'None'
[24.748s] Level 5:colcon.colcon_core.verb:set package 'mpc_car_acado' build argument 'catkin_cmake_args' from command line to 'None'
[24.748s] Level 5:colcon.colcon_core.verb:set package 'mpc_car_acado' build argument 'catkin_skip_building_tests' from command line to 'False'
[24.748s] DEBUG:colcon.colcon_core.verb:Building package 'mpc_car_acado' with the following arguments: {'ament_cmake_args': None, 'build_base': '/home/vivek/On-Codes/Batch-Opt-Highway-Driving/ros_ws/build/mpc_car_acado', 'catkin_cmake_args': None, 'catkin_skip_building_tests': False, 'cmake_args': None, 'cmake_clean_cache': False, 'cmake_clean_first': False, 'cmake_force_configure': False, 'cmake_target': None, 'cmake_target_skip_unavailable': False, 'install_base': '/home/vivek/On-Codes/Batch-Opt-Highway-Driving/ros_ws/install/mpc_car_acado', 'merge_install': False, 'path': '/home/vivek/On-Codes/Batch-Opt-Highway-Driving/ros_ws/src/mpc_car_acado', 'symlink_install': False, 'test_result_base': None}
[24.750s] Level 5:colcon.colcon_core.verb:set package 'mpc_car_acado_single' build argument 'cmake_args' from command line to 'None'
[24.750s] Level 5:colcon.colcon_core.verb:set package 'mpc_car_acado_single' build argument 'cmake_target' from command line to 'None'
[24.751s] Level 5:colcon.colcon_core.verb:set package 'mpc_car_acado_single' build argument 'cmake_target_skip_unavailable' from command line to 'False'
[24.751s] Level 5:colcon.colcon_core.verb:set package 'mpc_car_acado_single' build argument 'cmake_clean_cache' from command line to 'False'
[24.751s] Level 5:colcon.colcon_core.verb:set package 'mpc_car_acado_single' build argument 'cmake_clean_first' from command line to 'False'
[24.751s] Level 5:colcon.colcon_core.verb:set package 'mpc_car_acado_single' build argument 'cmake_force_configure' from command line to 'False'
[24.751s] Level 5:colcon.colcon_core.verb:set package 'mpc_car_acado_single' build argument 'ament_cmake_args' from command line to 'None'
[24.751s] Level 5:colcon.colcon_core.verb:set package 'mpc_car_acado_single' build argument 'catkin_cmake_args' from command line to 'None'
[24.751s] Level 5:colcon.colcon_core.verb:set package 'mpc_car_acado_single' build argument 'catkin_skip_building_tests' from command line to 'False'
[24.751s] DEBUG:colcon.colcon_core.verb:Building package 'mpc_car_acado_single' with the following arguments: {'ament_cmake_args': None, 'build_base': '/home/vivek/On-Codes/Batch-Opt-Highway-Driving/ros_ws/build/mpc_car_acado_single', 'catkin_cmake_args': None, 'catkin_skip_building_tests': False, 'cmake_args': None, 'cmake_clean_cache': False, 'cmake_clean_first': False, 'cmake_force_configure': False, 'cmake_target': None, 'cmake_target_skip_unavailable': False, 'install_base': '/home/vivek/On-Codes/Batch-Opt-Highway-Driving/ros_ws/install/mpc_car_acado_single', 'merge_install': False, 'path': '/home/vivek/On-Codes/Batch-Opt-Highway-Driving/ros_ws/src/mpc_car_acado_single', 'symlink_install': False, 'test_result_base': None}
[24.754s] Level 5:colcon.colcon_core.verb:set package 'mpc_car_batch' build argument 'cmake_args' from command line to 'None'
[24.754s] Level 5:colcon.colcon_core.verb:set package 'mpc_car_batch' build argument 'cmake_target' from command line to 'None'
[24.754s] Level 5:colcon.colcon_core.verb:set package 'mpc_car_batch' build argument 'cmake_target_skip_unavailable' from command line to 'False'
[24.754s] Level 5:colcon.colcon_core.verb:set package 'mpc_car_batch' build argument 'cmake_clean_cache' from command line to 'False'
[24.754s] Level 5:colcon.colcon_core.verb:set package 'mpc_car_batch' build argument 'cmake_clean_first' from command line to 'False'
[24.754s] Level 5:colcon.colcon_core.verb:set package 'mpc_car_batch' build argument 'cmake_force_configure' from command line to 'False'
[24.754s] Level 5:colcon.colcon_core.verb:set package 'mpc_car_batch' build argument 'ament_cmake_args' from command line to 'None'
[24.754s] Level 5:colcon.colcon_core.verb:set package 'mpc_car_batch' build argument 'catkin_cmake_args' from command line to 'None'
[24.754s] Level 5:colcon.colcon_core.verb:set package 'mpc_car_batch' build argument 'catkin_skip_building_tests' from command line to 'False'
[24.754s] DEBUG:colcon.colcon_core.verb:Building package 'mpc_car_batch' with the following arguments: {'ament_cmake_args': None, 'build_base': '/home/vivek/On-Codes/Batch-Opt-Highway-Driving/ros_ws/build/mpc_car_batch', 'catkin_cmake_args': None, 'catkin_skip_building_tests': False, 'cmake_args': None, 'cmake_clean_cache': False, 'cmake_clean_first': False, 'cmake_force_configure': False, 'cmake_target': None, 'cmake_target_skip_unavailable': False, 'install_base': '/home/vivek/On-Codes/Batch-Opt-Highway-Driving/ros_ws/install/mpc_car_batch', 'merge_install': False, 'path': '/home/vivek/On-Codes/Batch-Opt-Highway-Driving/ros_ws/src/mpc_car_batch', 'symlink_install': False, 'test_result_base': None}
[24.754s] INFO:colcon.colcon_core.executor:Executing jobs using 'parallel' executor
[24.758s] DEBUG:colcon.colcon_parallel_executor.executor.parallel:run_until_complete
[24.758s] INFO:colcon.colcon_ros.task.ament_cmake.build:Building ROS package in '/home/vivek/On-Codes/Batch-Opt-Highway-Driving/ros_ws/src/msgs_car' with build type 'ament_cmake'
[24.758s] INFO:colcon.colcon_cmake.task.cmake.build:Building CMake package in '/home/vivek/On-Codes/Batch-Opt-Highway-Driving/ros_ws/src/msgs_car'
[24.775s] INFO:colcon.colcon_core.plugin_system:Skipping extension 'colcon_core.shell.bat': Not used on non-Windows systems
[24.776s] INFO:colcon.colcon_core.shell:Skip shell extension 'powershell' for command environment: Not usable outside of PowerShell
[24.776s] DEBUG:colcon.colcon_core.shell:Skip shell extension 'dsv' for command environment
[24.780s] DEBUG:colcon.colcon_core.shell:Ignoring prefix path '/opt/ros/foxy'
[24.793s] DEBUG:colcon.colcon_core.event_handler.log_command:Invoking command in '/home/vivek/On-Codes/Batch-Opt-Highway-Driving/ros_ws/build/msgs_car': CMAKE_PREFIX_PATH=/opt/ros/foxy /usr/bin/cmake /home/vivek/On-Codes/Batch-Opt-Highway-Driving/ros_ws/src/msgs_car -DCMAKE_INSTALL_PREFIX=/home/vivek/On-Codes/Batch-Opt-Highway-Driving/ros_ws/install/msgs_car
[37.778s] DEBUG:colcon.colcon_parallel_executor.executor.parallel:run_until_complete was interrupted
[37.778s] DEBUG:colcon.colcon_parallel_executor.executor.parallel:run_until_complete again
[37.781s] Level 1:colcon.colcon_core.environment:create_environment_scripts_only(msgs_car)
[37.783s] DEBUG:colcon.colcon_core.event_handler.log_command:Invoked command in '/home/vivek/On-Codes/Batch-Opt-Highway-Driving/ros_ws/build/msgs_car' returned '-2': CMAKE_PREFIX_PATH=/opt/ros/foxy /usr/bin/cmake /home/vivek/On-Codes/Batch-Opt-Highway-Driving/ros_ws/src/msgs_car -DCMAKE_INSTALL_PREFIX=/home/vivek/On-Codes/Batch-Opt-Highway-Driving/ros_ws/install/msgs_car
