[1.018s] Invoking command in '/home/vivek/On-Codes/Batch-Opt-Highway-Driving/ros_ws/build/msgs_car': CMAKE_PREFIX_PATH=${CMAKE_PREFIX_PATH}:/home/vivek/On-Codes/Batch-Opt-Highway-Driving/ros_ws/install/highway_car:/home/vivek/On-Codes/Batch-Opt-Highway-Driving/ros_ws/install/frenet_car:/opt/ros/foxy /usr/bin/cmake --build /home/vivek/On-Codes/Batch-Opt-Highway-Driving/ros_ws/build/msgs_car -- -j4 -l4
[1.082s] [ 10%] Built target msgs_car__rosidl_generator_c
[1.110s] [ 12%] Built target msgs_car__cpp
[1.123s] [ 23%] Built target msgs_car__rosidl_typesupport_c
[1.142s] [ 33%] Built target msgs_car__rosidl_typesupport_introspection_c
[1.166s] [ 43%] Built target msgs_car__rosidl_typesupport_fastrtps_cpp
[1.171s] [ 53%] Built target msgs_car__rosidl_typesupport_introspection_cpp
[1.178s] [ 64%] Built target msgs_car__rosidl_typesupport_cpp
[1.206s] [ 74%] Built target msgs_car__rosidl_typesupport_fastrtps_c
[1.228s] [ 74%] Built target msgs_car
[1.253s] [ 76%] Built target msgs_car__py
[1.284s] [ 84%] Built target msgs_car__python
[1.328s] [ 89%] Built target msgs_car__rosidl_typesupport_fastrtps_c__pyext
[1.330s] [ 94%] Built target msgs_car__rosidl_typesupport_c__pyext
[1.338s] [100%] Built target msgs_car__rosidl_typesupport_introspection_c__pyext
[1.352s] Invoked command in '/home/vivek/On-Codes/Batch-Opt-Highway-Driving/ros_ws/build/msgs_car' returned '0': CMAKE_PREFIX_PATH=${CMAKE_PREFIX_PATH}:/home/vivek/On-Codes/Batch-Opt-Highway-Driving/ros_ws/install/highway_car:/home/vivek/On-Codes/Batch-Opt-Highway-Driving/ros_ws/install/frenet_car:/opt/ros/foxy /usr/bin/cmake --build /home/vivek/On-Codes/Batch-Opt-Highway-Driving/ros_ws/build/msgs_car -- -j4 -l4
[1.439s] Invoking command in '/home/vivek/On-Codes/Batch-Opt-Highway-Driving/ros_ws/build/msgs_car': CMAKE_PREFIX_PATH=${CMAKE_PREFIX_PATH}:/home/vivek/On-Codes/Batch-Opt-Highway-Driving/ros_ws/install/highway_car:/home/vivek/On-Codes/Batch-Opt-Highway-Driving/ros_ws/install/frenet_car:/opt/ros/foxy /usr/bin/cmake --install /home/vivek/On-Codes/Batch-Opt-Highway-Driving/ros_ws/build/msgs_car
[1.451s] -- Install configuration: ""
[1.452s] -- Up-to-date: /home/vivek/On-Codes/Batch-Opt-Highway-Driving/ros_ws/install/msgs_car/share/ament_index/resource_index/rosidl_interfaces/msgs_car
[1.453s] -- Up-to-date: /home/vivek/On-Codes/Batch-Opt-Highway-Driving/ros_ws/install/msgs_car/include/msgs_car
[1.453s] -- Up-to-date: /home/vivek/On-Codes/Batch-Opt-Highway-Driving/ros_ws/install/msgs_car/include/msgs_car/msg
[1.453s] -- Up-to-date: /home/vivek/On-Codes/Batch-Opt-Highway-Driving/ros_ws/install/msgs_car/include/msgs_car/msg/controls.h
[1.454s] -- Up-to-date: /home/vivek/On-Codes/Batch-Opt-Highway-Driving/ros_ws/install/msgs_car/include/msgs_car/msg/states.h
[1.454s] -- Up-to-date: /home/vivek/On-Codes/Batch-Opt-Highway-Driving/ros_ws/install/msgs_car/include/msgs_car/msg/detail
[1.454s] -- Up-to-date: /home/vivek/On-Codes/Batch-Opt-Highway-Driving/ros_ws/install/msgs_car/include/msgs_car/msg/detail/controls__functions.c
[1.454s] -- Up-to-date: /home/vivek/On-Codes/Batch-Opt-Highway-Driving/ros_ws/install/msgs_car/include/msgs_car/msg/detail/controls__type_support.h
[1.454s] -- Up-to-date: /home/vivek/On-Codes/Batch-Opt-Highway-Driving/ros_ws/install/msgs_car/include/msgs_car/msg/detail/controls__struct.h
[1.457s] -- Up-to-date: /home/vivek/On-Codes/Batch-Opt-Highway-Driving/ros_ws/install/msgs_car/include/msgs_car/msg/detail/states__functions.h
[1.457s] -- Up-to-date: /home/vivek/On-Codes/Batch-Opt-Highway-Driving/ros_ws/install/msgs_car/include/msgs_car/msg/detail/states__functions.c
[1.457s] -- Up-to-date: /home/vivek/On-Codes/Batch-Opt-Highway-Driving/ros_ws/install/msgs_car/include/msgs_car/msg/detail/states__struct.h
[1.457s] -- Up-to-date: /home/vivek/On-Codes/Batch-Opt-Highway-Driving/ros_ws/install/msgs_car/include/msgs_car/msg/detail/controls__functions.h
[1.457s] -- Up-to-date: /home/vivek/On-Codes/Batch-Opt-Highway-Driving/ros_ws/install/msgs_car/include/msgs_car/msg/detail/states__type_support.h
[1.458s] -- Up-to-date: /home/vivek/On-Codes/Batch-Opt-Highway-Driving/ros_ws/install/msgs_car/include/msgs_car/msg/rosidl_generator_c__visibility_control.h
[1.458s] -- Up-to-date: /home/vivek/On-Codes/Batch-Opt-Highway-Driving/ros_ws/install/msgs_car/share/msgs_car/environment/library_path.sh
[1.458s] -- Up-to-date: /home/vivek/On-Codes/Batch-Opt-Highway-Driving/ros_ws/install/msgs_car/share/msgs_car/environment/library_path.dsv
[1.459s] -- Up-to-date: /home/vivek/On-Codes/Batch-Opt-Highway-Driving/ros_ws/install/msgs_car/lib/libmsgs_car__rosidl_generator_c.so
[1.459s] -- Up-to-date: /home/vivek/On-Codes/Batch-Opt-Highway-Driving/ros_ws/install/msgs_car/include/msgs_car
[1.459s] -- Up-to-date: /home/vivek/On-Codes/Batch-Opt-Highway-Driving/ros_ws/install/msgs_car/include/msgs_car/msg
[1.459s] -- Up-to-date: /home/vivek/On-Codes/Batch-Opt-Highway-Driving/ros_ws/install/msgs_car/include/msgs_car/msg/rosidl_typesupport_fastrtps_c__visibility_control.h
[1.460s] -- Up-to-date: /home/vivek/On-Codes/Batch-Opt-Highway-Driving/ros_ws/install/msgs_car/include/msgs_car/msg/detail
[1.460s] -- Up-to-date: /home/vivek/On-Codes/Batch-Opt-Highway-Driving/ros_ws/install/msgs_car/include/msgs_car/msg/detail/states__rosidl_typesupport_fastrtps_c.h
[1.460s] -- Up-to-date: /home/vivek/On-Codes/Batch-Opt-Highway-Driving/ros_ws/install/msgs_car/include/msgs_car/msg/detail/controls__rosidl_typesupport_fastrtps_c.h
[1.460s] -- Up-to-date: /home/vivek/On-Codes/Batch-Opt-Highway-Driving/ros_ws/install/msgs_car/lib/libmsgs_car__rosidl_typesupport_fastrtps_c.so
[1.461s] -- Up-to-date: /home/vivek/On-Codes/Batch-Opt-Highway-Driving/ros_ws/install/msgs_car/include/msgs_car
[1.461s] -- Up-to-date: /home/vivek/On-Codes/Batch-Opt-Highway-Driving/ros_ws/install/msgs_car/include/msgs_car/msg
[1.462s] -- Up-to-date: /home/vivek/On-Codes/Batch-Opt-Highway-Driving/ros_ws/install/msgs_car/include/msgs_car/msg/rosidl_typesupport_fastrtps_cpp__visibility_control.h
[1.462s] -- Up-to-date: /home/vivek/On-Codes/Batch-Opt-Highway-Driving/ros_ws/install/msgs_car/include/msgs_car/msg/detail
[1.462s] -- Up-to-date: /home/vivek/On-Codes/Batch-Opt-Highway-Driving/ros_ws/install/msgs_car/include/msgs_car/msg/detail/dds_fastrtps
[1.462s] -- Up-to-date: /home/vivek/On-Codes/Batch-Opt-Highway-Driving/ros_ws/install/msgs_car/include/msgs_car/msg/detail/controls__rosidl_typesupport_fastrtps_cpp.hpp
[1.462s] -- Up-to-date: /home/vivek/On-Codes/Batch-Opt-Highway-Driving/ros_ws/install/msgs_car/include/msgs_car/msg/detail/states__rosidl_typesupport_fastrtps_cpp.hpp
[1.462s] -- Up-to-date: /home/vivek/On-Codes/Batch-Opt-Highway-Driving/ros_ws/install/msgs_car/lib/libmsgs_car__rosidl_typesupport_fastrtps_cpp.so
[1.462s] -- Up-to-date: /home/vivek/On-Codes/Batch-Opt-Highway-Driving/ros_ws/install/msgs_car/include/msgs_car
[1.462s] -- Up-to-date: /home/vivek/On-Codes/Batch-Opt-Highway-Driving/ros_ws/install/msgs_car/include/msgs_car/msg
[1.462s] -- Up-to-date: /home/vivek/On-Codes/Batch-Opt-Highway-Driving/ros_ws/install/msgs_car/include/msgs_car/msg/rosidl_typesupport_introspection_c__visibility_control.h
[1.462s] -- Up-to-date: /home/vivek/On-Codes/Batch-Opt-Highway-Driving/ros_ws/install/msgs_car/include/msgs_car/msg/detail
[1.463s] -- Up-to-date: /home/vivek/On-Codes/Batch-Opt-Highway-Driving/ros_ws/install/msgs_car/include/msgs_car/msg/detail/states__type_support.c
[1.463s] -- Up-to-date: /home/vivek/On-Codes/Batch-Opt-Highway-Driving/ros_ws/install/msgs_car/include/msgs_car/msg/detail/controls__rosidl_typesupport_introspection_c.h
[1.463s] -- Up-to-date: /home/vivek/On-Codes/Batch-Opt-Highway-Driving/ros_ws/install/msgs_car/include/msgs_car/msg/detail/states__rosidl_typesupport_introspection_c.h
[1.463s] -- Up-to-date: /home/vivek/On-Codes/Batch-Opt-Highway-Driving/ros_ws/install/msgs_car/include/msgs_car/msg/detail/controls__type_support.c
[1.463s] -- Up-to-date: /home/vivek/On-Codes/Batch-Opt-Highway-Driving/ros_ws/install/msgs_car/lib/libmsgs_car__rosidl_typesupport_introspection_c.so
[1.463s] -- Up-to-date: /home/vivek/On-Codes/Batch-Opt-Highway-Driving/ros_ws/install/msgs_car/lib/libmsgs_car__rosidl_typesupport_c.so
[1.464s] -- Up-to-date: /home/vivek/On-Codes/Batch-Opt-Highway-Driving/ros_ws/install/msgs_car/include/msgs_car
[1.464s] -- Up-to-date: /home/vivek/On-Codes/Batch-Opt-Highway-Driving/ros_ws/install/msgs_car/include/msgs_car/msg
[1.464s] -- Up-to-date: /home/vivek/On-Codes/Batch-Opt-Highway-Driving/ros_ws/install/msgs_car/include/msgs_car/msg/controls.hpp
[1.464s] -- Up-to-date: /home/vivek/On-Codes/Batch-Opt-Highway-Driving/ros_ws/install/msgs_car/include/msgs_car/msg/detail
[1.464s] -- Up-to-date: /home/vivek/On-Codes/Batch-Opt-Highway-Driving/ros_ws/install/msgs_car/include/msgs_car/msg/detail/controls__struct.hpp
[1.464s] -- Up-to-date: /home/vivek/On-Codes/Batch-Opt-Highway-Driving/ros_ws/install/msgs_car/include/msgs_car/msg/detail/controls__builder.hpp
[1.464s] -- Up-to-date: /home/vivek/On-Codes/Batch-Opt-Highway-Driving/ros_ws/install/msgs_car/include/msgs_car/msg/detail/states__builder.hpp
[1.464s] -- Up-to-date: /home/vivek/On-Codes/Batch-Opt-Highway-Driving/ros_ws/install/msgs_car/include/msgs_car/msg/detail/states__struct.hpp
[1.464s] -- Up-to-date: /home/vivek/On-Codes/Batch-Opt-Highway-Driving/ros_ws/install/msgs_car/include/msgs_car/msg/detail/states__traits.hpp
[1.464s] -- Up-to-date: /home/vivek/On-Codes/Batch-Opt-Highway-Driving/ros_ws/install/msgs_car/include/msgs_car/msg/detail/controls__traits.hpp
[1.464s] -- Up-to-date: /home/vivek/On-Codes/Batch-Opt-Highway-Driving/ros_ws/install/msgs_car/include/msgs_car/msg/states.hpp
[1.465s] -- Up-to-date: /home/vivek/On-Codes/Batch-Opt-Highway-Driving/ros_ws/install/msgs_car/include/msgs_car
[1.465s] -- Up-to-date: /home/vivek/On-Codes/Batch-Opt-Highway-Driving/ros_ws/install/msgs_car/include/msgs_car/msg
[1.465s] -- Up-to-date: /home/vivek/On-Codes/Batch-Opt-Highway-Driving/ros_ws/install/msgs_car/include/msgs_car/msg/detail
[1.465s] -- Up-to-date: /home/vivek/On-Codes/Batch-Opt-Highway-Driving/ros_ws/install/msgs_car/include/msgs_car/msg/detail/controls__rosidl_typesupport_introspection_cpp.hpp
[1.465s] -- Up-to-date: /home/vivek/On-Codes/Batch-Opt-Highway-Driving/ros_ws/install/msgs_car/include/msgs_car/msg/detail/states__type_support.cpp
[1.465s] -- Up-to-date: /home/vivek/On-Codes/Batch-Opt-Highway-Driving/ros_ws/install/msgs_car/include/msgs_car/msg/detail/states__rosidl_typesupport_introspection_cpp.hpp
[1.465s] -- Up-to-date: /home/vivek/On-Codes/Batch-Opt-Highway-Driving/ros_ws/install/msgs_car/include/msgs_car/msg/detail/controls__type_support.cpp
[1.465s] -- Up-to-date: /home/vivek/On-Codes/Batch-Opt-Highway-Driving/ros_ws/install/msgs_car/lib/libmsgs_car__rosidl_typesupport_introspection_cpp.so
[1.465s] -- Up-to-date: /home/vivek/On-Codes/Batch-Opt-Highway-Driving/ros_ws/install/msgs_car/lib/libmsgs_car__rosidl_typesupport_cpp.so
[1.465s] -- Up-to-date: /home/vivek/On-Codes/Batch-Opt-Highway-Driving/ros_ws/install/msgs_car/share/msgs_car/environment/pythonpath.sh
[1.465s] -- Up-to-date: /home/vivek/On-Codes/Batch-Opt-Highway-Driving/ros_ws/install/msgs_car/share/msgs_car/environment/pythonpath.dsv
[1.466s] -- Up-to-date: /home/vivek/On-Codes/Batch-Opt-Highway-Driving/ros_ws/install/msgs_car/lib/python3.8/site-packages/msgs_car/__init__.py
[1.511s] -- Up-to-date: /home/vivek/On-Codes/Batch-Opt-Highway-Driving/ros_ws/install/msgs_car/lib/python3.8/site-packages/msgs_car/msg
[1.512s] -- Up-to-date: /home/vivek/On-Codes/Batch-Opt-Highway-Driving/ros_ws/install/msgs_car/lib/python3.8/site-packages/msgs_car/msg/_controls_s.c
[1.512s] -- Up-to-date: /home/vivek/On-Codes/Batch-Opt-Highway-Driving/ros_ws/install/msgs_car/lib/python3.8/site-packages/msgs_car/msg/_states_s.c
[1.512s] -- Up-to-date: /home/vivek/On-Codes/Batch-Opt-Highway-Driving/ros_ws/install/msgs_car/lib/python3.8/site-packages/msgs_car/msg/_states.py
[1.512s] -- Up-to-date: /home/vivek/On-Codes/Batch-Opt-Highway-Driving/ros_ws/install/msgs_car/lib/python3.8/site-packages/msgs_car/msg/__init__.py
[1.512s] -- Up-to-date: /home/vivek/On-Codes/Batch-Opt-Highway-Driving/ros_ws/install/msgs_car/lib/python3.8/site-packages/msgs_car/msg/_controls.py
[1.512s] -- Up-to-date: /home/vivek/On-Codes/Batch-Opt-Highway-Driving/ros_ws/install/msgs_car/lib/python3.8/site-packages/msgs_car/msgs_car_s__rosidl_typesupport_fastrtps_c.cpython-38-x86_64-linux-gnu.so
[1.512s] -- Up-to-date: /home/vivek/On-Codes/Batch-Opt-Highway-Driving/ros_ws/install/msgs_car/lib/python3.8/site-packages/msgs_car/msgs_car_s__rosidl_typesupport_introspection_c.cpython-38-x86_64-linux-gnu.so
[1.512s] -- Up-to-date: /home/vivek/On-Codes/Batch-Opt-Highway-Driving/ros_ws/install/msgs_car/lib/python3.8/site-packages/msgs_car/msgs_car_s__rosidl_typesupport_c.cpython-38-x86_64-linux-gnu.so
[1.512s] -- Up-to-date: /home/vivek/On-Codes/Batch-Opt-Highway-Driving/ros_ws/install/msgs_car/lib/libmsgs_car__python.so
[1.512s] -- Up-to-date: /home/vivek/On-Codes/Batch-Opt-Highway-Driving/ros_ws/install/msgs_car/share/msgs_car/msg/States.idl
[1.512s] -- Up-to-date: /home/vivek/On-Codes/Batch-Opt-Highway-Driving/ros_ws/install/msgs_car/share/msgs_car/msg/Controls.idl
[1.512s] -- Up-to-date: /home/vivek/On-Codes/Batch-Opt-Highway-Driving/ros_ws/install/msgs_car/share/msgs_car/msg/States.msg
[1.512s] -- Up-to-date: /home/vivek/On-Codes/Batch-Opt-Highway-Driving/ros_ws/install/msgs_car/share/msgs_car/msg/Controls.msg
[1.513s] -- Up-to-date: /home/vivek/On-Codes/Batch-Opt-Highway-Driving/ros_ws/install/msgs_car/share/ament_index/resource_index/package_run_dependencies/msgs_car
[1.513s] -- Up-to-date: /home/vivek/On-Codes/Batch-Opt-Highway-Driving/ros_ws/install/msgs_car/share/ament_index/resource_index/parent_prefix_path/msgs_car
[1.513s] -- Up-to-date: /home/vivek/On-Codes/Batch-Opt-Highway-Driving/ros_ws/install/msgs_car/share/msgs_car/environment/ament_prefix_path.sh
[1.513s] -- Up-to-date: /home/vivek/On-Codes/Batch-Opt-Highway-Driving/ros_ws/install/msgs_car/share/msgs_car/environment/ament_prefix_path.dsv
[1.513s] -- Up-to-date: /home/vivek/On-Codes/Batch-Opt-Highway-Driving/ros_ws/install/msgs_car/share/msgs_car/environment/path.sh
[1.513s] -- Up-to-date: /home/vivek/On-Codes/Batch-Opt-Highway-Driving/ros_ws/install/msgs_car/share/msgs_car/environment/path.dsv
[1.513s] -- Up-to-date: /home/vivek/On-Codes/Batch-Opt-Highway-Driving/ros_ws/install/msgs_car/share/msgs_car/local_setup.bash
[1.513s] -- Up-to-date: /home/vivek/On-Codes/Batch-Opt-Highway-Driving/ros_ws/install/msgs_car/share/msgs_car/local_setup.sh
[1.513s] -- Up-to-date: /home/vivek/On-Codes/Batch-Opt-Highway-Driving/ros_ws/install/msgs_car/share/msgs_car/local_setup.zsh
[1.513s] -- Up-to-date: /home/vivek/On-Codes/Batch-Opt-Highway-Driving/ros_ws/install/msgs_car/share/msgs_car/local_setup.dsv
[1.513s] -- Installing: /home/vivek/On-Codes/Batch-Opt-Highway-Driving/ros_ws/install/msgs_car/share/msgs_car/package.dsv
[1.513s] -- Up-to-date: /home/vivek/On-Codes/Batch-Opt-Highway-Driving/ros_ws/install/msgs_car/share/ament_index/resource_index/packages/msgs_car
[1.513s] -- Up-to-date: /home/vivek/On-Codes/Batch-Opt-Highway-Driving/ros_ws/install/msgs_car/share/msgs_car/cmake/msgs_car__rosidl_generator_cExport.cmake
[1.514s] -- Up-to-date: /home/vivek/On-Codes/Batch-Opt-Highway-Driving/ros_ws/install/msgs_car/share/msgs_car/cmake/msgs_car__rosidl_generator_cExport-noconfig.cmake
[1.514s] -- Up-to-date: /home/vivek/On-Codes/Batch-Opt-Highway-Driving/ros_ws/install/msgs_car/share/msgs_car/cmake/msgs_car__rosidl_typesupport_introspection_cExport.cmake
[1.514s] -- Up-to-date: /home/vivek/On-Codes/Batch-Opt-Highway-Driving/ros_ws/install/msgs_car/share/msgs_car/cmake/msgs_car__rosidl_typesupport_introspection_cExport-noconfig.cmake
[1.514s] -- Up-to-date: /home/vivek/On-Codes/Batch-Opt-Highway-Driving/ros_ws/install/msgs_car/share/msgs_car/cmake/msgs_car__rosidl_typesupport_cExport.cmake
[1.514s] -- Up-to-date: /home/vivek/On-Codes/Batch-Opt-Highway-Driving/ros_ws/install/msgs_car/share/msgs_car/cmake/msgs_car__rosidl_typesupport_cExport-noconfig.cmake
[1.514s] -- Up-to-date: /home/vivek/On-Codes/Batch-Opt-Highway-Driving/ros_ws/install/msgs_car/share/msgs_car/cmake/msgs_car__rosidl_generator_cppExport.cmake
[1.514s] -- Up-to-date: /home/vivek/On-Codes/Batch-Opt-Highway-Driving/ros_ws/install/msgs_car/share/msgs_car/cmake/msgs_car__rosidl_typesupport_introspection_cppExport.cmake
[1.514s] -- Up-to-date: /home/vivek/On-Codes/Batch-Opt-Highway-Driving/ros_ws/install/msgs_car/share/msgs_car/cmake/msgs_car__rosidl_typesupport_introspection_cppExport-noconfig.cmake
[1.514s] -- Up-to-date: /home/vivek/On-Codes/Batch-Opt-Highway-Driving/ros_ws/install/msgs_car/share/msgs_car/cmake/msgs_car__rosidl_typesupport_cppExport.cmake
[1.514s] -- Up-to-date: /home/vivek/On-Codes/Batch-Opt-Highway-Driving/ros_ws/install/msgs_car/share/msgs_car/cmake/msgs_car__rosidl_typesupport_cppExport-noconfig.cmake
[1.514s] -- Up-to-date: /home/vivek/On-Codes/Batch-Opt-Highway-Driving/ros_ws/install/msgs_car/share/msgs_car/cmake/rosidl_cmake-extras.cmake
[1.516s] -- Up-to-date: /home/vivek/On-Codes/Batch-Opt-Highway-Driving/ros_ws/install/msgs_car/share/msgs_car/cmake/ament_cmake_export_dependencies-extras.cmake
[1.516s] -- Up-to-date: /home/vivek/On-Codes/Batch-Opt-Highway-Driving/ros_ws/install/msgs_car/share/msgs_car/cmake/ament_cmake_export_libraries-extras.cmake
[1.516s] -- Up-to-date: /home/vivek/On-Codes/Batch-Opt-Highway-Driving/ros_ws/install/msgs_car/share/msgs_car/cmake/ament_cmake_export_targets-extras.cmake
[1.516s] -- Up-to-date: /home/vivek/On-Codes/Batch-Opt-Highway-Driving/ros_ws/install/msgs_car/share/msgs_car/cmake/ament_cmake_export_include_directories-extras.cmake
[1.516s] -- Up-to-date: /home/vivek/On-Codes/Batch-Opt-Highway-Driving/ros_ws/install/msgs_car/share/msgs_car/cmake/rosidl_cmake_export_typesupport_libraries-extras.cmake
[1.516s] -- Up-to-date: /home/vivek/On-Codes/Batch-Opt-Highway-Driving/ros_ws/install/msgs_car/share/msgs_car/cmake/rosidl_cmake_export_typesupport_targets-extras.cmake
[1.516s] -- Up-to-date: /home/vivek/On-Codes/Batch-Opt-Highway-Driving/ros_ws/install/msgs_car/share/msgs_car/cmake/msgs_carConfig.cmake
[1.516s] -- Up-to-date: /home/vivek/On-Codes/Batch-Opt-Highway-Driving/ros_ws/install/msgs_car/share/msgs_car/cmake/msgs_carConfig-version.cmake
[1.516s] -- Up-to-date: /home/vivek/On-Codes/Batch-Opt-Highway-Driving/ros_ws/install/msgs_car/share/msgs_car/package.xml
[1.725s] Invoked command in '/home/vivek/On-Codes/Batch-Opt-Highway-Driving/ros_ws/build/msgs_car' returned '0': CMAKE_PREFIX_PATH=${CMAKE_PREFIX_PATH}:/home/vivek/On-Codes/Batch-Opt-Highway-Driving/ros_ws/install/highway_car:/home/vivek/On-Codes/Batch-Opt-Highway-Driving/ros_ws/install/frenet_car:/opt/ros/foxy /usr/bin/cmake --install /home/vivek/On-Codes/Batch-Opt-Highway-Driving/ros_ws/build/msgs_car
