[0.370s] Invoking command in '/home/lenovo/ros2_foxy/src/Batch-Opt-Highway-Driving/ros_ws/src/highway_car': AMENT_PREFIX_PATH=/home/lenovo/ros2_foxy/src/Batch-Opt-Highway-Driving/ros_ws/install/msgs_car:${AMENT_PREFIX_PATH} CMAKE_PREFIX_PATH=/home/lenovo/ros2_foxy/src/Batch-Opt-Highway-Driving/ros_ws/install/msgs_car:${CMAKE_PREFIX_PATH} LD_LIBRARY_PATH=/home/lenovo/ros2_foxy/src/Batch-Opt-Highway-Driving/ros_ws/install/msgs_car/lib:/home/lenovo/ros2_foxy/install/msgs_car/lib:/home/lenovo/ros2_foxy/install/rviz2_plugin/lib:/home/lenovo/ros2_foxy/install/rmf_workcell_msgs/lib:/home/lenovo/ros2_foxy/install/rmf_task_ros2/lib:/home/lenovo/ros2_foxy/install/rmf_fleet_adapter/lib:/home/lenovo/ros2_foxy/install/rmf_traffic_ros2/lib:/home/lenovo/ros2_foxy/install/rmf_task/lib:/home/lenovo/ros2_foxy/install/rmf_rviz_plugin/lib:/home/lenovo/ros2_foxy/install/rmf_battery/lib:/home/lenovo/ros2_foxy/install/rmf_traffic/lib:/home/lenovo/ros2_foxy/install/rmf_traffic_msgs/lib:/home/lenovo/ros2_foxy/install/rmf_task_msgs/lib:/home/lenovo/ros2_foxy/install/rmf_schedule_visualizer_msgs/lib:/home/lenovo/ros2_foxy/install/building_gazebo_plugins/lib:/home/lenovo/ros2_foxy/install/building_sim_common/lib:/home/lenovo/ros2_foxy/install/rmf_lift_msgs/lib:/home/lenovo/ros2_foxy/install/rmf_ingestor_msgs/lib:/home/lenovo/ros2_foxy/install/rmf_fleet_msgs/lib:/home/lenovo/ros2_foxy/install/rmf_door_msgs/lib:/home/lenovo/ros2_foxy/install/rmf_dispenser_msgs/lib:/home/lenovo/ros2_foxy/install/rmf_charger_msgs/lib:/home/lenovo/ros2_foxy/install/menge/lib:/home/lenovo/ros2_foxy/install/free_fleet/lib:/home/lenovo/ros2_foxy/install/building_map_msgs/lib:/usr/lib/x86_64-linux-gnu/gazebo-11/plugins:/opt/ros/foxy/opt/yaml_cpp_vendor/lib:/opt/ros/foxy/opt/rviz_ogre_vendor/lib:/opt/ros/foxy/lib/x86_64-linux-gnu:/opt/ros/foxy/lib:/usr/local/cuda-11.2/lib64 PYTHONPATH=/home/lenovo/ros2_foxy/src/Batch-Opt-Highway-Driving/ros_ws/install/highway_car/lib/python3.8/site-packages:/home/lenovo/ros2_foxy/src/Batch-Opt-Highway-Driving/ros_ws/install/msgs_car/lib/python3.8/site-packages:${PYTHONPATH} /usr/bin/python3 setup.py egg_info --egg-base ../../build/highway_car build --build-base /home/lenovo/ros2_foxy/src/Batch-Opt-Highway-Driving/ros_ws/build/highway_car/build install --prefix /home/lenovo/ros2_foxy/src/Batch-Opt-Highway-Driving/ros_ws/install/highway_car --record /home/lenovo/ros2_foxy/src/Batch-Opt-Highway-Driving/ros_ws/build/highway_car/install.log --single-version-externally-managed
[0.567s] running egg_info
[0.567s] creating ../../build/highway_car/highway_car.egg-info
[0.567s] writing ../../build/highway_car/highway_car.egg-info/PKG-INFO
[0.567s] writing dependency_links to ../../build/highway_car/highway_car.egg-info/dependency_links.txt
[0.567s] writing entry points to ../../build/highway_car/highway_car.egg-info/entry_points.txt
[0.568s] writing requirements to ../../build/highway_car/highway_car.egg-info/requires.txt
[0.568s] writing top-level names to ../../build/highway_car/highway_car.egg-info/top_level.txt
[0.568s] writing manifest file '../../build/highway_car/highway_car.egg-info/SOURCES.txt'
[0.607s] reading manifest file '../../build/highway_car/highway_car.egg-info/SOURCES.txt'
[0.608s] writing manifest file '../../build/highway_car/highway_car.egg-info/SOURCES.txt'
[0.608s] running build
[0.608s] running build_py
[0.608s] creating /home/lenovo/ros2_foxy/src/Batch-Opt-Highway-Driving/ros_ws/build/highway_car/build
[0.608s] creating /home/lenovo/ros2_foxy/src/Batch-Opt-Highway-Driving/ros_ws/build/highway_car/build/lib
[0.608s] creating /home/lenovo/ros2_foxy/src/Batch-Opt-Highway-Driving/ros_ws/build/highway_car/build/lib/highway_car
[0.608s] copying highway_car/highway_car2.py -> /home/lenovo/ros2_foxy/src/Batch-Opt-Highway-Driving/ros_ws/build/highway_car/build/lib/highway_car
[0.609s] copying highway_car/__init__.py -> /home/lenovo/ros2_foxy/src/Batch-Opt-Highway-Driving/ros_ws/build/highway_car/build/lib/highway_car
[0.609s] running install
[0.609s] running install_lib
[0.610s] creating /home/lenovo/ros2_foxy/src/Batch-Opt-Highway-Driving/ros_ws/install/highway_car/lib/python3.8/site-packages/highway_car
[0.610s] copying /home/lenovo/ros2_foxy/src/Batch-Opt-Highway-Driving/ros_ws/build/highway_car/build/lib/highway_car/highway_car2.py -> /home/lenovo/ros2_foxy/src/Batch-Opt-Highway-Driving/ros_ws/install/highway_car/lib/python3.8/site-packages/highway_car
[0.610s] copying /home/lenovo/ros2_foxy/src/Batch-Opt-Highway-Driving/ros_ws/build/highway_car/build/lib/highway_car/__init__.py -> /home/lenovo/ros2_foxy/src/Batch-Opt-Highway-Driving/ros_ws/install/highway_car/lib/python3.8/site-packages/highway_car
[0.610s] byte-compiling /home/lenovo/ros2_foxy/src/Batch-Opt-Highway-Driving/ros_ws/install/highway_car/lib/python3.8/site-packages/highway_car/highway_car2.py to highway_car2.cpython-38.pyc
[0.614s] byte-compiling /home/lenovo/ros2_foxy/src/Batch-Opt-Highway-Driving/ros_ws/install/highway_car/lib/python3.8/site-packages/highway_car/__init__.py to __init__.cpython-38.pyc
[0.614s] running install_data
[0.615s] creating /home/lenovo/ros2_foxy/src/Batch-Opt-Highway-Driving/ros_ws/install/highway_car/share/ament_index
[0.615s] creating /home/lenovo/ros2_foxy/src/Batch-Opt-Highway-Driving/ros_ws/install/highway_car/share/ament_index/resource_index
[0.615s] creating /home/lenovo/ros2_foxy/src/Batch-Opt-Highway-Driving/ros_ws/install/highway_car/share/ament_index/resource_index/packages
[0.615s] copying resource/highway_car -> /home/lenovo/ros2_foxy/src/Batch-Opt-Highway-Driving/ros_ws/install/highway_car/share/ament_index/resource_index/packages
[0.615s] copying package.xml -> /home/lenovo/ros2_foxy/src/Batch-Opt-Highway-Driving/ros_ws/install/highway_car/share/highway_car
[0.615s] running install_egg_info
[0.616s] Copying ../../build/highway_car/highway_car.egg-info to /home/lenovo/ros2_foxy/src/Batch-Opt-Highway-Driving/ros_ws/install/highway_car/lib/python3.8/site-packages/highway_car-0.0.0-py3.8.egg-info
[0.617s] running install_scripts
[0.631s] Installing highway_node2 script to /home/lenovo/ros2_foxy/src/Batch-Opt-Highway-Driving/ros_ws/install/highway_car/lib/highway_car
[0.631s] writing list of installed files to '/home/lenovo/ros2_foxy/src/Batch-Opt-Highway-Driving/ros_ws/build/highway_car/install.log'
[0.649s] Invoked command in '/home/lenovo/ros2_foxy/src/Batch-Opt-Highway-Driving/ros_ws/src/highway_car' returned '0': AMENT_PREFIX_PATH=/home/lenovo/ros2_foxy/src/Batch-Opt-Highway-Driving/ros_ws/install/msgs_car:${AMENT_PREFIX_PATH} CMAKE_PREFIX_PATH=/home/lenovo/ros2_foxy/src/Batch-Opt-Highway-Driving/ros_ws/install/msgs_car:${CMAKE_PREFIX_PATH} LD_LIBRARY_PATH=/home/lenovo/ros2_foxy/src/Batch-Opt-Highway-Driving/ros_ws/install/msgs_car/lib:/home/lenovo/ros2_foxy/install/msgs_car/lib:/home/lenovo/ros2_foxy/install/rviz2_plugin/lib:/home/lenovo/ros2_foxy/install/rmf_workcell_msgs/lib:/home/lenovo/ros2_foxy/install/rmf_task_ros2/lib:/home/lenovo/ros2_foxy/install/rmf_fleet_adapter/lib:/home/lenovo/ros2_foxy/install/rmf_traffic_ros2/lib:/home/lenovo/ros2_foxy/install/rmf_task/lib:/home/lenovo/ros2_foxy/install/rmf_rviz_plugin/lib:/home/lenovo/ros2_foxy/install/rmf_battery/lib:/home/lenovo/ros2_foxy/install/rmf_traffic/lib:/home/lenovo/ros2_foxy/install/rmf_traffic_msgs/lib:/home/lenovo/ros2_foxy/install/rmf_task_msgs/lib:/home/lenovo/ros2_foxy/install/rmf_schedule_visualizer_msgs/lib:/home/lenovo/ros2_foxy/install/building_gazebo_plugins/lib:/home/lenovo/ros2_foxy/install/building_sim_common/lib:/home/lenovo/ros2_foxy/install/rmf_lift_msgs/lib:/home/lenovo/ros2_foxy/install/rmf_ingestor_msgs/lib:/home/lenovo/ros2_foxy/install/rmf_fleet_msgs/lib:/home/lenovo/ros2_foxy/install/rmf_door_msgs/lib:/home/lenovo/ros2_foxy/install/rmf_dispenser_msgs/lib:/home/lenovo/ros2_foxy/install/rmf_charger_msgs/lib:/home/lenovo/ros2_foxy/install/menge/lib:/home/lenovo/ros2_foxy/install/free_fleet/lib:/home/lenovo/ros2_foxy/install/building_map_msgs/lib:/usr/lib/x86_64-linux-gnu/gazebo-11/plugins:/opt/ros/foxy/opt/yaml_cpp_vendor/lib:/opt/ros/foxy/opt/rviz_ogre_vendor/lib:/opt/ros/foxy/lib/x86_64-linux-gnu:/opt/ros/foxy/lib:/usr/local/cuda-11.2/lib64 PYTHONPATH=/home/lenovo/ros2_foxy/src/Batch-Opt-Highway-Driving/ros_ws/install/highway_car/lib/python3.8/site-packages:/home/lenovo/ros2_foxy/src/Batch-Opt-Highway-Driving/ros_ws/install/msgs_car/lib/python3.8/site-packages:${PYTHONPATH} /usr/bin/python3 setup.py egg_info --egg-base ../../build/highway_car build --build-base /home/lenovo/ros2_foxy/src/Batch-Opt-Highway-Driving/ros_ws/build/highway_car/build install --prefix /home/lenovo/ros2_foxy/src/Batch-Opt-Highway-Driving/ros_ws/install/highway_car --record /home/lenovo/ros2_foxy/src/Batch-Opt-Highway-Driving/ros_ws/build/highway_car/install.log --single-version-externally-managed
