[0.706s] DEBUG:colcon:Command line arguments: ['/usr/bin/colcon', 'build', '--packages-select', 'mpc_car_batch']
[0.706s] DEBUG:colcon:Parsed command line arguments: Namespace(ament_cmake_args=None, base_paths=['.'], build_base='build', catkin_cmake_args=None, catkin_skip_building_tests=False, cmake_args=None, cmake_clean_cache=False, cmake_clean_first=False, cmake_force_configure=False, cmake_target=None, cmake_target_skip_unavailable=False, continue_on_error=False, event_handlers=None, executor='parallel', ignore_user_meta=False, install_base='install', log_base=None, log_level=None, main=<bound method BuildVerb.main of <colcon_core.verb.build.BuildVerb object at 0x7f9567e20430>>, merge_install=False, metas=['./colcon.meta'], packages_above=None, packages_above_and_dependencies=None, packages_above_depth=None, packages_end=None, packages_ignore=None, packages_ignore_regex=None, packages_select=['mpc_car_batch'], packages_select_build_failed=False, packages_select_by_dep=None, packages_select_regex=None, packages_select_test_failures=False, packages_skip=None, packages_skip_build_finished=False, packages_skip_by_dep=None, packages_skip_regex=None, packages_skip_test_passed=False, packages_skip_up_to=None, packages_start=None, packages_up_to=None, packages_up_to_regex=None, parallel_workers=4, paths=None, symlink_install=False, test_result_base=None, verb_extension=<colcon_core.verb.build.BuildVerb object at 0x7f9567e20430>, verb_name='build', verb_parser=<colcon_defaults.argument_parser.defaults.DefaultArgumentsDecorator object at 0x7f9567e20970>)
[0.711s] Level 1:colcon.colcon_core.package_discovery:discover_packages(colcon_meta) check parameters
[0.711s] Level 1:colcon.colcon_core.package_discovery:discover_packages(recursive) check parameters
[0.711s] Level 1:colcon.colcon_core.package_discovery:discover_packages(ignore) check parameters
[0.711s] Level 1:colcon.colcon_core.package_discovery:discover_packages(path) check parameters
[0.711s] Level 1:colcon.colcon_core.package_discovery:discover_packages(colcon_meta) discover
[0.711s] Level 1:colcon.colcon_core.package_discovery:discover_packages(recursive) discover
[0.712s] INFO:colcon.colcon_core.package_discovery:Crawling recursively for packages in '/home/vivek/On-Codes/Batch-Opt-Highway-Driving/ros_ws'
[0.712s] Level 1:colcon.colcon_core.package_identification:_identify(.) by extensions ['ignore', 'ignore_ament_install']
[0.712s] Level 1:colcon.colcon_core.package_identification:_identify(.) by extension 'ignore'
[0.712s] Level 1:colcon.colcon_core.package_identification:_identify(.) by extension 'ignore_ament_install'
[0.712s] Level 1:colcon.colcon_core.package_identification:_identify(.) by extensions ['colcon_pkg']
[0.712s] Level 1:colcon.colcon_core.package_identification:_identify(.) by extension 'colcon_pkg'
[0.712s] Level 1:colcon.colcon_core.package_identification:_identify(.) by extensions ['colcon_meta']
[0.712s] Level 1:colcon.colcon_core.package_identification:_identify(.) by extension 'colcon_meta'
[0.712s] Level 1:colcon.colcon_core.package_identification:_identify(.) by extensions ['ros']
[0.712s] Level 1:colcon.colcon_core.package_identification:_identify(.) by extension 'ros'
[0.723s] Level 1:colcon.colcon_core.package_identification:_identify(.) by extensions ['cmake', 'python']
[0.723s] Level 1:colcon.colcon_core.package_identification:_identify(.) by extension 'cmake'
[0.723s] Level 1:colcon.colcon_core.package_identification:_identify(.) by extension 'python'
[0.723s] Level 1:colcon.colcon_core.package_identification:_identify(.) by extensions ['python_setup_py']
[0.723s] Level 1:colcon.colcon_core.package_identification:_identify(.) by extension 'python_setup_py'
[0.723s] Level 1:colcon.colcon_core.package_identification:_identify(build) by extensions ['ignore', 'ignore_ament_install']
[0.724s] Level 1:colcon.colcon_core.package_identification:_identify(build) by extension 'ignore'
[0.724s] Level 1:colcon.colcon_core.package_identification:_identify(build) ignored
[0.724s] Level 1:colcon.colcon_core.package_identification:_identify(install) by extensions ['ignore', 'ignore_ament_install']
[0.724s] Level 1:colcon.colcon_core.package_identification:_identify(install) by extension 'ignore'
[0.724s] Level 1:colcon.colcon_core.package_identification:_identify(install) ignored
[0.724s] Level 1:colcon.colcon_core.package_identification:_identify(log) by extensions ['ignore', 'ignore_ament_install']
[0.724s] Level 1:colcon.colcon_core.package_identification:_identify(log) by extension 'ignore'
[0.724s] Level 1:colcon.colcon_core.package_identification:_identify(log) ignored
[0.725s] Level 1:colcon.colcon_core.package_identification:_identify(src) by extensions ['ignore', 'ignore_ament_install']
[0.725s] Level 1:colcon.colcon_core.package_identification:_identify(src) by extension 'ignore'
[0.725s] Level 1:colcon.colcon_core.package_identification:_identify(src) by extension 'ignore_ament_install'
[0.725s] Level 1:colcon.colcon_core.package_identification:_identify(src) by extensions ['colcon_pkg']
[0.725s] Level 1:colcon.colcon_core.package_identification:_identify(src) by extension 'colcon_pkg'
[0.725s] Level 1:colcon.colcon_core.package_identification:_identify(src) by extensions ['colcon_meta']
[0.725s] Level 1:colcon.colcon_core.package_identification:_identify(src) by extension 'colcon_meta'
[0.725s] Level 1:colcon.colcon_core.package_identification:_identify(src) by extensions ['ros']
[0.725s] Level 1:colcon.colcon_core.package_identification:_identify(src) by extension 'ros'
[0.725s] Level 1:colcon.colcon_core.package_identification:_identify(src) by extensions ['cmake', 'python']
[0.725s] Level 1:colcon.colcon_core.package_identification:_identify(src) by extension 'cmake'
[0.725s] Level 1:colcon.colcon_core.package_identification:_identify(src) by extension 'python'
[0.726s] Level 1:colcon.colcon_core.package_identification:_identify(src) by extensions ['python_setup_py']
[0.726s] Level 1:colcon.colcon_core.package_identification:_identify(src) by extension 'python_setup_py'
[0.726s] Level 1:colcon.colcon_core.package_identification:_identify(src/frenet_car) by extensions ['ignore', 'ignore_ament_install']
[0.726s] Level 1:colcon.colcon_core.package_identification:_identify(src/frenet_car) by extension 'ignore'
[0.726s] Level 1:colcon.colcon_core.package_identification:_identify(src/frenet_car) by extension 'ignore_ament_install'
[0.726s] Level 1:colcon.colcon_core.package_identification:_identify(src/frenet_car) by extensions ['colcon_pkg']
[0.726s] Level 1:colcon.colcon_core.package_identification:_identify(src/frenet_car) by extension 'colcon_pkg'
[0.726s] Level 1:colcon.colcon_core.package_identification:_identify(src/frenet_car) by extensions ['colcon_meta']
[0.726s] Level 1:colcon.colcon_core.package_identification:_identify(src/frenet_car) by extension 'colcon_meta'
[0.726s] Level 1:colcon.colcon_core.package_identification:_identify(src/frenet_car) by extensions ['ros']
[0.726s] Level 1:colcon.colcon_core.package_identification:_identify(src/frenet_car) by extension 'ros'
[0.729s] DEBUG:colcon.colcon_core.package_identification:Package 'src/frenet_car' with type 'ros.ament_python' and name 'frenet_car'
[0.729s] Level 1:colcon.colcon_core.package_identification:_identify(src/highway_car) by extensions ['ignore', 'ignore_ament_install']
[0.729s] Level 1:colcon.colcon_core.package_identification:_identify(src/highway_car) by extension 'ignore'
[0.729s] Level 1:colcon.colcon_core.package_identification:_identify(src/highway_car) by extension 'ignore_ament_install'
[0.729s] Level 1:colcon.colcon_core.package_identification:_identify(src/highway_car) by extensions ['colcon_pkg']
[0.729s] Level 1:colcon.colcon_core.package_identification:_identify(src/highway_car) by extension 'colcon_pkg'
[0.729s] Level 1:colcon.colcon_core.package_identification:_identify(src/highway_car) by extensions ['colcon_meta']
[0.729s] Level 1:colcon.colcon_core.package_identification:_identify(src/highway_car) by extension 'colcon_meta'
[0.730s] Level 1:colcon.colcon_core.package_identification:_identify(src/highway_car) by extensions ['ros']
[0.730s] Level 1:colcon.colcon_core.package_identification:_identify(src/highway_car) by extension 'ros'
[0.730s] DEBUG:colcon.colcon_core.package_identification:Package 'src/highway_car' with type 'ros.ament_python' and name 'highway_car'
[0.730s] Level 1:colcon.colcon_core.package_identification:_identify(src/mpc_car_acado) by extensions ['ignore', 'ignore_ament_install']
[0.731s] Level 1:colcon.colcon_core.package_identification:_identify(src/mpc_car_acado) by extension 'ignore'
[0.731s] Level 1:colcon.colcon_core.package_identification:_identify(src/mpc_car_acado) by extension 'ignore_ament_install'
[0.731s] Level 1:colcon.colcon_core.package_identification:_identify(src/mpc_car_acado) by extensions ['colcon_pkg']
[0.731s] Level 1:colcon.colcon_core.package_identification:_identify(src/mpc_car_acado) by extension 'colcon_pkg'
[0.731s] Level 1:colcon.colcon_core.package_identification:_identify(src/mpc_car_acado) by extensions ['colcon_meta']
[0.731s] Level 1:colcon.colcon_core.package_identification:_identify(src/mpc_car_acado) by extension 'colcon_meta'
[0.731s] Level 1:colcon.colcon_core.package_identification:_identify(src/mpc_car_acado) by extensions ['ros']
[0.731s] Level 1:colcon.colcon_core.package_identification:_identify(src/mpc_car_acado) by extension 'ros'
[0.732s] DEBUG:colcon.colcon_core.package_identification:Package 'src/mpc_car_acado' with type 'ros.ament_cmake' and name 'mpc_car_acado'
[0.732s] Level 1:colcon.colcon_core.package_identification:_identify(src/mpc_car_acado_single) by extensions ['ignore', 'ignore_ament_install']
[0.732s] Level 1:colcon.colcon_core.package_identification:_identify(src/mpc_car_acado_single) by extension 'ignore'
[0.732s] Level 1:colcon.colcon_core.package_identification:_identify(src/mpc_car_acado_single) by extension 'ignore_ament_install'
[0.732s] Level 1:colcon.colcon_core.package_identification:_identify(src/mpc_car_acado_single) by extensions ['colcon_pkg']
[0.732s] Level 1:colcon.colcon_core.package_identification:_identify(src/mpc_car_acado_single) by extension 'colcon_pkg'
[0.732s] Level 1:colcon.colcon_core.package_identification:_identify(src/mpc_car_acado_single) by extensions ['colcon_meta']
[0.732s] Level 1:colcon.colcon_core.package_identification:_identify(src/mpc_car_acado_single) by extension 'colcon_meta'
[0.732s] Level 1:colcon.colcon_core.package_identification:_identify(src/mpc_car_acado_single) by extensions ['ros']
[0.732s] Level 1:colcon.colcon_core.package_identification:_identify(src/mpc_car_acado_single) by extension 'ros'
[0.733s] DEBUG:colcon.colcon_core.package_identification:Package 'src/mpc_car_acado_single' with type 'ros.ament_cmake' and name 'mpc_car_acado_single'
[0.733s] Level 1:colcon.colcon_core.package_identification:_identify(src/mpc_car_batch) by extensions ['ignore', 'ignore_ament_install']
[0.733s] Level 1:colcon.colcon_core.package_identification:_identify(src/mpc_car_batch) by extension 'ignore'
[0.733s] Level 1:colcon.colcon_core.package_identification:_identify(src/mpc_car_batch) by extension 'ignore_ament_install'
[0.734s] Level 1:colcon.colcon_core.package_identification:_identify(src/mpc_car_batch) by extensions ['colcon_pkg']
[0.734s] Level 1:colcon.colcon_core.package_identification:_identify(src/mpc_car_batch) by extension 'colcon_pkg'
[0.734s] Level 1:colcon.colcon_core.package_identification:_identify(src/mpc_car_batch) by extensions ['colcon_meta']
[0.734s] Level 1:colcon.colcon_core.package_identification:_identify(src/mpc_car_batch) by extension 'colcon_meta'
[0.734s] Level 1:colcon.colcon_core.package_identification:_identify(src/mpc_car_batch) by extensions ['ros']
[0.734s] Level 1:colcon.colcon_core.package_identification:_identify(src/mpc_car_batch) by extension 'ros'
[0.735s] DEBUG:colcon.colcon_core.package_identification:Package 'src/mpc_car_batch' with type 'ros.ament_cmake' and name 'mpc_car_batch'
[0.735s] Level 1:colcon.colcon_core.package_identification:_identify(src/msgs_car) by extensions ['ignore', 'ignore_ament_install']
[0.735s] Level 1:colcon.colcon_core.package_identification:_identify(src/msgs_car) by extension 'ignore'
[0.735s] Level 1:colcon.colcon_core.package_identification:_identify(src/msgs_car) by extension 'ignore_ament_install'
[0.735s] Level 1:colcon.colcon_core.package_identification:_identify(src/msgs_car) by extensions ['colcon_pkg']
[0.735s] Level 1:colcon.colcon_core.package_identification:_identify(src/msgs_car) by extension 'colcon_pkg'
[0.735s] Level 1:colcon.colcon_core.package_identification:_identify(src/msgs_car) by extensions ['colcon_meta']
[0.735s] Level 1:colcon.colcon_core.package_identification:_identify(src/msgs_car) by extension 'colcon_meta'
[0.735s] Level 1:colcon.colcon_core.package_identification:_identify(src/msgs_car) by extensions ['ros']
[0.735s] Level 1:colcon.colcon_core.package_identification:_identify(src/msgs_car) by extension 'ros'
[0.736s] DEBUG:colcon.colcon_core.package_identification:Package 'src/msgs_car' with type 'ros.ament_cmake' and name 'msgs_car'
[0.736s] Level 1:colcon.colcon_core.package_identification:_identify(stats) by extensions ['ignore', 'ignore_ament_install']
[0.736s] Level 1:colcon.colcon_core.package_identification:_identify(stats) by extension 'ignore'
[0.736s] Level 1:colcon.colcon_core.package_identification:_identify(stats) by extension 'ignore_ament_install'
[0.736s] Level 1:colcon.colcon_core.package_identification:_identify(stats) by extensions ['colcon_pkg']
[0.736s] Level 1:colcon.colcon_core.package_identification:_identify(stats) by extension 'colcon_pkg'
[0.736s] Level 1:colcon.colcon_core.package_identification:_identify(stats) by extensions ['colcon_meta']
[0.736s] Level 1:colcon.colcon_core.package_identification:_identify(stats) by extension 'colcon_meta'
[0.736s] Level 1:colcon.colcon_core.package_identification:_identify(stats) by extensions ['ros']
[0.736s] Level 1:colcon.colcon_core.package_identification:_identify(stats) by extension 'ros'
[0.736s] Level 1:colcon.colcon_core.package_identification:_identify(stats) by extensions ['cmake', 'python']
[0.736s] Level 1:colcon.colcon_core.package_identification:_identify(stats) by extension 'cmake'
[0.736s] Level 1:colcon.colcon_core.package_identification:_identify(stats) by extension 'python'
[0.736s] Level 1:colcon.colcon_core.package_identification:_identify(stats) by extensions ['python_setup_py']
[0.736s] Level 1:colcon.colcon_core.package_identification:_identify(stats) by extension 'python_setup_py'
[0.737s] Level 1:colcon.colcon_core.package_identification:_identify(stats/New) by extensions ['ignore', 'ignore_ament_install']
[0.737s] Level 1:colcon.colcon_core.package_identification:_identify(stats/New) by extension 'ignore'
[0.737s] Level 1:colcon.colcon_core.package_identification:_identify(stats/New) by extension 'ignore_ament_install'
[0.737s] Level 1:colcon.colcon_core.package_identification:_identify(stats/New) by extensions ['colcon_pkg']
[0.737s] Level 1:colcon.colcon_core.package_identification:_identify(stats/New) by extension 'colcon_pkg'
[0.737s] Level 1:colcon.colcon_core.package_identification:_identify(stats/New) by extensions ['colcon_meta']
[0.737s] Level 1:colcon.colcon_core.package_identification:_identify(stats/New) by extension 'colcon_meta'
[0.737s] Level 1:colcon.colcon_core.package_identification:_identify(stats/New) by extensions ['ros']
[0.737s] Level 1:colcon.colcon_core.package_identification:_identify(stats/New) by extension 'ros'
[0.737s] Level 1:colcon.colcon_core.package_identification:_identify(stats/New) by extensions ['cmake', 'python']
[0.737s] Level 1:colcon.colcon_core.package_identification:_identify(stats/New) by extension 'cmake'
[0.737s] Level 1:colcon.colcon_core.package_identification:_identify(stats/New) by extension 'python'
[0.738s] Level 1:colcon.colcon_core.package_identification:_identify(stats/New) by extensions ['python_setup_py']
[0.738s] Level 1:colcon.colcon_core.package_identification:_identify(stats/New) by extension 'python_setup_py'
[0.738s] Level 1:colcon.colcon_core.package_identification:_identify(stats/New/Cruise) by extensions ['ignore', 'ignore_ament_install']
[0.738s] Level 1:colcon.colcon_core.package_identification:_identify(stats/New/Cruise) by extension 'ignore'
[0.738s] Level 1:colcon.colcon_core.package_identification:_identify(stats/New/Cruise) by extension 'ignore_ament_install'
[0.738s] Level 1:colcon.colcon_core.package_identification:_identify(stats/New/Cruise) by extensions ['colcon_pkg']
[0.738s] Level 1:colcon.colcon_core.package_identification:_identify(stats/New/Cruise) by extension 'colcon_pkg'
[0.738s] Level 1:colcon.colcon_core.package_identification:_identify(stats/New/Cruise) by extensions ['colcon_meta']
[0.738s] Level 1:colcon.colcon_core.package_identification:_identify(stats/New/Cruise) by extension 'colcon_meta'
[0.738s] Level 1:colcon.colcon_core.package_identification:_identify(stats/New/Cruise) by extensions ['ros']
[0.738s] Level 1:colcon.colcon_core.package_identification:_identify(stats/New/Cruise) by extension 'ros'
[0.738s] Level 1:colcon.colcon_core.package_identification:_identify(stats/New/Cruise) by extensions ['cmake', 'python']
[0.738s] Level 1:colcon.colcon_core.package_identification:_identify(stats/New/Cruise) by extension 'cmake'
[0.738s] Level 1:colcon.colcon_core.package_identification:_identify(stats/New/Cruise) by extension 'python'
[0.738s] Level 1:colcon.colcon_core.package_identification:_identify(stats/New/Cruise) by extensions ['python_setup_py']
[0.738s] Level 1:colcon.colcon_core.package_identification:_identify(stats/New/Cruise) by extension 'python_setup_py'
[0.739s] Level 1:colcon.colcon_core.package_identification:_identify(stats/New/Cruise/No-Time-Budget) by extensions ['ignore', 'ignore_ament_install']
[0.739s] Level 1:colcon.colcon_core.package_identification:_identify(stats/New/Cruise/No-Time-Budget) by extension 'ignore'
[0.739s] Level 1:colcon.colcon_core.package_identification:_identify(stats/New/Cruise/No-Time-Budget) by extension 'ignore_ament_install'
[0.739s] Level 1:colcon.colcon_core.package_identification:_identify(stats/New/Cruise/No-Time-Budget) by extensions ['colcon_pkg']
[0.739s] Level 1:colcon.colcon_core.package_identification:_identify(stats/New/Cruise/No-Time-Budget) by extension 'colcon_pkg'
[0.739s] Level 1:colcon.colcon_core.package_identification:_identify(stats/New/Cruise/No-Time-Budget) by extensions ['colcon_meta']
[0.739s] Level 1:colcon.colcon_core.package_identification:_identify(stats/New/Cruise/No-Time-Budget) by extension 'colcon_meta'
[0.739s] Level 1:colcon.colcon_core.package_identification:_identify(stats/New/Cruise/No-Time-Budget) by extensions ['ros']
[0.739s] Level 1:colcon.colcon_core.package_identification:_identify(stats/New/Cruise/No-Time-Budget) by extension 'ros'
[0.739s] Level 1:colcon.colcon_core.package_identification:_identify(stats/New/Cruise/No-Time-Budget) by extensions ['cmake', 'python']
[0.739s] Level 1:colcon.colcon_core.package_identification:_identify(stats/New/Cruise/No-Time-Budget) by extension 'cmake'
[0.739s] Level 1:colcon.colcon_core.package_identification:_identify(stats/New/Cruise/No-Time-Budget) by extension 'python'
[0.739s] Level 1:colcon.colcon_core.package_identification:_identify(stats/New/Cruise/No-Time-Budget) by extensions ['python_setup_py']
[0.739s] Level 1:colcon.colcon_core.package_identification:_identify(stats/New/Cruise/No-Time-Budget) by extension 'python_setup_py'
[0.739s] Level 1:colcon.colcon_core.package_identification:_identify(stats/New/Cruise/No-Time-Budget/Copy) by extensions ['ignore', 'ignore_ament_install']
[0.739s] Level 1:colcon.colcon_core.package_identification:_identify(stats/New/Cruise/No-Time-Budget/Copy) by extension 'ignore'
[0.740s] Level 1:colcon.colcon_core.package_identification:_identify(stats/New/Cruise/No-Time-Budget/Copy) by extension 'ignore_ament_install'
[0.740s] Level 1:colcon.colcon_core.package_identification:_identify(stats/New/Cruise/No-Time-Budget/Copy) by extensions ['colcon_pkg']
[0.740s] Level 1:colcon.colcon_core.package_identification:_identify(stats/New/Cruise/No-Time-Budget/Copy) by extension 'colcon_pkg'
[0.740s] Level 1:colcon.colcon_core.package_identification:_identify(stats/New/Cruise/No-Time-Budget/Copy) by extensions ['colcon_meta']
[0.740s] Level 1:colcon.colcon_core.package_identification:_identify(stats/New/Cruise/No-Time-Budget/Copy) by extension 'colcon_meta'
[0.740s] Level 1:colcon.colcon_core.package_identification:_identify(stats/New/Cruise/No-Time-Budget/Copy) by extensions ['ros']
[0.740s] Level 1:colcon.colcon_core.package_identification:_identify(stats/New/Cruise/No-Time-Budget/Copy) by extension 'ros'
[0.740s] Level 1:colcon.colcon_core.package_identification:_identify(stats/New/Cruise/No-Time-Budget/Copy) by extensions ['cmake', 'python']
[0.740s] Level 1:colcon.colcon_core.package_identification:_identify(stats/New/Cruise/No-Time-Budget/Copy) by extension 'cmake'
[0.740s] Level 1:colcon.colcon_core.package_identification:_identify(stats/New/Cruise/No-Time-Budget/Copy) by extension 'python'
[0.740s] Level 1:colcon.colcon_core.package_identification:_identify(stats/New/Cruise/No-Time-Budget/Copy) by extensions ['python_setup_py']
[0.740s] Level 1:colcon.colcon_core.package_identification:_identify(stats/New/Cruise/No-Time-Budget/Copy) by extension 'python_setup_py'
[0.740s] Level 1:colcon.colcon_core.package_identification:_identify(stats/New/HighSpeed_RightLane) by extensions ['ignore', 'ignore_ament_install']
[0.740s] Level 1:colcon.colcon_core.package_identification:_identify(stats/New/HighSpeed_RightLane) by extension 'ignore'
[0.740s] Level 1:colcon.colcon_core.package_identification:_identify(stats/New/HighSpeed_RightLane) by extension 'ignore_ament_install'
[0.740s] Level 1:colcon.colcon_core.package_identification:_identify(stats/New/HighSpeed_RightLane) by extensions ['colcon_pkg']
[0.740s] Level 1:colcon.colcon_core.package_identification:_identify(stats/New/HighSpeed_RightLane) by extension 'colcon_pkg'
[0.741s] Level 1:colcon.colcon_core.package_identification:_identify(stats/New/HighSpeed_RightLane) by extensions ['colcon_meta']
[0.741s] Level 1:colcon.colcon_core.package_identification:_identify(stats/New/HighSpeed_RightLane) by extension 'colcon_meta'
[0.741s] Level 1:colcon.colcon_core.package_identification:_identify(stats/New/HighSpeed_RightLane) by extensions ['ros']
[0.741s] Level 1:colcon.colcon_core.package_identification:_identify(stats/New/HighSpeed_RightLane) by extension 'ros'
[0.741s] Level 1:colcon.colcon_core.package_identification:_identify(stats/New/HighSpeed_RightLane) by extensions ['cmake', 'python']
[0.741s] Level 1:colcon.colcon_core.package_identification:_identify(stats/New/HighSpeed_RightLane) by extension 'cmake'
[0.741s] Level 1:colcon.colcon_core.package_identification:_identify(stats/New/HighSpeed_RightLane) by extension 'python'
[0.741s] Level 1:colcon.colcon_core.package_identification:_identify(stats/New/HighSpeed_RightLane) by extensions ['python_setup_py']
[0.741s] Level 1:colcon.colcon_core.package_identification:_identify(stats/New/HighSpeed_RightLane) by extension 'python_setup_py'
[0.741s] Level 1:colcon.colcon_core.package_identification:_identify(stats/New/HighSpeed_RightLane/No-Time-Budget) by extensions ['ignore', 'ignore_ament_install']
[0.741s] Level 1:colcon.colcon_core.package_identification:_identify(stats/New/HighSpeed_RightLane/No-Time-Budget) by extension 'ignore'
[0.741s] Level 1:colcon.colcon_core.package_identification:_identify(stats/New/HighSpeed_RightLane/No-Time-Budget) by extension 'ignore_ament_install'
[0.741s] Level 1:colcon.colcon_core.package_identification:_identify(stats/New/HighSpeed_RightLane/No-Time-Budget) by extensions ['colcon_pkg']
[0.741s] Level 1:colcon.colcon_core.package_identification:_identify(stats/New/HighSpeed_RightLane/No-Time-Budget) by extension 'colcon_pkg'
[0.742s] Level 1:colcon.colcon_core.package_identification:_identify(stats/New/HighSpeed_RightLane/No-Time-Budget) by extensions ['colcon_meta']
[0.742s] Level 1:colcon.colcon_core.package_identification:_identify(stats/New/HighSpeed_RightLane/No-Time-Budget) by extension 'colcon_meta'
[0.742s] Level 1:colcon.colcon_core.package_identification:_identify(stats/New/HighSpeed_RightLane/No-Time-Budget) by extensions ['ros']
[0.742s] Level 1:colcon.colcon_core.package_identification:_identify(stats/New/HighSpeed_RightLane/No-Time-Budget) by extension 'ros'
[0.742s] Level 1:colcon.colcon_core.package_identification:_identify(stats/New/HighSpeed_RightLane/No-Time-Budget) by extensions ['cmake', 'python']
[0.742s] Level 1:colcon.colcon_core.package_identification:_identify(stats/New/HighSpeed_RightLane/No-Time-Budget) by extension 'cmake'
[0.742s] Level 1:colcon.colcon_core.package_identification:_identify(stats/New/HighSpeed_RightLane/No-Time-Budget) by extension 'python'
[0.742s] Level 1:colcon.colcon_core.package_identification:_identify(stats/New/HighSpeed_RightLane/No-Time-Budget) by extensions ['python_setup_py']
[0.742s] Level 1:colcon.colcon_core.package_identification:_identify(stats/New/HighSpeed_RightLane/No-Time-Budget) by extension 'python_setup_py'
[0.742s] Level 1:colcon.colcon_core.package_identification:_identify(stats/New/HighSpeed_RightLane/No-Time-Budget/Copy) by extensions ['ignore', 'ignore_ament_install']
[0.742s] Level 1:colcon.colcon_core.package_identification:_identify(stats/New/HighSpeed_RightLane/No-Time-Budget/Copy) by extension 'ignore'
[0.742s] Level 1:colcon.colcon_core.package_identification:_identify(stats/New/HighSpeed_RightLane/No-Time-Budget/Copy) by extension 'ignore_ament_install'
[0.742s] Level 1:colcon.colcon_core.package_identification:_identify(stats/New/HighSpeed_RightLane/No-Time-Budget/Copy) by extensions ['colcon_pkg']
[0.742s] Level 1:colcon.colcon_core.package_identification:_identify(stats/New/HighSpeed_RightLane/No-Time-Budget/Copy) by extension 'colcon_pkg'
[0.742s] Level 1:colcon.colcon_core.package_identification:_identify(stats/New/HighSpeed_RightLane/No-Time-Budget/Copy) by extensions ['colcon_meta']
[0.742s] Level 1:colcon.colcon_core.package_identification:_identify(stats/New/HighSpeed_RightLane/No-Time-Budget/Copy) by extension 'colcon_meta'
[0.742s] Level 1:colcon.colcon_core.package_identification:_identify(stats/New/HighSpeed_RightLane/No-Time-Budget/Copy) by extensions ['ros']
[0.742s] Level 1:colcon.colcon_core.package_identification:_identify(stats/New/HighSpeed_RightLane/No-Time-Budget/Copy) by extension 'ros'
[0.743s] Level 1:colcon.colcon_core.package_identification:_identify(stats/New/HighSpeed_RightLane/No-Time-Budget/Copy) by extensions ['cmake', 'python']
[0.743s] Level 1:colcon.colcon_core.package_identification:_identify(stats/New/HighSpeed_RightLane/No-Time-Budget/Copy) by extension 'cmake'
[0.743s] Level 1:colcon.colcon_core.package_identification:_identify(stats/New/HighSpeed_RightLane/No-Time-Budget/Copy) by extension 'python'
[0.743s] Level 1:colcon.colcon_core.package_identification:_identify(stats/New/HighSpeed_RightLane/No-Time-Budget/Copy) by extensions ['python_setup_py']
[0.743s] Level 1:colcon.colcon_core.package_identification:_identify(stats/New/HighSpeed_RightLane/No-Time-Budget/Copy) by extension 'python_setup_py'
[0.743s] Level 1:colcon.colcon_core.package_identification:_identify(stats/New/NGSIM) by extensions ['ignore', 'ignore_ament_install']
[0.743s] Level 1:colcon.colcon_core.package_identification:_identify(stats/New/NGSIM) by extension 'ignore'
[0.743s] Level 1:colcon.colcon_core.package_identification:_identify(stats/New/NGSIM) by extension 'ignore_ament_install'
[0.743s] Level 1:colcon.colcon_core.package_identification:_identify(stats/New/NGSIM) by extensions ['colcon_pkg']
[0.743s] Level 1:colcon.colcon_core.package_identification:_identify(stats/New/NGSIM) by extension 'colcon_pkg'
[0.743s] Level 1:colcon.colcon_core.package_identification:_identify(stats/New/NGSIM) by extensions ['colcon_meta']
[0.743s] Level 1:colcon.colcon_core.package_identification:_identify(stats/New/NGSIM) by extension 'colcon_meta'
[0.743s] Level 1:colcon.colcon_core.package_identification:_identify(stats/New/NGSIM) by extensions ['ros']
[0.743s] Level 1:colcon.colcon_core.package_identification:_identify(stats/New/NGSIM) by extension 'ros'
[0.743s] Level 1:colcon.colcon_core.package_identification:_identify(stats/New/NGSIM) by extensions ['cmake', 'python']
[0.743s] Level 1:colcon.colcon_core.package_identification:_identify(stats/New/NGSIM) by extension 'cmake'
[0.743s] Level 1:colcon.colcon_core.package_identification:_identify(stats/New/NGSIM) by extension 'python'
[0.744s] Level 1:colcon.colcon_core.package_identification:_identify(stats/New/NGSIM) by extensions ['python_setup_py']
[0.744s] Level 1:colcon.colcon_core.package_identification:_identify(stats/New/NGSIM) by extension 'python_setup_py'
[0.744s] Level 1:colcon.colcon_core.package_identification:_identify(stats/New/NGSIM/No-Time-Budget) by extensions ['ignore', 'ignore_ament_install']
[0.744s] Level 1:colcon.colcon_core.package_identification:_identify(stats/New/NGSIM/No-Time-Budget) by extension 'ignore'
[0.744s] Level 1:colcon.colcon_core.package_identification:_identify(stats/New/NGSIM/No-Time-Budget) by extension 'ignore_ament_install'
[0.744s] Level 1:colcon.colcon_core.package_identification:_identify(stats/New/NGSIM/No-Time-Budget) by extensions ['colcon_pkg']
[0.744s] Level 1:colcon.colcon_core.package_identification:_identify(stats/New/NGSIM/No-Time-Budget) by extension 'colcon_pkg'
[0.744s] Level 1:colcon.colcon_core.package_identification:_identify(stats/New/NGSIM/No-Time-Budget) by extensions ['colcon_meta']
[0.744s] Level 1:colcon.colcon_core.package_identification:_identify(stats/New/NGSIM/No-Time-Budget) by extension 'colcon_meta'
[0.744s] Level 1:colcon.colcon_core.package_identification:_identify(stats/New/NGSIM/No-Time-Budget) by extensions ['ros']
[0.744s] Level 1:colcon.colcon_core.package_identification:_identify(stats/New/NGSIM/No-Time-Budget) by extension 'ros'
[0.744s] Level 1:colcon.colcon_core.package_identification:_identify(stats/New/NGSIM/No-Time-Budget) by extensions ['cmake', 'python']
[0.744s] Level 1:colcon.colcon_core.package_identification:_identify(stats/New/NGSIM/No-Time-Budget) by extension 'cmake'
[0.744s] Level 1:colcon.colcon_core.package_identification:_identify(stats/New/NGSIM/No-Time-Budget) by extension 'python'
[0.744s] Level 1:colcon.colcon_core.package_identification:_identify(stats/New/NGSIM/No-Time-Budget) by extensions ['python_setup_py']
[0.744s] Level 1:colcon.colcon_core.package_identification:_identify(stats/New/NGSIM/No-Time-Budget) by extension 'python_setup_py'
[0.745s] Level 1:colcon.colcon_core.package_identification:_identify(stats/New/NGSIM/No-Time-Budget/cruise) by extensions ['ignore', 'ignore_ament_install']
[0.745s] Level 1:colcon.colcon_core.package_identification:_identify(stats/New/NGSIM/No-Time-Budget/cruise) by extension 'ignore'
[0.745s] Level 1:colcon.colcon_core.package_identification:_identify(stats/New/NGSIM/No-Time-Budget/cruise) by extension 'ignore_ament_install'
[0.745s] Level 1:colcon.colcon_core.package_identification:_identify(stats/New/NGSIM/No-Time-Budget/cruise) by extensions ['colcon_pkg']
[0.745s] Level 1:colcon.colcon_core.package_identification:_identify(stats/New/NGSIM/No-Time-Budget/cruise) by extension 'colcon_pkg'
[0.745s] Level 1:colcon.colcon_core.package_identification:_identify(stats/New/NGSIM/No-Time-Budget/cruise) by extensions ['colcon_meta']
[0.745s] Level 1:colcon.colcon_core.package_identification:_identify(stats/New/NGSIM/No-Time-Budget/cruise) by extension 'colcon_meta'
[0.745s] Level 1:colcon.colcon_core.package_identification:_identify(stats/New/NGSIM/No-Time-Budget/cruise) by extensions ['ros']
[0.745s] Level 1:colcon.colcon_core.package_identification:_identify(stats/New/NGSIM/No-Time-Budget/cruise) by extension 'ros'
[0.745s] Level 1:colcon.colcon_core.package_identification:_identify(stats/New/NGSIM/No-Time-Budget/cruise) by extensions ['cmake', 'python']
[0.745s] Level 1:colcon.colcon_core.package_identification:_identify(stats/New/NGSIM/No-Time-Budget/cruise) by extension 'cmake'
[0.745s] Level 1:colcon.colcon_core.package_identification:_identify(stats/New/NGSIM/No-Time-Budget/cruise) by extension 'python'
[0.745s] Level 1:colcon.colcon_core.package_identification:_identify(stats/New/NGSIM/No-Time-Budget/cruise) by extensions ['python_setup_py']
[0.745s] Level 1:colcon.colcon_core.package_identification:_identify(stats/New/NGSIM/No-Time-Budget/cruise) by extension 'python_setup_py'
[0.746s] Level 1:colcon.colcon_core.package_identification:_identify(stats/New/NGSIM/No-Time-Budget/cruise/Copy) by extensions ['ignore', 'ignore_ament_install']
[0.746s] Level 1:colcon.colcon_core.package_identification:_identify(stats/New/NGSIM/No-Time-Budget/cruise/Copy) by extension 'ignore'
[0.746s] Level 1:colcon.colcon_core.package_identification:_identify(stats/New/NGSIM/No-Time-Budget/cruise/Copy) by extension 'ignore_ament_install'
[0.746s] Level 1:colcon.colcon_core.package_identification:_identify(stats/New/NGSIM/No-Time-Budget/cruise/Copy) by extensions ['colcon_pkg']
[0.746s] Level 1:colcon.colcon_core.package_identification:_identify(stats/New/NGSIM/No-Time-Budget/cruise/Copy) by extension 'colcon_pkg'
[0.746s] Level 1:colcon.colcon_core.package_identification:_identify(stats/New/NGSIM/No-Time-Budget/cruise/Copy) by extensions ['colcon_meta']
[0.746s] Level 1:colcon.colcon_core.package_identification:_identify(stats/New/NGSIM/No-Time-Budget/cruise/Copy) by extension 'colcon_meta'
[0.746s] Level 1:colcon.colcon_core.package_identification:_identify(stats/New/NGSIM/No-Time-Budget/cruise/Copy) by extensions ['ros']
[0.746s] Level 1:colcon.colcon_core.package_identification:_identify(stats/New/NGSIM/No-Time-Budget/cruise/Copy) by extension 'ros'
[0.746s] Level 1:colcon.colcon_core.package_identification:_identify(stats/New/NGSIM/No-Time-Budget/cruise/Copy) by extensions ['cmake', 'python']
[0.746s] Level 1:colcon.colcon_core.package_identification:_identify(stats/New/NGSIM/No-Time-Budget/cruise/Copy) by extension 'cmake'
[0.746s] Level 1:colcon.colcon_core.package_identification:_identify(stats/New/NGSIM/No-Time-Budget/cruise/Copy) by extension 'python'
[0.746s] Level 1:colcon.colcon_core.package_identification:_identify(stats/New/NGSIM/No-Time-Budget/cruise/Copy) by extensions ['python_setup_py']
[0.746s] Level 1:colcon.colcon_core.package_identification:_identify(stats/New/NGSIM/No-Time-Budget/cruise/Copy) by extension 'python_setup_py'
[0.747s] Level 1:colcon.colcon_core.package_identification:_identify(stats/New/NGSIM/No-Time-Budget/hsrl) by extensions ['ignore', 'ignore_ament_install']
[0.747s] Level 1:colcon.colcon_core.package_identification:_identify(stats/New/NGSIM/No-Time-Budget/hsrl) by extension 'ignore'
[0.747s] Level 1:colcon.colcon_core.package_identification:_identify(stats/New/NGSIM/No-Time-Budget/hsrl) by extension 'ignore_ament_install'
[0.747s] Level 1:colcon.colcon_core.package_identification:_identify(stats/New/NGSIM/No-Time-Budget/hsrl) by extensions ['colcon_pkg']
[0.747s] Level 1:colcon.colcon_core.package_identification:_identify(stats/New/NGSIM/No-Time-Budget/hsrl) by extension 'colcon_pkg'
[0.747s] Level 1:colcon.colcon_core.package_identification:_identify(stats/New/NGSIM/No-Time-Budget/hsrl) by extensions ['colcon_meta']
[0.747s] Level 1:colcon.colcon_core.package_identification:_identify(stats/New/NGSIM/No-Time-Budget/hsrl) by extension 'colcon_meta'
[0.747s] Level 1:colcon.colcon_core.package_identification:_identify(stats/New/NGSIM/No-Time-Budget/hsrl) by extensions ['ros']
[0.747s] Level 1:colcon.colcon_core.package_identification:_identify(stats/New/NGSIM/No-Time-Budget/hsrl) by extension 'ros'
[0.747s] Level 1:colcon.colcon_core.package_identification:_identify(stats/New/NGSIM/No-Time-Budget/hsrl) by extensions ['cmake', 'python']
[0.747s] Level 1:colcon.colcon_core.package_identification:_identify(stats/New/NGSIM/No-Time-Budget/hsrl) by extension 'cmake'
[0.747s] Level 1:colcon.colcon_core.package_identification:_identify(stats/New/NGSIM/No-Time-Budget/hsrl) by extension 'python'
[0.747s] Level 1:colcon.colcon_core.package_identification:_identify(stats/New/NGSIM/No-Time-Budget/hsrl) by extensions ['python_setup_py']
[0.747s] Level 1:colcon.colcon_core.package_identification:_identify(stats/New/NGSIM/No-Time-Budget/hsrl) by extension 'python_setup_py'
[0.747s] Level 1:colcon.colcon_core.package_identification:_identify(stats/New/NGSIM/No-Time-Budget/hsrl/Copy) by extensions ['ignore', 'ignore_ament_install']
[0.748s] Level 1:colcon.colcon_core.package_identification:_identify(stats/New/NGSIM/No-Time-Budget/hsrl/Copy) by extension 'ignore'
[0.748s] Level 1:colcon.colcon_core.package_identification:_identify(stats/New/NGSIM/No-Time-Budget/hsrl/Copy) by extension 'ignore_ament_install'
[0.748s] Level 1:colcon.colcon_core.package_identification:_identify(stats/New/NGSIM/No-Time-Budget/hsrl/Copy) by extensions ['colcon_pkg']
[0.748s] Level 1:colcon.colcon_core.package_identification:_identify(stats/New/NGSIM/No-Time-Budget/hsrl/Copy) by extension 'colcon_pkg'
[0.748s] Level 1:colcon.colcon_core.package_identification:_identify(stats/New/NGSIM/No-Time-Budget/hsrl/Copy) by extensions ['colcon_meta']
[0.748s] Level 1:colcon.colcon_core.package_identification:_identify(stats/New/NGSIM/No-Time-Budget/hsrl/Copy) by extension 'colcon_meta'
[0.748s] Level 1:colcon.colcon_core.package_identification:_identify(stats/New/NGSIM/No-Time-Budget/hsrl/Copy) by extensions ['ros']
[0.748s] Level 1:colcon.colcon_core.package_identification:_identify(stats/New/NGSIM/No-Time-Budget/hsrl/Copy) by extension 'ros'
[0.748s] Level 1:colcon.colcon_core.package_identification:_identify(stats/New/NGSIM/No-Time-Budget/hsrl/Copy) by extensions ['cmake', 'python']
[0.748s] Level 1:colcon.colcon_core.package_identification:_identify(stats/New/NGSIM/No-Time-Budget/hsrl/Copy) by extension 'cmake'
[0.748s] Level 1:colcon.colcon_core.package_identification:_identify(stats/New/NGSIM/No-Time-Budget/hsrl/Copy) by extension 'python'
[0.748s] Level 1:colcon.colcon_core.package_identification:_identify(stats/New/NGSIM/No-Time-Budget/hsrl/Copy) by extensions ['python_setup_py']
[0.748s] Level 1:colcon.colcon_core.package_identification:_identify(stats/New/NGSIM/No-Time-Budget/hsrl/Copy) by extension 'python_setup_py'
[0.748s] Level 1:colcon.colcon_core.package_identification:_identify(stats/New/RightLane) by extensions ['ignore', 'ignore_ament_install']
[0.748s] Level 1:colcon.colcon_core.package_identification:_identify(stats/New/RightLane) by extension 'ignore'
[0.749s] Level 1:colcon.colcon_core.package_identification:_identify(stats/New/RightLane) by extension 'ignore_ament_install'
[0.749s] Level 1:colcon.colcon_core.package_identification:_identify(stats/New/RightLane) by extensions ['colcon_pkg']
[0.749s] Level 1:colcon.colcon_core.package_identification:_identify(stats/New/RightLane) by extension 'colcon_pkg'
[0.749s] Level 1:colcon.colcon_core.package_identification:_identify(stats/New/RightLane) by extensions ['colcon_meta']
[0.749s] Level 1:colcon.colcon_core.package_identification:_identify(stats/New/RightLane) by extension 'colcon_meta'
[0.749s] Level 1:colcon.colcon_core.package_identification:_identify(stats/New/RightLane) by extensions ['ros']
[0.749s] Level 1:colcon.colcon_core.package_identification:_identify(stats/New/RightLane) by extension 'ros'
[0.749s] Level 1:colcon.colcon_core.package_identification:_identify(stats/New/RightLane) by extensions ['cmake', 'python']
[0.749s] Level 1:colcon.colcon_core.package_identification:_identify(stats/New/RightLane) by extension 'cmake'
[0.749s] Level 1:colcon.colcon_core.package_identification:_identify(stats/New/RightLane) by extension 'python'
[0.749s] Level 1:colcon.colcon_core.package_identification:_identify(stats/New/RightLane) by extensions ['python_setup_py']
[0.749s] Level 1:colcon.colcon_core.package_identification:_identify(stats/New/RightLane) by extension 'python_setup_py'
[0.749s] Level 1:colcon.colcon_core.package_identification:_identify(stats/New/RightLane/No-Time-Budget) by extensions ['ignore', 'ignore_ament_install']
[0.749s] Level 1:colcon.colcon_core.package_identification:_identify(stats/New/RightLane/No-Time-Budget) by extension 'ignore'
[0.750s] Level 1:colcon.colcon_core.package_identification:_identify(stats/New/RightLane/No-Time-Budget) by extension 'ignore_ament_install'
[0.750s] Level 1:colcon.colcon_core.package_identification:_identify(stats/New/RightLane/No-Time-Budget) by extensions ['colcon_pkg']
[0.750s] Level 1:colcon.colcon_core.package_identification:_identify(stats/New/RightLane/No-Time-Budget) by extension 'colcon_pkg'
[0.750s] Level 1:colcon.colcon_core.package_identification:_identify(stats/New/RightLane/No-Time-Budget) by extensions ['colcon_meta']
[0.750s] Level 1:colcon.colcon_core.package_identification:_identify(stats/New/RightLane/No-Time-Budget) by extension 'colcon_meta'
[0.750s] Level 1:colcon.colcon_core.package_identification:_identify(stats/New/RightLane/No-Time-Budget) by extensions ['ros']
[0.750s] Level 1:colcon.colcon_core.package_identification:_identify(stats/New/RightLane/No-Time-Budget) by extension 'ros'
[0.750s] Level 1:colcon.colcon_core.package_identification:_identify(stats/New/RightLane/No-Time-Budget) by extensions ['cmake', 'python']
[0.750s] Level 1:colcon.colcon_core.package_identification:_identify(stats/New/RightLane/No-Time-Budget) by extension 'cmake'
[0.750s] Level 1:colcon.colcon_core.package_identification:_identify(stats/New/RightLane/No-Time-Budget) by extension 'python'
[0.750s] Level 1:colcon.colcon_core.package_identification:_identify(stats/New/RightLane/No-Time-Budget) by extensions ['python_setup_py']
[0.750s] Level 1:colcon.colcon_core.package_identification:_identify(stats/New/RightLane/No-Time-Budget) by extension 'python_setup_py'
[0.750s] Level 1:colcon.colcon_core.package_identification:_identify(stats/New/RightLane/No-Time-Budget/Copy) by extensions ['ignore', 'ignore_ament_install']
[0.750s] Level 1:colcon.colcon_core.package_identification:_identify(stats/New/RightLane/No-Time-Budget/Copy) by extension 'ignore'
[0.750s] Level 1:colcon.colcon_core.package_identification:_identify(stats/New/RightLane/No-Time-Budget/Copy) by extension 'ignore_ament_install'
[0.751s] Level 1:colcon.colcon_core.package_identification:_identify(stats/New/RightLane/No-Time-Budget/Copy) by extensions ['colcon_pkg']
[0.751s] Level 1:colcon.colcon_core.package_identification:_identify(stats/New/RightLane/No-Time-Budget/Copy) by extension 'colcon_pkg'
[0.751s] Level 1:colcon.colcon_core.package_identification:_identify(stats/New/RightLane/No-Time-Budget/Copy) by extensions ['colcon_meta']
[0.751s] Level 1:colcon.colcon_core.package_identification:_identify(stats/New/RightLane/No-Time-Budget/Copy) by extension 'colcon_meta'
[0.751s] Level 1:colcon.colcon_core.package_identification:_identify(stats/New/RightLane/No-Time-Budget/Copy) by extensions ['ros']
[0.751s] Level 1:colcon.colcon_core.package_identification:_identify(stats/New/RightLane/No-Time-Budget/Copy) by extension 'ros'
[0.751s] Level 1:colcon.colcon_core.package_identification:_identify(stats/New/RightLane/No-Time-Budget/Copy) by extensions ['cmake', 'python']
[0.751s] Level 1:colcon.colcon_core.package_identification:_identify(stats/New/RightLane/No-Time-Budget/Copy) by extension 'cmake'
[0.751s] Level 1:colcon.colcon_core.package_identification:_identify(stats/New/RightLane/No-Time-Budget/Copy) by extension 'python'
[0.751s] Level 1:colcon.colcon_core.package_identification:_identify(stats/New/RightLane/No-Time-Budget/Copy) by extensions ['python_setup_py']
[0.751s] Level 1:colcon.colcon_core.package_identification:_identify(stats/New/RightLane/No-Time-Budget/Copy) by extension 'python_setup_py'
[0.751s] Level 1:colcon.colcon_core.package_identification:_identify(stats/New/RightLane/Time-Budget) by extensions ['ignore', 'ignore_ament_install']
[0.751s] Level 1:colcon.colcon_core.package_identification:_identify(stats/New/RightLane/Time-Budget) by extension 'ignore'
[0.751s] Level 1:colcon.colcon_core.package_identification:_identify(stats/New/RightLane/Time-Budget) by extension 'ignore_ament_install'
[0.751s] Level 1:colcon.colcon_core.package_identification:_identify(stats/New/RightLane/Time-Budget) by extensions ['colcon_pkg']
[0.751s] Level 1:colcon.colcon_core.package_identification:_identify(stats/New/RightLane/Time-Budget) by extension 'colcon_pkg'
[0.752s] Level 1:colcon.colcon_core.package_identification:_identify(stats/New/RightLane/Time-Budget) by extensions ['colcon_meta']
[0.752s] Level 1:colcon.colcon_core.package_identification:_identify(stats/New/RightLane/Time-Budget) by extension 'colcon_meta'
[0.752s] Level 1:colcon.colcon_core.package_identification:_identify(stats/New/RightLane/Time-Budget) by extensions ['ros']
[0.752s] Level 1:colcon.colcon_core.package_identification:_identify(stats/New/RightLane/Time-Budget) by extension 'ros'
[0.752s] Level 1:colcon.colcon_core.package_identification:_identify(stats/New/RightLane/Time-Budget) by extensions ['cmake', 'python']
[0.752s] Level 1:colcon.colcon_core.package_identification:_identify(stats/New/RightLane/Time-Budget) by extension 'cmake'
[0.752s] Level 1:colcon.colcon_core.package_identification:_identify(stats/New/RightLane/Time-Budget) by extension 'python'
[0.752s] Level 1:colcon.colcon_core.package_identification:_identify(stats/New/RightLane/Time-Budget) by extensions ['python_setup_py']
[0.752s] Level 1:colcon.colcon_core.package_identification:_identify(stats/New/RightLane/Time-Budget) by extension 'python_setup_py'
[0.752s] Level 1:colcon.colcon_core.package_discovery:discover_packages(recursive) using defaults
[0.752s] Level 1:colcon.colcon_core.package_discovery:discover_packages(ignore) discover
[0.752s] Level 1:colcon.colcon_core.package_discovery:discover_packages(ignore) using defaults
[0.752s] Level 1:colcon.colcon_core.package_discovery:discover_packages(path) discover
[0.752s] Level 1:colcon.colcon_core.package_discovery:discover_packages(path) using defaults
[0.988s] INFO:colcon.colcon_core.package_selection:Skipping not selected package 'msgs_car' in 'src/msgs_car'
[0.988s] INFO:colcon.colcon_core.package_selection:Skipping not selected package 'frenet_car' in 'src/frenet_car'
[0.988s] INFO:colcon.colcon_core.package_selection:Skipping not selected package 'highway_car' in 'src/highway_car'
[0.988s] INFO:colcon.colcon_core.package_selection:Skipping not selected package 'mpc_car_acado' in 'src/mpc_car_acado'
[0.988s] INFO:colcon.colcon_core.package_selection:Skipping not selected package 'mpc_car_acado_single' in 'src/mpc_car_acado_single'
[0.992s] Level 5:colcon.colcon_core.verb:set package 'mpc_car_batch' build argument 'cmake_args' from command line to 'None'
[0.992s] Level 5:colcon.colcon_core.verb:set package 'mpc_car_batch' build argument 'cmake_target' from command line to 'None'
[0.992s] Level 5:colcon.colcon_core.verb:set package 'mpc_car_batch' build argument 'cmake_target_skip_unavailable' from command line to 'False'
[0.992s] Level 5:colcon.colcon_core.verb:set package 'mpc_car_batch' build argument 'cmake_clean_cache' from command line to 'False'
[0.992s] Level 5:colcon.colcon_core.verb:set package 'mpc_car_batch' build argument 'cmake_clean_first' from command line to 'False'
[0.992s] Level 5:colcon.colcon_core.verb:set package 'mpc_car_batch' build argument 'cmake_force_configure' from command line to 'False'
[0.992s] Level 5:colcon.colcon_core.verb:set package 'mpc_car_batch' build argument 'ament_cmake_args' from command line to 'None'
[0.993s] Level 5:colcon.colcon_core.verb:set package 'mpc_car_batch' build argument 'catkin_cmake_args' from command line to 'None'
[0.993s] Level 5:colcon.colcon_core.verb:set package 'mpc_car_batch' build argument 'catkin_skip_building_tests' from command line to 'False'
[0.993s] DEBUG:colcon.colcon_core.verb:Building package 'mpc_car_batch' with the following arguments: {'ament_cmake_args': None, 'build_base': '/home/vivek/On-Codes/Batch-Opt-Highway-Driving/ros_ws/build/mpc_car_batch', 'catkin_cmake_args': None, 'catkin_skip_building_tests': False, 'cmake_args': None, 'cmake_clean_cache': False, 'cmake_clean_first': False, 'cmake_force_configure': False, 'cmake_target': None, 'cmake_target_skip_unavailable': False, 'install_base': '/home/vivek/On-Codes/Batch-Opt-Highway-Driving/ros_ws/install/mpc_car_batch', 'merge_install': False, 'path': '/home/vivek/On-Codes/Batch-Opt-Highway-Driving/ros_ws/src/mpc_car_batch', 'symlink_install': False, 'test_result_base': None}
[0.993s] INFO:colcon.colcon_core.executor:Executing jobs using 'parallel' executor
[0.996s] DEBUG:colcon.colcon_parallel_executor.executor.parallel:run_until_complete
[0.996s] INFO:colcon.colcon_ros.task.ament_cmake.build:Building ROS package in '/home/vivek/On-Codes/Batch-Opt-Highway-Driving/ros_ws/src/mpc_car_batch' with build type 'ament_cmake'
[0.996s] INFO:colcon.colcon_cmake.task.cmake.build:Building CMake package in '/home/vivek/On-Codes/Batch-Opt-Highway-Driving/ros_ws/src/mpc_car_batch'
[1.001s] INFO:colcon.colcon_core.plugin_system:Skipping extension 'colcon_core.shell.bat': Not used on non-Windows systems
[1.001s] INFO:colcon.colcon_core.shell:Skip shell extension 'powershell' for command environment: Not usable outside of PowerShell
[1.001s] DEBUG:colcon.colcon_core.shell:Skip shell extension 'dsv' for command environment
[1.003s] DEBUG:colcon.colcon_core.shell:Ignoring prefix path '/opt/ros/foxy'
[1.015s] DEBUG:colcon.colcon_core.event_handler.log_command:Invoking command in '/home/vivek/On-Codes/Batch-Opt-Highway-Driving/ros_ws/build/mpc_car_batch': AMENT_PREFIX_PATH=/home/vivek/On-Codes/Batch-Opt-Highway-Driving/ros_ws/install/msgs_car:${AMENT_PREFIX_PATH} CMAKE_PREFIX_PATH=/home/vivek/On-Codes/Batch-Opt-Highway-Driving/ros_ws/install/msgs_car:/opt/ros/foxy LD_LIBRARY_PATH=/home/vivek/On-Codes/Batch-Opt-Highway-Driving/ros_ws/install/msgs_car/lib:${LD_LIBRARY_PATH} PYTHONPATH=/home/vivek/On-Codes/Batch-Opt-Highway-Driving/ros_ws/install/msgs_car/lib/python3.8/site-packages:${PYTHONPATH} /usr/bin/cmake --build /home/vivek/On-Codes/Batch-Opt-Highway-Driving/ros_ws/build/mpc_car_batch -- -j4 -l4
[78.161s] DEBUG:colcon.colcon_core.event_handler.log_command:Invoked command in '/home/vivek/On-Codes/Batch-Opt-Highway-Driving/ros_ws/build/mpc_car_batch' returned '0': AMENT_PREFIX_PATH=/home/vivek/On-Codes/Batch-Opt-Highway-Driving/ros_ws/install/msgs_car:${AMENT_PREFIX_PATH} CMAKE_PREFIX_PATH=/home/vivek/On-Codes/Batch-Opt-Highway-Driving/ros_ws/install/msgs_car:/opt/ros/foxy LD_LIBRARY_PATH=/home/vivek/On-Codes/Batch-Opt-Highway-Driving/ros_ws/install/msgs_car/lib:${LD_LIBRARY_PATH} PYTHONPATH=/home/vivek/On-Codes/Batch-Opt-Highway-Driving/ros_ws/install/msgs_car/lib/python3.8/site-packages:${PYTHONPATH} /usr/bin/cmake --build /home/vivek/On-Codes/Batch-Opt-Highway-Driving/ros_ws/build/mpc_car_batch -- -j4 -l4
[78.231s] DEBUG:colcon.colcon_core.event_handler.log_command:Invoking command in '/home/vivek/On-Codes/Batch-Opt-Highway-Driving/ros_ws/build/mpc_car_batch': AMENT_PREFIX_PATH=/home/vivek/On-Codes/Batch-Opt-Highway-Driving/ros_ws/install/msgs_car:${AMENT_PREFIX_PATH} CMAKE_PREFIX_PATH=/home/vivek/On-Codes/Batch-Opt-Highway-Driving/ros_ws/install/msgs_car:/opt/ros/foxy LD_LIBRARY_PATH=/home/vivek/On-Codes/Batch-Opt-Highway-Driving/ros_ws/install/msgs_car/lib:${LD_LIBRARY_PATH} PYTHONPATH=/home/vivek/On-Codes/Batch-Opt-Highway-Driving/ros_ws/install/msgs_car/lib/python3.8/site-packages:${PYTHONPATH} /usr/bin/cmake --install /home/vivek/On-Codes/Batch-Opt-Highway-Driving/ros_ws/build/mpc_car_batch
[79.076s] Level 1:colcon.colcon_core.environment:create_environment_scripts_only(mpc_car_batch)
[79.081s] DEBUG:colcon.colcon_core.event_handler.log_command:Invoked command in '/home/vivek/On-Codes/Batch-Opt-Highway-Driving/ros_ws/build/mpc_car_batch' returned '0': AMENT_PREFIX_PATH=/home/vivek/On-Codes/Batch-Opt-Highway-Driving/ros_ws/install/msgs_car:${AMENT_PREFIX_PATH} CMAKE_PREFIX_PATH=/home/vivek/On-Codes/Batch-Opt-Highway-Driving/ros_ws/install/msgs_car:/opt/ros/foxy LD_LIBRARY_PATH=/home/vivek/On-Codes/Batch-Opt-Highway-Driving/ros_ws/install/msgs_car/lib:${LD_LIBRARY_PATH} PYTHONPATH=/home/vivek/On-Codes/Batch-Opt-Highway-Driving/ros_ws/install/msgs_car/lib/python3.8/site-packages:${PYTHONPATH} /usr/bin/cmake --install /home/vivek/On-Codes/Batch-Opt-Highway-Driving/ros_ws/build/mpc_car_batch
[79.090s] Level 1:colcon.colcon_core.environment:checking '/home/vivek/On-Codes/Batch-Opt-Highway-Driving/ros_ws/install/mpc_car_batch' for CMake module files
[79.091s] Level 1:colcon.colcon_core.environment:checking '/home/vivek/On-Codes/Batch-Opt-Highway-Driving/ros_ws/install/mpc_car_batch' for CMake config files
[79.092s] Level 1:colcon.colcon_core.shell:create_environment_hook('mpc_car_batch', 'cmake_prefix_path')
[79.094s] INFO:colcon.colcon_core.shell:Creating environment hook '/home/vivek/On-Codes/Batch-Opt-Highway-Driving/ros_ws/install/mpc_car_batch/share/mpc_car_batch/hook/cmake_prefix_path.ps1'
[79.177s] INFO:colcon.colcon_core.shell:Creating environment descriptor '/home/vivek/On-Codes/Batch-Opt-Highway-Driving/ros_ws/install/mpc_car_batch/share/mpc_car_batch/hook/cmake_prefix_path.dsv'
[79.179s] INFO:colcon.colcon_core.shell:Creating environment hook '/home/vivek/On-Codes/Batch-Opt-Highway-Driving/ros_ws/install/mpc_car_batch/share/mpc_car_batch/hook/cmake_prefix_path.sh'
[79.182s] Level 1:colcon.colcon_core.environment:checking '/home/vivek/On-Codes/Batch-Opt-Highway-Driving/ros_ws/install/mpc_car_batch/lib'
[79.183s] Level 1:colcon.colcon_core.environment:checking '/home/vivek/On-Codes/Batch-Opt-Highway-Driving/ros_ws/install/mpc_car_batch/bin'
[79.183s] Level 1:colcon.colcon_core.environment:checking '/home/vivek/On-Codes/Batch-Opt-Highway-Driving/ros_ws/install/mpc_car_batch/lib/pkgconfig/mpc_car_batch.pc'
[79.184s] Level 1:colcon.colcon_core.environment:checking '/home/vivek/On-Codes/Batch-Opt-Highway-Driving/ros_ws/install/mpc_car_batch/lib/python3.8/site-packages'
[79.186s] INFO:colcon.colcon_core.shell:Creating package script '/home/vivek/On-Codes/Batch-Opt-Highway-Driving/ros_ws/install/mpc_car_batch/share/mpc_car_batch/package.ps1'
[79.188s] INFO:colcon.colcon_core.shell:Creating package descriptor '/home/vivek/On-Codes/Batch-Opt-Highway-Driving/ros_ws/install/mpc_car_batch/share/mpc_car_batch/package.dsv'
[79.190s] INFO:colcon.colcon_core.shell:Creating package script '/home/vivek/On-Codes/Batch-Opt-Highway-Driving/ros_ws/install/mpc_car_batch/share/mpc_car_batch/package.sh'
[79.192s] INFO:colcon.colcon_core.shell:Creating package script '/home/vivek/On-Codes/Batch-Opt-Highway-Driving/ros_ws/install/mpc_car_batch/share/mpc_car_batch/package.bash'
[79.194s] INFO:colcon.colcon_core.shell:Creating package script '/home/vivek/On-Codes/Batch-Opt-Highway-Driving/ros_ws/install/mpc_car_batch/share/mpc_car_batch/package.zsh'
[79.196s] Level 1:colcon.colcon_core.environment:create_file_with_runtime_dependencies(/home/vivek/On-Codes/Batch-Opt-Highway-Driving/ros_ws/install/mpc_car_batch/share/colcon-core/packages/mpc_car_batch)
[79.258s] Level 1:colcon.colcon_core.environment:create_environment_scripts_only(mpc_car_batch)
[79.259s] Level 1:colcon.colcon_core.environment:checking '/home/vivek/On-Codes/Batch-Opt-Highway-Driving/ros_ws/install/mpc_car_batch' for CMake module files
[79.260s] Level 1:colcon.colcon_core.environment:checking '/home/vivek/On-Codes/Batch-Opt-Highway-Driving/ros_ws/install/mpc_car_batch' for CMake config files
[79.260s] Level 1:colcon.colcon_core.shell:create_environment_hook('mpc_car_batch', 'cmake_prefix_path')
[79.261s] INFO:colcon.colcon_core.shell:Creating environment hook '/home/vivek/On-Codes/Batch-Opt-Highway-Driving/ros_ws/install/mpc_car_batch/share/mpc_car_batch/hook/cmake_prefix_path.ps1'
[79.696s] INFO:colcon.colcon_core.shell:Creating environment descriptor '/home/vivek/On-Codes/Batch-Opt-Highway-Driving/ros_ws/install/mpc_car_batch/share/mpc_car_batch/hook/cmake_prefix_path.dsv'
[79.698s] INFO:colcon.colcon_core.shell:Creating environment hook '/home/vivek/On-Codes/Batch-Opt-Highway-Driving/ros_ws/install/mpc_car_batch/share/mpc_car_batch/hook/cmake_prefix_path.sh'
[79.699s] Level 1:colcon.colcon_core.environment:checking '/home/vivek/On-Codes/Batch-Opt-Highway-Driving/ros_ws/install/mpc_car_batch/lib'
[79.700s] Level 1:colcon.colcon_core.environment:checking '/home/vivek/On-Codes/Batch-Opt-Highway-Driving/ros_ws/install/mpc_car_batch/bin'
[79.700s] Level 1:colcon.colcon_core.environment:checking '/home/vivek/On-Codes/Batch-Opt-Highway-Driving/ros_ws/install/mpc_car_batch/lib/pkgconfig/mpc_car_batch.pc'
[79.700s] Level 1:colcon.colcon_core.environment:checking '/home/vivek/On-Codes/Batch-Opt-Highway-Driving/ros_ws/install/mpc_car_batch/lib/python3.8/site-packages'
[79.702s] INFO:colcon.colcon_core.shell:Creating package script '/home/vivek/On-Codes/Batch-Opt-Highway-Driving/ros_ws/install/mpc_car_batch/share/mpc_car_batch/package.ps1'
[79.704s] INFO:colcon.colcon_core.shell:Creating package descriptor '/home/vivek/On-Codes/Batch-Opt-Highway-Driving/ros_ws/install/mpc_car_batch/share/mpc_car_batch/package.dsv'
[79.705s] INFO:colcon.colcon_core.shell:Creating package script '/home/vivek/On-Codes/Batch-Opt-Highway-Driving/ros_ws/install/mpc_car_batch/share/mpc_car_batch/package.sh'
[79.706s] INFO:colcon.colcon_core.shell:Creating package script '/home/vivek/On-Codes/Batch-Opt-Highway-Driving/ros_ws/install/mpc_car_batch/share/mpc_car_batch/package.bash'
[79.708s] INFO:colcon.colcon_core.shell:Creating package script '/home/vivek/On-Codes/Batch-Opt-Highway-Driving/ros_ws/install/mpc_car_batch/share/mpc_car_batch/package.zsh'
[79.709s] Level 1:colcon.colcon_core.environment:create_file_with_runtime_dependencies(/home/vivek/On-Codes/Batch-Opt-Highway-Driving/ros_ws/install/mpc_car_batch/share/colcon-core/packages/mpc_car_batch)
[79.710s] DEBUG:colcon.colcon_parallel_executor.executor.parallel:closing loop
[79.711s] DEBUG:colcon.colcon_parallel_executor.executor.parallel:loop closed
[79.711s] DEBUG:colcon.colcon_parallel_executor.executor.parallel:run_until_complete finished with '0'
[79.712s] DEBUG:colcon.colcon_core.event_reactor:joining thread
[80.430s] INFO:colcon.colcon_core.plugin_system:Skipping extension 'colcon_notification.desktop_notification.terminal_notifier': Not used on non-Darwin systems
[80.431s] INFO:colcon.colcon_core.plugin_system:Skipping extension 'colcon_notification.desktop_notification.win32': Not used on non-Windows systems
[80.431s] INFO:colcon.colcon_notification.desktop_notification:Sending desktop notification using 'notify2'
[80.475s] DEBUG:colcon.colcon_core.event_reactor:joined thread
[80.476s] INFO:colcon.colcon_core.shell:Creating prefix script '/home/vivek/On-Codes/Batch-Opt-Highway-Driving/ros_ws/install/local_setup.ps1'
[80.628s] INFO:colcon.colcon_core.shell:Creating prefix util module '/home/vivek/On-Codes/Batch-Opt-Highway-Driving/ros_ws/install/_local_setup_util_ps1.py'
[80.847s] INFO:colcon.colcon_core.shell:Creating prefix chain script '/home/vivek/On-Codes/Batch-Opt-Highway-Driving/ros_ws/install/setup.ps1'
[80.921s] INFO:colcon.colcon_core.shell:Creating prefix script '/home/vivek/On-Codes/Batch-Opt-Highway-Driving/ros_ws/install/local_setup.sh'
[80.996s] INFO:colcon.colcon_core.shell:Creating prefix util module '/home/vivek/On-Codes/Batch-Opt-Highway-Driving/ros_ws/install/_local_setup_util_sh.py'
[81.168s] INFO:colcon.colcon_core.shell:Creating prefix chain script '/home/vivek/On-Codes/Batch-Opt-Highway-Driving/ros_ws/install/setup.sh'
[81.176s] INFO:colcon.colcon_core.shell:Creating prefix script '/home/vivek/On-Codes/Batch-Opt-Highway-Driving/ros_ws/install/local_setup.bash'
[81.177s] INFO:colcon.colcon_core.shell:Creating prefix chain script '/home/vivek/On-Codes/Batch-Opt-Highway-Driving/ros_ws/install/setup.bash'
[81.187s] INFO:colcon.colcon_core.shell:Creating prefix script '/home/vivek/On-Codes/Batch-Opt-Highway-Driving/ros_ws/install/local_setup.zsh'
[81.189s] INFO:colcon.colcon_core.shell:Creating prefix chain script '/home/vivek/On-Codes/Batch-Opt-Highway-Driving/ros_ws/install/setup.zsh'
