[0.316s] DEBUG:colcon:Command line arguments: ['/usr/bin/colcon', 'build']
[0.317s] DEBUG:colcon:Parsed command line arguments: Namespace(ament_cmake_args=None, base_paths=['.'], build_base='build', catkin_cmake_args=None, catkin_skip_building_tests=False, cmake_args=None, cmake_clean_cache=False, cmake_clean_first=False, cmake_force_configure=False, cmake_target=None, cmake_target_skip_unavailable=False, continue_on_error=False, event_handlers=None, executor='parallel', ignore_user_meta=False, install_base='install', log_base=None, log_level=None, main=<bound method BuildVerb.main of <colcon_core.verb.build.BuildVerb object at 0x7f4c71d4be20>>, merge_install=False, metas=['./colcon.meta'], packages_above=None, packages_above_and_dependencies=None, packages_above_depth=None, packages_end=None, packages_ignore=None, packages_ignore_regex=None, packages_select=None, packages_select_build_failed=False, packages_select_by_dep=None, packages_select_regex=None, packages_select_test_failures=False, packages_skip=None, packages_skip_build_finished=False, packages_skip_by_dep=None, packages_skip_regex=None, packages_skip_test_passed=False, packages_skip_up_to=None, packages_start=None, packages_up_to=None, packages_up_to_regex=None, parallel_workers=4, paths=None, symlink_install=False, test_result_base=None, verb_extension=<colcon_core.verb.build.BuildVerb object at 0x7f4c71d4be20>, verb_name='build', verb_parser=<colcon_defaults.argument_parser.defaults.DefaultArgumentsDecorator object at 0x7f4c71d58340>)
[0.322s] Level 1:colcon.colcon_core.package_discovery:discover_packages(colcon_meta) check parameters
[0.322s] Level 1:colcon.colcon_core.package_discovery:discover_packages(recursive) check parameters
[0.322s] Level 1:colcon.colcon_core.package_discovery:discover_packages(ignore) check parameters
[0.322s] Level 1:colcon.colcon_core.package_discovery:discover_packages(path) check parameters
[0.322s] Level 1:colcon.colcon_core.package_discovery:discover_packages(colcon_meta) discover
[0.322s] Level 1:colcon.colcon_core.package_discovery:discover_packages(recursive) discover
[0.322s] INFO:colcon.colcon_core.package_discovery:Crawling recursively for packages in '/home/vivek/On-Codes/Batch_traj_opt/mpc_car_batch'
[0.322s] Level 1:colcon.colcon_core.package_identification:_identify(.) by extensions ['ignore', 'ignore_ament_install']
[0.323s] Level 1:colcon.colcon_core.package_identification:_identify(.) by extension 'ignore'
[0.323s] Level 1:colcon.colcon_core.package_identification:_identify(.) by extension 'ignore_ament_install'
[0.323s] Level 1:colcon.colcon_core.package_identification:_identify(.) by extensions ['colcon_pkg']
[0.323s] Level 1:colcon.colcon_core.package_identification:_identify(.) by extension 'colcon_pkg'
[0.323s] Level 1:colcon.colcon_core.package_identification:_identify(.) by extensions ['colcon_meta']
[0.323s] Level 1:colcon.colcon_core.package_identification:_identify(.) by extension 'colcon_meta'
[0.323s] Level 1:colcon.colcon_core.package_identification:_identify(.) by extensions ['ros']
[0.323s] Level 1:colcon.colcon_core.package_identification:_identify(.) by extension 'ros'
[0.337s] DEBUG:colcon.colcon_core.package_identification:Package '.' with type 'ros.ament_cmake' and name 'mpc_car_batch'
[0.337s] Level 1:colcon.colcon_core.package_discovery:discover_packages(recursive) using defaults
[0.337s] Level 1:colcon.colcon_core.package_discovery:discover_packages(ignore) discover
[0.337s] Level 1:colcon.colcon_core.package_discovery:discover_packages(ignore) using defaults
[0.337s] Level 1:colcon.colcon_core.package_discovery:discover_packages(path) discover
[0.337s] Level 1:colcon.colcon_core.package_discovery:discover_packages(path) using defaults
[0.360s] Level 5:colcon.colcon_core.verb:set package 'mpc_car_batch' build argument 'cmake_args' from command line to 'None'
[0.361s] Level 5:colcon.colcon_core.verb:set package 'mpc_car_batch' build argument 'cmake_target' from command line to 'None'
[0.361s] Level 5:colcon.colcon_core.verb:set package 'mpc_car_batch' build argument 'cmake_target_skip_unavailable' from command line to 'False'
[0.361s] Level 5:colcon.colcon_core.verb:set package 'mpc_car_batch' build argument 'cmake_clean_cache' from command line to 'False'
[0.361s] Level 5:colcon.colcon_core.verb:set package 'mpc_car_batch' build argument 'cmake_clean_first' from command line to 'False'
[0.361s] Level 5:colcon.colcon_core.verb:set package 'mpc_car_batch' build argument 'cmake_force_configure' from command line to 'False'
[0.361s] Level 5:colcon.colcon_core.verb:set package 'mpc_car_batch' build argument 'ament_cmake_args' from command line to 'None'
[0.361s] Level 5:colcon.colcon_core.verb:set package 'mpc_car_batch' build argument 'catkin_cmake_args' from command line to 'None'
[0.361s] Level 5:colcon.colcon_core.verb:set package 'mpc_car_batch' build argument 'catkin_skip_building_tests' from command line to 'False'
[0.361s] DEBUG:colcon.colcon_core.verb:Building package 'mpc_car_batch' with the following arguments: {'ament_cmake_args': None, 'build_base': '/home/vivek/On-Codes/Batch_traj_opt/mpc_car_batch/build/mpc_car_batch', 'catkin_cmake_args': None, 'catkin_skip_building_tests': False, 'cmake_args': None, 'cmake_clean_cache': False, 'cmake_clean_first': False, 'cmake_force_configure': False, 'cmake_target': None, 'cmake_target_skip_unavailable': False, 'install_base': '/home/vivek/On-Codes/Batch_traj_opt/mpc_car_batch/install/mpc_car_batch', 'merge_install': False, 'path': '/home/vivek/On-Codes/Batch_traj_opt/mpc_car_batch', 'symlink_install': False, 'test_result_base': None}
[0.361s] INFO:colcon.colcon_core.executor:Executing jobs using 'parallel' executor
[0.364s] DEBUG:colcon.colcon_parallel_executor.executor.parallel:run_until_complete
[0.364s] INFO:colcon.colcon_ros.task.ament_cmake.build:Building ROS package in '/home/vivek/On-Codes/Batch_traj_opt/mpc_car_batch' with build type 'ament_cmake'
[0.364s] INFO:colcon.colcon_cmake.task.cmake.build:Building CMake package in '/home/vivek/On-Codes/Batch_traj_opt/mpc_car_batch'
[0.369s] INFO:colcon.colcon_core.plugin_system:Skipping extension 'colcon_core.shell.bat': Not used on non-Windows systems
[0.369s] INFO:colcon.colcon_core.shell:Skip shell extension 'powershell' for command environment: Not usable outside of PowerShell
[0.369s] DEBUG:colcon.colcon_core.shell:Skip shell extension 'dsv' for command environment
[0.372s] DEBUG:colcon.colcon_core.shell:Ignoring prefix path '/opt/ros/foxy'
[0.380s] DEBUG:colcon.colcon_core.event_handler.log_command:Invoking command in '/home/vivek/On-Codes/Batch_traj_opt/mpc_car_batch/build/mpc_car_batch': CMAKE_PREFIX_PATH=${CMAKE_PREFIX_PATH}:/opt/ros/foxy /usr/bin/cmake --build /home/vivek/On-Codes/Batch_traj_opt/mpc_car_batch/build/mpc_car_batch -- -j4 -l4
[5.819s] DEBUG:colcon.colcon_core.event_handler.log_command:Invoked command in '/home/vivek/On-Codes/Batch_traj_opt/mpc_car_batch/build/mpc_car_batch' returned '0': CMAKE_PREFIX_PATH=${CMAKE_PREFIX_PATH}:/opt/ros/foxy /usr/bin/cmake --build /home/vivek/On-Codes/Batch_traj_opt/mpc_car_batch/build/mpc_car_batch -- -j4 -l4
[5.858s] DEBUG:colcon.colcon_core.event_handler.log_command:Invoking command in '/home/vivek/On-Codes/Batch_traj_opt/mpc_car_batch/build/mpc_car_batch': CMAKE_PREFIX_PATH=${CMAKE_PREFIX_PATH}:/opt/ros/foxy /usr/bin/cmake --install /home/vivek/On-Codes/Batch_traj_opt/mpc_car_batch/build/mpc_car_batch
[5.875s] Level 1:colcon.colcon_core.environment:create_environment_scripts_only(mpc_car_batch)
[5.876s] DEBUG:colcon.colcon_core.event_handler.log_command:Invoked command in '/home/vivek/On-Codes/Batch_traj_opt/mpc_car_batch/build/mpc_car_batch' returned '0': CMAKE_PREFIX_PATH=${CMAKE_PREFIX_PATH}:/opt/ros/foxy /usr/bin/cmake --install /home/vivek/On-Codes/Batch_traj_opt/mpc_car_batch/build/mpc_car_batch
[5.879s] Level 1:colcon.colcon_core.environment:checking '/home/vivek/On-Codes/Batch_traj_opt/mpc_car_batch/install/mpc_car_batch' for CMake module files
[5.880s] Level 1:colcon.colcon_core.environment:checking '/home/vivek/On-Codes/Batch_traj_opt/mpc_car_batch/install/mpc_car_batch' for CMake config files
[5.880s] Level 1:colcon.colcon_core.shell:create_environment_hook('mpc_car_batch', 'cmake_prefix_path')
[5.881s] INFO:colcon.colcon_core.shell:Creating environment hook '/home/vivek/On-Codes/Batch_traj_opt/mpc_car_batch/install/mpc_car_batch/share/mpc_car_batch/hook/cmake_prefix_path.ps1'
[5.882s] INFO:colcon.colcon_core.shell:Creating environment descriptor '/home/vivek/On-Codes/Batch_traj_opt/mpc_car_batch/install/mpc_car_batch/share/mpc_car_batch/hook/cmake_prefix_path.dsv'
[5.882s] INFO:colcon.colcon_core.shell:Creating environment hook '/home/vivek/On-Codes/Batch_traj_opt/mpc_car_batch/install/mpc_car_batch/share/mpc_car_batch/hook/cmake_prefix_path.sh'
[5.884s] Level 1:colcon.colcon_core.environment:checking '/home/vivek/On-Codes/Batch_traj_opt/mpc_car_batch/install/mpc_car_batch/lib'
[5.884s] Level 1:colcon.colcon_core.environment:checking '/home/vivek/On-Codes/Batch_traj_opt/mpc_car_batch/install/mpc_car_batch/bin'
[5.884s] Level 1:colcon.colcon_core.environment:checking '/home/vivek/On-Codes/Batch_traj_opt/mpc_car_batch/install/mpc_car_batch/lib/pkgconfig/mpc_car_batch.pc'
[5.884s] Level 1:colcon.colcon_core.environment:checking '/home/vivek/On-Codes/Batch_traj_opt/mpc_car_batch/install/mpc_car_batch/lib/python3.8/site-packages'
[5.885s] INFO:colcon.colcon_core.shell:Creating package script '/home/vivek/On-Codes/Batch_traj_opt/mpc_car_batch/install/mpc_car_batch/share/mpc_car_batch/package.ps1'
[5.886s] INFO:colcon.colcon_core.shell:Creating package descriptor '/home/vivek/On-Codes/Batch_traj_opt/mpc_car_batch/install/mpc_car_batch/share/mpc_car_batch/package.dsv'
[5.887s] INFO:colcon.colcon_core.shell:Creating package script '/home/vivek/On-Codes/Batch_traj_opt/mpc_car_batch/install/mpc_car_batch/share/mpc_car_batch/package.sh'
[5.888s] INFO:colcon.colcon_core.shell:Creating package script '/home/vivek/On-Codes/Batch_traj_opt/mpc_car_batch/install/mpc_car_batch/share/mpc_car_batch/package.bash'
[5.889s] INFO:colcon.colcon_core.shell:Creating package script '/home/vivek/On-Codes/Batch_traj_opt/mpc_car_batch/install/mpc_car_batch/share/mpc_car_batch/package.zsh'
[5.890s] Level 1:colcon.colcon_core.environment:create_file_with_runtime_dependencies(/home/vivek/On-Codes/Batch_traj_opt/mpc_car_batch/install/mpc_car_batch/share/colcon-core/packages/mpc_car_batch)
[5.921s] Level 1:colcon.colcon_core.environment:create_environment_scripts_only(mpc_car_batch)
[5.922s] Level 1:colcon.colcon_core.environment:checking '/home/vivek/On-Codes/Batch_traj_opt/mpc_car_batch/install/mpc_car_batch' for CMake module files
[5.922s] Level 1:colcon.colcon_core.environment:checking '/home/vivek/On-Codes/Batch_traj_opt/mpc_car_batch/install/mpc_car_batch' for CMake config files
[5.922s] Level 1:colcon.colcon_core.shell:create_environment_hook('mpc_car_batch', 'cmake_prefix_path')
[5.923s] INFO:colcon.colcon_core.shell:Creating environment hook '/home/vivek/On-Codes/Batch_traj_opt/mpc_car_batch/install/mpc_car_batch/share/mpc_car_batch/hook/cmake_prefix_path.ps1'
[5.924s] INFO:colcon.colcon_core.shell:Creating environment descriptor '/home/vivek/On-Codes/Batch_traj_opt/mpc_car_batch/install/mpc_car_batch/share/mpc_car_batch/hook/cmake_prefix_path.dsv'
[5.924s] INFO:colcon.colcon_core.shell:Creating environment hook '/home/vivek/On-Codes/Batch_traj_opt/mpc_car_batch/install/mpc_car_batch/share/mpc_car_batch/hook/cmake_prefix_path.sh'
[5.926s] Level 1:colcon.colcon_core.environment:checking '/home/vivek/On-Codes/Batch_traj_opt/mpc_car_batch/install/mpc_car_batch/lib'
[5.927s] Level 1:colcon.colcon_core.environment:checking '/home/vivek/On-Codes/Batch_traj_opt/mpc_car_batch/install/mpc_car_batch/bin'
[5.927s] Level 1:colcon.colcon_core.environment:checking '/home/vivek/On-Codes/Batch_traj_opt/mpc_car_batch/install/mpc_car_batch/lib/pkgconfig/mpc_car_batch.pc'
[5.927s] Level 1:colcon.colcon_core.environment:checking '/home/vivek/On-Codes/Batch_traj_opt/mpc_car_batch/install/mpc_car_batch/lib/python3.8/site-packages'
[5.928s] INFO:colcon.colcon_core.shell:Creating package script '/home/vivek/On-Codes/Batch_traj_opt/mpc_car_batch/install/mpc_car_batch/share/mpc_car_batch/package.ps1'
[5.928s] INFO:colcon.colcon_core.shell:Creating package descriptor '/home/vivek/On-Codes/Batch_traj_opt/mpc_car_batch/install/mpc_car_batch/share/mpc_car_batch/package.dsv'
[5.929s] INFO:colcon.colcon_core.shell:Creating package script '/home/vivek/On-Codes/Batch_traj_opt/mpc_car_batch/install/mpc_car_batch/share/mpc_car_batch/package.sh'
[5.929s] INFO:colcon.colcon_core.shell:Creating package script '/home/vivek/On-Codes/Batch_traj_opt/mpc_car_batch/install/mpc_car_batch/share/mpc_car_batch/package.bash'
[5.929s] INFO:colcon.colcon_core.shell:Creating package script '/home/vivek/On-Codes/Batch_traj_opt/mpc_car_batch/install/mpc_car_batch/share/mpc_car_batch/package.zsh'
[5.930s] Level 1:colcon.colcon_core.environment:create_file_with_runtime_dependencies(/home/vivek/On-Codes/Batch_traj_opt/mpc_car_batch/install/mpc_car_batch/share/colcon-core/packages/mpc_car_batch)
[5.930s] DEBUG:colcon.colcon_parallel_executor.executor.parallel:closing loop
[5.931s] DEBUG:colcon.colcon_parallel_executor.executor.parallel:loop closed
[5.931s] DEBUG:colcon.colcon_parallel_executor.executor.parallel:run_until_complete finished with '0'
[5.931s] DEBUG:colcon.colcon_core.event_reactor:joining thread
[5.937s] INFO:colcon.colcon_core.plugin_system:Skipping extension 'colcon_notification.desktop_notification.terminal_notifier': Not used on non-Darwin systems
[5.937s] INFO:colcon.colcon_core.plugin_system:Skipping extension 'colcon_notification.desktop_notification.win32': Not used on non-Windows systems
[5.938s] INFO:colcon.colcon_notification.desktop_notification:Sending desktop notification using 'notify2'
[5.963s] DEBUG:colcon.colcon_core.event_reactor:joined thread
[5.964s] INFO:colcon.colcon_core.shell:Creating prefix script '/home/vivek/On-Codes/Batch_traj_opt/mpc_car_batch/install/local_setup.ps1'
[5.965s] INFO:colcon.colcon_core.shell:Creating prefix util module '/home/vivek/On-Codes/Batch_traj_opt/mpc_car_batch/install/_local_setup_util_ps1.py'
[5.966s] INFO:colcon.colcon_core.shell:Creating prefix chain script '/home/vivek/On-Codes/Batch_traj_opt/mpc_car_batch/install/setup.ps1'
[5.970s] INFO:colcon.colcon_core.shell:Creating prefix script '/home/vivek/On-Codes/Batch_traj_opt/mpc_car_batch/install/local_setup.sh'
[5.971s] INFO:colcon.colcon_core.shell:Creating prefix util module '/home/vivek/On-Codes/Batch_traj_opt/mpc_car_batch/install/_local_setup_util_sh.py'
[5.972s] INFO:colcon.colcon_core.shell:Creating prefix chain script '/home/vivek/On-Codes/Batch_traj_opt/mpc_car_batch/install/setup.sh'
[5.975s] INFO:colcon.colcon_core.shell:Creating prefix script '/home/vivek/On-Codes/Batch_traj_opt/mpc_car_batch/install/local_setup.bash'
[5.976s] INFO:colcon.colcon_core.shell:Creating prefix chain script '/home/vivek/On-Codes/Batch_traj_opt/mpc_car_batch/install/setup.bash'
[5.979s] INFO:colcon.colcon_core.shell:Creating prefix script '/home/vivek/On-Codes/Batch_traj_opt/mpc_car_batch/install/local_setup.zsh'
[5.980s] INFO:colcon.colcon_core.shell:Creating prefix chain script '/home/vivek/On-Codes/Batch_traj_opt/mpc_car_batch/install/setup.zsh'
