[0.148s] Invoking command in '/home/vivek/On-Codes/Batch-Opt-Highway-Driving/ros_ws/build/msgs_car': CMAKE_PREFIX_PATH=/opt/ros/foxy /usr/bin/cmake --build /home/vivek/On-Codes/Batch-Opt-Highway-Driving/ros_ws/build/msgs_car -- -j4 -l4
[1.442s] [  2%] Built target msgs_car__cpp
[1.588s] [ 15%] Built target msgs_car__rosidl_generator_c
[1.590s] [ 25%] Built target msgs_car__rosidl_typesupport_cpp
[1.591s] [ 33%] Built target msgs_car__rosidl_typesupport_introspection_cpp
[1.600s] [ 43%] Built target msgs_car__rosidl_typesupport_fastrtps_cpp
[1.651s] [ 53%] Built target msgs_car__rosidl_typesupport_fastrtps_c
[1.651s] [ 64%] Built target msgs_car__rosidl_typesupport_introspection_c
[1.652s] [ 74%] Built target msgs_car__rosidl_typesupport_c
[1.738s] [ 74%] Built target msgs_car
[1.855s] [ 76%] Built target msgs_car__py
[2.007s] [ 84%] Built target msgs_car__python
[2.071s] [ 94%] Built target msgs_car__rosidl_typesupport_c__pyext
[2.071s] [ 94%] Built target msgs_car__rosidl_typesupport_fastrtps_c__pyext
[2.192s] [100%] Built target msgs_car__rosidl_typesupport_introspection_c__pyext
[2.214s] Invoked command in '/home/vivek/On-Codes/Batch-Opt-Highway-Driving/ros_ws/build/msgs_car' returned '0': CMAKE_PREFIX_PATH=/opt/ros/foxy /usr/bin/cmake --build /home/vivek/On-Codes/Batch-Opt-Highway-Driving/ros_ws/build/msgs_car -- -j4 -l4
[2.291s] Invoking command in '/home/vivek/On-Codes/Batch-Opt-Highway-Driving/ros_ws/build/msgs_car': CMAKE_PREFIX_PATH=/opt/ros/foxy /usr/bin/cmake --install /home/vivek/On-Codes/Batch-Opt-Highway-Driving/ros_ws/build/msgs_car
[2.312s] -- Install configuration: ""
[2.313s] -- Up-to-date: /home/vivek/On-Codes/Batch-Opt-Highway-Driving/ros_ws/install/msgs_car/share/ament_index/resource_index/rosidl_interfaces/msgs_car
[2.313s] -- Up-to-date: /home/vivek/On-Codes/Batch-Opt-Highway-Driving/ros_ws/install/msgs_car/include/msgs_car
[2.313s] -- Up-to-date: /home/vivek/On-Codes/Batch-Opt-Highway-Driving/ros_ws/install/msgs_car/include/msgs_car/msg
[2.314s] -- Up-to-date: /home/vivek/On-Codes/Batch-Opt-Highway-Driving/ros_ws/install/msgs_car/include/msgs_car/msg/controls.h
[2.314s] -- Up-to-date: /home/vivek/On-Codes/Batch-Opt-Highway-Driving/ros_ws/install/msgs_car/include/msgs_car/msg/states.h
[2.314s] -- Up-to-date: /home/vivek/On-Codes/Batch-Opt-Highway-Driving/ros_ws/install/msgs_car/include/msgs_car/msg/detail
[2.314s] -- Up-to-date: /home/vivek/On-Codes/Batch-Opt-Highway-Driving/ros_ws/install/msgs_car/include/msgs_car/msg/detail/controls__functions.c
[2.314s] -- Up-to-date: /home/vivek/On-Codes/Batch-Opt-Highway-Driving/ros_ws/install/msgs_car/include/msgs_car/msg/detail/controls__type_support.h
[2.315s] -- Up-to-date: /home/vivek/On-Codes/Batch-Opt-Highway-Driving/ros_ws/install/msgs_car/include/msgs_car/msg/detail/controls__struct.h
[2.315s] -- Up-to-date: /home/vivek/On-Codes/Batch-Opt-Highway-Driving/ros_ws/install/msgs_car/include/msgs_car/msg/detail/states__functions.h
[2.315s] -- Up-to-date: /home/vivek/On-Codes/Batch-Opt-Highway-Driving/ros_ws/install/msgs_car/include/msgs_car/msg/detail/states__functions.c
[2.315s] -- Up-to-date: /home/vivek/On-Codes/Batch-Opt-Highway-Driving/ros_ws/install/msgs_car/include/msgs_car/msg/detail/states__struct.h
[2.315s] -- Up-to-date: /home/vivek/On-Codes/Batch-Opt-Highway-Driving/ros_ws/install/msgs_car/include/msgs_car/msg/detail/controls__functions.h
[2.316s] -- Up-to-date: /home/vivek/On-Codes/Batch-Opt-Highway-Driving/ros_ws/install/msgs_car/include/msgs_car/msg/detail/states__type_support.h
[2.316s] -- Up-to-date: /home/vivek/On-Codes/Batch-Opt-Highway-Driving/ros_ws/install/msgs_car/include/msgs_car/msg/rosidl_generator_c__visibility_control.h
[2.316s] -- Up-to-date: /home/vivek/On-Codes/Batch-Opt-Highway-Driving/ros_ws/install/msgs_car/share/msgs_car/environment/library_path.sh
[2.316s] -- Up-to-date: /home/vivek/On-Codes/Batch-Opt-Highway-Driving/ros_ws/install/msgs_car/share/msgs_car/environment/library_path.dsv
[2.316s] -- Up-to-date: /home/vivek/On-Codes/Batch-Opt-Highway-Driving/ros_ws/install/msgs_car/lib/libmsgs_car__rosidl_generator_c.so
[2.336s] -- Up-to-date: /home/vivek/On-Codes/Batch-Opt-Highway-Driving/ros_ws/install/msgs_car/include/msgs_car
[2.337s] -- Up-to-date: /home/vivek/On-Codes/Batch-Opt-Highway-Driving/ros_ws/install/msgs_car/include/msgs_car/msg
[2.337s] -- Up-to-date: /home/vivek/On-Codes/Batch-Opt-Highway-Driving/ros_ws/install/msgs_car/include/msgs_car/msg/rosidl_typesupport_fastrtps_c__visibility_control.h
[2.337s] -- Up-to-date: /home/vivek/On-Codes/Batch-Opt-Highway-Driving/ros_ws/install/msgs_car/include/msgs_car/msg/detail
[2.337s] -- Up-to-date: /home/vivek/On-Codes/Batch-Opt-Highway-Driving/ros_ws/install/msgs_car/include/msgs_car/msg/detail/states__rosidl_typesupport_fastrtps_c.h
[2.337s] -- Up-to-date: /home/vivek/On-Codes/Batch-Opt-Highway-Driving/ros_ws/install/msgs_car/include/msgs_car/msg/detail/controls__rosidl_typesupport_fastrtps_c.h
[2.338s] -- Up-to-date: /home/vivek/On-Codes/Batch-Opt-Highway-Driving/ros_ws/install/msgs_car/lib/libmsgs_car__rosidl_typesupport_fastrtps_c.so
[2.338s] -- Up-to-date: /home/vivek/On-Codes/Batch-Opt-Highway-Driving/ros_ws/install/msgs_car/include/msgs_car
[2.339s] -- Up-to-date: /home/vivek/On-Codes/Batch-Opt-Highway-Driving/ros_ws/install/msgs_car/include/msgs_car/msg
[2.339s] -- Up-to-date: /home/vivek/On-Codes/Batch-Opt-Highway-Driving/ros_ws/install/msgs_car/include/msgs_car/msg/rosidl_typesupport_fastrtps_cpp__visibility_control.h
[2.339s] -- Up-to-date: /home/vivek/On-Codes/Batch-Opt-Highway-Driving/ros_ws/install/msgs_car/include/msgs_car/msg/detail
[2.340s] -- Up-to-date: /home/vivek/On-Codes/Batch-Opt-Highway-Driving/ros_ws/install/msgs_car/include/msgs_car/msg/detail/dds_fastrtps
[2.340s] -- Up-to-date: /home/vivek/On-Codes/Batch-Opt-Highway-Driving/ros_ws/install/msgs_car/include/msgs_car/msg/detail/controls__rosidl_typesupport_fastrtps_cpp.hpp
[2.341s] -- Up-to-date: /home/vivek/On-Codes/Batch-Opt-Highway-Driving/ros_ws/install/msgs_car/include/msgs_car/msg/detail/states__rosidl_typesupport_fastrtps_cpp.hpp
[2.341s] -- Up-to-date: /home/vivek/On-Codes/Batch-Opt-Highway-Driving/ros_ws/install/msgs_car/lib/libmsgs_car__rosidl_typesupport_fastrtps_cpp.so
[2.341s] -- Up-to-date: /home/vivek/On-Codes/Batch-Opt-Highway-Driving/ros_ws/install/msgs_car/include/msgs_car
[2.341s] -- Up-to-date: /home/vivek/On-Codes/Batch-Opt-Highway-Driving/ros_ws/install/msgs_car/include/msgs_car/msg
[2.342s] -- Up-to-date: /home/vivek/On-Codes/Batch-Opt-Highway-Driving/ros_ws/install/msgs_car/include/msgs_car/msg/rosidl_typesupport_introspection_c__visibility_control.h
[2.342s] -- Up-to-date: /home/vivek/On-Codes/Batch-Opt-Highway-Driving/ros_ws/install/msgs_car/include/msgs_car/msg/detail
[2.342s] -- Up-to-date: /home/vivek/On-Codes/Batch-Opt-Highway-Driving/ros_ws/install/msgs_car/include/msgs_car/msg/detail/states__type_support.c
[2.343s] -- Up-to-date: /home/vivek/On-Codes/Batch-Opt-Highway-Driving/ros_ws/install/msgs_car/include/msgs_car/msg/detail/controls__rosidl_typesupport_introspection_c.h
[2.343s] -- Up-to-date: /home/vivek/On-Codes/Batch-Opt-Highway-Driving/ros_ws/install/msgs_car/include/msgs_car/msg/detail/states__rosidl_typesupport_introspection_c.h
[2.343s] -- Up-to-date: /home/vivek/On-Codes/Batch-Opt-Highway-Driving/ros_ws/install/msgs_car/include/msgs_car/msg/detail/controls__type_support.c
[2.344s] -- Up-to-date: /home/vivek/On-Codes/Batch-Opt-Highway-Driving/ros_ws/install/msgs_car/lib/libmsgs_car__rosidl_typesupport_introspection_c.so
[2.344s] -- Up-to-date: /home/vivek/On-Codes/Batch-Opt-Highway-Driving/ros_ws/install/msgs_car/lib/libmsgs_car__rosidl_typesupport_c.so
[2.344s] -- Up-to-date: /home/vivek/On-Codes/Batch-Opt-Highway-Driving/ros_ws/install/msgs_car/include/msgs_car
[2.344s] -- Up-to-date: /home/vivek/On-Codes/Batch-Opt-Highway-Driving/ros_ws/install/msgs_car/include/msgs_car/msg
[2.345s] -- Up-to-date: /home/vivek/On-Codes/Batch-Opt-Highway-Driving/ros_ws/install/msgs_car/include/msgs_car/msg/controls.hpp
[2.345s] -- Up-to-date: /home/vivek/On-Codes/Batch-Opt-Highway-Driving/ros_ws/install/msgs_car/include/msgs_car/msg/detail
[2.345s] -- Up-to-date: /home/vivek/On-Codes/Batch-Opt-Highway-Driving/ros_ws/install/msgs_car/include/msgs_car/msg/detail/controls__struct.hpp
[2.345s] -- Up-to-date: /home/vivek/On-Codes/Batch-Opt-Highway-Driving/ros_ws/install/msgs_car/include/msgs_car/msg/detail/controls__builder.hpp
[2.345s] -- Up-to-date: /home/vivek/On-Codes/Batch-Opt-Highway-Driving/ros_ws/install/msgs_car/include/msgs_car/msg/detail/states__builder.hpp
[2.345s] -- Up-to-date: /home/vivek/On-Codes/Batch-Opt-Highway-Driving/ros_ws/install/msgs_car/include/msgs_car/msg/detail/states__struct.hpp
[2.345s] -- Up-to-date: /home/vivek/On-Codes/Batch-Opt-Highway-Driving/ros_ws/install/msgs_car/include/msgs_car/msg/detail/states__traits.hpp
[2.346s] -- Up-to-date: /home/vivek/On-Codes/Batch-Opt-Highway-Driving/ros_ws/install/msgs_car/include/msgs_car/msg/detail/controls__traits.hpp
[2.346s] -- Up-to-date: /home/vivek/On-Codes/Batch-Opt-Highway-Driving/ros_ws/install/msgs_car/include/msgs_car/msg/states.hpp
[2.346s] -- Up-to-date: /home/vivek/On-Codes/Batch-Opt-Highway-Driving/ros_ws/install/msgs_car/include/msgs_car
[2.346s] -- Up-to-date: /home/vivek/On-Codes/Batch-Opt-Highway-Driving/ros_ws/install/msgs_car/include/msgs_car/msg
[2.346s] -- Up-to-date: /home/vivek/On-Codes/Batch-Opt-Highway-Driving/ros_ws/install/msgs_car/include/msgs_car/msg/detail
[2.346s] -- Up-to-date: /home/vivek/On-Codes/Batch-Opt-Highway-Driving/ros_ws/install/msgs_car/include/msgs_car/msg/detail/controls__rosidl_typesupport_introspection_cpp.hpp
[2.346s] -- Up-to-date: /home/vivek/On-Codes/Batch-Opt-Highway-Driving/ros_ws/install/msgs_car/include/msgs_car/msg/detail/states__type_support.cpp
[2.347s] -- Up-to-date: /home/vivek/On-Codes/Batch-Opt-Highway-Driving/ros_ws/install/msgs_car/include/msgs_car/msg/detail/states__rosidl_typesupport_introspection_cpp.hpp
[2.347s] -- Up-to-date: /home/vivek/On-Codes/Batch-Opt-Highway-Driving/ros_ws/install/msgs_car/include/msgs_car/msg/detail/controls__type_support.cpp
[2.347s] -- Up-to-date: /home/vivek/On-Codes/Batch-Opt-Highway-Driving/ros_ws/install/msgs_car/lib/libmsgs_car__rosidl_typesupport_introspection_cpp.so
[2.347s] -- Up-to-date: /home/vivek/On-Codes/Batch-Opt-Highway-Driving/ros_ws/install/msgs_car/lib/libmsgs_car__rosidl_typesupport_cpp.so
[2.347s] -- Up-to-date: /home/vivek/On-Codes/Batch-Opt-Highway-Driving/ros_ws/install/msgs_car/share/msgs_car/environment/pythonpath.sh
[2.347s] -- Up-to-date: /home/vivek/On-Codes/Batch-Opt-Highway-Driving/ros_ws/install/msgs_car/share/msgs_car/environment/pythonpath.dsv
[2.347s] -- Up-to-date: /home/vivek/On-Codes/Batch-Opt-Highway-Driving/ros_ws/install/msgs_car/lib/python3.8/site-packages/msgs_car/__init__.py
[2.401s] -- Up-to-date: /home/vivek/On-Codes/Batch-Opt-Highway-Driving/ros_ws/install/msgs_car/lib/python3.8/site-packages/msgs_car/msg
[2.401s] -- Up-to-date: /home/vivek/On-Codes/Batch-Opt-Highway-Driving/ros_ws/install/msgs_car/lib/python3.8/site-packages/msgs_car/msg/_controls_s.c
[2.401s] -- Up-to-date: /home/vivek/On-Codes/Batch-Opt-Highway-Driving/ros_ws/install/msgs_car/lib/python3.8/site-packages/msgs_car/msg/_states_s.c
[2.402s] -- Up-to-date: /home/vivek/On-Codes/Batch-Opt-Highway-Driving/ros_ws/install/msgs_car/lib/python3.8/site-packages/msgs_car/msg/_states.py
[2.402s] -- Up-to-date: /home/vivek/On-Codes/Batch-Opt-Highway-Driving/ros_ws/install/msgs_car/lib/python3.8/site-packages/msgs_car/msg/__init__.py
[2.402s] -- Up-to-date: /home/vivek/On-Codes/Batch-Opt-Highway-Driving/ros_ws/install/msgs_car/lib/python3.8/site-packages/msgs_car/msg/_controls.py
[2.402s] -- Up-to-date: /home/vivek/On-Codes/Batch-Opt-Highway-Driving/ros_ws/install/msgs_car/lib/python3.8/site-packages/msgs_car/msgs_car_s__rosidl_typesupport_fastrtps_c.cpython-38-x86_64-linux-gnu.so
[2.403s] -- Up-to-date: /home/vivek/On-Codes/Batch-Opt-Highway-Driving/ros_ws/install/msgs_car/lib/python3.8/site-packages/msgs_car/msgs_car_s__rosidl_typesupport_introspection_c.cpython-38-x86_64-linux-gnu.so
[2.404s] -- Up-to-date: /home/vivek/On-Codes/Batch-Opt-Highway-Driving/ros_ws/install/msgs_car/lib/python3.8/site-packages/msgs_car/msgs_car_s__rosidl_typesupport_c.cpython-38-x86_64-linux-gnu.so
[2.405s] -- Up-to-date: /home/vivek/On-Codes/Batch-Opt-Highway-Driving/ros_ws/install/msgs_car/lib/libmsgs_car__python.so
[2.405s] -- Up-to-date: /home/vivek/On-Codes/Batch-Opt-Highway-Driving/ros_ws/install/msgs_car/share/msgs_car/msg/States.idl
[2.405s] -- Up-to-date: /home/vivek/On-Codes/Batch-Opt-Highway-Driving/ros_ws/install/msgs_car/share/msgs_car/msg/Controls.idl
[2.405s] -- Up-to-date: /home/vivek/On-Codes/Batch-Opt-Highway-Driving/ros_ws/install/msgs_car/share/msgs_car/msg/States.msg
[2.405s] -- Up-to-date: /home/vivek/On-Codes/Batch-Opt-Highway-Driving/ros_ws/install/msgs_car/share/msgs_car/msg/Controls.msg
[2.406s] -- Up-to-date: /home/vivek/On-Codes/Batch-Opt-Highway-Driving/ros_ws/install/msgs_car/share/ament_index/resource_index/package_run_dependencies/msgs_car
[2.406s] -- Up-to-date: /home/vivek/On-Codes/Batch-Opt-Highway-Driving/ros_ws/install/msgs_car/share/ament_index/resource_index/parent_prefix_path/msgs_car
[2.406s] -- Up-to-date: /home/vivek/On-Codes/Batch-Opt-Highway-Driving/ros_ws/install/msgs_car/share/msgs_car/environment/ament_prefix_path.sh
[2.406s] -- Up-to-date: /home/vivek/On-Codes/Batch-Opt-Highway-Driving/ros_ws/install/msgs_car/share/msgs_car/environment/ament_prefix_path.dsv
[2.406s] -- Up-to-date: /home/vivek/On-Codes/Batch-Opt-Highway-Driving/ros_ws/install/msgs_car/share/msgs_car/environment/path.sh
[2.407s] -- Up-to-date: /home/vivek/On-Codes/Batch-Opt-Highway-Driving/ros_ws/install/msgs_car/share/msgs_car/environment/path.dsv
[2.407s] -- Up-to-date: /home/vivek/On-Codes/Batch-Opt-Highway-Driving/ros_ws/install/msgs_car/share/msgs_car/local_setup.bash
[2.407s] -- Up-to-date: /home/vivek/On-Codes/Batch-Opt-Highway-Driving/ros_ws/install/msgs_car/share/msgs_car/local_setup.sh
[2.407s] -- Up-to-date: /home/vivek/On-Codes/Batch-Opt-Highway-Driving/ros_ws/install/msgs_car/share/msgs_car/local_setup.zsh
[2.407s] -- Up-to-date: /home/vivek/On-Codes/Batch-Opt-Highway-Driving/ros_ws/install/msgs_car/share/msgs_car/local_setup.dsv
[2.407s] -- Installing: /home/vivek/On-Codes/Batch-Opt-Highway-Driving/ros_ws/install/msgs_car/share/msgs_car/package.dsv
[2.420s] -- Up-to-date: /home/vivek/On-Codes/Batch-Opt-Highway-Driving/ros_ws/install/msgs_car/share/ament_index/resource_index/packages/msgs_car
[2.420s] -- Up-to-date: /home/vivek/On-Codes/Batch-Opt-Highway-Driving/ros_ws/install/msgs_car/share/msgs_car/cmake/msgs_car__rosidl_generator_cExport.cmake
[2.420s] -- Up-to-date: /home/vivek/On-Codes/Batch-Opt-Highway-Driving/ros_ws/install/msgs_car/share/msgs_car/cmake/msgs_car__rosidl_generator_cExport-noconfig.cmake
[2.420s] -- Up-to-date: /home/vivek/On-Codes/Batch-Opt-Highway-Driving/ros_ws/install/msgs_car/share/msgs_car/cmake/msgs_car__rosidl_typesupport_introspection_cExport.cmake
[2.420s] -- Up-to-date: /home/vivek/On-Codes/Batch-Opt-Highway-Driving/ros_ws/install/msgs_car/share/msgs_car/cmake/msgs_car__rosidl_typesupport_introspection_cExport-noconfig.cmake
[2.421s] -- Up-to-date: /home/vivek/On-Codes/Batch-Opt-Highway-Driving/ros_ws/install/msgs_car/share/msgs_car/cmake/msgs_car__rosidl_typesupport_cExport.cmake
[2.421s] -- Up-to-date: /home/vivek/On-Codes/Batch-Opt-Highway-Driving/ros_ws/install/msgs_car/share/msgs_car/cmake/msgs_car__rosidl_typesupport_cExport-noconfig.cmake
[2.421s] -- Up-to-date: /home/vivek/On-Codes/Batch-Opt-Highway-Driving/ros_ws/install/msgs_car/share/msgs_car/cmake/msgs_car__rosidl_generator_cppExport.cmake
[2.421s] -- Up-to-date: /home/vivek/On-Codes/Batch-Opt-Highway-Driving/ros_ws/install/msgs_car/share/msgs_car/cmake/msgs_car__rosidl_typesupport_introspection_cppExport.cmake
[2.421s] -- Up-to-date: /home/vivek/On-Codes/Batch-Opt-Highway-Driving/ros_ws/install/msgs_car/share/msgs_car/cmake/msgs_car__rosidl_typesupport_introspection_cppExport-noconfig.cmake
[2.421s] -- Up-to-date: /home/vivek/On-Codes/Batch-Opt-Highway-Driving/ros_ws/install/msgs_car/share/msgs_car/cmake/msgs_car__rosidl_typesupport_cppExport.cmake
[2.421s] -- Up-to-date: /home/vivek/On-Codes/Batch-Opt-Highway-Driving/ros_ws/install/msgs_car/share/msgs_car/cmake/msgs_car__rosidl_typesupport_cppExport-noconfig.cmake
[2.422s] -- Up-to-date: /home/vivek/On-Codes/Batch-Opt-Highway-Driving/ros_ws/install/msgs_car/share/msgs_car/cmake/rosidl_cmake-extras.cmake
[2.422s] -- Up-to-date: /home/vivek/On-Codes/Batch-Opt-Highway-Driving/ros_ws/install/msgs_car/share/msgs_car/cmake/ament_cmake_export_dependencies-extras.cmake
[2.422s] -- Up-to-date: /home/vivek/On-Codes/Batch-Opt-Highway-Driving/ros_ws/install/msgs_car/share/msgs_car/cmake/ament_cmake_export_libraries-extras.cmake
[2.422s] -- Up-to-date: /home/vivek/On-Codes/Batch-Opt-Highway-Driving/ros_ws/install/msgs_car/share/msgs_car/cmake/ament_cmake_export_targets-extras.cmake
[2.422s] -- Up-to-date: /home/vivek/On-Codes/Batch-Opt-Highway-Driving/ros_ws/install/msgs_car/share/msgs_car/cmake/ament_cmake_export_include_directories-extras.cmake
[2.422s] -- Up-to-date: /home/vivek/On-Codes/Batch-Opt-Highway-Driving/ros_ws/install/msgs_car/share/msgs_car/cmake/rosidl_cmake_export_typesupport_libraries-extras.cmake
[2.422s] -- Up-to-date: /home/vivek/On-Codes/Batch-Opt-Highway-Driving/ros_ws/install/msgs_car/share/msgs_car/cmake/rosidl_cmake_export_typesupport_targets-extras.cmake
[2.423s] -- Up-to-date: /home/vivek/On-Codes/Batch-Opt-Highway-Driving/ros_ws/install/msgs_car/share/msgs_car/cmake/msgs_carConfig.cmake
[2.423s] -- Up-to-date: /home/vivek/On-Codes/Batch-Opt-Highway-Driving/ros_ws/install/msgs_car/share/msgs_car/cmake/msgs_carConfig-version.cmake
[2.423s] -- Up-to-date: /home/vivek/On-Codes/Batch-Opt-Highway-Driving/ros_ws/install/msgs_car/share/msgs_car/package.xml
[2.427s] Invoked command in '/home/vivek/On-Codes/Batch-Opt-Highway-Driving/ros_ws/build/msgs_car' returned '0': CMAKE_PREFIX_PATH=/opt/ros/foxy /usr/bin/cmake --install /home/vivek/On-Codes/Batch-Opt-Highway-Driving/ros_ws/build/msgs_car
