[1.616s] Invoking command in '/home/vivek/On-Codes/Batch_traj_opt/mpc_car_batch/build/mpc_car_batch': CMAKE_PREFIX_PATH=${CMAKE_PREFIX_PATH}:/opt/ros/foxy /usr/bin/cmake --build /home/vivek/On-Codes/Batch_traj_opt/mpc_car_batch/build/mpc_car_batch -- -j4 -l4
[1.693s] [ 50%] Built target mpc_node_lib
[1.763s] [35m[1mScanning dependencies of target mpc_node[0m
[2.106s] [ 75%] [32mBuilding CXX object CMakeFiles/mpc_node.dir/src/main.cpp.o[0m
[4.243s] [01m[K/home/vivek/On-Codes/Batch_traj_opt/mpc_car_batch/src/main.cpp:32:19:[m[K [01;31m[Kerror: [m[Kexpected identifier before numeric constant
[4.244s]    32 |     ArrayXXf lane([01;31m[K9[m[K, 1);
[4.244s]       |                   [01;31m[K^[m[K
[4.244s] [01m[K/home/vivek/On-Codes/Batch_traj_opt/mpc_car_batch/src/main.cpp:32:19:[m[K [01;31m[Kerror: [m[Kexpected ‘[01m[K,[m[K’ or ‘[01m[K...[m[K’ before numeric constant
[4.245s] [01m[K/home/vivek/On-Codes/Batch_traj_opt/mpc_car_batch/src/main.cpp:33:5:[m[K [01;31m[Kerror: [m[K‘[01m[Klane[m[K’ does not name a type
[4.245s]    33 |     [01;31m[Klane[m[K << -12, -8, -4, -2, 0, 2, 4, 8, 12;
[4.245s]       |     [01;31m[K^~~~[m[K
[4.248s] [01m[K/home/vivek/On-Codes/Batch_traj_opt/mpc_car_batch/src/main.cpp:38:5:[m[K [01;31m[Kerror: [m[K‘[01m[Kprob_data[m[K’ does not name a type
[4.248s]    38 |     [01;31m[Kprob_data[m[K.t_fin = 10.0;
[4.248s]       |     [01;31m[K^~~~~~~~~[m[K
[4.251s] [01m[K/home/vivek/On-Codes/Batch_traj_opt/mpc_car_batch/src/main.cpp:39:5:[m[K [01;31m[Kerror: [m[K‘[01m[Kprob_data[m[K’ does not name a type
[4.251s]    39 |     [01;31m[Kprob_data[m[K.num = 100;
[4.251s]       |     [01;31m[K^~~~~~~~~[m[K
[4.253s] [01m[K/home/vivek/On-Codes/Batch_traj_opt/mpc_car_batch/src/main.cpp:40:5:[m[K [01;31m[Kerror: [m[K‘[01m[Kprob_data[m[K’ does not name a type
[4.253s]    40 |     [01;31m[Kprob_data[m[K.weight_smoothness = 200.0;
[4.253s]       |     [01;31m[K^~~~~~~~~[m[K
[4.256s] [01m[K/home/vivek/On-Codes/Batch_traj_opt/mpc_car_batch/src/main.cpp:41:5:[m[K [01;31m[Kerror: [m[K‘[01m[Kprob_data[m[K’ does not name a type
[4.256s]    41 |     [01;31m[Kprob_data[m[K.weight_psi = 10.0;
[4.256s]       |     [01;31m[K^~~~~~~~~[m[K
[4.258s] [01m[K/home/vivek/On-Codes/Batch_traj_opt/mpc_car_batch/src/main.cpp:42:5:[m[K [01;31m[Kerror: [m[K‘[01m[Kprob_data[m[K’ does not name a type
[4.258s]    42 |     [01;31m[Kprob_data[m[K.weight_v = 1.0;
[4.258s]       |     [01;31m[K^~~~~~~~~[m[K
[4.261s] [01m[K/home/vivek/On-Codes/Batch_traj_opt/mpc_car_batch/src/main.cpp:43:5:[m[K [01;31m[Kerror: [m[K‘[01m[Kprob_data[m[K’ does not name a type
[4.261s]    43 |     [01;31m[Kprob_data[m[K.maxiter = 200;
[4.261s]       |     [01;31m[K^~~~~~~~~[m[K
[4.264s] [01m[K/home/vivek/On-Codes/Batch_traj_opt/mpc_car_batch/src/main.cpp:44:5:[m[K [01;31m[Kerror: [m[K‘[01m[Kprob_data[m[K’ does not name a type
[4.264s]    44 |     [01;31m[Kprob_data[m[K.num_obs = 4;
[4.264s]       |     [01;31m[K^~~~~~~~~[m[K
[4.267s] [01m[K/home/vivek/On-Codes/Batch_traj_opt/mpc_car_batch/src/main.cpp:45:5:[m[K [01;31m[Kerror: [m[K‘[01m[Kprob_data[m[K’ does not name a type
[4.267s]    45 |     [01;31m[Kprob_data[m[K.v_max = 16.0;
[4.267s]       |     [01;31m[K^~~~~~~~~[m[K
[4.269s] [01m[K/home/vivek/On-Codes/Batch_traj_opt/mpc_car_batch/src/main.cpp:46:5:[m[K [01;31m[Kerror: [m[K‘[01m[Kprob_data[m[K’ does not name a type
[4.269s]    46 |     [01;31m[Kprob_data[m[K.a_max = 4.0;
[4.270s]       |     [01;31m[K^~~~~~~~~[m[K
[4.270s] [01m[K/home/vivek/On-Codes/Batch_traj_opt/mpc_car_batch/src/main.cpp:48:23:[m[K [01;31m[Kerror: [m[K‘[01m[Kprob_data[m[K’ is not a type
[4.270s]    48 |     ArrayXXf tot_time([01;31m[Kprob_data[m[K.num, 1);
[4.270s]       |                       [01;31m[K^~~~~~~~~[m[K
[4.270s] [01m[K/home/vivek/On-Codes/Batch_traj_opt/mpc_car_batch/src/main.cpp:48:32:[m[K [01;31m[Kerror: [m[Kexpected ‘[01m[K,[m[K’ or ‘[01m[K...[m[K’ before ‘[01m[K.[m[K’ token
[4.270s]    48 |     ArrayXXf tot_time(prob_data[01;31m[K.[m[Knum, 1);
[4.270s]       |                                [01;31m[K^[m[K
[4.272s] [01m[K/home/vivek/On-Codes/Batch_traj_opt/mpc_car_batch/src/main.cpp:49:5:[m[K [01;31m[Kerror: [m[K‘[01m[Kprob_data[m[K’ does not name a type
[4.272s]    49 |     [01;31m[Kprob_data[m[K.t = prob_data.t_fin/prob_data.num;
[4.272s]       |     [01;31m[K^~~~~~~~~[m[K
[4.274s] [01m[K/home/vivek/On-Codes/Batch_traj_opt/mpc_car_batch/src/main.cpp:50:5:[m[K [01;31m[Kerror: [m[K‘[01m[Ktot_time[m[K’ does not name a type
[4.274s]    50 |     [01;31m[Ktot_time[m[K.col(0).setLinSpaced(prob_data.num, 0.0, prob_data.t_fin);
[4.274s]       |     [01;31m[K^~~~~~~~[m[K
[4.275s] [01m[K/home/vivek/On-Codes/Batch_traj_opt/mpc_car_batch/src/main.cpp:53:5:[m[K [01;31m[Kerror: [m[K‘[01m[KPPP[m[K’ does not name a type
[4.275s]    53 |     [01;31m[KPPP[m[K = compute_bernstein(tot_time, prob_data.t_fin, prob_data.num);
[4.276s]       |     [01;31m[K^~~[m[K
[4.278s] [01m[K/home/vivek/On-Codes/Batch_traj_opt/mpc_car_batch/src/main.cpp:54:5:[m[K [01;31m[Kerror: [m[K‘[01m[Kprob_data[m[K’ does not name a type
[4.278s]    54 |     [01;31m[Kprob_data[m[K.nvar = PPP.a.cols();
[4.278s]       |     [01;31m[K^~~~~~~~~[m[K
[4.281s] [01m[K/home/vivek/On-Codes/Batch_traj_opt/mpc_car_batch/src/main.cpp:55:5:[m[K [01;31m[Kerror: [m[K‘[01m[Kprob_data[m[K’ does not name a type
[4.281s]    55 |     [01;31m[Kprob_data[m[K.cost_smoothness = prob_data.weight_smoothness * PPP.c.transpose().matrix() * PPP.c.matrix();
[4.281s]       |     [01;31m[K^~~~~~~~~[m[K
[4.282s] [01m[K/home/vivek/On-Codes/Batch_traj_opt/mpc_car_batch/src/main.cpp:57:25:[m[K [01;31m[Kerror: [m[K‘[01m[Kprob_data[m[K’ is not a type
[4.282s]    57 |     ArrayXXf x_obs_temp([01;31m[Kprob_data[m[K.num_obs, 1), y_obs_temp(prob_data.num_obs, 1);
[4.282s]       |                         [01;31m[K^~~~~~~~~[m[K
[4.282s] [01m[K/home/vivek/On-Codes/Batch_traj_opt/mpc_car_batch/src/main.cpp:57:34:[m[K [01;31m[Kerror: [m[Kexpected ‘[01m[K,[m[K’ or ‘[01m[K...[m[K’ before ‘[01m[K.[m[K’ token
[4.282s]    57 |     ArrayXXf x_obs_temp(prob_data[01;31m[K.[m[Knum_obs, 1), y_obs_temp(prob_data.num_obs, 1);
[4.282s]       |                                  [01;31m[K^[m[K
[4.282s] [01m[K/home/vivek/On-Codes/Batch_traj_opt/mpc_car_batch/src/main.cpp:57:59:[m[K [01;31m[Kerror: [m[K‘[01m[Kprob_data[m[K’ is not a type
[4.282s]    57 |     ArrayXXf x_obs_temp(prob_data.num_obs, 1), y_obs_temp([01;31m[Kprob_data[m[K.num_obs, 1);
[4.282s]       |                                                           [01;31m[K^~~~~~~~~[m[K
[4.282s] [01m[K/home/vivek/On-Codes/Batch_traj_opt/mpc_car_batch/src/main.cpp:57:68:[m[K [01;31m[Kerror: [m[Kexpected ‘[01m[K,[m[K’ or ‘[01m[K...[m[K’ before ‘[01m[K.[m[K’ token
[4.282s]    57 |     ArrayXXf x_obs_temp(prob_data.num_obs, 1), y_obs_temp(prob_data[01;31m[K.[m[Knum_obs, 1);
[4.282s]       |                                                                    [01;31m[K^[m[K
[4.282s] [01m[K/home/vivek/On-Codes/Batch_traj_opt/mpc_car_batch/src/main.cpp:58:21:[m[K [01;31m[Kerror: [m[K‘[01m[Kprob_data[m[K’ is not a type
[4.282s]    58 |     ArrayXXf vx_obs([01;31m[Kprob_data[m[K.num_obs, 1), vy_obs(prob_data.num_obs, 1);
[4.283s]       |                     [01;31m[K^~~~~~~~~[m[K
[4.283s] [01m[K/home/vivek/On-Codes/Batch_traj_opt/mpc_car_batch/src/main.cpp:58:30:[m[K [01;31m[Kerror: [m[Kexpected ‘[01m[K,[m[K’ or ‘[01m[K...[m[K’ before ‘[01m[K.[m[K’ token
[4.283s]    58 |     ArrayXXf vx_obs(prob_data[01;31m[K.[m[Knum_obs, 1), vy_obs(prob_data.num_obs, 1);
[4.283s]       |                              [01;31m[K^[m[K
[4.283s] [01m[K/home/vivek/On-Codes/Batch_traj_opt/mpc_car_batch/src/main.cpp:58:51:[m[K [01;31m[Kerror: [m[K‘[01m[Kprob_data[m[K’ is not a type
[4.283s]    58 |     ArrayXXf vx_obs(prob_data.num_obs, 1), vy_obs([01;31m[Kprob_data[m[K.num_obs, 1);
[4.283s]       |                                                   [01;31m[K^~~~~~~~~[m[K
[4.283s] [01m[K/home/vivek/On-Codes/Batch_traj_opt/mpc_car_batch/src/main.cpp:58:60:[m[K [01;31m[Kerror: [m[Kexpected ‘[01m[K,[m[K’ or ‘[01m[K...[m[K’ before ‘[01m[K.[m[K’ token
[4.283s]    58 |     ArrayXXf vx_obs(prob_data.num_obs, 1), vy_obs(prob_data[01;31m[K.[m[Knum_obs, 1);
[4.283s]       |                                                            [01;31m[K^[m[K
[4.285s] [01m[K/home/vivek/On-Codes/Batch_traj_opt/mpc_car_batch/src/main.cpp:63:5:[m[K [01;31m[Kerror: [m[K‘[01m[Kx_obs_temp[m[K’ does not name a type; did you mean ‘[01m[Kmkostemp[m[K’?
[4.285s]    63 |     [01;31m[Kx_obs_temp[m[K << 30.0, 52.0, 68.0, 10.0;//, -10.0, -10.0;
[4.285s]       |     [01;31m[K^~~~~~~~~~[m[K
[4.285s]       |     [32m[Kmkostemp[m[K
[4.288s] [01m[K/home/vivek/On-Codes/Batch_traj_opt/mpc_car_batch/src/main.cpp:64:5:[m[K [01;31m[Kerror: [m[K‘[01m[Ky_obs_temp[m[K’ does not name a type; did you mean ‘[01m[Kmkostemp[m[K’?
[4.289s]    64 |     [01;31m[Ky_obs_temp[m[K << -0.3, 0.2, -3.0, 2.0;//, 6, 10;
[4.289s]       |     [01;31m[K^~~~~~~~~~[m[K
[4.289s]       |     [32m[Kmkostemp[m[K
[4.291s] [01m[K/home/vivek/On-Codes/Batch_traj_opt/mpc_car_batch/src/main.cpp:65:5:[m[K [01;31m[Kerror: [m[K‘[01m[Kvx_obs[m[K’ does not name a type
[4.291s]    65 |     [01;31m[Kvx_obs[m[K =0;//<< 7.0, 5.0, 8.0, 4.0, 10.0, 8.0;
[4.291s]       |     [01;31m[K^~~~~~[m[K
[4.294s] [01m[K/home/vivek/On-Codes/Batch_traj_opt/mpc_car_batch/src/main.cpp:66:5:[m[K [01;31m[Kerror: [m[K‘[01m[Kvy_obs[m[K’ does not name a type
[4.295s]    66 |     [01;31m[Kvy_obs[m[K =0;//<< 0.0, 0.0, 0.0, 0.0, 0.0, 0.0;
[4.295s]       |     [01;31m[K^~~~~~[m[K
[4.332s] [01m[K/home/vivek/On-Codes/Batch_traj_opt/mpc_car_batch/src/main.cpp:[m[K In member function ‘[01m[Kvoid MinimalPublisher::timer_callback()[m[K’:
[4.332s] [01m[K/home/vivek/On-Codes/Batch_traj_opt/mpc_car_batch/src/main.cpp:124:103:[m[K [01;31m[Kerror: [m[Kinvalid use of non-static member function ‘[01m[KEigen::ArrayXXf MinimalPublisher::x_obs_temp(int)[m[K’
[4.332s]   124 |         prob_data = mpc(prob_data, PPP, x_g, y_g, x_init, y_init, vx_init, vy_init, ax_init, ay_init, [01;31m[Kx_obs_temp[m[K, y_obs_temp,
[4.332s]       |                                                                                                       [01;31m[K^~~~~~~~~~[m[K
[4.332s] [01m[K/home/vivek/On-Codes/Batch_traj_opt/mpc_car_batch/src/main.cpp:57:14:[m[K [01;36m[Knote: [m[Kdeclared here
[4.332s]    57 |     ArrayXXf [01;36m[Kx_obs_temp[m[K(prob_data.num_obs, 1), y_obs_temp(prob_data.num_obs, 1);
[4.332s]       |              [01;36m[K^~~~~~~~~~[m[K
[5.545s] make[2]: *** [CMakeFiles/mpc_node.dir/build.make:63: CMakeFiles/mpc_node.dir/src/main.cpp.o] Error 1
[5.545s] make[1]: *** [CMakeFiles/Makefile2:80: CMakeFiles/mpc_node.dir/all] Error 2
[5.546s] make: *** [Makefile:141: all] Error 2
[5.550s] Invoked command in '/home/vivek/On-Codes/Batch_traj_opt/mpc_car_batch/build/mpc_car_batch' returned '2': CMAKE_PREFIX_PATH=${CMAKE_PREFIX_PATH}:/opt/ros/foxy /usr/bin/cmake --build /home/vivek/On-Codes/Batch_traj_opt/mpc_car_batch/build/mpc_car_batch -- -j4 -l4
