[0.012s] Invoking command in '/home/lenovo/ros2_foxy/src/Batch-Opt-Highway-Driving/ros_ws/build/msgs_car': CMAKE_PREFIX_PATH=${CMAKE_PREFIX_PATH}:/home/lenovo/ros2_foxy/install/highway_car:/home/lenovo/ros2_foxy/install/frenet_car:/home/lenovo/ros2_foxy/install/traffic_editor_assets:/home/lenovo/ros2_foxy/install/fleet_state_visualizer:/home/lenovo/ros2_foxy/install/rmf_demo_panel:/home/lenovo/ros2_foxy/install/building_systems_visualizer:/home/lenovo/ros2_foxy/install/building_map_tools:/opt/ros/foxy /usr/bin/cmake /home/lenovo/ros2_foxy/src/Batch-Opt-Highway-Driving/ros_ws/src/msgs_car -DCMAKE_INSTALL_PREFIX=/home/lenovo/ros2_foxy/src/Batch-Opt-Highway-Driving/ros_ws/install/msgs_car
[0.051s] -- The C compiler identification is GNU 9.3.0
[0.092s] -- The CXX compiler identification is GNU 9.3.0
[0.097s] -- Check for working C compiler: /usr/bin/cc
[0.145s] -- Check for working C compiler: /usr/bin/cc -- works
[0.145s] -- Detecting C compiler ABI info
[0.195s] -- Detecting C compiler ABI info - done
[0.204s] -- Detecting C compile features
[0.204s] -- Detecting C compile features - done
[0.206s] -- Check for working CXX compiler: /usr/bin/c++
[0.262s] -- Check for working CXX compiler: /usr/bin/c++ -- works
[0.262s] -- Detecting CXX compiler ABI info
[0.323s] -- Detecting CXX compiler ABI info - done
[0.334s] -- Detecting CXX compile features
[0.334s] -- Detecting CXX compile features - done
[0.336s] -- Found ament_cmake: 0.9.8 (/opt/ros/foxy/share/ament_cmake/cmake)
[0.354s] -- Found PythonInterp: /usr/bin/python3 (found suitable version "3.8.10", minimum required is "3") 
[0.354s] -- Using PYTHON_EXECUTABLE: /usr/bin/python3
[0.500s] -- Found rosidl_default_generators: 1.0.1 (/opt/ros/foxy/share/rosidl_default_generators/cmake)
[0.507s] -- Using all available rosidl_typesupport_c: rosidl_typesupport_fastrtps_c;rosidl_typesupport_introspection_c
[0.512s] -- Found rosidl_adapter: 1.2.1 (/opt/ros/foxy/share/rosidl_adapter/cmake)
[0.581s] -- Found OpenSSL: /usr/lib/x86_64-linux-gnu/libcrypto.so (found version "1.1.1f")  
[0.601s] -- Found FastRTPS: /opt/ros/foxy/include  
[0.658s] -- Using all available rosidl_typesupport_cpp: rosidl_typesupport_fastrtps_cpp;rosidl_typesupport_introspection_cpp
[0.676s] -- Found geometry_msgs: 2.0.4 (/opt/ros/foxy/share/geometry_msgs/cmake)
[0.744s] -- Found PythonInterp: /usr/bin/python3 (found version "3.8.10") 
[0.865s] -- Found ament_cmake_ros: 0.9.2 (/opt/ros/foxy/share/ament_cmake_ros/cmake)
[1.047s] -- Using all available rosidl_typesupport_c: rosidl_typesupport_fastrtps_c;rosidl_typesupport_introspection_c
[1.132s] -- Using all available rosidl_typesupport_cpp: rosidl_typesupport_fastrtps_cpp;rosidl_typesupport_introspection_cpp
[1.154s] -- Found PythonInterp: /usr/bin/python3 (found suitable version "3.8.10", minimum required is "3.5") 
[1.155s] -- Found python_cmake_module: 0.8.1 (/opt/ros/foxy/share/python_cmake_module/cmake)
[1.174s] -- Found PythonLibs: /usr/lib/x86_64-linux-gnu/libpython3.8.so (found suitable version "3.8.10", minimum required is "3.5") 
[1.174s] -- Using PYTHON_EXECUTABLE: /usr/bin/python3
[1.175s] -- Using PYTHON_INCLUDE_DIRS: /usr/include/python3.8
[1.175s] -- Using PYTHON_LIBRARIES: /usr/lib/x86_64-linux-gnu/libpython3.8.so
[1.190s] -- Found PythonExtra: .so  
[1.264s] -- Found ament_lint_auto: 0.9.6 (/opt/ros/foxy/share/ament_lint_auto/cmake)
[1.276s] -- Added test 'copyright' to check source files copyright and LICENSE
[1.278s] -- Added test 'lint_cmake' to check CMake code style
[1.279s] -- Added test 'xmllint' to check XML markup files
[1.282s] -- Configuring done
[1.316s] -- Generating done
[1.317s] -- Build files have been written to: /home/lenovo/ros2_foxy/src/Batch-Opt-Highway-Driving/ros_ws/build/msgs_car
[1.323s] Invoked command in '/home/lenovo/ros2_foxy/src/Batch-Opt-Highway-Driving/ros_ws/build/msgs_car' returned '0': CMAKE_PREFIX_PATH=${CMAKE_PREFIX_PATH}:/home/lenovo/ros2_foxy/install/highway_car:/home/lenovo/ros2_foxy/install/frenet_car:/home/lenovo/ros2_foxy/install/traffic_editor_assets:/home/lenovo/ros2_foxy/install/fleet_state_visualizer:/home/lenovo/ros2_foxy/install/rmf_demo_panel:/home/lenovo/ros2_foxy/install/building_systems_visualizer:/home/lenovo/ros2_foxy/install/building_map_tools:/opt/ros/foxy /usr/bin/cmake /home/lenovo/ros2_foxy/src/Batch-Opt-Highway-Driving/ros_ws/src/msgs_car -DCMAKE_INSTALL_PREFIX=/home/lenovo/ros2_foxy/src/Batch-Opt-Highway-Driving/ros_ws/install/msgs_car
[1.325s] Invoking command in '/home/lenovo/ros2_foxy/src/Batch-Opt-Highway-Driving/ros_ws/build/msgs_car': CMAKE_PREFIX_PATH=${CMAKE_PREFIX_PATH}:/home/lenovo/ros2_foxy/install/highway_car:/home/lenovo/ros2_foxy/install/frenet_car:/home/lenovo/ros2_foxy/install/traffic_editor_assets:/home/lenovo/ros2_foxy/install/fleet_state_visualizer:/home/lenovo/ros2_foxy/install/rmf_demo_panel:/home/lenovo/ros2_foxy/install/building_systems_visualizer:/home/lenovo/ros2_foxy/install/building_map_tools:/opt/ros/foxy /usr/bin/cmake --build /home/lenovo/ros2_foxy/src/Batch-Opt-Highway-Driving/ros_ws/build/msgs_car -- -j12 -l12
[1.354s] [35m[1mScanning dependencies of target msgs_car__cpp[0m
[1.354s] [  2%] [34m[1mGenerating C code for ROS interfaces[0m
[1.362s] [  5%] [34m[1mGenerating C++ code for ROS interfaces[0m
[1.545s] [35m[1mScanning dependencies of target msgs_car__rosidl_generator_c[0m
[1.550s] [  5%] Built target msgs_car__cpp
[1.554s] [  7%] [32mBuilding C object CMakeFiles/msgs_car__rosidl_generator_c.dir/rosidl_generator_c/msgs_car/msg/detail/states__functions.c.o[0m
[1.555s] [ 10%] [32mBuilding C object CMakeFiles/msgs_car__rosidl_generator_c.dir/rosidl_generator_c/msgs_car/msg/detail/controls__functions.c.o[0m
[1.559s] [ 17%] [34m[1mGenerating C++ type support for eProsima Fast-RTPS[0m
[1.559s] [ 17%] [34m[1mGenerating C++ type support dispatch for ROS interfaces[0m
[1.559s] [ 17%] [34m[1mGenerating C++ introspection for ROS interfaces[0m
[1.584s] [ 20%] [32m[1mLinking C shared library libmsgs_car__rosidl_generator_c.so[0m
[1.612s] [ 20%] Built target msgs_car__rosidl_generator_c
[1.620s] [ 25%] [34m[1mGenerating C introspection for ROS interfaces[0m
[1.621s] [ 25%] [34m[1mGenerating C type support dispatch for ROS interfaces[0m
[1.729s] [35m[1mScanning dependencies of target msgs_car__rosidl_typesupport_cpp[0m
[1.741s] [ 30%] [32mBuilding CXX object CMakeFiles/msgs_car__rosidl_typesupport_cpp.dir/rosidl_typesupport_cpp/msgs_car/msg/controls__type_support.cpp.o[0m
[1.741s] [ 30%] [32mBuilding CXX object CMakeFiles/msgs_car__rosidl_typesupport_cpp.dir/rosidl_typesupport_cpp/msgs_car/msg/states__type_support.cpp.o[0m
[1.745s] [35m[1mScanning dependencies of target msgs_car__rosidl_typesupport_introspection_cpp[0m
[1.755s] [ 33%] [32mBuilding CXX object CMakeFiles/msgs_car__rosidl_typesupport_introspection_cpp.dir/rosidl_typesupport_introspection_cpp/msgs_car/msg/detail/states__type_support.cpp.o[0m
[1.756s] [ 35%] [32mBuilding CXX object CMakeFiles/msgs_car__rosidl_typesupport_introspection_cpp.dir/rosidl_typesupport_introspection_cpp/msgs_car/msg/detail/controls__type_support.cpp.o[0m
[1.761s] [35m[1mScanning dependencies of target msgs_car__rosidl_typesupport_fastrtps_cpp[0m
[1.779s] [ 41%] [32mBuilding CXX object CMakeFiles/msgs_car__rosidl_typesupport_fastrtps_cpp.dir/rosidl_typesupport_fastrtps_cpp/msgs_car/msg/detail/dds_fastrtps/states__type_support.cpp.o[0m
[1.779s] [ 41%] [32mBuilding CXX object CMakeFiles/msgs_car__rosidl_typesupport_fastrtps_cpp.dir/rosidl_typesupport_fastrtps_cpp/msgs_car/msg/detail/dds_fastrtps/controls__type_support.cpp.o[0m
[1.795s] [35m[1mScanning dependencies of target msgs_car__rosidl_typesupport_c[0m
[1.806s] [ 43%] [32mBuilding CXX object CMakeFiles/msgs_car__rosidl_typesupport_c.dir/rosidl_typesupport_c/msgs_car/msg/controls__type_support.cpp.o[0m
[1.808s] [ 46%] [32mBuilding CXX object CMakeFiles/msgs_car__rosidl_typesupport_c.dir/rosidl_typesupport_c/msgs_car/msg/states__type_support.cpp.o[0m
[1.823s] [35m[1mScanning dependencies of target msgs_car__rosidl_typesupport_introspection_c[0m
[1.834s] [ 51%] [32mBuilding C object CMakeFiles/msgs_car__rosidl_typesupport_introspection_c.dir/rosidl_typesupport_introspection_c/msgs_car/msg/detail/states__type_support.c.o[0m
[1.834s] [ 51%] [32mBuilding C object CMakeFiles/msgs_car__rosidl_typesupport_introspection_c.dir/rosidl_typesupport_introspection_c/msgs_car/msg/detail/controls__type_support.c.o[0m
[1.841s] [ 53%] [32m[1mLinking CXX shared library libmsgs_car__rosidl_typesupport_c.so[0m
[1.869s] [ 56%] [32m[1mLinking C shared library libmsgs_car__rosidl_typesupport_introspection_c.so[0m
[1.875s] [ 56%] Built target msgs_car__rosidl_typesupport_c
[1.894s] [ 56%] Built target msgs_car__rosidl_typesupport_introspection_c
[1.972s] [ 58%] [32m[1mLinking CXX shared library libmsgs_car__rosidl_typesupport_cpp.so[0m
[2.004s] [ 58%] Built target msgs_car__rosidl_typesupport_cpp
[2.081s] [ 61%] [32m[1mLinking CXX shared library libmsgs_car__rosidl_typesupport_introspection_cpp.so[0m
[2.136s] [ 61%] Built target msgs_car__rosidl_typesupport_introspection_cpp
[2.192s] [ 64%] [32m[1mLinking CXX shared library libmsgs_car__rosidl_typesupport_fastrtps_cpp.so[0m
[2.249s] [ 64%] Built target msgs_car__rosidl_typesupport_fastrtps_cpp
[2.256s] [ 66%] [34m[1mGenerating C type support for eProsima Fast-RTPS[0m
[2.433s] [35m[1mScanning dependencies of target msgs_car__rosidl_typesupport_fastrtps_c[0m
[2.444s] [ 69%] [32mBuilding CXX object CMakeFiles/msgs_car__rosidl_typesupport_fastrtps_c.dir/rosidl_typesupport_fastrtps_c/msgs_car/msg/detail/states__type_support_c.cpp.o[0m
[2.445s] [ 71%] [32mBuilding CXX object CMakeFiles/msgs_car__rosidl_typesupport_fastrtps_c.dir/rosidl_typesupport_fastrtps_c/msgs_car/msg/detail/controls__type_support_c.cpp.o[0m
[2.691s] [ 74%] [32m[1mLinking CXX shared library libmsgs_car__rosidl_typesupport_fastrtps_c.so[0m
[2.749s] [ 74%] Built target msgs_car__rosidl_typesupport_fastrtps_c
[2.756s] [35m[1mScanning dependencies of target msgs_car[0m
[2.763s] [ 74%] Built target msgs_car
[2.771s] [35m[1mScanning dependencies of target msgs_car__py[0m
[2.778s] [ 76%] [34m[1mGenerating Python code for ROS interfaces[0m
[3.111s] [ 76%] Built target msgs_car__py
[3.118s] [35m[1mScanning dependencies of target msgs_car__python[0m
[3.132s] [ 79%] [32mBuilding C object CMakeFiles/msgs_car__python.dir/rosidl_generator_py/msgs_car/msg/_states_s.c.o[0m
[3.132s] [ 82%] [32mBuilding C object CMakeFiles/msgs_car__python.dir/rosidl_generator_py/msgs_car/msg/_controls_s.c.o[0m
[3.207s] [ 84%] [32m[1mLinking C shared library rosidl_generator_py/msgs_car/libmsgs_car__python.so[0m
[3.238s] [ 84%] Built target msgs_car__python
[3.246s] [35m[1mScanning dependencies of target msgs_car__rosidl_typesupport_c__pyext[0m
[3.246s] [35m[1mScanning dependencies of target msgs_car__rosidl_typesupport_fastrtps_c__pyext[0m
[3.246s] [35m[1mScanning dependencies of target msgs_car__rosidl_typesupport_introspection_c__pyext[0m
[3.259s] [ 89%] [32mBuilding C object CMakeFiles/msgs_car__rosidl_typesupport_introspection_c__pyext.dir/rosidl_generator_py/msgs_car/_msgs_car_s.ep.rosidl_typesupport_introspection_c.c.o[0m
[3.259s] [ 89%] [32mBuilding C object CMakeFiles/msgs_car__rosidl_typesupport_c__pyext.dir/rosidl_generator_py/msgs_car/_msgs_car_s.ep.rosidl_typesupport_c.c.o[0m
[3.259s] [ 92%] [32mBuilding C object CMakeFiles/msgs_car__rosidl_typesupport_fastrtps_c__pyext.dir/rosidl_generator_py/msgs_car/_msgs_car_s.ep.rosidl_typesupport_fastrtps_c.c.o[0m
[3.316s] [100%] [32m[1mLinking C shared library rosidl_generator_py/msgs_car/msgs_car_s__rosidl_typesupport_introspection_c.cpython-38-x86_64-linux-gnu.so[0m
[3.317s] [100%] [32m[1mLinking C shared library rosidl_generator_py/msgs_car/msgs_car_s__rosidl_typesupport_c.cpython-38-x86_64-linux-gnu.so[0m
[3.317s] [100%] [32m[1mLinking CXX shared library rosidl_generator_py/msgs_car/msgs_car_s__rosidl_typesupport_fastrtps_c.cpython-38-x86_64-linux-gnu.so[0m
[3.346s] [100%] Built target msgs_car__rosidl_typesupport_c__pyext
[3.346s] [100%] Built target msgs_car__rosidl_typesupport_introspection_c__pyext
[3.366s] [100%] Built target msgs_car__rosidl_typesupport_fastrtps_c__pyext
[3.375s] Invoked command in '/home/lenovo/ros2_foxy/src/Batch-Opt-Highway-Driving/ros_ws/build/msgs_car' returned '0': CMAKE_PREFIX_PATH=${CMAKE_PREFIX_PATH}:/home/lenovo/ros2_foxy/install/highway_car:/home/lenovo/ros2_foxy/install/frenet_car:/home/lenovo/ros2_foxy/install/traffic_editor_assets:/home/lenovo/ros2_foxy/install/fleet_state_visualizer:/home/lenovo/ros2_foxy/install/rmf_demo_panel:/home/lenovo/ros2_foxy/install/building_systems_visualizer:/home/lenovo/ros2_foxy/install/building_map_tools:/opt/ros/foxy /usr/bin/cmake --build /home/lenovo/ros2_foxy/src/Batch-Opt-Highway-Driving/ros_ws/build/msgs_car -- -j12 -l12
[3.433s] Invoking command in '/home/lenovo/ros2_foxy/src/Batch-Opt-Highway-Driving/ros_ws/build/msgs_car': CMAKE_PREFIX_PATH=${CMAKE_PREFIX_PATH}:/home/lenovo/ros2_foxy/install/highway_car:/home/lenovo/ros2_foxy/install/frenet_car:/home/lenovo/ros2_foxy/install/traffic_editor_assets:/home/lenovo/ros2_foxy/install/fleet_state_visualizer:/home/lenovo/ros2_foxy/install/rmf_demo_panel:/home/lenovo/ros2_foxy/install/building_systems_visualizer:/home/lenovo/ros2_foxy/install/building_map_tools:/opt/ros/foxy /usr/bin/cmake --install /home/lenovo/ros2_foxy/src/Batch-Opt-Highway-Driving/ros_ws/build/msgs_car
[3.439s] -- Install configuration: ""
[3.439s] -- Installing: /home/lenovo/ros2_foxy/src/Batch-Opt-Highway-Driving/ros_ws/install/msgs_car/share/ament_index/resource_index/rosidl_interfaces/msgs_car
[3.439s] -- Installing: /home/lenovo/ros2_foxy/src/Batch-Opt-Highway-Driving/ros_ws/install/msgs_car/include/msgs_car
[3.439s] -- Installing: /home/lenovo/ros2_foxy/src/Batch-Opt-Highway-Driving/ros_ws/install/msgs_car/include/msgs_car/msg
[3.440s] -- Installing: /home/lenovo/ros2_foxy/src/Batch-Opt-Highway-Driving/ros_ws/install/msgs_car/include/msgs_car/msg/detail
[3.440s] -- Installing: /home/lenovo/ros2_foxy/src/Batch-Opt-Highway-Driving/ros_ws/install/msgs_car/include/msgs_car/msg/detail/controls__functions.h
[3.440s] -- Installing: /home/lenovo/ros2_foxy/src/Batch-Opt-Highway-Driving/ros_ws/install/msgs_car/include/msgs_car/msg/detail/states__struct.h
[3.440s] -- Installing: /home/lenovo/ros2_foxy/src/Batch-Opt-Highway-Driving/ros_ws/install/msgs_car/include/msgs_car/msg/detail/states__functions.h
[3.440s] -- Installing: /home/lenovo/ros2_foxy/src/Batch-Opt-Highway-Driving/ros_ws/install/msgs_car/include/msgs_car/msg/detail/states__functions.c
[3.440s] -- Installing: /home/lenovo/ros2_foxy/src/Batch-Opt-Highway-Driving/ros_ws/install/msgs_car/include/msgs_car/msg/detail/controls__functions.c
[3.440s] -- Installing: /home/lenovo/ros2_foxy/src/Batch-Opt-Highway-Driving/ros_ws/install/msgs_car/include/msgs_car/msg/detail/controls__type_support.h
[3.440s] -- Installing: /home/lenovo/ros2_foxy/src/Batch-Opt-Highway-Driving/ros_ws/install/msgs_car/include/msgs_car/msg/detail/states__type_support.h
[3.440s] -- Installing: /home/lenovo/ros2_foxy/src/Batch-Opt-Highway-Driving/ros_ws/install/msgs_car/include/msgs_car/msg/detail/controls__struct.h
[3.440s] -- Installing: /home/lenovo/ros2_foxy/src/Batch-Opt-Highway-Driving/ros_ws/install/msgs_car/include/msgs_car/msg/controls.h
[3.440s] -- Installing: /home/lenovo/ros2_foxy/src/Batch-Opt-Highway-Driving/ros_ws/install/msgs_car/include/msgs_car/msg/states.h
[3.440s] -- Installing: /home/lenovo/ros2_foxy/src/Batch-Opt-Highway-Driving/ros_ws/install/msgs_car/include/msgs_car/msg/rosidl_generator_c__visibility_control.h
[3.440s] -- Installing: /home/lenovo/ros2_foxy/src/Batch-Opt-Highway-Driving/ros_ws/install/msgs_car/share/msgs_car/environment/library_path.sh
[3.440s] -- Installing: /home/lenovo/ros2_foxy/src/Batch-Opt-Highway-Driving/ros_ws/install/msgs_car/share/msgs_car/environment/library_path.dsv
[3.440s] -- Installing: /home/lenovo/ros2_foxy/src/Batch-Opt-Highway-Driving/ros_ws/install/msgs_car/lib/libmsgs_car__rosidl_generator_c.so
[3.440s] -- Set runtime path of "/home/lenovo/ros2_foxy/src/Batch-Opt-Highway-Driving/ros_ws/install/msgs_car/lib/libmsgs_car__rosidl_generator_c.so" to ""
[3.441s] -- Up-to-date: /home/lenovo/ros2_foxy/src/Batch-Opt-Highway-Driving/ros_ws/install/msgs_car/include/msgs_car
[3.441s] -- Up-to-date: /home/lenovo/ros2_foxy/src/Batch-Opt-Highway-Driving/ros_ws/install/msgs_car/include/msgs_car/msg
[3.441s] -- Up-to-date: /home/lenovo/ros2_foxy/src/Batch-Opt-Highway-Driving/ros_ws/install/msgs_car/include/msgs_car/msg/detail
[3.441s] -- Installing: /home/lenovo/ros2_foxy/src/Batch-Opt-Highway-Driving/ros_ws/install/msgs_car/include/msgs_car/msg/detail/states__rosidl_typesupport_fastrtps_c.h
[3.441s] -- Installing: /home/lenovo/ros2_foxy/src/Batch-Opt-Highway-Driving/ros_ws/install/msgs_car/include/msgs_car/msg/detail/controls__rosidl_typesupport_fastrtps_c.h
[3.441s] -- Installing: /home/lenovo/ros2_foxy/src/Batch-Opt-Highway-Driving/ros_ws/install/msgs_car/include/msgs_car/msg/rosidl_typesupport_fastrtps_c__visibility_control.h
[3.441s] -- Installing: /home/lenovo/ros2_foxy/src/Batch-Opt-Highway-Driving/ros_ws/install/msgs_car/lib/libmsgs_car__rosidl_typesupport_fastrtps_c.so
[3.441s] -- Set runtime path of "/home/lenovo/ros2_foxy/src/Batch-Opt-Highway-Driving/ros_ws/install/msgs_car/lib/libmsgs_car__rosidl_typesupport_fastrtps_c.so" to ""
[3.441s] -- Up-to-date: /home/lenovo/ros2_foxy/src/Batch-Opt-Highway-Driving/ros_ws/install/msgs_car/include/msgs_car
[3.441s] -- Up-to-date: /home/lenovo/ros2_foxy/src/Batch-Opt-Highway-Driving/ros_ws/install/msgs_car/include/msgs_car/msg
[3.441s] -- Installing: /home/lenovo/ros2_foxy/src/Batch-Opt-Highway-Driving/ros_ws/install/msgs_car/include/msgs_car/msg/rosidl_typesupport_fastrtps_cpp__visibility_control.h
[3.441s] -- Up-to-date: /home/lenovo/ros2_foxy/src/Batch-Opt-Highway-Driving/ros_ws/install/msgs_car/include/msgs_car/msg/detail
[3.441s] -- Installing: /home/lenovo/ros2_foxy/src/Batch-Opt-Highway-Driving/ros_ws/install/msgs_car/include/msgs_car/msg/detail/controls__rosidl_typesupport_fastrtps_cpp.hpp
[3.441s] -- Installing: /home/lenovo/ros2_foxy/src/Batch-Opt-Highway-Driving/ros_ws/install/msgs_car/include/msgs_car/msg/detail/states__rosidl_typesupport_fastrtps_cpp.hpp
[3.441s] -- Installing: /home/lenovo/ros2_foxy/src/Batch-Opt-Highway-Driving/ros_ws/install/msgs_car/include/msgs_car/msg/detail/dds_fastrtps
[3.441s] -- Installing: /home/lenovo/ros2_foxy/src/Batch-Opt-Highway-Driving/ros_ws/install/msgs_car/lib/libmsgs_car__rosidl_typesupport_fastrtps_cpp.so
[3.442s] -- Set runtime path of "/home/lenovo/ros2_foxy/src/Batch-Opt-Highway-Driving/ros_ws/install/msgs_car/lib/libmsgs_car__rosidl_typesupport_fastrtps_cpp.so" to ""
[3.442s] -- Up-to-date: /home/lenovo/ros2_foxy/src/Batch-Opt-Highway-Driving/ros_ws/install/msgs_car/include/msgs_car
[3.442s] -- Up-to-date: /home/lenovo/ros2_foxy/src/Batch-Opt-Highway-Driving/ros_ws/install/msgs_car/include/msgs_car/msg
[3.442s] -- Up-to-date: /home/lenovo/ros2_foxy/src/Batch-Opt-Highway-Driving/ros_ws/install/msgs_car/include/msgs_car/msg/detail
[3.442s] -- Installing: /home/lenovo/ros2_foxy/src/Batch-Opt-Highway-Driving/ros_ws/install/msgs_car/include/msgs_car/msg/detail/controls__rosidl_typesupport_introspection_c.h
[3.442s] -- Installing: /home/lenovo/ros2_foxy/src/Batch-Opt-Highway-Driving/ros_ws/install/msgs_car/include/msgs_car/msg/detail/controls__type_support.c
[3.442s] -- Installing: /home/lenovo/ros2_foxy/src/Batch-Opt-Highway-Driving/ros_ws/install/msgs_car/include/msgs_car/msg/detail/states__rosidl_typesupport_introspection_c.h
[3.442s] -- Installing: /home/lenovo/ros2_foxy/src/Batch-Opt-Highway-Driving/ros_ws/install/msgs_car/include/msgs_car/msg/detail/states__type_support.c
[3.442s] -- Installing: /home/lenovo/ros2_foxy/src/Batch-Opt-Highway-Driving/ros_ws/install/msgs_car/include/msgs_car/msg/rosidl_typesupport_introspection_c__visibility_control.h
[3.442s] -- Installing: /home/lenovo/ros2_foxy/src/Batch-Opt-Highway-Driving/ros_ws/install/msgs_car/lib/libmsgs_car__rosidl_typesupport_introspection_c.so
[3.442s] -- Set runtime path of "/home/lenovo/ros2_foxy/src/Batch-Opt-Highway-Driving/ros_ws/install/msgs_car/lib/libmsgs_car__rosidl_typesupport_introspection_c.so" to ""
[3.442s] -- Installing: /home/lenovo/ros2_foxy/src/Batch-Opt-Highway-Driving/ros_ws/install/msgs_car/lib/libmsgs_car__rosidl_typesupport_c.so
[3.442s] -- Set runtime path of "/home/lenovo/ros2_foxy/src/Batch-Opt-Highway-Driving/ros_ws/install/msgs_car/lib/libmsgs_car__rosidl_typesupport_c.so" to ""
[3.442s] -- Up-to-date: /home/lenovo/ros2_foxy/src/Batch-Opt-Highway-Driving/ros_ws/install/msgs_car/include/msgs_car
[3.443s] -- Up-to-date: /home/lenovo/ros2_foxy/src/Batch-Opt-Highway-Driving/ros_ws/install/msgs_car/include/msgs_car/msg
[3.443s] -- Installing: /home/lenovo/ros2_foxy/src/Batch-Opt-Highway-Driving/ros_ws/install/msgs_car/include/msgs_car/msg/states.hpp
[3.443s] -- Up-to-date: /home/lenovo/ros2_foxy/src/Batch-Opt-Highway-Driving/ros_ws/install/msgs_car/include/msgs_car/msg/detail
[3.443s] -- Installing: /home/lenovo/ros2_foxy/src/Batch-Opt-Highway-Driving/ros_ws/install/msgs_car/include/msgs_car/msg/detail/controls__builder.hpp
[3.443s] -- Installing: /home/lenovo/ros2_foxy/src/Batch-Opt-Highway-Driving/ros_ws/install/msgs_car/include/msgs_car/msg/detail/states__traits.hpp
[3.443s] -- Installing: /home/lenovo/ros2_foxy/src/Batch-Opt-Highway-Driving/ros_ws/install/msgs_car/include/msgs_car/msg/detail/states__struct.hpp
[3.443s] -- Installing: /home/lenovo/ros2_foxy/src/Batch-Opt-Highway-Driving/ros_ws/install/msgs_car/include/msgs_car/msg/detail/controls__struct.hpp
[3.443s] -- Installing: /home/lenovo/ros2_foxy/src/Batch-Opt-Highway-Driving/ros_ws/install/msgs_car/include/msgs_car/msg/detail/controls__traits.hpp
[3.443s] -- Installing: /home/lenovo/ros2_foxy/src/Batch-Opt-Highway-Driving/ros_ws/install/msgs_car/include/msgs_car/msg/detail/states__builder.hpp
[3.443s] -- Installing: /home/lenovo/ros2_foxy/src/Batch-Opt-Highway-Driving/ros_ws/install/msgs_car/include/msgs_car/msg/controls.hpp
[3.443s] -- Up-to-date: /home/lenovo/ros2_foxy/src/Batch-Opt-Highway-Driving/ros_ws/install/msgs_car/include/msgs_car
[3.443s] -- Up-to-date: /home/lenovo/ros2_foxy/src/Batch-Opt-Highway-Driving/ros_ws/install/msgs_car/include/msgs_car/msg
[3.443s] -- Up-to-date: /home/lenovo/ros2_foxy/src/Batch-Opt-Highway-Driving/ros_ws/install/msgs_car/include/msgs_car/msg/detail
[3.443s] -- Installing: /home/lenovo/ros2_foxy/src/Batch-Opt-Highway-Driving/ros_ws/install/msgs_car/include/msgs_car/msg/detail/controls__rosidl_typesupport_introspection_cpp.hpp
[3.443s] -- Installing: /home/lenovo/ros2_foxy/src/Batch-Opt-Highway-Driving/ros_ws/install/msgs_car/include/msgs_car/msg/detail/states__rosidl_typesupport_introspection_cpp.hpp
[3.443s] -- Installing: /home/lenovo/ros2_foxy/src/Batch-Opt-Highway-Driving/ros_ws/install/msgs_car/include/msgs_car/msg/detail/controls__type_support.cpp
[3.443s] -- Installing: /home/lenovo/ros2_foxy/src/Batch-Opt-Highway-Driving/ros_ws/install/msgs_car/include/msgs_car/msg/detail/states__type_support.cpp
[3.443s] -- Installing: /home/lenovo/ros2_foxy/src/Batch-Opt-Highway-Driving/ros_ws/install/msgs_car/lib/libmsgs_car__rosidl_typesupport_introspection_cpp.so
[3.444s] -- Set runtime path of "/home/lenovo/ros2_foxy/src/Batch-Opt-Highway-Driving/ros_ws/install/msgs_car/lib/libmsgs_car__rosidl_typesupport_introspection_cpp.so" to ""
[3.444s] -- Installing: /home/lenovo/ros2_foxy/src/Batch-Opt-Highway-Driving/ros_ws/install/msgs_car/lib/libmsgs_car__rosidl_typesupport_cpp.so
[3.444s] -- Set runtime path of "/home/lenovo/ros2_foxy/src/Batch-Opt-Highway-Driving/ros_ws/install/msgs_car/lib/libmsgs_car__rosidl_typesupport_cpp.so" to ""
[3.444s] -- Installing: /home/lenovo/ros2_foxy/src/Batch-Opt-Highway-Driving/ros_ws/install/msgs_car/share/msgs_car/environment/pythonpath.sh
[3.444s] -- Installing: /home/lenovo/ros2_foxy/src/Batch-Opt-Highway-Driving/ros_ws/install/msgs_car/share/msgs_car/environment/pythonpath.dsv
[3.444s] -- Installing: /home/lenovo/ros2_foxy/src/Batch-Opt-Highway-Driving/ros_ws/install/msgs_car/lib/python3.8/site-packages/msgs_car/__init__.py
[3.466s] Compiling '/home/lenovo/ros2_foxy/src/Batch-Opt-Highway-Driving/ros_ws/install/msgs_car/lib/python3.8/site-packages/msgs_car/__init__.py'...
[3.468s] -- Installing: /home/lenovo/ros2_foxy/src/Batch-Opt-Highway-Driving/ros_ws/install/msgs_car/lib/python3.8/site-packages/msgs_car/msg
[3.468s] -- Installing: /home/lenovo/ros2_foxy/src/Batch-Opt-Highway-Driving/ros_ws/install/msgs_car/lib/python3.8/site-packages/msgs_car/msg/_states_s.c
[3.468s] -- Installing: /home/lenovo/ros2_foxy/src/Batch-Opt-Highway-Driving/ros_ws/install/msgs_car/lib/python3.8/site-packages/msgs_car/msg/_states.py
[3.468s] -- Installing: /home/lenovo/ros2_foxy/src/Batch-Opt-Highway-Driving/ros_ws/install/msgs_car/lib/python3.8/site-packages/msgs_car/msg/_controls.py
[3.468s] -- Installing: /home/lenovo/ros2_foxy/src/Batch-Opt-Highway-Driving/ros_ws/install/msgs_car/lib/python3.8/site-packages/msgs_car/msg/_controls_s.c
[3.469s] -- Installing: /home/lenovo/ros2_foxy/src/Batch-Opt-Highway-Driving/ros_ws/install/msgs_car/lib/python3.8/site-packages/msgs_car/msg/__init__.py
[3.469s] -- Installing: /home/lenovo/ros2_foxy/src/Batch-Opt-Highway-Driving/ros_ws/install/msgs_car/lib/python3.8/site-packages/msgs_car/msgs_car_s__rosidl_typesupport_fastrtps_c.cpython-38-x86_64-linux-gnu.so
[3.469s] -- Set runtime path of "/home/lenovo/ros2_foxy/src/Batch-Opt-Highway-Driving/ros_ws/install/msgs_car/lib/python3.8/site-packages/msgs_car/msgs_car_s__rosidl_typesupport_fastrtps_c.cpython-38-x86_64-linux-gnu.so" to ""
[3.469s] -- Installing: /home/lenovo/ros2_foxy/src/Batch-Opt-Highway-Driving/ros_ws/install/msgs_car/lib/python3.8/site-packages/msgs_car/msgs_car_s__rosidl_typesupport_introspection_c.cpython-38-x86_64-linux-gnu.so
[3.469s] -- Set runtime path of "/home/lenovo/ros2_foxy/src/Batch-Opt-Highway-Driving/ros_ws/install/msgs_car/lib/python3.8/site-packages/msgs_car/msgs_car_s__rosidl_typesupport_introspection_c.cpython-38-x86_64-linux-gnu.so" to ""
[3.469s] -- Installing: /home/lenovo/ros2_foxy/src/Batch-Opt-Highway-Driving/ros_ws/install/msgs_car/lib/python3.8/site-packages/msgs_car/msgs_car_s__rosidl_typesupport_c.cpython-38-x86_64-linux-gnu.so
[3.470s] -- Set runtime path of "/home/lenovo/ros2_foxy/src/Batch-Opt-Highway-Driving/ros_ws/install/msgs_car/lib/python3.8/site-packages/msgs_car/msgs_car_s__rosidl_typesupport_c.cpython-38-x86_64-linux-gnu.so" to ""
[3.470s] -- Installing: /home/lenovo/ros2_foxy/src/Batch-Opt-Highway-Driving/ros_ws/install/msgs_car/lib/libmsgs_car__python.so
[3.470s] -- Set runtime path of "/home/lenovo/ros2_foxy/src/Batch-Opt-Highway-Driving/ros_ws/install/msgs_car/lib/libmsgs_car__python.so" to ""
[3.470s] -- Installing: /home/lenovo/ros2_foxy/src/Batch-Opt-Highway-Driving/ros_ws/install/msgs_car/share/msgs_car/msg/States.idl
[3.470s] -- Installing: /home/lenovo/ros2_foxy/src/Batch-Opt-Highway-Driving/ros_ws/install/msgs_car/share/msgs_car/msg/Controls.idl
[3.470s] -- Installing: /home/lenovo/ros2_foxy/src/Batch-Opt-Highway-Driving/ros_ws/install/msgs_car/share/msgs_car/msg/States.msg
[3.470s] -- Installing: /home/lenovo/ros2_foxy/src/Batch-Opt-Highway-Driving/ros_ws/install/msgs_car/share/msgs_car/msg/Controls.msg
[3.470s] -- Installing: /home/lenovo/ros2_foxy/src/Batch-Opt-Highway-Driving/ros_ws/install/msgs_car/share/ament_index/resource_index/package_run_dependencies/msgs_car
[3.470s] -- Installing: /home/lenovo/ros2_foxy/src/Batch-Opt-Highway-Driving/ros_ws/install/msgs_car/share/ament_index/resource_index/parent_prefix_path/msgs_car
[3.470s] -- Installing: /home/lenovo/ros2_foxy/src/Batch-Opt-Highway-Driving/ros_ws/install/msgs_car/share/msgs_car/environment/ament_prefix_path.sh
[3.470s] -- Installing: /home/lenovo/ros2_foxy/src/Batch-Opt-Highway-Driving/ros_ws/install/msgs_car/share/msgs_car/environment/ament_prefix_path.dsv
[3.470s] -- Installing: /home/lenovo/ros2_foxy/src/Batch-Opt-Highway-Driving/ros_ws/install/msgs_car/share/msgs_car/environment/path.sh
[3.471s] -- Installing: /home/lenovo/ros2_foxy/src/Batch-Opt-Highway-Driving/ros_ws/install/msgs_car/share/msgs_car/environment/path.dsv
[3.471s] -- Installing: /home/lenovo/ros2_foxy/src/Batch-Opt-Highway-Driving/ros_ws/install/msgs_car/share/msgs_car/local_setup.bash
[3.471s] -- Installing: /home/lenovo/ros2_foxy/src/Batch-Opt-Highway-Driving/ros_ws/install/msgs_car/share/msgs_car/local_setup.sh
[3.471s] -- Installing: /home/lenovo/ros2_foxy/src/Batch-Opt-Highway-Driving/ros_ws/install/msgs_car/share/msgs_car/local_setup.zsh
[3.471s] -- Installing: /home/lenovo/ros2_foxy/src/Batch-Opt-Highway-Driving/ros_ws/install/msgs_car/share/msgs_car/local_setup.dsv
[3.471s] -- Installing: /home/lenovo/ros2_foxy/src/Batch-Opt-Highway-Driving/ros_ws/install/msgs_car/share/msgs_car/package.dsv
[3.471s] -- Installing: /home/lenovo/ros2_foxy/src/Batch-Opt-Highway-Driving/ros_ws/install/msgs_car/share/ament_index/resource_index/packages/msgs_car
[3.471s] -- Installing: /home/lenovo/ros2_foxy/src/Batch-Opt-Highway-Driving/ros_ws/install/msgs_car/share/msgs_car/cmake/msgs_car__rosidl_generator_cExport.cmake
[3.471s] -- Installing: /home/lenovo/ros2_foxy/src/Batch-Opt-Highway-Driving/ros_ws/install/msgs_car/share/msgs_car/cmake/msgs_car__rosidl_generator_cExport-noconfig.cmake
[3.471s] -- Installing: /home/lenovo/ros2_foxy/src/Batch-Opt-Highway-Driving/ros_ws/install/msgs_car/share/msgs_car/cmake/msgs_car__rosidl_typesupport_introspection_cExport.cmake
[3.471s] -- Installing: /home/lenovo/ros2_foxy/src/Batch-Opt-Highway-Driving/ros_ws/install/msgs_car/share/msgs_car/cmake/msgs_car__rosidl_typesupport_introspection_cExport-noconfig.cmake
[3.472s] -- Installing: /home/lenovo/ros2_foxy/src/Batch-Opt-Highway-Driving/ros_ws/install/msgs_car/share/msgs_car/cmake/msgs_car__rosidl_typesupport_cExport.cmake
[3.472s] -- Installing: /home/lenovo/ros2_foxy/src/Batch-Opt-Highway-Driving/ros_ws/install/msgs_car/share/msgs_car/cmake/msgs_car__rosidl_typesupport_cExport-noconfig.cmake
[3.472s] -- Installing: /home/lenovo/ros2_foxy/src/Batch-Opt-Highway-Driving/ros_ws/install/msgs_car/share/msgs_car/cmake/msgs_car__rosidl_generator_cppExport.cmake
[3.472s] -- Installing: /home/lenovo/ros2_foxy/src/Batch-Opt-Highway-Driving/ros_ws/install/msgs_car/share/msgs_car/cmake/msgs_car__rosidl_typesupport_introspection_cppExport.cmake
[3.472s] -- Installing: /home/lenovo/ros2_foxy/src/Batch-Opt-Highway-Driving/ros_ws/install/msgs_car/share/msgs_car/cmake/msgs_car__rosidl_typesupport_introspection_cppExport-noconfig.cmake
[3.472s] -- Installing: /home/lenovo/ros2_foxy/src/Batch-Opt-Highway-Driving/ros_ws/install/msgs_car/share/msgs_car/cmake/msgs_car__rosidl_typesupport_cppExport.cmake
[3.472s] -- Installing: /home/lenovo/ros2_foxy/src/Batch-Opt-Highway-Driving/ros_ws/install/msgs_car/share/msgs_car/cmake/msgs_car__rosidl_typesupport_cppExport-noconfig.cmake
[3.472s] -- Installing: /home/lenovo/ros2_foxy/src/Batch-Opt-Highway-Driving/ros_ws/install/msgs_car/share/msgs_car/cmake/rosidl_cmake-extras.cmake
[3.472s] -- Installing: /home/lenovo/ros2_foxy/src/Batch-Opt-Highway-Driving/ros_ws/install/msgs_car/share/msgs_car/cmake/ament_cmake_export_dependencies-extras.cmake
[3.472s] -- Installing: /home/lenovo/ros2_foxy/src/Batch-Opt-Highway-Driving/ros_ws/install/msgs_car/share/msgs_car/cmake/ament_cmake_export_libraries-extras.cmake
[3.472s] -- Installing: /home/lenovo/ros2_foxy/src/Batch-Opt-Highway-Driving/ros_ws/install/msgs_car/share/msgs_car/cmake/ament_cmake_export_targets-extras.cmake
[3.473s] -- Installing: /home/lenovo/ros2_foxy/src/Batch-Opt-Highway-Driving/ros_ws/install/msgs_car/share/msgs_car/cmake/ament_cmake_export_include_directories-extras.cmake
[3.473s] -- Installing: /home/lenovo/ros2_foxy/src/Batch-Opt-Highway-Driving/ros_ws/install/msgs_car/share/msgs_car/cmake/rosidl_cmake_export_typesupport_libraries-extras.cmake
[3.473s] -- Installing: /home/lenovo/ros2_foxy/src/Batch-Opt-Highway-Driving/ros_ws/install/msgs_car/share/msgs_car/cmake/rosidl_cmake_export_typesupport_targets-extras.cmake
[3.473s] -- Installing: /home/lenovo/ros2_foxy/src/Batch-Opt-Highway-Driving/ros_ws/install/msgs_car/share/msgs_car/cmake/msgs_carConfig.cmake
[3.473s] -- Installing: /home/lenovo/ros2_foxy/src/Batch-Opt-Highway-Driving/ros_ws/install/msgs_car/share/msgs_car/cmake/msgs_carConfig-version.cmake
[3.473s] -- Installing: /home/lenovo/ros2_foxy/src/Batch-Opt-Highway-Driving/ros_ws/install/msgs_car/share/msgs_car/package.xml
[3.474s] Invoked command in '/home/lenovo/ros2_foxy/src/Batch-Opt-Highway-Driving/ros_ws/build/msgs_car' returned '0': CMAKE_PREFIX_PATH=${CMAKE_PREFIX_PATH}:/home/lenovo/ros2_foxy/install/highway_car:/home/lenovo/ros2_foxy/install/frenet_car:/home/lenovo/ros2_foxy/install/traffic_editor_assets:/home/lenovo/ros2_foxy/install/fleet_state_visualizer:/home/lenovo/ros2_foxy/install/rmf_demo_panel:/home/lenovo/ros2_foxy/install/building_systems_visualizer:/home/lenovo/ros2_foxy/install/building_map_tools:/opt/ros/foxy /usr/bin/cmake --install /home/lenovo/ros2_foxy/src/Batch-Opt-Highway-Driving/ros_ws/build/msgs_car
