[0.017s] Invoking command in '/home/vivek/On-Codes/Batch_traj_opt/mpc_car_batch/build/mpc_car_batch': CMAKE_PREFIX_PATH=${CMAKE_PREFIX_PATH}:/opt/ros/foxy /usr/bin/cmake --build /home/vivek/On-Codes/Batch_traj_opt/mpc_car_batch/build/mpc_car_batch -- -j4 -l4
[0.065s] [35m[1mScanning dependencies of target mpc_node_lib[0m
[0.112s] [ 25%] [32mBuilding CXX object CMakeFiles/mpc_node_lib.dir/src/optim.cpp.o[0m
[1.041s] [01m[K/home/vivek/On-Codes/Batch_traj_opt/mpc_car_batch/src/optim.cpp:[m[K In function ‘[01m[KEigen::ArrayXXf optim::cumsum(Eigen::ArrayXXf, Eigen::ArrayXXf)[m[K’:
[1.041s] [01m[K/home/vivek/On-Codes/Batch_traj_opt/mpc_car_batch/src/optim.cpp:136:9:[m[K [01;35m[Kwarning: [m[Kunused variable ‘[01m[Kinit[m[K’ [[01;35m[K-Wunused-variable[m[K]
[1.041s]   136 |   float [01;35m[Kinit[m[K = arr1(0);
[1.042s]       |         [01;35m[K^~~~[m[K
[2.397s] [01m[K/home/vivek/On-Codes/Batch_traj_opt/mpc_car_batch/src/optim.cpp:[m[K In function ‘[01m[Koptim::probData optim::wrapper_batch(optim::probData, Eigen::ArrayXXf, Eigen::ArrayXXf, Eigen::ArrayXXf)[m[K’:
[2.397s] [01m[K/home/vivek/On-Codes/Batch_traj_opt/mpc_car_batch/src/optim.cpp:404:22:[m[K [01;31m[Kerror: [m[K‘[01m[Ki[m[K’ was not declared in this scope
[2.397s]   404 |   cout << res_bounds([01;31m[Ki[m[K) << " " << res_obs(i) << endl;
[2.397s]       |                      [01;31m[K^[m[K
[2.574s] [01m[K/home/vivek/On-Codes/Batch_traj_opt/mpc_car_batch/src/optim.cpp:[m[K In function ‘[01m[Kbool optim::inLane(Eigen::ArrayXXf, float, float, float, float)[m[K’:
[2.574s] [01m[K/home/vivek/On-Codes/Batch_traj_opt/mpc_car_batch/src/optim.cpp:445:35:[m[K [01;35m[Kwarning: [m[Kunused parameter ‘[01m[Kcarx[m[K’ [[01;35m[K-Wunused-parameter[m[K]
[2.574s]   445 |  bool inLane(ArrayXXf lane, [01;35m[Kfloat carx[m[K, float cary, float obsx, float obsy)
[2.574s]       |                             [01;35m[K~~~~~~^~~~[m[K
[2.574s] [01m[K/home/vivek/On-Codes/Batch_traj_opt/mpc_car_batch/src/optim.cpp:445:59:[m[K [01;35m[Kwarning: [m[Kunused parameter ‘[01m[Kobsx[m[K’ [[01;35m[K-Wunused-parameter[m[K]
[2.574s]   445 |  bool inLane(ArrayXXf lane, float carx, float cary, [01;35m[Kfloat obsx[m[K, float obsy)
[2.575s]       |                                                     [01;35m[K~~~~~~^~~~[m[K
[2.642s] [01m[K/home/vivek/On-Codes/Batch_traj_opt/mpc_car_batch/src/optim.cpp:[m[K In function ‘[01m[Koptim::probData optim::mpc(optim::probData, optim::three_var, Eigen::ArrayXXf, Eigen::ArrayXXf, float, float, float, float, float, float, Eigen::ArrayXXf, Eigen::ArrayXXf, Eigen::ArrayXXf, Eigen::ArrayXXf, Eigen::ArrayXXf, Eigen::ArrayXXf, Eigen::ArrayXXf, Eigen::ArrayXXf, bool)[m[K’:
[2.642s] [01m[K/home/vivek/On-Codes/Batch_traj_opt/mpc_car_batch/src/optim.cpp:458:102:[m[K [01;35m[Kwarning: [m[Kunused parameter ‘[01m[Klane[m[K’ [[01;35m[K-Wunused-parameter[m[K]
[2.642s]   458 |                 ArrayXXf x_obs_temp, ArrayXXf y_obs_temp, ArrayXXf vx_obs, ArrayXXf vy_obs, [01;35m[KArrayXXf lane[m[K, ArrayXXf pre_x, ArrayXXf pre_y, ArrayXXf pre_xdot, bool sample)
[2.642s]       |                                                                                             [01;35m[K~~~~~~~~~^~~~[m[K
[2.642s] [01m[K/home/vivek/On-Codes/Batch_traj_opt/mpc_car_batch/src/optim.cpp:458:117:[m[K [01;35m[Kwarning: [m[Kunused parameter ‘[01m[Kpre_x[m[K’ [[01;35m[K-Wunused-parameter[m[K]
[2.642s]   458 |                 ArrayXXf x_obs_temp, ArrayXXf y_obs_temp, ArrayXXf vx_obs, ArrayXXf vy_obs, ArrayXXf lane, [01;35m[KArrayXXf pre_x[m[K, ArrayXXf pre_y, ArrayXXf pre_xdot, bool sample)
[2.642s]       |                                                                                                            [01;35m[K~~~~~~~~~^~~~~[m[K
[2.642s] [01m[K/home/vivek/On-Codes/Batch_traj_opt/mpc_car_batch/src/optim.cpp:458:133:[m[K [01;35m[Kwarning: [m[Kunused parameter ‘[01m[Kpre_y[m[K’ [[01;35m[K-Wunused-parameter[m[K]
[2.643s]   458 |                 ArrayXXf x_obs_temp, ArrayXXf y_obs_temp, ArrayXXf vx_obs, ArrayXXf vy_obs, ArrayXXf lane, ArrayXXf pre_x, [01;35m[KArrayXXf pre_y[m[K, ArrayXXf pre_xdot, bool sample)
[2.643s]       |                                                                                                                            [01;35m[K~~~~~~~~~^~~~~[m[K
[2.643s] [01m[K/home/vivek/On-Codes/Batch_traj_opt/mpc_car_batch/src/optim.cpp:458:149:[m[K [01;35m[Kwarning: [m[Kunused parameter ‘[01m[Kpre_xdot[m[K’ [[01;35m[K-Wunused-parameter[m[K]
[2.643s]   458 |                 ArrayXXf x_obs_temp, ArrayXXf y_obs_temp, ArrayXXf vx_obs, ArrayXXf vy_obs, ArrayXXf lane, ArrayXXf pre_x, ArrayXXf pre_y, [01;35m[KArrayXXf pre_xdot[m[K, bool sample)
[2.643s]       |                                                                                                                                            [01;35m[K~~~~~~~~~^~~~~~~~[m[K
[2.643s] [01m[K/home/vivek/On-Codes/Batch_traj_opt/mpc_car_batch/src/optim.cpp:458:164:[m[K [01;35m[Kwarning: [m[Kunused parameter ‘[01m[Ksample[m[K’ [[01;35m[K-Wunused-parameter[m[K]
[2.643s]   458 |                 ArrayXXf x_obs_temp, ArrayXXf y_obs_temp, ArrayXXf vx_obs, ArrayXXf vy_obs, ArrayXXf lane, ArrayXXf pre_x, ArrayXXf pre_y, ArrayXXf pre_xdot, [01;35m[Kbool sample[m[K)
[2.643s]       |                                                                                                                                                               [01;35m[K~~~~~^~~~~~[m[K
[8.094s] make[2]: *** [CMakeFiles/mpc_node_lib.dir/build.make:63: CMakeFiles/mpc_node_lib.dir/src/optim.cpp.o] Error 1
[8.094s] make[1]: *** [CMakeFiles/Makefile2:107: CMakeFiles/mpc_node_lib.dir/all] Error 2
[8.095s] make: *** [Makefile:141: all] Error 2
[8.096s] Invoked command in '/home/vivek/On-Codes/Batch_traj_opt/mpc_car_batch/build/mpc_car_batch' returned '2': CMAKE_PREFIX_PATH=${CMAKE_PREFIX_PATH}:/opt/ros/foxy /usr/bin/cmake --build /home/vivek/On-Codes/Batch_traj_opt/mpc_car_batch/build/mpc_car_batch -- -j4 -l4
