[0.044s] Invoking command in '/home/vivek/On-Codes/Batch-Opt-Highway-Driving/ros_ws/build/mpc_car_batch': AMENT_PREFIX_PATH=/home/vivek/On-Codes/Batch-Opt-Highway-Driving/ros_ws/install/msgs_car:${AMENT_PREFIX_PATH} CMAKE_PREFIX_PATH=/home/vivek/On-Codes/Batch-Opt-Highway-Driving/ros_ws/install/msgs_car:/opt/ros/foxy LD_LIBRARY_PATH=/home/vivek/On-Codes/Batch-Opt-Highway-Driving/ros_ws/install/msgs_car/lib:${LD_LIBRARY_PATH} PYTHONPATH=/home/vivek/On-Codes/Batch-Opt-Highway-Driving/ros_ws/install/msgs_car/lib/python3.8/site-packages:${PYTHONPATH} /usr/bin/cmake /home/vivek/On-Codes/Batch-Opt-Highway-Driving/ros_ws/src/mpc_car_batch -DCMAKE_INSTALL_PREFIX=/home/vivek/On-Codes/Batch-Opt-Highway-Driving/ros_ws/install/mpc_car_batch
[0.247s] -- The C compiler identification is GNU 9.3.0
[0.405s] -- The CXX compiler identification is GNU 9.3.0
[0.410s] -- Check for working C compiler: /usr/bin/cc
[0.600s] -- Check for working C compiler: /usr/bin/cc -- works
[0.601s] -- Detecting C compiler ABI info
[0.718s] -- Detecting C compiler ABI info - done
[0.738s] -- Detecting C compile features
[0.739s] -- Detecting C compile features - done
[0.748s] -- Check for working CXX compiler: /usr/bin/c++
[0.932s] -- Check for working CXX compiler: /usr/bin/c++ -- works
[0.933s] -- Detecting CXX compiler ABI info
[1.114s] -- Detecting CXX compiler ABI info - done
[1.150s] -- Detecting CXX compile features
[1.154s] -- Detecting CXX compile features - done
[1.163s] -- Found ament_cmake: 0.9.8 (/opt/ros/foxy/share/ament_cmake/cmake)
[1.282s] -- Found PythonInterp: /usr/bin/python3 (found suitable version "3.8.10", minimum required is "3") 
[1.282s] -- Using PYTHON_EXECUTABLE: /usr/bin/python3
[1.681s] -- Found rclcpp: 2.3.1 (/opt/ros/foxy/share/rclcpp/cmake)
[1.767s] -- Using all available rosidl_typesupport_c: rosidl_typesupport_fastrtps_c;rosidl_typesupport_introspection_c
[1.776s] -- Found rosidl_adapter: 1.2.1 (/opt/ros/foxy/share/rosidl_adapter/cmake)
[1.966s] -- Found OpenSSL: /usr/lib/x86_64-linux-gnu/libcrypto.so (found version "1.1.1f")  
[2.040s] -- Found FastRTPS: /opt/ros/foxy/include  
[2.236s] -- Using all available rosidl_typesupport_cpp: rosidl_typesupport_fastrtps_cpp;rosidl_typesupport_introspection_cpp
[2.360s] -- Found rmw_implementation_cmake: 1.0.3 (/opt/ros/foxy/share/rmw_implementation_cmake/cmake)
[2.368s] -- Using RMW implementation 'rmw_fastrtps_cpp' as default
[2.369s] -- Looking for pthread.h
[2.579s] -- Looking for pthread.h - found
[2.579s] -- Performing Test CMAKE_HAVE_LIBC_PTHREAD
[2.860s] -- Performing Test CMAKE_HAVE_LIBC_PTHREAD - Failed
[2.860s] -- Looking for pthread_create in pthreads
[3.190s] -- Looking for pthread_create in pthreads - not found
[3.190s] -- Looking for pthread_create in pthread
[4.069s] -- Looking for pthread_create in pthread - found
[4.070s] -- Found Threads: TRUE  
[4.291s] -- Found geometry_msgs: 2.0.4 (/opt/ros/foxy/share/geometry_msgs/cmake)
[4.338s] -- Found nav_msgs: 2.0.4 (/opt/ros/foxy/share/nav_msgs/cmake)
[4.432s] -- Found msgs_car: 0.0.0 (/home/vivek/On-Codes/Batch-Opt-Highway-Driving/ros_ws/install/msgs_car/share/msgs_car/cmake)
[4.516s] -- Found ament_lint_auto: 0.9.6 (/opt/ros/foxy/share/ament_lint_auto/cmake)
[5.286s] -- Added test 'copyright' to check source files copyright and LICENSE
[5.362s] -- Added test 'cppcheck' to perform static code analysis on C / C++ code
[5.362s] -- Configured cppcheck include dirs: /home/vivek/On-Codes/Batch-Opt-Highway-Driving/ros_ws/src/mpc_car_batch/include
[5.363s] -- Configured cppcheck exclude dirs and/or files: 
[5.421s] -- Added test 'cpplint' to check C / C++ code against the Google style
[5.421s] -- Configured cpplint exclude dirs and/or files: 
[5.428s] -- Added test 'flake8' to check Python code syntax and style conventions
[5.442s] -- Added test 'lint_cmake' to check CMake code style
[5.448s] -- Added test 'pep257' to check Python code against some of the style conventions in PEP 257
[5.496s] -- Added test 'uncrustify' to check C / C++ code style
[5.496s] -- Configured uncrustify additional arguments: 
[5.502s] -- Added test 'xmllint' to check XML markup files
[5.506s] -- Configuring done
[5.963s] -- Generating done
[5.965s] -- Build files have been written to: /home/vivek/On-Codes/Batch-Opt-Highway-Driving/ros_ws/build/mpc_car_batch
[6.882s] Invoked command in '/home/vivek/On-Codes/Batch-Opt-Highway-Driving/ros_ws/build/mpc_car_batch' returned '0': AMENT_PREFIX_PATH=/home/vivek/On-Codes/Batch-Opt-Highway-Driving/ros_ws/install/msgs_car:${AMENT_PREFIX_PATH} CMAKE_PREFIX_PATH=/home/vivek/On-Codes/Batch-Opt-Highway-Driving/ros_ws/install/msgs_car:/opt/ros/foxy LD_LIBRARY_PATH=/home/vivek/On-Codes/Batch-Opt-Highway-Driving/ros_ws/install/msgs_car/lib:${LD_LIBRARY_PATH} PYTHONPATH=/home/vivek/On-Codes/Batch-Opt-Highway-Driving/ros_ws/install/msgs_car/lib/python3.8/site-packages:${PYTHONPATH} /usr/bin/cmake /home/vivek/On-Codes/Batch-Opt-Highway-Driving/ros_ws/src/mpc_car_batch -DCMAKE_INSTALL_PREFIX=/home/vivek/On-Codes/Batch-Opt-Highway-Driving/ros_ws/install/mpc_car_batch
[6.883s] Invoking command in '/home/vivek/On-Codes/Batch-Opt-Highway-Driving/ros_ws/build/mpc_car_batch': AMENT_PREFIX_PATH=/home/vivek/On-Codes/Batch-Opt-Highway-Driving/ros_ws/install/msgs_car:${AMENT_PREFIX_PATH} CMAKE_PREFIX_PATH=/home/vivek/On-Codes/Batch-Opt-Highway-Driving/ros_ws/install/msgs_car:/opt/ros/foxy LD_LIBRARY_PATH=/home/vivek/On-Codes/Batch-Opt-Highway-Driving/ros_ws/install/msgs_car/lib:${LD_LIBRARY_PATH} PYTHONPATH=/home/vivek/On-Codes/Batch-Opt-Highway-Driving/ros_ws/install/msgs_car/lib/python3.8/site-packages:${PYTHONPATH} /usr/bin/cmake --build /home/vivek/On-Codes/Batch-Opt-Highway-Driving/ros_ws/build/mpc_car_batch -- -j4 -l4
[7.087s] [35m[1mScanning dependencies of target mpc_node_lib[0m
[7.155s] [ 25%] [32mBuilding CXX object CMakeFiles/mpc_node_lib.dir/src/optim_batch.cpp.o[0m
[8.536s] [01m[K/home/vivek/On-Codes/Batch-Opt-Highway-Driving/ros_ws/src/mpc_car_batch/src/optim_batch.cpp:[m[K In function ‘[01m[KEigen::ArrayXXf optim::cumsum(Eigen::ArrayXXf, Eigen::ArrayXXf)[m[K’:
[8.536s] [01m[K/home/vivek/On-Codes/Batch-Opt-Highway-Driving/ros_ws/src/mpc_car_batch/src/optim_batch.cpp:136:9:[m[K [01;35m[Kwarning: [m[Kunused variable ‘[01m[Kinit[m[K’ [[01;35m[K-Wunused-variable[m[K]
[8.536s]   136 |   float [01;35m[Kinit[m[K = arr1(0);
[8.536s]       |         [01;35m[K^~~~[m[K
[10.258s] [01m[K/home/vivek/On-Codes/Batch-Opt-Highway-Driving/ros_ws/src/mpc_car_batch/src/optim_batch.cpp:[m[K In function ‘[01m[Koptim::probData optim::solve(optim::probData, Eigen::ArrayXXf, Eigen::ArrayXXf, Eigen::ArrayXXf, Eigen::ArrayXXf, Eigen::ArrayXXf, Eigen::ArrayXXf, Eigen::ArrayXXf, Eigen::ArrayXXf, Eigen::ArrayXXf, Eigen::ArrayXXf, Eigen::ArrayXXf, Eigen::ArrayXXf, Eigen::ArrayXXf, Eigen::ArrayXXf, bool)[m[K’:
[10.258s] [01m[K/home/vivek/On-Codes/Batch-Opt-Highway-Driving/ros_ws/src/mpc_car_batch/src/optim_batch.cpp:244:281:[m[K [01;35m[Kwarning: [m[Kunused parameter ‘[01m[Kwarm[m[K’ [[01;35m[K-Wunused-parameter[m[K]
[10.258s]   244 | init, ArrayXXf psi_fin, ArrayXXf psidot_fin, ArrayXXf x_obs, ArrayXXf y_obs, [01;35m[Kbool warm[m[K )
[10.258s]       |                                                                              [01;35m[K~~~~~^~~~[m[K
[10.258s] 
[11.389s] [01m[K/home/vivek/On-Codes/Batch-Opt-Highway-Driving/ros_ws/src/mpc_car_batch/src/optim_batch.cpp:[m[K In function ‘[01m[Koptim::three_varr optim::compute_x(optim::probData, Eigen::ArrayXXf, Eigen::ArrayXXf, Eigen::ArrayXXf, Eigen::ArrayXXf, Eigen::ArrayXXf, Eigen::ArrayXXf, Eigen::ArrayXXf)[m[K’:
[11.390s] [01m[K/home/vivek/On-Codes/Batch-Opt-Highway-Driving/ros_ws/src/mpc_car_batch/src/optim_batch.cpp:387:129:[m[K [01;35m[Kwarning: [m[Kunused parameter ‘[01m[Kx_obs[m[K’ [[01;35m[K-Wunused-parameter[m[K]
[11.390s]   387 | yXXf P, ArrayXXf Pdot, ArrayXXf Pddot, ArrayXXf b_eq_x, ArrayXXf b_eq_y, [01;35m[KArrayXXf x_obs[m[K, ArrayXXf y_obs)
[11.390s]       |                                                                          [01;35m[K~~~~~~~~~^~~~~[m[K
[11.390s] 
[11.390s] [01m[K/home/vivek/On-Codes/Batch-Opt-Highway-Driving/ros_ws/src/mpc_car_batch/src/optim_batch.cpp:387:145:[m[K [01;35m[Kwarning: [m[Kunused parameter ‘[01m[Ky_obs[m[K’ [[01;35m[K-Wunused-parameter[m[K]
[11.390s]   387 |  Pdot, ArrayXXf Pddot, ArrayXXf b_eq_x, ArrayXXf b_eq_y, ArrayXXf x_obs, [01;35m[KArrayXXf y_obs[m[K)
[11.390s]       |                                                                          [01;35m[K~~~~~~~~~^~~~~[m[K
[11.390s] 
[73.995s] [ 50%] [32m[1mLinking CXX static library libmpc_node_lib.a[0m
[85.010s] [ 50%] Built target mpc_node_lib
[85.157s] [35m[1mScanning dependencies of target mpc_node[0m
[87.965s] [ 75%] [32mBuilding CXX object CMakeFiles/mpc_node.dir/src/main_batch.cpp.o[0m
[134.771s] [100%] [32m[1mLinking CXX executable mpc_node[0m
[138.409s] [100%] Built target mpc_node
[138.439s] Invoked command in '/home/vivek/On-Codes/Batch-Opt-Highway-Driving/ros_ws/build/mpc_car_batch' returned '0': AMENT_PREFIX_PATH=/home/vivek/On-Codes/Batch-Opt-Highway-Driving/ros_ws/install/msgs_car:${AMENT_PREFIX_PATH} CMAKE_PREFIX_PATH=/home/vivek/On-Codes/Batch-Opt-Highway-Driving/ros_ws/install/msgs_car:/opt/ros/foxy LD_LIBRARY_PATH=/home/vivek/On-Codes/Batch-Opt-Highway-Driving/ros_ws/install/msgs_car/lib:${LD_LIBRARY_PATH} PYTHONPATH=/home/vivek/On-Codes/Batch-Opt-Highway-Driving/ros_ws/install/msgs_car/lib/python3.8/site-packages:${PYTHONPATH} /usr/bin/cmake --build /home/vivek/On-Codes/Batch-Opt-Highway-Driving/ros_ws/build/mpc_car_batch -- -j4 -l4
[138.492s] Invoking command in '/home/vivek/On-Codes/Batch-Opt-Highway-Driving/ros_ws/build/mpc_car_batch': AMENT_PREFIX_PATH=/home/vivek/On-Codes/Batch-Opt-Highway-Driving/ros_ws/install/msgs_car:${AMENT_PREFIX_PATH} CMAKE_PREFIX_PATH=/home/vivek/On-Codes/Batch-Opt-Highway-Driving/ros_ws/install/msgs_car:/opt/ros/foxy LD_LIBRARY_PATH=/home/vivek/On-Codes/Batch-Opt-Highway-Driving/ros_ws/install/msgs_car/lib:${LD_LIBRARY_PATH} PYTHONPATH=/home/vivek/On-Codes/Batch-Opt-Highway-Driving/ros_ws/install/msgs_car/lib/python3.8/site-packages:${PYTHONPATH} /usr/bin/cmake --install /home/vivek/On-Codes/Batch-Opt-Highway-Driving/ros_ws/build/mpc_car_batch
[138.525s] -- Install configuration: ""
[138.531s] -- Installing: /home/vivek/On-Codes/Batch-Opt-Highway-Driving/ros_ws/install/mpc_car_batch/lib/mpc_car_batch/mpc_node
[138.603s] -- Set runtime path of "/home/vivek/On-Codes/Batch-Opt-Highway-Driving/ros_ws/install/mpc_car_batch/lib/mpc_car_batch/mpc_node" to ""
[138.603s] -- Installing: /home/vivek/On-Codes/Batch-Opt-Highway-Driving/ros_ws/install/mpc_car_batch/share/ament_index/resource_index/package_run_dependencies/mpc_car_batch
[138.618s] -- Installing: /home/vivek/On-Codes/Batch-Opt-Highway-Driving/ros_ws/install/mpc_car_batch/share/ament_index/resource_index/parent_prefix_path/mpc_car_batch
[138.628s] -- Installing: /home/vivek/On-Codes/Batch-Opt-Highway-Driving/ros_ws/install/mpc_car_batch/share/mpc_car_batch/environment/ament_prefix_path.sh
[138.628s] -- Installing: /home/vivek/On-Codes/Batch-Opt-Highway-Driving/ros_ws/install/mpc_car_batch/share/mpc_car_batch/environment/ament_prefix_path.dsv
[138.638s] -- Installing: /home/vivek/On-Codes/Batch-Opt-Highway-Driving/ros_ws/install/mpc_car_batch/share/mpc_car_batch/environment/path.sh
[138.638s] -- Installing: /home/vivek/On-Codes/Batch-Opt-Highway-Driving/ros_ws/install/mpc_car_batch/share/mpc_car_batch/environment/path.dsv
[138.649s] -- Installing: /home/vivek/On-Codes/Batch-Opt-Highway-Driving/ros_ws/install/mpc_car_batch/share/mpc_car_batch/local_setup.bash
[138.660s] -- Installing: /home/vivek/On-Codes/Batch-Opt-Highway-Driving/ros_ws/install/mpc_car_batch/share/mpc_car_batch/local_setup.sh
[138.672s] -- Installing: /home/vivek/On-Codes/Batch-Opt-Highway-Driving/ros_ws/install/mpc_car_batch/share/mpc_car_batch/local_setup.zsh
[138.683s] -- Installing: /home/vivek/On-Codes/Batch-Opt-Highway-Driving/ros_ws/install/mpc_car_batch/share/mpc_car_batch/local_setup.dsv
[138.694s] -- Installing: /home/vivek/On-Codes/Batch-Opt-Highway-Driving/ros_ws/install/mpc_car_batch/share/mpc_car_batch/package.dsv
[138.705s] -- Installing: /home/vivek/On-Codes/Batch-Opt-Highway-Driving/ros_ws/install/mpc_car_batch/share/ament_index/resource_index/packages/mpc_car_batch
[138.706s] -- Installing: /home/vivek/On-Codes/Batch-Opt-Highway-Driving/ros_ws/install/mpc_car_batch/share/mpc_car_batch/cmake/mpc_car_batchConfig.cmake
[138.717s] -- Installing: /home/vivek/On-Codes/Batch-Opt-Highway-Driving/ros_ws/install/mpc_car_batch/share/mpc_car_batch/cmake/mpc_car_batchConfig-version.cmake
[138.738s] -- Installing: /home/vivek/On-Codes/Batch-Opt-Highway-Driving/ros_ws/install/mpc_car_batch/share/mpc_car_batch/package.xml
[138.741s] Invoked command in '/home/vivek/On-Codes/Batch-Opt-Highway-Driving/ros_ws/build/mpc_car_batch' returned '0': AMENT_PREFIX_PATH=/home/vivek/On-Codes/Batch-Opt-Highway-Driving/ros_ws/install/msgs_car:${AMENT_PREFIX_PATH} CMAKE_PREFIX_PATH=/home/vivek/On-Codes/Batch-Opt-Highway-Driving/ros_ws/install/msgs_car:/opt/ros/foxy LD_LIBRARY_PATH=/home/vivek/On-Codes/Batch-Opt-Highway-Driving/ros_ws/install/msgs_car/lib:${LD_LIBRARY_PATH} PYTHONPATH=/home/vivek/On-Codes/Batch-Opt-Highway-Driving/ros_ws/install/msgs_car/lib/python3.8/site-packages:${PYTHONPATH} /usr/bin/cmake --install /home/vivek/On-Codes/Batch-Opt-Highway-Driving/ros_ws/build/mpc_car_batch
