[0.017s] Invoking command in '/home/vivek/On-Codes/Batch_traj_opt/mpc_car_batch/build/mpc_car_batch': CMAKE_PREFIX_PATH=/opt/ros/foxy /usr/bin/cmake --build /home/vivek/On-Codes/Batch_traj_opt/mpc_car_batch/build/mpc_car_batch -- -j4 -l4
[0.045s] -- Found ament_cmake: 0.9.8 (/opt/ros/foxy/share/ament_cmake/cmake)
[0.074s] -- Using PYTHON_EXECUTABLE: /usr/bin/python3
[0.270s] -- Found rclcpp: 2.3.1 (/opt/ros/foxy/share/rclcpp/cmake)
[0.305s] -- Using all available rosidl_typesupport_c: rosidl_typesupport_fastrtps_c;rosidl_typesupport_introspection_c
[0.309s] -- Found rosidl_adapter: 1.2.1 (/opt/ros/foxy/share/rosidl_adapter/cmake)
[0.428s] -- Using all available rosidl_typesupport_cpp: rosidl_typesupport_fastrtps_cpp;rosidl_typesupport_introspection_cpp
[0.479s] -- Found rmw_implementation_cmake: 1.0.3 (/opt/ros/foxy/share/rmw_implementation_cmake/cmake)
[0.481s] -- Using RMW implementation 'rmw_fastrtps_cpp' as default
[0.628s] -- Found geometry_msgs: 2.0.4 (/opt/ros/foxy/share/geometry_msgs/cmake)
[0.667s] -- Found nav_msgs: 2.0.4 (/opt/ros/foxy/share/nav_msgs/cmake)
[0.745s] -- Found ament_lint_auto: 0.9.6 (/opt/ros/foxy/share/ament_lint_auto/cmake)
[0.810s] -- Added test 'copyright' to check source files copyright and LICENSE
[0.832s] -- Added test 'cppcheck' to perform static code analysis on C / C++ code
[0.833s] -- Configured cppcheck include dirs: /home/vivek/On-Codes/Batch_traj_opt/mpc_car_batch/include
[0.833s] -- Configured cppcheck exclude dirs and/or files: 
[0.854s] -- Added test 'cpplint' to check C / C++ code against the Google style
[0.854s] -- Configured cpplint exclude dirs and/or files: 
[0.858s] -- Added test 'flake8' to check Python code syntax and style conventions
[0.864s] -- Added test 'lint_cmake' to check CMake code style
[0.868s] -- Added test 'pep257' to check Python code against some of the style conventions in PEP 257
[0.888s] -- Added test 'uncrustify' to check C / C++ code style
[0.888s] -- Configured uncrustify additional arguments: 
[0.892s] -- Added test 'xmllint' to check XML markup files
[0.895s] -- Configuring done
[0.906s] -- Generating done
[0.908s] -- Build files have been written to: /home/vivek/On-Codes/Batch_traj_opt/mpc_car_batch/build/mpc_car_batch
[0.944s] [ 50%] Built target mpc_node_lib
[0.968s] [ 75%] [32m[1mLinking CXX executable mpc_node[0m
[1.116s] /usr/bin/ld: cannot find -lrclcpp
[1.116s] /usr/bin/ld: cannot find -lstd_msgs
[1.116s] /usr/bin/ld: cannot find -lgeometry_msgs
[1.116s] /usr/bin/ld: cannot find -lnav_msgs
[1.116s] collect2: error: ld returned 1 exit status
[1.117s] make[2]: *** [CMakeFiles/mpc_node.dir/build.make:142: mpc_node] Error 1
[1.117s] make[1]: *** [CMakeFiles/Makefile2:80: CMakeFiles/mpc_node.dir/all] Error 2
[1.117s] make: *** [Makefile:141: all] Error 2
[1.120s] Invoked command in '/home/vivek/On-Codes/Batch_traj_opt/mpc_car_batch/build/mpc_car_batch' returned '2': CMAKE_PREFIX_PATH=/opt/ros/foxy /usr/bin/cmake --build /home/vivek/On-Codes/Batch_traj_opt/mpc_car_batch/build/mpc_car_batch -- -j4 -l4
