-- Found ament_cmake: 0.9.8 (/opt/ros/foxy/share/ament_cmake/cmake)
-- Using PYTHON_EXECUTABLE: /usr/bin/python3
-- Found rclcpp: 2.3.1 (/opt/ros/foxy/share/rclcpp/cmake)
-- Using all available rosidl_typesupport_c: rosidl_typesupport_fastrtps_c;rosidl_typesupport_introspection_c
-- Found rosidl_adapter: 1.2.1 (/opt/ros/foxy/share/rosidl_adapter/cmake)
-- Using all available rosidl_typesupport_cpp: rosidl_typesupport_fastrtps_cpp;rosidl_typesupport_introspection_cpp
-- Found rmw_implementation_cmake: 1.0.3 (/opt/ros/foxy/share/rmw_implementation_cmake/cmake)
-- Using RMW implementation 'rmw_fastrtps_cpp' as default
-- Found geometry_msgs: 2.0.4 (/opt/ros/foxy/share/geometry_msgs/cmake)
-- Found nav_msgs: 2.0.4 (/opt/ros/foxy/share/nav_msgs/cmake)
-- Found msgs_car: 0.0.0 (/home/vivek/On-Codes/Batch-Opt-Highway-Driving/ros_ws/install/msgs_car/share/msgs_car/cmake)
-- Found ament_lint_auto: 0.9.6 (/opt/ros/foxy/share/ament_lint_auto/cmake)
-- Added test 'copyright' to check source files copyright and LICENSE
-- Added test 'cppcheck' to perform static code analysis on C / C++ code
-- Configured cppcheck include dirs: /home/vivek/On-Codes/Batch-Opt-Highway-Driving/ros_ws/src/mpc_car_batch/include
-- Configured cppcheck exclude dirs and/or files: 
-- Added test 'cpplint' to check C / C++ code against the Google style
-- Configured cpplint exclude dirs and/or files: 
-- Added test 'lint_cmake' to check CMake code style
-- Added test 'uncrustify' to check C / C++ code style
-- Configured uncrustify additional arguments: 
-- Added test 'xmllint' to check XML markup files
-- Configuring done
-- Generating done
-- Build files have been written to: /home/vivek/On-Codes/Batch-Opt-Highway-Driving/ros_ws/build/mpc_car_batch
[ 25%] [32mBuilding CXX object CMakeFiles/mpc_node_lib.dir/src/optim_batch.cpp.o[0m
[01m[K/home/vivek/On-Codes/Batch-Opt-Highway-Driving/ros_ws/src/mpc_car_batch/src/optim_batch.cpp:[m[K In function ‘[01m[KEigen::ArrayXXf optim::cumsum(Eigen::ArrayXXf, Eigen::ArrayXXf)[m[K’:
[01m[K/home/vivek/On-Codes/Batch-Opt-Highway-Driving/ros_ws/src/mpc_car_batch/src/optim_batch.cpp:136:9:[m[K [01;35m[Kwarning: [m[Kunused variable ‘[01m[Kinit[m[K’ [[01;35m[K-Wunused-variable[m[K]
  136 |   float [01;35m[Kinit[m[K = arr1(0);
      |         [01;35m[K^~~~[m[K
[01m[K/home/vivek/On-Codes/Batch-Opt-Highway-Driving/ros_ws/src/mpc_car_batch/src/optim_batch.cpp:[m[K In function ‘[01m[Koptim::probData optim::solve(optim::probData, Eigen::ArrayXXf, Eigen::ArrayXXf, Eigen::ArrayXXf, Eigen::ArrayXXf, Eigen::ArrayXXf, Eigen::ArrayXXf, Eigen::ArrayXXf, Eigen::ArrayXXf, Eigen::ArrayXXf, Eigen::ArrayXXf, Eigen::ArrayXXf, Eigen::ArrayXXf, Eigen::ArrayXXf, Eigen::ArrayXXf, bool)[m[K’:
[01m[K/home/vivek/On-Codes/Batch-Opt-Highway-Driving/ros_ws/src/mpc_car_batch/src/optim_batch.cpp:244:281:[m[K [01;35m[Kwarning: [m[Kunused parameter ‘[01m[Kwarm[m[K’ [[01;35m[K-Wunused-parameter[m[K]
  244 | n, ArrayXXf psidot_fin, ArrayXXf x_obs, ArrayXXf y_obs, [01;35m[Kbool warm[m[K )
      |                                                         [01;35m[K~~~~~^~~~[m[K

[01m[K/home/vivek/On-Codes/Batch-Opt-Highway-Driving/ros_ws/src/mpc_car_batch/src/optim_batch.cpp:[m[K In function ‘[01m[Koptim::three_varr optim::compute_x(optim::probData, Eigen::ArrayXXf, Eigen::ArrayXXf, Eigen::ArrayXXf, Eigen::ArrayXXf, Eigen::ArrayXXf, Eigen::ArrayXXf, Eigen::ArrayXXf)[m[K’:
[01m[K/home/vivek/On-Codes/Batch-Opt-Highway-Driving/ros_ws/src/mpc_car_batch/src/optim_batch.cpp:387:129:[m[K [01;35m[Kwarning: [m[Kunused parameter ‘[01m[Kx_obs[m[K’ [[01;35m[K-Wunused-parameter[m[K]
  387 | , ArrayXXf Pddot, ArrayXXf b_eq_x, ArrayXXf b_eq_y, [01;35m[KArrayXXf x_obs[m[K, ArrayXXf y_obs)
      |                                                     [01;35m[K~~~~~~~~~^~~~~[m[K

[01m[K/home/vivek/On-Codes/Batch-Opt-Highway-Driving/ros_ws/src/mpc_car_batch/src/optim_batch.cpp:387:145:[m[K [01;35m[Kwarning: [m[Kunused parameter ‘[01m[Ky_obs[m[K’ [[01;35m[K-Wunused-parameter[m[K]
  387 | , ArrayXXf b_eq_x, ArrayXXf b_eq_y, ArrayXXf x_obs, [01;35m[KArrayXXf y_obs[m[K)
      |                                                     [01;35m[K~~~~~~~~~^~~~~[m[K

[ 50%] [32m[1mLinking CXX static library libmpc_node_lib.a[0m
[ 50%] Built target mpc_node_lib
[ 75%] [32mBuilding CXX object CMakeFiles/mpc_node.dir/src/main_batch.cpp.o[0m
[100%] [32m[1mLinking CXX executable mpc_node[0m
[100%] Built target mpc_node
-- Install configuration: ""
-- Installing: /home/vivek/On-Codes/Batch-Opt-Highway-Driving/ros_ws/install/mpc_car_batch/lib/mpc_car_batch/mpc_node
-- Set runtime path of "/home/vivek/On-Codes/Batch-Opt-Highway-Driving/ros_ws/install/mpc_car_batch/lib/mpc_car_batch/mpc_node" to ""
-- Up-to-date: /home/vivek/On-Codes/Batch-Opt-Highway-Driving/ros_ws/install/mpc_car_batch/share/ament_index/resource_index/package_run_dependencies/mpc_car_batch
-- Up-to-date: /home/vivek/On-Codes/Batch-Opt-Highway-Driving/ros_ws/install/mpc_car_batch/share/ament_index/resource_index/parent_prefix_path/mpc_car_batch
-- Up-to-date: /home/vivek/On-Codes/Batch-Opt-Highway-Driving/ros_ws/install/mpc_car_batch/share/mpc_car_batch/environment/ament_prefix_path.sh
-- Installing: /home/vivek/On-Codes/Batch-Opt-Highway-Driving/ros_ws/install/mpc_car_batch/share/mpc_car_batch/environment/ament_prefix_path.dsv
-- Up-to-date: /home/vivek/On-Codes/Batch-Opt-Highway-Driving/ros_ws/install/mpc_car_batch/share/mpc_car_batch/environment/path.sh
-- Installing: /home/vivek/On-Codes/Batch-Opt-Highway-Driving/ros_ws/install/mpc_car_batch/share/mpc_car_batch/environment/path.dsv
-- Up-to-date: /home/vivek/On-Codes/Batch-Opt-Highway-Driving/ros_ws/install/mpc_car_batch/share/mpc_car_batch/local_setup.bash
-- Up-to-date: /home/vivek/On-Codes/Batch-Opt-Highway-Driving/ros_ws/install/mpc_car_batch/share/mpc_car_batch/local_setup.sh
-- Up-to-date: /home/vivek/On-Codes/Batch-Opt-Highway-Driving/ros_ws/install/mpc_car_batch/share/mpc_car_batch/local_setup.zsh
-- Installing: /home/vivek/On-Codes/Batch-Opt-Highway-Driving/ros_ws/install/mpc_car_batch/share/mpc_car_batch/local_setup.dsv
-- Installing: /home/vivek/On-Codes/Batch-Opt-Highway-Driving/ros_ws/install/mpc_car_batch/share/mpc_car_batch/package.dsv
-- Up-to-date: /home/vivek/On-Codes/Batch-Opt-Highway-Driving/ros_ws/install/mpc_car_batch/share/ament_index/resource_index/packages/mpc_car_batch
-- Up-to-date: /home/vivek/On-Codes/Batch-Opt-Highway-Driving/ros_ws/install/mpc_car_batch/share/mpc_car_batch/cmake/mpc_car_batchConfig.cmake
-- Up-to-date: /home/vivek/On-Codes/Batch-Opt-Highway-Driving/ros_ws/install/mpc_car_batch/share/mpc_car_batch/cmake/mpc_car_batchConfig-version.cmake
-- Up-to-date: /home/vivek/On-Codes/Batch-Opt-Highway-Driving/ros_ws/install/mpc_car_batch/share/mpc_car_batch/package.xml
