[1.557s] Invoking command in '/home/vivek/On-Codes/Batch-Opt-Highway-Driving/ros_ws/build/msgs_car': CMAKE_PREFIX_PATH=${CMAKE_PREFIX_PATH}:/home/vivek/On-Codes/Batch-Opt-Highway-Driving/ros_ws/install/highway_car:/home/vivek/On-Codes/Batch-Opt-Highway-Driving/ros_ws/install/frenet_car:/opt/ros/foxy /usr/bin/cmake --build /home/vivek/On-Codes/Batch-Opt-Highway-Driving/ros_ws/build/msgs_car -- -j4 -l4
[1.583s] [  2%] Built target msgs_car__cpp
[1.593s] [ 12%] Built target msgs_car__rosidl_generator_c
[1.623s] [ 23%] Built target msgs_car__rosidl_typesupport_cpp
[1.637s] [ 33%] Built target msgs_car__rosidl_typesupport_fastrtps_cpp
[1.642s] [ 43%] Built target msgs_car__rosidl_typesupport_introspection_cpp
[1.666s] [ 53%] Built target msgs_car__rosidl_typesupport_c
[1.677s] [ 64%] Built target msgs_car__rosidl_typesupport_introspection_c
[1.681s] [ 74%] Built target msgs_car__rosidl_typesupport_fastrtps_c
[1.704s] [ 74%] Built target msgs_car
[1.728s] [ 76%] Built target msgs_car__py
[1.761s] [ 84%] Built target msgs_car__python
[1.800s] [ 89%] Built target msgs_car__rosidl_typesupport_introspection_c__pyext
[1.809s] [ 94%] Built target msgs_car__rosidl_typesupport_c__pyext
[1.810s] [100%] Built target msgs_car__rosidl_typesupport_fastrtps_c__pyext
[1.827s] Invoked command in '/home/vivek/On-Codes/Batch-Opt-Highway-Driving/ros_ws/build/msgs_car' returned '0': CMAKE_PREFIX_PATH=${CMAKE_PREFIX_PATH}:/home/vivek/On-Codes/Batch-Opt-Highway-Driving/ros_ws/install/highway_car:/home/vivek/On-Codes/Batch-Opt-Highway-Driving/ros_ws/install/frenet_car:/opt/ros/foxy /usr/bin/cmake --build /home/vivek/On-Codes/Batch-Opt-Highway-Driving/ros_ws/build/msgs_car -- -j4 -l4
[1.911s] Invoking command in '/home/vivek/On-Codes/Batch-Opt-Highway-Driving/ros_ws/build/msgs_car': CMAKE_PREFIX_PATH=${CMAKE_PREFIX_PATH}:/home/vivek/On-Codes/Batch-Opt-Highway-Driving/ros_ws/install/highway_car:/home/vivek/On-Codes/Batch-Opt-Highway-Driving/ros_ws/install/frenet_car:/opt/ros/foxy /usr/bin/cmake --install /home/vivek/On-Codes/Batch-Opt-Highway-Driving/ros_ws/build/msgs_car
[1.920s] -- Install configuration: ""
[1.921s] -- Up-to-date: /home/vivek/On-Codes/Batch-Opt-Highway-Driving/ros_ws/install/msgs_car/share/ament_index/resource_index/rosidl_interfaces/msgs_car
[1.921s] -- Up-to-date: /home/vivek/On-Codes/Batch-Opt-Highway-Driving/ros_ws/install/msgs_car/include/msgs_car
[1.921s] -- Up-to-date: /home/vivek/On-Codes/Batch-Opt-Highway-Driving/ros_ws/install/msgs_car/include/msgs_car/msg
[1.921s] -- Up-to-date: /home/vivek/On-Codes/Batch-Opt-Highway-Driving/ros_ws/install/msgs_car/include/msgs_car/msg/controls.h
[1.921s] -- Up-to-date: /home/vivek/On-Codes/Batch-Opt-Highway-Driving/ros_ws/install/msgs_car/include/msgs_car/msg/states.h
[1.921s] -- Up-to-date: /home/vivek/On-Codes/Batch-Opt-Highway-Driving/ros_ws/install/msgs_car/include/msgs_car/msg/detail
[1.921s] -- Up-to-date: /home/vivek/On-Codes/Batch-Opt-Highway-Driving/ros_ws/install/msgs_car/include/msgs_car/msg/detail/controls__functions.c
[1.922s] -- Up-to-date: /home/vivek/On-Codes/Batch-Opt-Highway-Driving/ros_ws/install/msgs_car/include/msgs_car/msg/detail/controls__type_support.h
[1.922s] -- Up-to-date: /home/vivek/On-Codes/Batch-Opt-Highway-Driving/ros_ws/install/msgs_car/include/msgs_car/msg/detail/controls__struct.h
[1.922s] -- Up-to-date: /home/vivek/On-Codes/Batch-Opt-Highway-Driving/ros_ws/install/msgs_car/include/msgs_car/msg/detail/states__functions.h
[1.922s] -- Up-to-date: /home/vivek/On-Codes/Batch-Opt-Highway-Driving/ros_ws/install/msgs_car/include/msgs_car/msg/detail/states__functions.c
[1.922s] -- Up-to-date: /home/vivek/On-Codes/Batch-Opt-Highway-Driving/ros_ws/install/msgs_car/include/msgs_car/msg/detail/states__struct.h
[1.922s] -- Up-to-date: /home/vivek/On-Codes/Batch-Opt-Highway-Driving/ros_ws/install/msgs_car/include/msgs_car/msg/detail/controls__functions.h
[1.922s] -- Up-to-date: /home/vivek/On-Codes/Batch-Opt-Highway-Driving/ros_ws/install/msgs_car/include/msgs_car/msg/detail/states__type_support.h
[1.922s] -- Up-to-date: /home/vivek/On-Codes/Batch-Opt-Highway-Driving/ros_ws/install/msgs_car/include/msgs_car/msg/rosidl_generator_c__visibility_control.h
[1.922s] -- Up-to-date: /home/vivek/On-Codes/Batch-Opt-Highway-Driving/ros_ws/install/msgs_car/share/msgs_car/environment/library_path.sh
[1.922s] -- Up-to-date: /home/vivek/On-Codes/Batch-Opt-Highway-Driving/ros_ws/install/msgs_car/share/msgs_car/environment/library_path.dsv
[1.922s] -- Up-to-date: /home/vivek/On-Codes/Batch-Opt-Highway-Driving/ros_ws/install/msgs_car/lib/libmsgs_car__rosidl_generator_c.so
[1.922s] -- Up-to-date: /home/vivek/On-Codes/Batch-Opt-Highway-Driving/ros_ws/install/msgs_car/include/msgs_car
[1.923s] -- Up-to-date: /home/vivek/On-Codes/Batch-Opt-Highway-Driving/ros_ws/install/msgs_car/include/msgs_car/msg
[1.923s] -- Up-to-date: /home/vivek/On-Codes/Batch-Opt-Highway-Driving/ros_ws/install/msgs_car/include/msgs_car/msg/rosidl_typesupport_fastrtps_c__visibility_control.h
[1.923s] -- Up-to-date: /home/vivek/On-Codes/Batch-Opt-Highway-Driving/ros_ws/install/msgs_car/include/msgs_car/msg/detail
[1.923s] -- Up-to-date: /home/vivek/On-Codes/Batch-Opt-Highway-Driving/ros_ws/install/msgs_car/include/msgs_car/msg/detail/states__rosidl_typesupport_fastrtps_c.h
[1.923s] -- Up-to-date: /home/vivek/On-Codes/Batch-Opt-Highway-Driving/ros_ws/install/msgs_car/include/msgs_car/msg/detail/controls__rosidl_typesupport_fastrtps_c.h
[1.923s] -- Up-to-date: /home/vivek/On-Codes/Batch-Opt-Highway-Driving/ros_ws/install/msgs_car/lib/libmsgs_car__rosidl_typesupport_fastrtps_c.so
[1.923s] -- Up-to-date: /home/vivek/On-Codes/Batch-Opt-Highway-Driving/ros_ws/install/msgs_car/include/msgs_car
[1.923s] -- Up-to-date: /home/vivek/On-Codes/Batch-Opt-Highway-Driving/ros_ws/install/msgs_car/include/msgs_car/msg
[1.923s] -- Up-to-date: /home/vivek/On-Codes/Batch-Opt-Highway-Driving/ros_ws/install/msgs_car/include/msgs_car/msg/rosidl_typesupport_fastrtps_cpp__visibility_control.h
[1.923s] -- Up-to-date: /home/vivek/On-Codes/Batch-Opt-Highway-Driving/ros_ws/install/msgs_car/include/msgs_car/msg/detail
[1.923s] -- Up-to-date: /home/vivek/On-Codes/Batch-Opt-Highway-Driving/ros_ws/install/msgs_car/include/msgs_car/msg/detail/dds_fastrtps
[1.924s] -- Up-to-date: /home/vivek/On-Codes/Batch-Opt-Highway-Driving/ros_ws/install/msgs_car/include/msgs_car/msg/detail/controls__rosidl_typesupport_fastrtps_cpp.hpp
[1.924s] -- Up-to-date: /home/vivek/On-Codes/Batch-Opt-Highway-Driving/ros_ws/install/msgs_car/include/msgs_car/msg/detail/states__rosidl_typesupport_fastrtps_cpp.hpp
[1.924s] -- Up-to-date: /home/vivek/On-Codes/Batch-Opt-Highway-Driving/ros_ws/install/msgs_car/lib/libmsgs_car__rosidl_typesupport_fastrtps_cpp.so
[1.924s] -- Up-to-date: /home/vivek/On-Codes/Batch-Opt-Highway-Driving/ros_ws/install/msgs_car/include/msgs_car
[1.924s] -- Up-to-date: /home/vivek/On-Codes/Batch-Opt-Highway-Driving/ros_ws/install/msgs_car/include/msgs_car/msg
[1.924s] -- Up-to-date: /home/vivek/On-Codes/Batch-Opt-Highway-Driving/ros_ws/install/msgs_car/include/msgs_car/msg/rosidl_typesupport_introspection_c__visibility_control.h
[1.924s] -- Up-to-date: /home/vivek/On-Codes/Batch-Opt-Highway-Driving/ros_ws/install/msgs_car/include/msgs_car/msg/detail
[1.924s] -- Up-to-date: /home/vivek/On-Codes/Batch-Opt-Highway-Driving/ros_ws/install/msgs_car/include/msgs_car/msg/detail/states__type_support.c
[1.924s] -- Up-to-date: /home/vivek/On-Codes/Batch-Opt-Highway-Driving/ros_ws/install/msgs_car/include/msgs_car/msg/detail/controls__rosidl_typesupport_introspection_c.h
[1.924s] -- Up-to-date: /home/vivek/On-Codes/Batch-Opt-Highway-Driving/ros_ws/install/msgs_car/include/msgs_car/msg/detail/states__rosidl_typesupport_introspection_c.h
[1.925s] -- Up-to-date: /home/vivek/On-Codes/Batch-Opt-Highway-Driving/ros_ws/install/msgs_car/include/msgs_car/msg/detail/controls__type_support.c
[1.925s] -- Up-to-date: /home/vivek/On-Codes/Batch-Opt-Highway-Driving/ros_ws/install/msgs_car/lib/libmsgs_car__rosidl_typesupport_introspection_c.so
[1.925s] -- Up-to-date: /home/vivek/On-Codes/Batch-Opt-Highway-Driving/ros_ws/install/msgs_car/lib/libmsgs_car__rosidl_typesupport_c.so
[1.925s] -- Up-to-date: /home/vivek/On-Codes/Batch-Opt-Highway-Driving/ros_ws/install/msgs_car/include/msgs_car
[1.925s] -- Up-to-date: /home/vivek/On-Codes/Batch-Opt-Highway-Driving/ros_ws/install/msgs_car/include/msgs_car/msg
[1.925s] -- Up-to-date: /home/vivek/On-Codes/Batch-Opt-Highway-Driving/ros_ws/install/msgs_car/include/msgs_car/msg/controls.hpp
[1.925s] -- Up-to-date: /home/vivek/On-Codes/Batch-Opt-Highway-Driving/ros_ws/install/msgs_car/include/msgs_car/msg/detail
[1.925s] -- Up-to-date: /home/vivek/On-Codes/Batch-Opt-Highway-Driving/ros_ws/install/msgs_car/include/msgs_car/msg/detail/controls__struct.hpp
[1.925s] -- Up-to-date: /home/vivek/On-Codes/Batch-Opt-Highway-Driving/ros_ws/install/msgs_car/include/msgs_car/msg/detail/controls__builder.hpp
[1.925s] -- Up-to-date: /home/vivek/On-Codes/Batch-Opt-Highway-Driving/ros_ws/install/msgs_car/include/msgs_car/msg/detail/states__builder.hpp
[1.925s] -- Up-to-date: /home/vivek/On-Codes/Batch-Opt-Highway-Driving/ros_ws/install/msgs_car/include/msgs_car/msg/detail/states__struct.hpp
[1.925s] -- Up-to-date: /home/vivek/On-Codes/Batch-Opt-Highway-Driving/ros_ws/install/msgs_car/include/msgs_car/msg/detail/states__traits.hpp
[1.926s] -- Up-to-date: /home/vivek/On-Codes/Batch-Opt-Highway-Driving/ros_ws/install/msgs_car/include/msgs_car/msg/detail/controls__traits.hpp
[1.926s] -- Up-to-date: /home/vivek/On-Codes/Batch-Opt-Highway-Driving/ros_ws/install/msgs_car/include/msgs_car/msg/states.hpp
[1.926s] -- Up-to-date: /home/vivek/On-Codes/Batch-Opt-Highway-Driving/ros_ws/install/msgs_car/include/msgs_car
[1.926s] -- Up-to-date: /home/vivek/On-Codes/Batch-Opt-Highway-Driving/ros_ws/install/msgs_car/include/msgs_car/msg
[1.926s] -- Up-to-date: /home/vivek/On-Codes/Batch-Opt-Highway-Driving/ros_ws/install/msgs_car/include/msgs_car/msg/detail
[1.926s] -- Up-to-date: /home/vivek/On-Codes/Batch-Opt-Highway-Driving/ros_ws/install/msgs_car/include/msgs_car/msg/detail/controls__rosidl_typesupport_introspection_cpp.hpp
[1.926s] -- Up-to-date: /home/vivek/On-Codes/Batch-Opt-Highway-Driving/ros_ws/install/msgs_car/include/msgs_car/msg/detail/states__type_support.cpp
[1.926s] -- Up-to-date: /home/vivek/On-Codes/Batch-Opt-Highway-Driving/ros_ws/install/msgs_car/include/msgs_car/msg/detail/states__rosidl_typesupport_introspection_cpp.hpp
[1.926s] -- Up-to-date: /home/vivek/On-Codes/Batch-Opt-Highway-Driving/ros_ws/install/msgs_car/include/msgs_car/msg/detail/controls__type_support.cpp
[1.926s] -- Up-to-date: /home/vivek/On-Codes/Batch-Opt-Highway-Driving/ros_ws/install/msgs_car/lib/libmsgs_car__rosidl_typesupport_introspection_cpp.so
[1.926s] -- Up-to-date: /home/vivek/On-Codes/Batch-Opt-Highway-Driving/ros_ws/install/msgs_car/lib/libmsgs_car__rosidl_typesupport_cpp.so
[1.926s] -- Up-to-date: /home/vivek/On-Codes/Batch-Opt-Highway-Driving/ros_ws/install/msgs_car/share/msgs_car/environment/pythonpath.sh
[1.927s] -- Up-to-date: /home/vivek/On-Codes/Batch-Opt-Highway-Driving/ros_ws/install/msgs_car/share/msgs_car/environment/pythonpath.dsv
[1.927s] -- Up-to-date: /home/vivek/On-Codes/Batch-Opt-Highway-Driving/ros_ws/install/msgs_car/lib/python3.8/site-packages/msgs_car/__init__.py
[1.967s] -- Up-to-date: /home/vivek/On-Codes/Batch-Opt-Highway-Driving/ros_ws/install/msgs_car/lib/python3.8/site-packages/msgs_car/msg
[1.967s] -- Up-to-date: /home/vivek/On-Codes/Batch-Opt-Highway-Driving/ros_ws/install/msgs_car/lib/python3.8/site-packages/msgs_car/msg/_controls_s.c
[1.967s] -- Up-to-date: /home/vivek/On-Codes/Batch-Opt-Highway-Driving/ros_ws/install/msgs_car/lib/python3.8/site-packages/msgs_car/msg/_states_s.c
[1.968s] -- Up-to-date: /home/vivek/On-Codes/Batch-Opt-Highway-Driving/ros_ws/install/msgs_car/lib/python3.8/site-packages/msgs_car/msg/_states.py
[1.968s] -- Up-to-date: /home/vivek/On-Codes/Batch-Opt-Highway-Driving/ros_ws/install/msgs_car/lib/python3.8/site-packages/msgs_car/msg/__init__.py
[1.968s] -- Up-to-date: /home/vivek/On-Codes/Batch-Opt-Highway-Driving/ros_ws/install/msgs_car/lib/python3.8/site-packages/msgs_car/msg/_controls.py
[1.968s] -- Up-to-date: /home/vivek/On-Codes/Batch-Opt-Highway-Driving/ros_ws/install/msgs_car/lib/python3.8/site-packages/msgs_car/msgs_car_s__rosidl_typesupport_fastrtps_c.cpython-38-x86_64-linux-gnu.so
[1.968s] -- Up-to-date: /home/vivek/On-Codes/Batch-Opt-Highway-Driving/ros_ws/install/msgs_car/lib/python3.8/site-packages/msgs_car/msgs_car_s__rosidl_typesupport_introspection_c.cpython-38-x86_64-linux-gnu.so
[1.968s] -- Up-to-date: /home/vivek/On-Codes/Batch-Opt-Highway-Driving/ros_ws/install/msgs_car/lib/python3.8/site-packages/msgs_car/msgs_car_s__rosidl_typesupport_c.cpython-38-x86_64-linux-gnu.so
[1.968s] -- Up-to-date: /home/vivek/On-Codes/Batch-Opt-Highway-Driving/ros_ws/install/msgs_car/lib/libmsgs_car__python.so
[1.968s] -- Up-to-date: /home/vivek/On-Codes/Batch-Opt-Highway-Driving/ros_ws/install/msgs_car/share/msgs_car/msg/States.idl
[1.968s] -- Up-to-date: /home/vivek/On-Codes/Batch-Opt-Highway-Driving/ros_ws/install/msgs_car/share/msgs_car/msg/Controls.idl
[1.969s] -- Up-to-date: /home/vivek/On-Codes/Batch-Opt-Highway-Driving/ros_ws/install/msgs_car/share/msgs_car/msg/States.msg
[1.969s] -- Up-to-date: /home/vivek/On-Codes/Batch-Opt-Highway-Driving/ros_ws/install/msgs_car/share/msgs_car/msg/Controls.msg
[1.969s] -- Up-to-date: /home/vivek/On-Codes/Batch-Opt-Highway-Driving/ros_ws/install/msgs_car/share/ament_index/resource_index/package_run_dependencies/msgs_car
[1.969s] -- Up-to-date: /home/vivek/On-Codes/Batch-Opt-Highway-Driving/ros_ws/install/msgs_car/share/ament_index/resource_index/parent_prefix_path/msgs_car
[1.969s] -- Up-to-date: /home/vivek/On-Codes/Batch-Opt-Highway-Driving/ros_ws/install/msgs_car/share/msgs_car/environment/ament_prefix_path.sh
[1.970s] -- Up-to-date: /home/vivek/On-Codes/Batch-Opt-Highway-Driving/ros_ws/install/msgs_car/share/msgs_car/environment/ament_prefix_path.dsv
[1.970s] -- Up-to-date: /home/vivek/On-Codes/Batch-Opt-Highway-Driving/ros_ws/install/msgs_car/share/msgs_car/environment/path.sh
[1.970s] -- Up-to-date: /home/vivek/On-Codes/Batch-Opt-Highway-Driving/ros_ws/install/msgs_car/share/msgs_car/environment/path.dsv
[1.970s] -- Up-to-date: /home/vivek/On-Codes/Batch-Opt-Highway-Driving/ros_ws/install/msgs_car/share/msgs_car/local_setup.bash
[1.970s] -- Up-to-date: /home/vivek/On-Codes/Batch-Opt-Highway-Driving/ros_ws/install/msgs_car/share/msgs_car/local_setup.sh
[1.970s] -- Up-to-date: /home/vivek/On-Codes/Batch-Opt-Highway-Driving/ros_ws/install/msgs_car/share/msgs_car/local_setup.zsh
[1.970s] -- Up-to-date: /home/vivek/On-Codes/Batch-Opt-Highway-Driving/ros_ws/install/msgs_car/share/msgs_car/local_setup.dsv
[1.970s] -- Installing: /home/vivek/On-Codes/Batch-Opt-Highway-Driving/ros_ws/install/msgs_car/share/msgs_car/package.dsv
[1.970s] -- Up-to-date: /home/vivek/On-Codes/Batch-Opt-Highway-Driving/ros_ws/install/msgs_car/share/ament_index/resource_index/packages/msgs_car
[1.970s] -- Up-to-date: /home/vivek/On-Codes/Batch-Opt-Highway-Driving/ros_ws/install/msgs_car/share/msgs_car/cmake/msgs_car__rosidl_generator_cExport.cmake
[1.970s] -- Up-to-date: /home/vivek/On-Codes/Batch-Opt-Highway-Driving/ros_ws/install/msgs_car/share/msgs_car/cmake/msgs_car__rosidl_generator_cExport-noconfig.cmake
[1.971s] -- Up-to-date: /home/vivek/On-Codes/Batch-Opt-Highway-Driving/ros_ws/install/msgs_car/share/msgs_car/cmake/msgs_car__rosidl_typesupport_introspection_cExport.cmake
[1.971s] -- Up-to-date: /home/vivek/On-Codes/Batch-Opt-Highway-Driving/ros_ws/install/msgs_car/share/msgs_car/cmake/msgs_car__rosidl_typesupport_introspection_cExport-noconfig.cmake
[1.971s] -- Up-to-date: /home/vivek/On-Codes/Batch-Opt-Highway-Driving/ros_ws/install/msgs_car/share/msgs_car/cmake/msgs_car__rosidl_typesupport_cExport.cmake
[1.971s] -- Up-to-date: /home/vivek/On-Codes/Batch-Opt-Highway-Driving/ros_ws/install/msgs_car/share/msgs_car/cmake/msgs_car__rosidl_typesupport_cExport-noconfig.cmake
[1.971s] -- Up-to-date: /home/vivek/On-Codes/Batch-Opt-Highway-Driving/ros_ws/install/msgs_car/share/msgs_car/cmake/msgs_car__rosidl_generator_cppExport.cmake
[1.971s] -- Up-to-date: /home/vivek/On-Codes/Batch-Opt-Highway-Driving/ros_ws/install/msgs_car/share/msgs_car/cmake/msgs_car__rosidl_typesupport_introspection_cppExport.cmake
[1.971s] -- Up-to-date: /home/vivek/On-Codes/Batch-Opt-Highway-Driving/ros_ws/install/msgs_car/share/msgs_car/cmake/msgs_car__rosidl_typesupport_introspection_cppExport-noconfig.cmake
[1.971s] -- Up-to-date: /home/vivek/On-Codes/Batch-Opt-Highway-Driving/ros_ws/install/msgs_car/share/msgs_car/cmake/msgs_car__rosidl_typesupport_cppExport.cmake
[1.971s] -- Up-to-date: /home/vivek/On-Codes/Batch-Opt-Highway-Driving/ros_ws/install/msgs_car/share/msgs_car/cmake/msgs_car__rosidl_typesupport_cppExport-noconfig.cmake
[1.971s] -- Up-to-date: /home/vivek/On-Codes/Batch-Opt-Highway-Driving/ros_ws/install/msgs_car/share/msgs_car/cmake/rosidl_cmake-extras.cmake
[1.971s] -- Up-to-date: /home/vivek/On-Codes/Batch-Opt-Highway-Driving/ros_ws/install/msgs_car/share/msgs_car/cmake/ament_cmake_export_dependencies-extras.cmake
[1.971s] -- Up-to-date: /home/vivek/On-Codes/Batch-Opt-Highway-Driving/ros_ws/install/msgs_car/share/msgs_car/cmake/ament_cmake_export_libraries-extras.cmake
[1.971s] -- Up-to-date: /home/vivek/On-Codes/Batch-Opt-Highway-Driving/ros_ws/install/msgs_car/share/msgs_car/cmake/ament_cmake_export_targets-extras.cmake
[1.971s] -- Up-to-date: /home/vivek/On-Codes/Batch-Opt-Highway-Driving/ros_ws/install/msgs_car/share/msgs_car/cmake/ament_cmake_export_include_directories-extras.cmake
[1.972s] -- Up-to-date: /home/vivek/On-Codes/Batch-Opt-Highway-Driving/ros_ws/install/msgs_car/share/msgs_car/cmake/rosidl_cmake_export_typesupport_libraries-extras.cmake
[1.972s] -- Up-to-date: /home/vivek/On-Codes/Batch-Opt-Highway-Driving/ros_ws/install/msgs_car/share/msgs_car/cmake/rosidl_cmake_export_typesupport_targets-extras.cmake
[1.972s] -- Up-to-date: /home/vivek/On-Codes/Batch-Opt-Highway-Driving/ros_ws/install/msgs_car/share/msgs_car/cmake/msgs_carConfig.cmake
[1.972s] -- Up-to-date: /home/vivek/On-Codes/Batch-Opt-Highway-Driving/ros_ws/install/msgs_car/share/msgs_car/cmake/msgs_carConfig-version.cmake
[1.972s] -- Up-to-date: /home/vivek/On-Codes/Batch-Opt-Highway-Driving/ros_ws/install/msgs_car/share/msgs_car/package.xml
[2.441s] Invoked command in '/home/vivek/On-Codes/Batch-Opt-Highway-Driving/ros_ws/build/msgs_car' returned '0': CMAKE_PREFIX_PATH=${CMAKE_PREFIX_PATH}:/home/vivek/On-Codes/Batch-Opt-Highway-Driving/ros_ws/install/highway_car:/home/vivek/On-Codes/Batch-Opt-Highway-Driving/ros_ws/install/frenet_car:/opt/ros/foxy /usr/bin/cmake --install /home/vivek/On-Codes/Batch-Opt-Highway-Driving/ros_ws/build/msgs_car
