[0.018s] Invoking command in '/home/vivek/On-Codes/Batch-Opt-Highway-Driving/ros_ws/build/msgs_car': CMAKE_PREFIX_PATH=${CMAKE_PREFIX_PATH}:/home/vivek/On-Codes/Batch-Opt-Highway-Driving/ros_ws/install/highway_car:/home/vivek/On-Codes/Batch-Opt-Highway-Driving/ros_ws/install/frenet_car:/opt/ros/foxy /usr/bin/cmake --build /home/vivek/On-Codes/Batch-Opt-Highway-Driving/ros_ws/build/msgs_car -- -j4 -l4
[0.075s] [  2%] Built target msgs_car__cpp
[0.077s] [ 12%] Built target msgs_car__rosidl_generator_c
[0.101s] [ 33%] Built target msgs_car__rosidl_typesupport_cpp
[0.101s] [ 33%] Built target msgs_car__rosidl_typesupport_introspection_cpp
[0.104s] [ 43%] Built target msgs_car__rosidl_typesupport_c
[0.106s] [ 53%] Built target msgs_car__rosidl_typesupport_fastrtps_cpp
[0.129s] [ 64%] Built target msgs_car__rosidl_typesupport_introspection_c
[0.139s] [ 74%] Built target msgs_car__rosidl_typesupport_fastrtps_c
[0.161s] [ 74%] Built target msgs_car
[0.183s] [ 76%] Built target msgs_car__py
[0.211s] [ 84%] Built target msgs_car__python
[0.241s] [ 89%] Built target msgs_car__rosidl_typesupport_fastrtps_c__pyext
[0.244s] [ 97%] Built target msgs_car__rosidl_typesupport_c__pyext
[0.244s] [100%] Built target msgs_car__rosidl_typesupport_introspection_c__pyext
[0.260s] Invoked command in '/home/vivek/On-Codes/Batch-Opt-Highway-Driving/ros_ws/build/msgs_car' returned '0': CMAKE_PREFIX_PATH=${CMAKE_PREFIX_PATH}:/home/vivek/On-Codes/Batch-Opt-Highway-Driving/ros_ws/install/highway_car:/home/vivek/On-Codes/Batch-Opt-Highway-Driving/ros_ws/install/frenet_car:/opt/ros/foxy /usr/bin/cmake --build /home/vivek/On-Codes/Batch-Opt-Highway-Driving/ros_ws/build/msgs_car -- -j4 -l4
[0.342s] Invoking command in '/home/vivek/On-Codes/Batch-Opt-Highway-Driving/ros_ws/build/msgs_car': CMAKE_PREFIX_PATH=${CMAKE_PREFIX_PATH}:/home/vivek/On-Codes/Batch-Opt-Highway-Driving/ros_ws/install/highway_car:/home/vivek/On-Codes/Batch-Opt-Highway-Driving/ros_ws/install/frenet_car:/opt/ros/foxy /usr/bin/cmake --install /home/vivek/On-Codes/Batch-Opt-Highway-Driving/ros_ws/build/msgs_car
[0.354s] -- Install configuration: ""
[0.354s] -- Up-to-date: /home/vivek/On-Codes/Batch-Opt-Highway-Driving/ros_ws/install/msgs_car/share/ament_index/resource_index/rosidl_interfaces/msgs_car
[0.355s] -- Up-to-date: /home/vivek/On-Codes/Batch-Opt-Highway-Driving/ros_ws/install/msgs_car/include/msgs_car
[0.355s] -- Up-to-date: /home/vivek/On-Codes/Batch-Opt-Highway-Driving/ros_ws/install/msgs_car/include/msgs_car/msg
[0.355s] -- Up-to-date: /home/vivek/On-Codes/Batch-Opt-Highway-Driving/ros_ws/install/msgs_car/include/msgs_car/msg/controls.h
[0.355s] -- Up-to-date: /home/vivek/On-Codes/Batch-Opt-Highway-Driving/ros_ws/install/msgs_car/include/msgs_car/msg/states.h
[0.355s] -- Up-to-date: /home/vivek/On-Codes/Batch-Opt-Highway-Driving/ros_ws/install/msgs_car/include/msgs_car/msg/detail
[0.355s] -- Up-to-date: /home/vivek/On-Codes/Batch-Opt-Highway-Driving/ros_ws/install/msgs_car/include/msgs_car/msg/detail/controls__functions.c
[0.355s] -- Up-to-date: /home/vivek/On-Codes/Batch-Opt-Highway-Driving/ros_ws/install/msgs_car/include/msgs_car/msg/detail/controls__type_support.h
[0.355s] -- Up-to-date: /home/vivek/On-Codes/Batch-Opt-Highway-Driving/ros_ws/install/msgs_car/include/msgs_car/msg/detail/controls__struct.h
[0.355s] -- Up-to-date: /home/vivek/On-Codes/Batch-Opt-Highway-Driving/ros_ws/install/msgs_car/include/msgs_car/msg/detail/states__functions.h
[0.355s] -- Up-to-date: /home/vivek/On-Codes/Batch-Opt-Highway-Driving/ros_ws/install/msgs_car/include/msgs_car/msg/detail/states__functions.c
[0.355s] -- Up-to-date: /home/vivek/On-Codes/Batch-Opt-Highway-Driving/ros_ws/install/msgs_car/include/msgs_car/msg/detail/states__struct.h
[0.356s] -- Up-to-date: /home/vivek/On-Codes/Batch-Opt-Highway-Driving/ros_ws/install/msgs_car/include/msgs_car/msg/detail/controls__functions.h
[0.356s] -- Up-to-date: /home/vivek/On-Codes/Batch-Opt-Highway-Driving/ros_ws/install/msgs_car/include/msgs_car/msg/detail/states__type_support.h
[0.356s] -- Up-to-date: /home/vivek/On-Codes/Batch-Opt-Highway-Driving/ros_ws/install/msgs_car/include/msgs_car/msg/rosidl_generator_c__visibility_control.h
[0.356s] -- Up-to-date: /home/vivek/On-Codes/Batch-Opt-Highway-Driving/ros_ws/install/msgs_car/share/msgs_car/environment/library_path.sh
[0.356s] -- Up-to-date: /home/vivek/On-Codes/Batch-Opt-Highway-Driving/ros_ws/install/msgs_car/share/msgs_car/environment/library_path.dsv
[0.356s] -- Up-to-date: /home/vivek/On-Codes/Batch-Opt-Highway-Driving/ros_ws/install/msgs_car/lib/libmsgs_car__rosidl_generator_c.so
[0.356s] -- Up-to-date: /home/vivek/On-Codes/Batch-Opt-Highway-Driving/ros_ws/install/msgs_car/include/msgs_car
[0.357s] -- Up-to-date: /home/vivek/On-Codes/Batch-Opt-Highway-Driving/ros_ws/install/msgs_car/include/msgs_car/msg
[0.357s] -- Up-to-date: /home/vivek/On-Codes/Batch-Opt-Highway-Driving/ros_ws/install/msgs_car/include/msgs_car/msg/rosidl_typesupport_fastrtps_c__visibility_control.h
[0.357s] -- Up-to-date: /home/vivek/On-Codes/Batch-Opt-Highway-Driving/ros_ws/install/msgs_car/include/msgs_car/msg/detail
[0.357s] -- Up-to-date: /home/vivek/On-Codes/Batch-Opt-Highway-Driving/ros_ws/install/msgs_car/include/msgs_car/msg/detail/states__rosidl_typesupport_fastrtps_c.h
[0.357s] -- Up-to-date: /home/vivek/On-Codes/Batch-Opt-Highway-Driving/ros_ws/install/msgs_car/include/msgs_car/msg/detail/controls__rosidl_typesupport_fastrtps_c.h
[0.357s] -- Up-to-date: /home/vivek/On-Codes/Batch-Opt-Highway-Driving/ros_ws/install/msgs_car/lib/libmsgs_car__rosidl_typesupport_fastrtps_c.so
[0.357s] -- Up-to-date: /home/vivek/On-Codes/Batch-Opt-Highway-Driving/ros_ws/install/msgs_car/include/msgs_car
[0.357s] -- Up-to-date: /home/vivek/On-Codes/Batch-Opt-Highway-Driving/ros_ws/install/msgs_car/include/msgs_car/msg
[0.357s] -- Up-to-date: /home/vivek/On-Codes/Batch-Opt-Highway-Driving/ros_ws/install/msgs_car/include/msgs_car/msg/rosidl_typesupport_fastrtps_cpp__visibility_control.h
[0.357s] -- Up-to-date: /home/vivek/On-Codes/Batch-Opt-Highway-Driving/ros_ws/install/msgs_car/include/msgs_car/msg/detail
[0.357s] -- Up-to-date: /home/vivek/On-Codes/Batch-Opt-Highway-Driving/ros_ws/install/msgs_car/include/msgs_car/msg/detail/dds_fastrtps
[0.358s] -- Up-to-date: /home/vivek/On-Codes/Batch-Opt-Highway-Driving/ros_ws/install/msgs_car/include/msgs_car/msg/detail/controls__rosidl_typesupport_fastrtps_cpp.hpp
[0.358s] -- Up-to-date: /home/vivek/On-Codes/Batch-Opt-Highway-Driving/ros_ws/install/msgs_car/include/msgs_car/msg/detail/states__rosidl_typesupport_fastrtps_cpp.hpp
[0.358s] -- Up-to-date: /home/vivek/On-Codes/Batch-Opt-Highway-Driving/ros_ws/install/msgs_car/lib/libmsgs_car__rosidl_typesupport_fastrtps_cpp.so
[0.358s] -- Up-to-date: /home/vivek/On-Codes/Batch-Opt-Highway-Driving/ros_ws/install/msgs_car/include/msgs_car
[0.358s] -- Up-to-date: /home/vivek/On-Codes/Batch-Opt-Highway-Driving/ros_ws/install/msgs_car/include/msgs_car/msg
[0.358s] -- Up-to-date: /home/vivek/On-Codes/Batch-Opt-Highway-Driving/ros_ws/install/msgs_car/include/msgs_car/msg/rosidl_typesupport_introspection_c__visibility_control.h
[0.358s] -- Up-to-date: /home/vivek/On-Codes/Batch-Opt-Highway-Driving/ros_ws/install/msgs_car/include/msgs_car/msg/detail
[0.358s] -- Up-to-date: /home/vivek/On-Codes/Batch-Opt-Highway-Driving/ros_ws/install/msgs_car/include/msgs_car/msg/detail/states__type_support.c
[0.358s] -- Up-to-date: /home/vivek/On-Codes/Batch-Opt-Highway-Driving/ros_ws/install/msgs_car/include/msgs_car/msg/detail/controls__rosidl_typesupport_introspection_c.h
[0.358s] -- Up-to-date: /home/vivek/On-Codes/Batch-Opt-Highway-Driving/ros_ws/install/msgs_car/include/msgs_car/msg/detail/states__rosidl_typesupport_introspection_c.h
[0.358s] -- Up-to-date: /home/vivek/On-Codes/Batch-Opt-Highway-Driving/ros_ws/install/msgs_car/include/msgs_car/msg/detail/controls__type_support.c
[0.358s] -- Up-to-date: /home/vivek/On-Codes/Batch-Opt-Highway-Driving/ros_ws/install/msgs_car/lib/libmsgs_car__rosidl_typesupport_introspection_c.so
[0.359s] -- Up-to-date: /home/vivek/On-Codes/Batch-Opt-Highway-Driving/ros_ws/install/msgs_car/lib/libmsgs_car__rosidl_typesupport_c.so
[0.359s] -- Up-to-date: /home/vivek/On-Codes/Batch-Opt-Highway-Driving/ros_ws/install/msgs_car/include/msgs_car
[0.359s] -- Up-to-date: /home/vivek/On-Codes/Batch-Opt-Highway-Driving/ros_ws/install/msgs_car/include/msgs_car/msg
[0.359s] -- Up-to-date: /home/vivek/On-Codes/Batch-Opt-Highway-Driving/ros_ws/install/msgs_car/include/msgs_car/msg/controls.hpp
[0.359s] -- Up-to-date: /home/vivek/On-Codes/Batch-Opt-Highway-Driving/ros_ws/install/msgs_car/include/msgs_car/msg/detail
[0.359s] -- Up-to-date: /home/vivek/On-Codes/Batch-Opt-Highway-Driving/ros_ws/install/msgs_car/include/msgs_car/msg/detail/controls__struct.hpp
[0.359s] -- Up-to-date: /home/vivek/On-Codes/Batch-Opt-Highway-Driving/ros_ws/install/msgs_car/include/msgs_car/msg/detail/controls__builder.hpp
[0.359s] -- Up-to-date: /home/vivek/On-Codes/Batch-Opt-Highway-Driving/ros_ws/install/msgs_car/include/msgs_car/msg/detail/states__builder.hpp
[0.359s] -- Up-to-date: /home/vivek/On-Codes/Batch-Opt-Highway-Driving/ros_ws/install/msgs_car/include/msgs_car/msg/detail/states__struct.hpp
[0.359s] -- Up-to-date: /home/vivek/On-Codes/Batch-Opt-Highway-Driving/ros_ws/install/msgs_car/include/msgs_car/msg/detail/states__traits.hpp
[0.359s] -- Up-to-date: /home/vivek/On-Codes/Batch-Opt-Highway-Driving/ros_ws/install/msgs_car/include/msgs_car/msg/detail/controls__traits.hpp
[0.360s] -- Up-to-date: /home/vivek/On-Codes/Batch-Opt-Highway-Driving/ros_ws/install/msgs_car/include/msgs_car/msg/states.hpp
[0.360s] -- Up-to-date: /home/vivek/On-Codes/Batch-Opt-Highway-Driving/ros_ws/install/msgs_car/include/msgs_car
[0.360s] -- Up-to-date: /home/vivek/On-Codes/Batch-Opt-Highway-Driving/ros_ws/install/msgs_car/include/msgs_car/msg
[0.360s] -- Up-to-date: /home/vivek/On-Codes/Batch-Opt-Highway-Driving/ros_ws/install/msgs_car/include/msgs_car/msg/detail
[0.360s] -- Up-to-date: /home/vivek/On-Codes/Batch-Opt-Highway-Driving/ros_ws/install/msgs_car/include/msgs_car/msg/detail/controls__rosidl_typesupport_introspection_cpp.hpp
[0.360s] -- Up-to-date: /home/vivek/On-Codes/Batch-Opt-Highway-Driving/ros_ws/install/msgs_car/include/msgs_car/msg/detail/states__type_support.cpp
[0.360s] -- Up-to-date: /home/vivek/On-Codes/Batch-Opt-Highway-Driving/ros_ws/install/msgs_car/include/msgs_car/msg/detail/states__rosidl_typesupport_introspection_cpp.hpp
[0.360s] -- Up-to-date: /home/vivek/On-Codes/Batch-Opt-Highway-Driving/ros_ws/install/msgs_car/include/msgs_car/msg/detail/controls__type_support.cpp
[0.360s] -- Up-to-date: /home/vivek/On-Codes/Batch-Opt-Highway-Driving/ros_ws/install/msgs_car/lib/libmsgs_car__rosidl_typesupport_introspection_cpp.so
[0.360s] -- Up-to-date: /home/vivek/On-Codes/Batch-Opt-Highway-Driving/ros_ws/install/msgs_car/lib/libmsgs_car__rosidl_typesupport_cpp.so
[0.360s] -- Up-to-date: /home/vivek/On-Codes/Batch-Opt-Highway-Driving/ros_ws/install/msgs_car/share/msgs_car/environment/pythonpath.sh
[0.360s] -- Up-to-date: /home/vivek/On-Codes/Batch-Opt-Highway-Driving/ros_ws/install/msgs_car/share/msgs_car/environment/pythonpath.dsv
[0.360s] -- Up-to-date: /home/vivek/On-Codes/Batch-Opt-Highway-Driving/ros_ws/install/msgs_car/lib/python3.8/site-packages/msgs_car/__init__.py
[0.398s] -- Up-to-date: /home/vivek/On-Codes/Batch-Opt-Highway-Driving/ros_ws/install/msgs_car/lib/python3.8/site-packages/msgs_car/msg
[0.398s] -- Up-to-date: /home/vivek/On-Codes/Batch-Opt-Highway-Driving/ros_ws/install/msgs_car/lib/python3.8/site-packages/msgs_car/msg/_controls_s.c
[0.398s] -- Up-to-date: /home/vivek/On-Codes/Batch-Opt-Highway-Driving/ros_ws/install/msgs_car/lib/python3.8/site-packages/msgs_car/msg/_states_s.c
[0.399s] -- Up-to-date: /home/vivek/On-Codes/Batch-Opt-Highway-Driving/ros_ws/install/msgs_car/lib/python3.8/site-packages/msgs_car/msg/_states.py
[0.399s] -- Up-to-date: /home/vivek/On-Codes/Batch-Opt-Highway-Driving/ros_ws/install/msgs_car/lib/python3.8/site-packages/msgs_car/msg/__init__.py
[0.399s] -- Up-to-date: /home/vivek/On-Codes/Batch-Opt-Highway-Driving/ros_ws/install/msgs_car/lib/python3.8/site-packages/msgs_car/msg/_controls.py
[0.399s] -- Up-to-date: /home/vivek/On-Codes/Batch-Opt-Highway-Driving/ros_ws/install/msgs_car/lib/python3.8/site-packages/msgs_car/msgs_car_s__rosidl_typesupport_fastrtps_c.cpython-38-x86_64-linux-gnu.so
[0.400s] -- Up-to-date: /home/vivek/On-Codes/Batch-Opt-Highway-Driving/ros_ws/install/msgs_car/lib/python3.8/site-packages/msgs_car/msgs_car_s__rosidl_typesupport_introspection_c.cpython-38-x86_64-linux-gnu.so
[0.400s] -- Up-to-date: /home/vivek/On-Codes/Batch-Opt-Highway-Driving/ros_ws/install/msgs_car/lib/python3.8/site-packages/msgs_car/msgs_car_s__rosidl_typesupport_c.cpython-38-x86_64-linux-gnu.so
[0.400s] -- Up-to-date: /home/vivek/On-Codes/Batch-Opt-Highway-Driving/ros_ws/install/msgs_car/lib/libmsgs_car__python.so
[0.401s] -- Up-to-date: /home/vivek/On-Codes/Batch-Opt-Highway-Driving/ros_ws/install/msgs_car/share/msgs_car/msg/States.idl
[0.401s] -- Up-to-date: /home/vivek/On-Codes/Batch-Opt-Highway-Driving/ros_ws/install/msgs_car/share/msgs_car/msg/Controls.idl
[0.401s] -- Up-to-date: /home/vivek/On-Codes/Batch-Opt-Highway-Driving/ros_ws/install/msgs_car/share/msgs_car/msg/States.msg
[0.401s] -- Up-to-date: /home/vivek/On-Codes/Batch-Opt-Highway-Driving/ros_ws/install/msgs_car/share/msgs_car/msg/Controls.msg
[0.402s] -- Up-to-date: /home/vivek/On-Codes/Batch-Opt-Highway-Driving/ros_ws/install/msgs_car/share/ament_index/resource_index/package_run_dependencies/msgs_car
[0.402s] -- Up-to-date: /home/vivek/On-Codes/Batch-Opt-Highway-Driving/ros_ws/install/msgs_car/share/ament_index/resource_index/parent_prefix_path/msgs_car
[0.402s] -- Up-to-date: /home/vivek/On-Codes/Batch-Opt-Highway-Driving/ros_ws/install/msgs_car/share/msgs_car/environment/ament_prefix_path.sh
[0.402s] -- Up-to-date: /home/vivek/On-Codes/Batch-Opt-Highway-Driving/ros_ws/install/msgs_car/share/msgs_car/environment/ament_prefix_path.dsv
[0.402s] -- Up-to-date: /home/vivek/On-Codes/Batch-Opt-Highway-Driving/ros_ws/install/msgs_car/share/msgs_car/environment/path.sh
[0.402s] -- Up-to-date: /home/vivek/On-Codes/Batch-Opt-Highway-Driving/ros_ws/install/msgs_car/share/msgs_car/environment/path.dsv
[0.402s] -- Up-to-date: /home/vivek/On-Codes/Batch-Opt-Highway-Driving/ros_ws/install/msgs_car/share/msgs_car/local_setup.bash
[0.403s] -- Up-to-date: /home/vivek/On-Codes/Batch-Opt-Highway-Driving/ros_ws/install/msgs_car/share/msgs_car/local_setup.sh
[0.403s] -- Up-to-date: /home/vivek/On-Codes/Batch-Opt-Highway-Driving/ros_ws/install/msgs_car/share/msgs_car/local_setup.zsh
[0.403s] -- Up-to-date: /home/vivek/On-Codes/Batch-Opt-Highway-Driving/ros_ws/install/msgs_car/share/msgs_car/local_setup.dsv
[0.403s] -- Installing: /home/vivek/On-Codes/Batch-Opt-Highway-Driving/ros_ws/install/msgs_car/share/msgs_car/package.dsv
[0.403s] -- Up-to-date: /home/vivek/On-Codes/Batch-Opt-Highway-Driving/ros_ws/install/msgs_car/share/ament_index/resource_index/packages/msgs_car
[0.403s] -- Up-to-date: /home/vivek/On-Codes/Batch-Opt-Highway-Driving/ros_ws/install/msgs_car/share/msgs_car/cmake/msgs_car__rosidl_generator_cExport.cmake
[0.403s] -- Up-to-date: /home/vivek/On-Codes/Batch-Opt-Highway-Driving/ros_ws/install/msgs_car/share/msgs_car/cmake/msgs_car__rosidl_generator_cExport-noconfig.cmake
[0.404s] -- Up-to-date: /home/vivek/On-Codes/Batch-Opt-Highway-Driving/ros_ws/install/msgs_car/share/msgs_car/cmake/msgs_car__rosidl_typesupport_introspection_cExport.cmake
[0.404s] -- Up-to-date: /home/vivek/On-Codes/Batch-Opt-Highway-Driving/ros_ws/install/msgs_car/share/msgs_car/cmake/msgs_car__rosidl_typesupport_introspection_cExport-noconfig.cmake
[0.404s] -- Up-to-date: /home/vivek/On-Codes/Batch-Opt-Highway-Driving/ros_ws/install/msgs_car/share/msgs_car/cmake/msgs_car__rosidl_typesupport_cExport.cmake
[0.404s] -- Up-to-date: /home/vivek/On-Codes/Batch-Opt-Highway-Driving/ros_ws/install/msgs_car/share/msgs_car/cmake/msgs_car__rosidl_typesupport_cExport-noconfig.cmake
[0.404s] -- Up-to-date: /home/vivek/On-Codes/Batch-Opt-Highway-Driving/ros_ws/install/msgs_car/share/msgs_car/cmake/msgs_car__rosidl_generator_cppExport.cmake
[0.404s] -- Up-to-date: /home/vivek/On-Codes/Batch-Opt-Highway-Driving/ros_ws/install/msgs_car/share/msgs_car/cmake/msgs_car__rosidl_typesupport_introspection_cppExport.cmake
[0.404s] -- Up-to-date: /home/vivek/On-Codes/Batch-Opt-Highway-Driving/ros_ws/install/msgs_car/share/msgs_car/cmake/msgs_car__rosidl_typesupport_introspection_cppExport-noconfig.cmake
[0.404s] -- Up-to-date: /home/vivek/On-Codes/Batch-Opt-Highway-Driving/ros_ws/install/msgs_car/share/msgs_car/cmake/msgs_car__rosidl_typesupport_cppExport.cmake
[0.404s] -- Up-to-date: /home/vivek/On-Codes/Batch-Opt-Highway-Driving/ros_ws/install/msgs_car/share/msgs_car/cmake/msgs_car__rosidl_typesupport_cppExport-noconfig.cmake
[0.404s] -- Up-to-date: /home/vivek/On-Codes/Batch-Opt-Highway-Driving/ros_ws/install/msgs_car/share/msgs_car/cmake/rosidl_cmake-extras.cmake
[0.404s] -- Up-to-date: /home/vivek/On-Codes/Batch-Opt-Highway-Driving/ros_ws/install/msgs_car/share/msgs_car/cmake/ament_cmake_export_dependencies-extras.cmake
[0.405s] -- Up-to-date: /home/vivek/On-Codes/Batch-Opt-Highway-Driving/ros_ws/install/msgs_car/share/msgs_car/cmake/ament_cmake_export_libraries-extras.cmake
[0.405s] -- Up-to-date: /home/vivek/On-Codes/Batch-Opt-Highway-Driving/ros_ws/install/msgs_car/share/msgs_car/cmake/ament_cmake_export_targets-extras.cmake
[0.405s] -- Up-to-date: /home/vivek/On-Codes/Batch-Opt-Highway-Driving/ros_ws/install/msgs_car/share/msgs_car/cmake/ament_cmake_export_include_directories-extras.cmake
[0.405s] -- Up-to-date: /home/vivek/On-Codes/Batch-Opt-Highway-Driving/ros_ws/install/msgs_car/share/msgs_car/cmake/rosidl_cmake_export_typesupport_libraries-extras.cmake
[0.405s] -- Up-to-date: /home/vivek/On-Codes/Batch-Opt-Highway-Driving/ros_ws/install/msgs_car/share/msgs_car/cmake/rosidl_cmake_export_typesupport_targets-extras.cmake
[0.405s] -- Up-to-date: /home/vivek/On-Codes/Batch-Opt-Highway-Driving/ros_ws/install/msgs_car/share/msgs_car/cmake/msgs_carConfig.cmake
[0.405s] -- Up-to-date: /home/vivek/On-Codes/Batch-Opt-Highway-Driving/ros_ws/install/msgs_car/share/msgs_car/cmake/msgs_carConfig-version.cmake
[0.405s] -- Up-to-date: /home/vivek/On-Codes/Batch-Opt-Highway-Driving/ros_ws/install/msgs_car/share/msgs_car/package.xml
[0.407s] Invoked command in '/home/vivek/On-Codes/Batch-Opt-Highway-Driving/ros_ws/build/msgs_car' returned '0': CMAKE_PREFIX_PATH=${CMAKE_PREFIX_PATH}:/home/vivek/On-Codes/Batch-Opt-Highway-Driving/ros_ws/install/highway_car:/home/vivek/On-Codes/Batch-Opt-Highway-Driving/ros_ws/install/frenet_car:/opt/ros/foxy /usr/bin/cmake --install /home/vivek/On-Codes/Batch-Opt-Highway-Driving/ros_ws/build/msgs_car
