[0.030s] Invoking command in '/home/vivek/On-Codes/Batch-Opt-Highway-Driving/ros_ws/build/mpc_car_batch': AMENT_PREFIX_PATH=/home/vivek/On-Codes/Batch-Opt-Highway-Driving/ros_ws/install/msgs_car:${AMENT_PREFIX_PATH} CMAKE_PREFIX_PATH=/home/vivek/On-Codes/Batch-Opt-Highway-Driving/ros_ws/install/msgs_car:/opt/ros/foxy LD_LIBRARY_PATH=/home/vivek/On-Codes/Batch-Opt-Highway-Driving/ros_ws/install/msgs_car/lib:${LD_LIBRARY_PATH} PYTHONPATH=/home/vivek/On-Codes/Batch-Opt-Highway-Driving/ros_ws/install/msgs_car/lib/python3.8/site-packages:${PYTHONPATH} /usr/bin/cmake --build /home/vivek/On-Codes/Batch-Opt-Highway-Driving/ros_ws/build/mpc_car_batch -- -j4 -l4
[0.179s] [ 50%] Built target mpc_node_lib
[0.979s] [35m[1mScanning dependencies of target mpc_node[0m
[1.095s] [ 75%] [32mBuilding CXX object CMakeFiles/mpc_node.dir/src/main_batch.cpp.o[0m
[23.206s] [100%] [32m[1mLinking CXX executable mpc_node[0m
[26.481s] [100%] Built target mpc_node
[26.495s] Invoked command in '/home/vivek/On-Codes/Batch-Opt-Highway-Driving/ros_ws/build/mpc_car_batch' returned '0': AMENT_PREFIX_PATH=/home/vivek/On-Codes/Batch-Opt-Highway-Driving/ros_ws/install/msgs_car:${AMENT_PREFIX_PATH} CMAKE_PREFIX_PATH=/home/vivek/On-Codes/Batch-Opt-Highway-Driving/ros_ws/install/msgs_car:/opt/ros/foxy LD_LIBRARY_PATH=/home/vivek/On-Codes/Batch-Opt-Highway-Driving/ros_ws/install/msgs_car/lib:${LD_LIBRARY_PATH} PYTHONPATH=/home/vivek/On-Codes/Batch-Opt-Highway-Driving/ros_ws/install/msgs_car/lib/python3.8/site-packages:${PYTHONPATH} /usr/bin/cmake --build /home/vivek/On-Codes/Batch-Opt-Highway-Driving/ros_ws/build/mpc_car_batch -- -j4 -l4
[26.520s] Invoking command in '/home/vivek/On-Codes/Batch-Opt-Highway-Driving/ros_ws/build/mpc_car_batch': AMENT_PREFIX_PATH=/home/vivek/On-Codes/Batch-Opt-Highway-Driving/ros_ws/install/msgs_car:${AMENT_PREFIX_PATH} CMAKE_PREFIX_PATH=/home/vivek/On-Codes/Batch-Opt-Highway-Driving/ros_ws/install/msgs_car:/opt/ros/foxy LD_LIBRARY_PATH=/home/vivek/On-Codes/Batch-Opt-Highway-Driving/ros_ws/install/msgs_car/lib:${LD_LIBRARY_PATH} PYTHONPATH=/home/vivek/On-Codes/Batch-Opt-Highway-Driving/ros_ws/install/msgs_car/lib/python3.8/site-packages:${PYTHONPATH} /usr/bin/cmake --install /home/vivek/On-Codes/Batch-Opt-Highway-Driving/ros_ws/build/mpc_car_batch
[26.549s] -- Install configuration: ""
[26.589s] -- Installing: /home/vivek/On-Codes/Batch-Opt-Highway-Driving/ros_ws/install/mpc_car_batch/lib/mpc_car_batch/mpc_node
[26.718s] -- Set runtime path of "/home/vivek/On-Codes/Batch-Opt-Highway-Driving/ros_ws/install/mpc_car_batch/lib/mpc_car_batch/mpc_node" to ""
[26.718s] -- Up-to-date: /home/vivek/On-Codes/Batch-Opt-Highway-Driving/ros_ws/install/mpc_car_batch/share/ament_index/resource_index/package_run_dependencies/mpc_car_batch
[26.718s] -- Up-to-date: /home/vivek/On-Codes/Batch-Opt-Highway-Driving/ros_ws/install/mpc_car_batch/share/ament_index/resource_index/parent_prefix_path/mpc_car_batch
[26.718s] -- Up-to-date: /home/vivek/On-Codes/Batch-Opt-Highway-Driving/ros_ws/install/mpc_car_batch/share/mpc_car_batch/environment/ament_prefix_path.sh
[26.718s] -- Up-to-date: /home/vivek/On-Codes/Batch-Opt-Highway-Driving/ros_ws/install/mpc_car_batch/share/mpc_car_batch/environment/ament_prefix_path.dsv
[26.718s] -- Up-to-date: /home/vivek/On-Codes/Batch-Opt-Highway-Driving/ros_ws/install/mpc_car_batch/share/mpc_car_batch/environment/path.sh
[26.718s] -- Up-to-date: /home/vivek/On-Codes/Batch-Opt-Highway-Driving/ros_ws/install/mpc_car_batch/share/mpc_car_batch/environment/path.dsv
[26.718s] -- Up-to-date: /home/vivek/On-Codes/Batch-Opt-Highway-Driving/ros_ws/install/mpc_car_batch/share/mpc_car_batch/local_setup.bash
[26.718s] -- Up-to-date: /home/vivek/On-Codes/Batch-Opt-Highway-Driving/ros_ws/install/mpc_car_batch/share/mpc_car_batch/local_setup.sh
[26.718s] -- Up-to-date: /home/vivek/On-Codes/Batch-Opt-Highway-Driving/ros_ws/install/mpc_car_batch/share/mpc_car_batch/local_setup.zsh
[26.718s] -- Up-to-date: /home/vivek/On-Codes/Batch-Opt-Highway-Driving/ros_ws/install/mpc_car_batch/share/mpc_car_batch/local_setup.dsv
[26.719s] -- Installing: /home/vivek/On-Codes/Batch-Opt-Highway-Driving/ros_ws/install/mpc_car_batch/share/mpc_car_batch/package.dsv
[26.728s] -- Up-to-date: /home/vivek/On-Codes/Batch-Opt-Highway-Driving/ros_ws/install/mpc_car_batch/share/ament_index/resource_index/packages/mpc_car_batch
[26.728s] -- Up-to-date: /home/vivek/On-Codes/Batch-Opt-Highway-Driving/ros_ws/install/mpc_car_batch/share/mpc_car_batch/cmake/mpc_car_batchConfig.cmake
[26.728s] -- Up-to-date: /home/vivek/On-Codes/Batch-Opt-Highway-Driving/ros_ws/install/mpc_car_batch/share/mpc_car_batch/cmake/mpc_car_batchConfig-version.cmake
[26.728s] -- Up-to-date: /home/vivek/On-Codes/Batch-Opt-Highway-Driving/ros_ws/install/mpc_car_batch/share/mpc_car_batch/package.xml
[26.730s] Invoked command in '/home/vivek/On-Codes/Batch-Opt-Highway-Driving/ros_ws/build/mpc_car_batch' returned '0': AMENT_PREFIX_PATH=/home/vivek/On-Codes/Batch-Opt-Highway-Driving/ros_ws/install/msgs_car:${AMENT_PREFIX_PATH} CMAKE_PREFIX_PATH=/home/vivek/On-Codes/Batch-Opt-Highway-Driving/ros_ws/install/msgs_car:/opt/ros/foxy LD_LIBRARY_PATH=/home/vivek/On-Codes/Batch-Opt-Highway-Driving/ros_ws/install/msgs_car/lib:${LD_LIBRARY_PATH} PYTHONPATH=/home/vivek/On-Codes/Batch-Opt-Highway-Driving/ros_ws/install/msgs_car/lib/python3.8/site-packages:${PYTHONPATH} /usr/bin/cmake --install /home/vivek/On-Codes/Batch-Opt-Highway-Driving/ros_ws/build/mpc_car_batch
