[0.019s] Invoking command in '/home/vivek/On-Codes/Batch_traj_opt/mpc_car_batch/build/mpc_car_batch': CMAKE_PREFIX_PATH=/opt/ros/foxy /usr/bin/cmake --build /home/vivek/On-Codes/Batch_traj_opt/mpc_car_batch/build/mpc_car_batch -- -j4 -l4
[0.067s] [35m[1mScanning dependencies of target mpc_node[0m
[0.080s] [ 50%] [32mBuilding CXX object CMakeFiles/mpc_node.dir/src/main.cpp.o[0m
[1.606s] [01m[K/home/vivek/On-Codes/Batch_traj_opt/mpc_car_batch/src/main.cpp:[m[K In function ‘[01m[Koptim::probData mpc(optim::probData, optim::three_var, Eigen::ArrayXXf, Eigen::ArrayXXf, float, float, float, float, float, float, Eigen::ArrayXXf, Eigen::ArrayXXf, Eigen::ArrayXXf, Eigen::ArrayXXf, Eigen::ArrayXXf, Eigen::ArrayXXf, Eigen::ArrayXXf, Eigen::ArrayXXf, bool)[m[K’:
[1.606s] [01m[K/home/vivek/On-Codes/Batch_traj_opt/mpc_car_batch/src/main.cpp:214:102:[m[K [01;35m[Kwarning: [m[Kunused parameter ‘[01m[Klane[m[K’ [[01;35m[K-Wunused-parameter[m[K]
[1.606s]   214 | ayXXf x_obs_temp, ArrayXXf y_obs_temp, ArrayXXf vx_obs, ArrayXXf vy_obs, [01;35m[KArrayXXf lane[m[K, ArrayXXf pre_x, ArrayXXf pre_y, ArrayXXf pre_xdot, bool sample)
[1.606s]       |                                                                          [01;35m[K~~~~~~~~~^~~~[m[K
[1.606s] 
[1.607s] [01m[K/home/vivek/On-Codes/Batch_traj_opt/mpc_car_batch/src/main.cpp:214:117:[m[K [01;35m[Kwarning: [m[Kunused parameter ‘[01m[Kpre_x[m[K’ [[01;35m[K-Wunused-parameter[m[K]
[1.607s]   214 | p, ArrayXXf y_obs_temp, ArrayXXf vx_obs, ArrayXXf vy_obs, ArrayXXf lane, [01;35m[KArrayXXf pre_x[m[K, ArrayXXf pre_y, ArrayXXf pre_xdot, bool sample)
[1.607s]       |                                                                          [01;35m[K~~~~~~~~~^~~~~[m[K
[1.607s] 
[1.607s] [01m[K/home/vivek/On-Codes/Batch_traj_opt/mpc_car_batch/src/main.cpp:214:133:[m[K [01;35m[Kwarning: [m[Kunused parameter ‘[01m[Kpre_y[m[K’ [[01;35m[K-Wunused-parameter[m[K]
[1.607s]   214 | s_temp, ArrayXXf vx_obs, ArrayXXf vy_obs, ArrayXXf lane, ArrayXXf pre_x, [01;35m[KArrayXXf pre_y[m[K, ArrayXXf pre_xdot, bool sample)
[1.607s]       |                                                                          [01;35m[K~~~~~~~~~^~~~~[m[K
[1.607s] 
[1.607s] [01m[K/home/vivek/On-Codes/Batch_traj_opt/mpc_car_batch/src/main.cpp:214:149:[m[K [01;35m[Kwarning: [m[Kunused parameter ‘[01m[Kpre_xdot[m[K’ [[01;35m[K-Wunused-parameter[m[K]
[1.608s]   214 |  vx_obs, ArrayXXf vy_obs, ArrayXXf lane, ArrayXXf pre_x, ArrayXXf pre_y, [01;35m[KArrayXXf pre_xdot[m[K, bool sample)
[1.608s]       |                                                                          [01;35m[K~~~~~~~~~^~~~~~~~[m[K
[1.608s] 
[1.608s] [01m[K/home/vivek/On-Codes/Batch_traj_opt/mpc_car_batch/src/main.cpp:214:164:[m[K [01;35m[Kwarning: [m[Kunused parameter ‘[01m[Ksample[m[K’ [[01;35m[K-Wunused-parameter[m[K]
[1.608s]   214 | Xf vy_obs, ArrayXXf lane, ArrayXXf pre_x, ArrayXXf pre_y, ArrayXXf pre_xdot, [01;35m[Kbool sample[m[K)
[1.608s]       |                                                                              [01;35m[K~~~~~^~~~~~[m[K
[1.608s] 
[1.608s] [01m[K/home/vivek/On-Codes/Batch_traj_opt/mpc_car_batch/src/main.cpp:[m[K In function ‘[01m[Koptim::three_var compute_bernstein(Eigen::ArrayXXf, float, int)[m[K’:
[1.608s] [01m[K/home/vivek/On-Codes/Batch_traj_opt/mpc_car_batch/src/main.cpp:317:54:[m[K [01;35m[Kwarning: [m[Kunused parameter ‘[01m[Kt_fin[m[K’ [[01;35m[K-Wunused-parameter[m[K]
[1.608s]   317 | three_var compute_bernstein(ArrayXXf tot_time, [01;35m[Kfloat t_fin[m[K, int num)
[1.608s]       |                                                [01;35m[K~~~~~~^~~~~[m[K
[3.790s] [100%] [32m[1mLinking CXX executable mpc_node[0m
[3.938s] /usr/bin/ld: CMakeFiles/mpc_node.dir/src/main.cpp.o: in function `main':
[3.939s] main.cpp:(.text+0x12fd): undefined reference to `optim::arctan2(Eigen::Array<float, -1, -1, 0, -1, -1>, Eigen::Array<float, -1, -1, 0, -1, -1>)'
[3.939s] /usr/bin/ld: main.cpp:(.text+0x1316): undefined reference to `optim::diff(Eigen::Array<float, -1, -1, 0, -1, -1>)'
[3.940s] /usr/bin/ld: CMakeFiles/mpc_node.dir/src/main.cpp.o: in function `mpc(optim::probData, optim::three_var, Eigen::Array<float, -1, -1, 0, -1, -1>, Eigen::Array<float, -1, -1, 0, -1, -1>, float, float, float, float, float, float, Eigen::Array<float, -1, -1, 0, -1, -1>, Eigen::Array<float, -1, -1, 0, -1, -1>, Eigen::Array<float, -1, -1, 0, -1, -1>, Eigen::Array<float, -1, -1, 0, -1, -1>, Eigen::Array<float, -1, -1, 0, -1, -1>, Eigen::Array<float, -1, -1, 0, -1, -1>, Eigen::Array<float, -1, -1, 0, -1, -1>, Eigen::Array<float, -1, -1, 0, -1, -1>, bool)':
[3.941s] main.cpp:(.text+0x2263): undefined reference to `optim::ones(int, int)'
[3.941s] /usr/bin/ld: main.cpp:(.text+0x23a6): undefined reference to `optim::ones(int, int)'
[3.941s] /usr/bin/ld: main.cpp:(.text+0x29a9): undefined reference to `optim::reshape(Eigen::Array<float, -1, -1, 0, -1, -1>, unsigned int, unsigned int)'
[3.941s] /usr/bin/ld: main.cpp:(.text+0x2b1b): undefined reference to `optim::reshape(Eigen::Array<float, -1, -1, 0, -1, -1>, unsigned int, unsigned int)'
[3.941s] /usr/bin/ld: main.cpp:(.text+0x2c33): undefined reference to `optim::arctan2(Eigen::Array<float, -1, -1, 0, -1, -1>, Eigen::Array<float, -1, -1, 0, -1, -1>)'
[3.941s] /usr/bin/ld: main.cpp:(.text+0x2fc5): undefined reference to `optim::maximum(float, Eigen::Array<float, -1, -1, 0, -1, -1>)'
[3.941s] /usr/bin/ld: main.cpp:(.text+0x33e1): undefined reference to `optim::stack(Eigen::Array<float, -1, -1, 0, -1, -1>, Eigen::Array<float, -1, -1, 0, -1, -1>, char)'
[3.941s] /usr/bin/ld: main.cpp:(.text+0x3490): undefined reference to `optim::stack(Eigen::Array<float, -1, -1, 0, -1, -1>, Eigen::Array<float, -1, -1, 0, -1, -1>, char)'
[3.941s] /usr/bin/ld: main.cpp:(.text+0x353f): undefined reference to `optim::stack(Eigen::Array<float, -1, -1, 0, -1, -1>, Eigen::Array<float, -1, -1, 0, -1, -1>, char)'
[3.941s] /usr/bin/ld: main.cpp:(.text+0x360a): undefined reference to `optim::ones(int, int)'
[3.941s] /usr/bin/ld: main.cpp:(.text+0x3681): undefined reference to `optim::ones(int, int)'
[3.941s] /usr/bin/ld: main.cpp:(.text+0x36f8): undefined reference to `optim::ones(int, int)'
[3.942s] /usr/bin/ld: main.cpp:(.text+0x3775): undefined reference to `optim::ones(int, int)'
[3.942s] /usr/bin/ld: main.cpp:(.text+0x37f2): undefined reference to `optim::ones(int, int)'
[3.942s] /usr/bin/ld: CMakeFiles/mpc_node.dir/src/main.cpp.o:main.cpp:(.text+0x386f): more undefined references to `optim::ones(int, int)' follow
[3.942s] /usr/bin/ld: CMakeFiles/mpc_node.dir/src/main.cpp.o: in function `mpc(optim::probData, optim::three_var, Eigen::Array<float, -1, -1, 0, -1, -1>, Eigen::Array<float, -1, -1, 0, -1, -1>, float, float, float, float, float, float, Eigen::Array<float, -1, -1, 0, -1, -1>, Eigen::Array<float, -1, -1, 0, -1, -1>, Eigen::Array<float, -1, -1, 0, -1, -1>, Eigen::Array<float, -1, -1, 0, -1, -1>, Eigen::Array<float, -1, -1, 0, -1, -1>, Eigen::Array<float, -1, -1, 0, -1, -1>, Eigen::Array<float, -1, -1, 0, -1, -1>, Eigen::Array<float, -1, -1, 0, -1, -1>, bool)':
[3.942s] main.cpp:(.text+0x396e): undefined reference to `optim::wrapper_batch(optim::probData, Eigen::Array<float, -1, -1, 0, -1, -1>, Eigen::Array<float, -1, -1, 0, -1, -1>, Eigen::Array<float, -1, -1, 0, -1, -1>)'
[3.942s] /usr/bin/ld: CMakeFiles/mpc_node.dir/src/main.cpp.o: in function `compute_bernstein(Eigen::Array<float, -1, -1, 0, -1, -1>, float, int)':
[3.942s] main.cpp:(.text+0x4049): undefined reference to `optim::bernstein_coeff_order10_new(float, float, float, Eigen::Array<float, -1, -1, 0, -1, -1>, int)'
[3.951s] collect2: error: ld returned 1 exit status
[3.952s] make[2]: *** [CMakeFiles/mpc_node.dir/build.make:84: mpc_node] Error 1
[3.953s] make[1]: *** [CMakeFiles/Makefile2:78: CMakeFiles/mpc_node.dir/all] Error 2
[3.953s] make: *** [Makefile:141: all] Error 2
[3.955s] Invoked command in '/home/vivek/On-Codes/Batch_traj_opt/mpc_car_batch/build/mpc_car_batch' returned '2': CMAKE_PREFIX_PATH=/opt/ros/foxy /usr/bin/cmake --build /home/vivek/On-Codes/Batch_traj_opt/mpc_car_batch/build/mpc_car_batch -- -j4 -l4
