-- The C compiler identification is GNU 9.3.0
-- The CXX compiler identification is GNU 9.3.0
-- Check for working C compiler: /usr/bin/cc
-- Check for working C compiler: /usr/bin/cc -- works
-- Detecting C compiler ABI info
-- Detecting C compiler ABI info - done
-- Detecting C compile features
-- Detecting C compile features - done
-- Check for working CXX compiler: /usr/bin/c++
-- Check for working CXX compiler: /usr/bin/c++ -- works
-- Detecting CXX compiler ABI info
-- Detecting CXX compiler ABI info - done
-- Detecting CXX compile features
-- Detecting CXX compile features - done
-- Found ament_cmake: 0.9.8 (/opt/ros/foxy/share/ament_cmake/cmake)
-- Found PythonInterp: /usr/bin/python3 (found suitable version "3.8.10", minimum required is "3") 
-- Using PYTHON_EXECUTABLE: /usr/bin/python3
-- Found rclcpp: 2.3.1 (/opt/ros/foxy/share/rclcpp/cmake)
-- Using all available rosidl_typesupport_c: rosidl_typesupport_fastrtps_c;rosidl_typesupport_introspection_c
-- Found rosidl_adapter: 1.2.1 (/opt/ros/foxy/share/rosidl_adapter/cmake)
-- Found OpenSSL: /usr/lib/x86_64-linux-gnu/libcrypto.so (found version "1.1.1f")  
-- Found FastRTPS: /opt/ros/foxy/include  
-- Using all available rosidl_typesupport_cpp: rosidl_typesupport_fastrtps_cpp;rosidl_typesupport_introspection_cpp
-- Found rmw_implementation_cmake: 1.0.3 (/opt/ros/foxy/share/rmw_implementation_cmake/cmake)
-- Using RMW implementation 'rmw_fastrtps_cpp' as default
-- Looking for pthread.h
-- Looking for pthread.h - found
-- Performing Test CMAKE_HAVE_LIBC_PTHREAD
-- Performing Test CMAKE_HAVE_LIBC_PTHREAD - Failed
-- Looking for pthread_create in pthreads
-- Looking for pthread_create in pthreads - not found
-- Looking for pthread_create in pthread
-- Looking for pthread_create in pthread - found
-- Found Threads: TRUE  
-- Found nav_msgs: 2.0.4 (/opt/ros/foxy/share/nav_msgs/cmake)
-- ********************************************************************************
-- ---> Looking for ACADO toolkit:
-- Found ACADO toolkit include directories: /home/vivek/ACADOtoolkit;/home/vivek/ACADOtoolkit/acado;/home/vivek/ACADOtoolkit/external_packages;/home/vivek/ACADOtoolkit/external_packages/qpOASES-3.2.0/include;/home/vivek/ACADOtoolkit/build
-- Found ACADO toolkit library directories: /home/vivek/ACADOtoolkit/build/lib
-- Could not find ACADO static library.
-- Found ACADO shared library: acado_toolkit_s
-- ********************************************************************************
-- Found msgs_car: 0.0.0 (/home/vivek/On-Codes/Batch-Opt-Highway-Driving/ros_ws/install/msgs_car/share/msgs_car/cmake)
-- Found ament_lint_auto: 0.9.6 (/opt/ros/foxy/share/ament_lint_auto/cmake)
-- Added test 'copyright' to check source files copyright and LICENSE
-- Added test 'cppcheck' to perform static code analysis on C / C++ code
-- Configured cppcheck include dirs: /home/vivek/On-Codes/Batch-Opt-Highway-Driving/ros_ws/src/mpc_car_acado_single/.;/home/vivek/On-Codes/Batch-Opt-Highway-Driving/ros_ws/src/mpc_car_acado_single/include;/home/vivek/On-Codes/Batch-Opt-Highway-Driving/ros_ws/src/mpc_car_acado_single/model/codegen/;/home/vivek/On-Codes/Batch-Opt-Highway-Driving/ros_ws/src/mpc_car_acado_single/externals/qpoases;/home/vivek/On-Codes/Batch-Opt-Highway-Driving/ros_ws/src/mpc_car_acado_single/externals/qpoases/INCLUDE;/home/vivek/On-Codes/Batch-Opt-Highway-Driving/ros_ws/src/mpc_car_acado_single/externals/qpoases/SRC
-- Configured cppcheck exclude dirs and/or files: 
-- Added test 'cpplint' to check C / C++ code against the Google style
-- Configured cpplint exclude dirs and/or files: 
-- Added test 'lint_cmake' to check CMake code style
-- Added test 'uncrustify' to check C / C++ code style
-- Configured uncrustify additional arguments: 
-- Added test 'xmllint' to check XML markup files
-- Configuring done
-- Generating done
-- Build files have been written to: /home/vivek/On-Codes/Batch-Opt-Highway-Driving/ros_ws/build/mpc_car_acado_single
[35m[1mScanning dependencies of target mpc_solver_single[0m
[  5%] [32mBuilding CXX object CMakeFiles/mpc_solver_single.dir/externals/qpoases/SRC/Bounds.cpp.o[0m
[ 11%] [32mBuilding CXX object CMakeFiles/mpc_solver_single.dir/externals/qpoases/SRC/Indexlist.cpp.o[0m
[ 17%] [32mBuilding CXX object CMakeFiles/mpc_solver_single.dir/externals/qpoases/SRC/MessageHandling.cpp.o[0m
[ 23%] [32mBuilding CXX object CMakeFiles/mpc_solver_single.dir/externals/qpoases/SRC/QProblem.cpp.o[0m
[ 29%] [32mBuilding CXX object CMakeFiles/mpc_solver_single.dir/externals/qpoases/SRC/QProblemB.cpp.o[0m
[ 35%] [32mBuilding CXX object CMakeFiles/mpc_solver_single.dir/externals/qpoases/SRC/SubjectTo.cpp.o[0m
[ 41%] [32mBuilding CXX object CMakeFiles/mpc_solver_single.dir/externals/qpoases/SRC/Utils.cpp.o[0m
[ 47%] [32mBuilding CXX object CMakeFiles/mpc_solver_single.dir/externals/qpoases/SRC/EXTRAS/SolutionAnalysis.cpp.o[0m
[ 52%] [32mBuilding CXX object CMakeFiles/mpc_solver_single.dir/model/codegen/acado_qpoases_interface.cpp.o[0m
[ 58%] [32mBuilding C object CMakeFiles/mpc_solver_single.dir/model/codegen/acado_integrator.c.o[0m
[ 64%] [32mBuilding C object CMakeFiles/mpc_solver_single.dir/model/codegen/acado_solver.c.o[0m
[ 70%] [32mBuilding C object CMakeFiles/mpc_solver_single.dir/model/codegen/acado_auxiliary_functions.c.o[0m
[ 76%] [32mBuilding CXX object CMakeFiles/mpc_solver_single.dir/externals/qpoases/SRC/CyclingManager.cpp.o[0m
[ 82%] [32mBuilding CXX object CMakeFiles/mpc_solver_single.dir/externals/qpoases/SRC/Constraints.cpp.o[0m
[ 88%] [32m[1mLinking CXX static library libmpc_solver_single.a[0m
[ 88%] Built target mpc_solver_single
[35m[1mScanning dependencies of target mpc_node_single[0m
[ 94%] [32mBuilding CXX object CMakeFiles/mpc_node_single.dir/src/main_acado.cpp.o[0m
[100%] [32m[1mLinking CXX executable mpc_node_single[0m
[100%] Built target mpc_node_single
-- Install configuration: ""
-- Installing: /home/vivek/On-Codes/Batch-Opt-Highway-Driving/ros_ws/install/mpc_car_acado_single/include/mpc_car_acado_single/
-- Installing: /home/vivek/On-Codes/Batch-Opt-Highway-Driving/ros_ws/install/mpc_car_acado_single/share/ament_index/resource_index/package_run_dependencies/mpc_car_acado_single
-- Installing: /home/vivek/On-Codes/Batch-Opt-Highway-Driving/ros_ws/install/mpc_car_acado_single/share/ament_index/resource_index/parent_prefix_path/mpc_car_acado_single
-- Installing: /home/vivek/On-Codes/Batch-Opt-Highway-Driving/ros_ws/install/mpc_car_acado_single/share/mpc_car_acado_single/environment/ament_prefix_path.sh
-- Installing: /home/vivek/On-Codes/Batch-Opt-Highway-Driving/ros_ws/install/mpc_car_acado_single/share/mpc_car_acado_single/environment/ament_prefix_path.dsv
-- Installing: /home/vivek/On-Codes/Batch-Opt-Highway-Driving/ros_ws/install/mpc_car_acado_single/share/mpc_car_acado_single/environment/path.sh
-- Installing: /home/vivek/On-Codes/Batch-Opt-Highway-Driving/ros_ws/install/mpc_car_acado_single/share/mpc_car_acado_single/environment/path.dsv
-- Installing: /home/vivek/On-Codes/Batch-Opt-Highway-Driving/ros_ws/install/mpc_car_acado_single/share/mpc_car_acado_single/local_setup.bash
-- Installing: /home/vivek/On-Codes/Batch-Opt-Highway-Driving/ros_ws/install/mpc_car_acado_single/share/mpc_car_acado_single/local_setup.sh
-- Installing: /home/vivek/On-Codes/Batch-Opt-Highway-Driving/ros_ws/install/mpc_car_acado_single/share/mpc_car_acado_single/local_setup.zsh
-- Installing: /home/vivek/On-Codes/Batch-Opt-Highway-Driving/ros_ws/install/mpc_car_acado_single/share/mpc_car_acado_single/local_setup.dsv
-- Installing: /home/vivek/On-Codes/Batch-Opt-Highway-Driving/ros_ws/install/mpc_car_acado_single/share/mpc_car_acado_single/package.dsv
-- Installing: /home/vivek/On-Codes/Batch-Opt-Highway-Driving/ros_ws/install/mpc_car_acado_single/share/ament_index/resource_index/packages/mpc_car_acado_single
-- Installing: /home/vivek/On-Codes/Batch-Opt-Highway-Driving/ros_ws/install/mpc_car_acado_single/share/mpc_car_acado_single/cmake/ament_cmake_export_include_directories-extras.cmake
-- Installing: /home/vivek/On-Codes/Batch-Opt-Highway-Driving/ros_ws/install/mpc_car_acado_single/share/mpc_car_acado_single/cmake/mpc_car_acado_singleConfig.cmake
-- Installing: /home/vivek/On-Codes/Batch-Opt-Highway-Driving/ros_ws/install/mpc_car_acado_single/share/mpc_car_acado_single/cmake/mpc_car_acado_singleConfig-version.cmake
-- Installing: /home/vivek/On-Codes/Batch-Opt-Highway-Driving/ros_ws/install/mpc_car_acado_single/share/mpc_car_acado_single/package.xml
-- Installing: /home/vivek/On-Codes/Batch-Opt-Highway-Driving/ros_ws/install/mpc_car_acado_single/lib/mpc_car_acado_single/mpc_node_single
-- Set runtime path of "/home/vivek/On-Codes/Batch-Opt-Highway-Driving/ros_ws/install/mpc_car_acado_single/lib/mpc_car_acado_single/mpc_node_single" to ""
