[1.232s] Invoking command in '/home/vivek/On-Codes/Batch-Opt-Highway-Driving/ros_ws/build/mpc_car_acado_single': AMENT_PREFIX_PATH=/home/vivek/On-Codes/Batch-Opt-Highway-Driving/ros_ws/install/msgs_car:${AMENT_PREFIX_PATH} CMAKE_PREFIX_PATH=/home/vivek/On-Codes/Batch-Opt-Highway-Driving/ros_ws/install/msgs_car:/opt/ros/foxy LD_LIBRARY_PATH=/home/vivek/On-Codes/Batch-Opt-Highway-Driving/ros_ws/install/msgs_car/lib:${LD_LIBRARY_PATH} PYTHONPATH=/home/vivek/On-Codes/Batch-Opt-Highway-Driving/ros_ws/install/msgs_car/lib/python3.8/site-packages:${PYTHONPATH} /usr/bin/cmake /home/vivek/On-Codes/Batch-Opt-Highway-Driving/ros_ws/src/mpc_car_acado_single -DCMAKE_INSTALL_PREFIX=/home/vivek/On-Codes/Batch-Opt-Highway-Driving/ros_ws/install/mpc_car_acado_single
[1.644s] -- The C compiler identification is GNU 9.3.0
[1.735s] -- The CXX compiler identification is GNU 9.3.0
[1.746s] -- Check for working C compiler: /usr/bin/cc
[2.183s] -- Check for working C compiler: /usr/bin/cc -- works
[2.183s] -- Detecting C compiler ABI info
[2.358s] -- Detecting C compiler ABI info - done
[2.398s] -- Detecting C compile features
[2.398s] -- Detecting C compile features - done
[2.403s] -- Check for working CXX compiler: /usr/bin/c++
[2.566s] -- Check for working CXX compiler: /usr/bin/c++ -- works
[2.568s] -- Detecting CXX compiler ABI info
[2.790s] -- Detecting CXX compiler ABI info - done
[2.827s] -- Detecting CXX compile features
[2.827s] -- Detecting CXX compile features - done
[2.832s] -- Found ament_cmake: 0.9.8 (/opt/ros/foxy/share/ament_cmake/cmake)
[2.912s] -- Found PythonInterp: /usr/bin/python3 (found suitable version "3.8.10", minimum required is "3") 
[2.913s] -- Using PYTHON_EXECUTABLE: /usr/bin/python3
[3.398s] -- Found rclcpp: 2.3.1 (/opt/ros/foxy/share/rclcpp/cmake)
[3.500s] -- Using all available rosidl_typesupport_c: rosidl_typesupport_fastrtps_c;rosidl_typesupport_introspection_c
[3.519s] -- Found rosidl_adapter: 1.2.1 (/opt/ros/foxy/share/rosidl_adapter/cmake)
[3.724s] -- Found OpenSSL: /usr/lib/x86_64-linux-gnu/libcrypto.so (found version "1.1.1f")  
[3.784s] -- Found FastRTPS: /opt/ros/foxy/include  
[3.934s] -- Using all available rosidl_typesupport_cpp: rosidl_typesupport_fastrtps_cpp;rosidl_typesupport_introspection_cpp
[4.158s] -- Found rmw_implementation_cmake: 1.0.3 (/opt/ros/foxy/share/rmw_implementation_cmake/cmake)
[4.162s] -- Using RMW implementation 'rmw_fastrtps_cpp' as default
[4.184s] -- Looking for pthread.h
[4.370s] -- Looking for pthread.h - found
[4.370s] -- Performing Test CMAKE_HAVE_LIBC_PTHREAD
[4.585s] -- Performing Test CMAKE_HAVE_LIBC_PTHREAD - Failed
[4.585s] -- Looking for pthread_create in pthreads
[4.758s] -- Looking for pthread_create in pthreads - not found
[4.758s] -- Looking for pthread_create in pthread
[4.942s] -- Looking for pthread_create in pthread - found
[4.945s] -- Found Threads: TRUE  
[5.490s] -- Found nav_msgs: 2.0.4 (/opt/ros/foxy/share/nav_msgs/cmake)
[6.060s] -- ********************************************************************************
[6.060s] -- ---> Looking for ACADO toolkit:
[6.060s] -- Found ACADO toolkit include directories: /home/vivek/ACADOtoolkit;/home/vivek/ACADOtoolkit/acado;/home/vivek/ACADOtoolkit/external_packages;/home/vivek/ACADOtoolkit/external_packages/qpOASES-3.2.0/include;/home/vivek/ACADOtoolkit/build
[6.060s] -- Found ACADO toolkit library directories: /home/vivek/ACADOtoolkit/build/lib
[6.060s] -- Could not find ACADO static library.
[6.184s] -- Found ACADO shared library: acado_toolkit_s
[6.185s] -- ********************************************************************************
[6.185s] -- Found msgs_car: 0.0.0 (/home/vivek/On-Codes/Batch-Opt-Highway-Driving/ros_ws/install/msgs_car/share/msgs_car/cmake)
[6.320s] -- Found ament_lint_auto: 0.9.6 (/opt/ros/foxy/share/ament_lint_auto/cmake)
[6.974s] -- Added test 'copyright' to check source files copyright and LICENSE
[6.980s] -- Added test 'cppcheck' to perform static code analysis on C / C++ code
[6.980s] -- Configured cppcheck include dirs: /home/vivek/On-Codes/Batch-Opt-Highway-Driving/ros_ws/src/mpc_car_acado_single/.;/home/vivek/On-Codes/Batch-Opt-Highway-Driving/ros_ws/src/mpc_car_acado_single/include;/home/vivek/On-Codes/Batch-Opt-Highway-Driving/ros_ws/src/mpc_car_acado_single/model/codegen/;/home/vivek/On-Codes/Batch-Opt-Highway-Driving/ros_ws/src/mpc_car_acado_single/externals/qpoases;/home/vivek/On-Codes/Batch-Opt-Highway-Driving/ros_ws/src/mpc_car_acado_single/externals/qpoases/INCLUDE;/home/vivek/On-Codes/Batch-Opt-Highway-Driving/ros_ws/src/mpc_car_acado_single/externals/qpoases/SRC
[6.981s] -- Configured cppcheck exclude dirs and/or files: 
[6.984s] -- Added test 'cpplint' to check C / C++ code against the Google style
[6.984s] -- Configured cpplint exclude dirs and/or files: 
[6.987s] -- Added test 'lint_cmake' to check CMake code style
[6.990s] -- Added test 'uncrustify' to check C / C++ code style
[6.991s] -- Configured uncrustify additional arguments: 
[6.991s] -- Added test 'xmllint' to check XML markup files
[7.007s] -- Configuring done
[7.033s] -- Generating done
[7.068s] -- Build files have been written to: /home/vivek/On-Codes/Batch-Opt-Highway-Driving/ros_ws/build/mpc_car_acado_single
[7.096s] Invoked command in '/home/vivek/On-Codes/Batch-Opt-Highway-Driving/ros_ws/build/mpc_car_acado_single' returned '0': AMENT_PREFIX_PATH=/home/vivek/On-Codes/Batch-Opt-Highway-Driving/ros_ws/install/msgs_car:${AMENT_PREFIX_PATH} CMAKE_PREFIX_PATH=/home/vivek/On-Codes/Batch-Opt-Highway-Driving/ros_ws/install/msgs_car:/opt/ros/foxy LD_LIBRARY_PATH=/home/vivek/On-Codes/Batch-Opt-Highway-Driving/ros_ws/install/msgs_car/lib:${LD_LIBRARY_PATH} PYTHONPATH=/home/vivek/On-Codes/Batch-Opt-Highway-Driving/ros_ws/install/msgs_car/lib/python3.8/site-packages:${PYTHONPATH} /usr/bin/cmake /home/vivek/On-Codes/Batch-Opt-Highway-Driving/ros_ws/src/mpc_car_acado_single -DCMAKE_INSTALL_PREFIX=/home/vivek/On-Codes/Batch-Opt-Highway-Driving/ros_ws/install/mpc_car_acado_single
[7.096s] Invoking command in '/home/vivek/On-Codes/Batch-Opt-Highway-Driving/ros_ws/build/mpc_car_acado_single': AMENT_PREFIX_PATH=/home/vivek/On-Codes/Batch-Opt-Highway-Driving/ros_ws/install/msgs_car:${AMENT_PREFIX_PATH} CMAKE_PREFIX_PATH=/home/vivek/On-Codes/Batch-Opt-Highway-Driving/ros_ws/install/msgs_car:/opt/ros/foxy LD_LIBRARY_PATH=/home/vivek/On-Codes/Batch-Opt-Highway-Driving/ros_ws/install/msgs_car/lib:${LD_LIBRARY_PATH} PYTHONPATH=/home/vivek/On-Codes/Batch-Opt-Highway-Driving/ros_ws/install/msgs_car/lib/python3.8/site-packages:${PYTHONPATH} /usr/bin/cmake --build /home/vivek/On-Codes/Batch-Opt-Highway-Driving/ros_ws/build/mpc_car_acado_single -- -j4 -l4
[7.182s] [35m[1mScanning dependencies of target mpc_solver_single[0m
[7.232s] [  5%] [32mBuilding CXX object CMakeFiles/mpc_solver_single.dir/externals/qpoases/SRC/Bounds.cpp.o[0m
[10.159s] [ 11%] [32mBuilding CXX object CMakeFiles/mpc_solver_single.dir/externals/qpoases/SRC/Indexlist.cpp.o[0m
[10.447s] [ 17%] [32mBuilding CXX object CMakeFiles/mpc_solver_single.dir/externals/qpoases/SRC/MessageHandling.cpp.o[0m
[14.278s] [ 23%] [32mBuilding CXX object CMakeFiles/mpc_solver_single.dir/externals/qpoases/SRC/QProblem.cpp.o[0m
[17.696s] [ 29%] [32mBuilding CXX object CMakeFiles/mpc_solver_single.dir/externals/qpoases/SRC/QProblemB.cpp.o[0m
[19.178s] [ 35%] [32mBuilding CXX object CMakeFiles/mpc_solver_single.dir/externals/qpoases/SRC/SubjectTo.cpp.o[0m
[19.780s] [ 41%] [32mBuilding CXX object CMakeFiles/mpc_solver_single.dir/externals/qpoases/SRC/Utils.cpp.o[0m
[20.089s] [ 47%] [32mBuilding CXX object CMakeFiles/mpc_solver_single.dir/externals/qpoases/SRC/EXTRAS/SolutionAnalysis.cpp.o[0m
[20.174s] [01m[K/home/vivek/On-Codes/Batch-Opt-Highway-Driving/ros_ws/src/mpc_car_acado_single/externals/qpoases/SRC/EXTRAS/SolutionAnalysis.cpp:[m[K In copy constructor ‘[01m[KSolutionAnalysis::SolutionAnalysis(const SolutionAnalysis&)[m[K’:
[20.174s] [01m[K/home/vivek/On-Codes/Batch-Opt-Highway-Driving/ros_ws/src/mpc_car_acado_single/externals/qpoases/SRC/EXTRAS/SolutionAnalysis.cpp:46:61:[m[K [01;35m[Kwarning: [m[Kunused parameter ‘[01m[Krhs[m[K’ [[01;35m[K-Wunused-parameter[m[K]
[20.174s]    46 | SolutionAnalysis::SolutionAnalysis( [01;35m[Kconst SolutionAnalysis& rhs[m[K )
[20.174s]       |                                     [01;35m[K~~~~~~~~~~~~~~~~~~~~~~~~^~~[m[K
[20.244s] [ 52%] [32mBuilding CXX object CMakeFiles/mpc_solver_single.dir/model/codegen/acado_qpoases_interface.cpp.o[0m
[20.400s] [ 58%] [32mBuilding C object CMakeFiles/mpc_solver_single.dir/model/codegen/acado_integrator.c.o[0m
[20.453s] [01m[K/home/vivek/On-Codes/Batch-Opt-Highway-Driving/ros_ws/src/mpc_car_acado_single/model/codegen/acado_integrator.c:[m[K In function ‘[01m[Kacado_integrate[m[K’:
[20.453s] [01m[K/home/vivek/On-Codes/Batch-Opt-Highway-Driving/ros_ws/src/mpc_car_acado_single/model/codegen/acado_integrator.c:94:48:[m[K [01;35m[Kwarning: [m[Kunused parameter ‘[01m[KresetIntegrator[m[K’ [[01;35m[K-Wunused-parameter[m[K]
[20.453s]    94 | int acado_integrate( real_t* const rk_eta, [01;35m[Kint resetIntegrator[m[K )
[20.453s]       |                                            [01;35m[K~~~~^~~~~~~~~~~~~~~[m[K
[20.909s] [ 64%] [32mBuilding C object CMakeFiles/mpc_solver_single.dir/model/codegen/acado_solver.c.o[0m
[20.959s] [01m[K/home/vivek/On-Codes/Batch-Opt-Highway-Driving/ros_ws/src/mpc_car_acado_single/model/codegen/acado_solver.c:[m[K In function ‘[01m[Kacado_multQN1d[m[K’:
[20.959s] [01m[K/home/vivek/On-Codes/Batch-Opt-Highway-Driving/ros_ws/src/mpc_car_acado_single/model/codegen/acado_solver.c:746:36:[m[K [01;35m[Kwarning: [m[Kunused parameter ‘[01m[KQN1[m[K’ [[01;35m[K-Wunused-parameter[m[K]
[20.959s]   746 | void acado_multQN1d( [01;35m[Kreal_t* const QN1[m[K, real_t* const dOld, real_t* const dNew )
[20.959s]       |                      [01;35m[K~~~~~~~~~~~~~~^~~[m[K
[20.962s] [01m[K/home/vivek/On-Codes/Batch-Opt-Highway-Driving/ros_ws/src/mpc_car_acado_single/model/codegen/acado_solver.c:[m[K In function ‘[01m[Kacado_macETSlu[m[K’:
[20.963s] [01m[K/home/vivek/On-Codes/Batch-Opt-Highway-Driving/ros_ws/src/mpc_car_acado_single/model/codegen/acado_solver.c:804:36:[m[K [01;35m[Kwarning: [m[Kunused parameter ‘[01m[KE0[m[K’ [[01;35m[K-Wunused-parameter[m[K]
[20.963s]   804 | void acado_macETSlu( [01;35m[Kreal_t* const E0[m[K, real_t* const g1 )
[20.963s]       |                      [01;35m[K~~~~~~~~~~~~~~^~[m[K
[23.340s] [ 70%] [32mBuilding C object CMakeFiles/mpc_solver_single.dir/model/codegen/acado_auxiliary_functions.c.o[0m
[23.555s] [ 76%] [32mBuilding CXX object CMakeFiles/mpc_solver_single.dir/externals/qpoases/SRC/CyclingManager.cpp.o[0m
[23.817s] [ 82%] [32mBuilding CXX object CMakeFiles/mpc_solver_single.dir/externals/qpoases/SRC/Constraints.cpp.o[0m
[24.011s] [ 88%] [32m[1mLinking CXX static library libmpc_solver_single.a[0m
[24.521s] [ 88%] Built target mpc_solver_single
[24.543s] [35m[1mScanning dependencies of target mpc_node_single[0m
[35.557s] [ 94%] [32mBuilding CXX object CMakeFiles/mpc_node_single.dir/src/main_acado.cpp.o[0m
[41.029s] [01m[K/home/vivek/On-Codes/Batch-Opt-Highway-Driving/ros_ws/src/mpc_car_acado_single/src/main_acado.cpp:[m[K In constructor ‘[01m[KMinimalPublisher::MinimalPublisher()[m[K’:
[41.031s] [01m[K/home/vivek/On-Codes/Batch-Opt-Highway-Driving/ros_ws/src/mpc_car_acado_single/src/main_acado.cpp:135:10:[m[K [01;35m[Kwarning: [m[KISO C++ forbids variable length array ‘[01m[KThread[m[K’ [[01;35m[K-Wvla[m[K]
[41.032s]   135 |   thread [01;35m[KThread[m[K[num_goal];
[41.032s]       |          [01;35m[K^~~~~~[m[K
[41.919s] [01m[K/home/vivek/On-Codes/Batch-Opt-Highway-Driving/ros_ws/src/mpc_car_acado_single/src/main_acado.cpp:[m[K In member function ‘[01m[Kvoid MinimalPublisher::optimize(int)[m[K’:
[41.919s] [01m[K/home/vivek/On-Codes/Batch-Opt-Highway-Driving/ros_ws/src/mpc_car_acado_single/src/main_acado.cpp:255:18:[m[K [01;35m[Kwarning: [m[Kunused variable ‘[01m[Kt2[m[K’ [[01;35m[K-Wunused-variable[m[K]
[41.919s]   255 |   acado_timer t, [01;35m[Kt2[m[K;
[41.919s]       |                  [01;35m[K^~[m[K
[71.820s] [100%] [32m[1mLinking CXX executable mpc_node_single[0m
[95.130s] [100%] Built target mpc_node_single
[95.353s] Invoked command in '/home/vivek/On-Codes/Batch-Opt-Highway-Driving/ros_ws/build/mpc_car_acado_single' returned '0': AMENT_PREFIX_PATH=/home/vivek/On-Codes/Batch-Opt-Highway-Driving/ros_ws/install/msgs_car:${AMENT_PREFIX_PATH} CMAKE_PREFIX_PATH=/home/vivek/On-Codes/Batch-Opt-Highway-Driving/ros_ws/install/msgs_car:/opt/ros/foxy LD_LIBRARY_PATH=/home/vivek/On-Codes/Batch-Opt-Highway-Driving/ros_ws/install/msgs_car/lib:${LD_LIBRARY_PATH} PYTHONPATH=/home/vivek/On-Codes/Batch-Opt-Highway-Driving/ros_ws/install/msgs_car/lib/python3.8/site-packages:${PYTHONPATH} /usr/bin/cmake --build /home/vivek/On-Codes/Batch-Opt-Highway-Driving/ros_ws/build/mpc_car_acado_single -- -j4 -l4
[95.645s] Invoking command in '/home/vivek/On-Codes/Batch-Opt-Highway-Driving/ros_ws/build/mpc_car_acado_single': AMENT_PREFIX_PATH=/home/vivek/On-Codes/Batch-Opt-Highway-Driving/ros_ws/install/msgs_car:${AMENT_PREFIX_PATH} CMAKE_PREFIX_PATH=/home/vivek/On-Codes/Batch-Opt-Highway-Driving/ros_ws/install/msgs_car:/opt/ros/foxy LD_LIBRARY_PATH=/home/vivek/On-Codes/Batch-Opt-Highway-Driving/ros_ws/install/msgs_car/lib:${LD_LIBRARY_PATH} PYTHONPATH=/home/vivek/On-Codes/Batch-Opt-Highway-Driving/ros_ws/install/msgs_car/lib/python3.8/site-packages:${PYTHONPATH} /usr/bin/cmake --install /home/vivek/On-Codes/Batch-Opt-Highway-Driving/ros_ws/build/mpc_car_acado_single
[95.730s] -- Install configuration: ""
[97.107s] -- Installing: /home/vivek/On-Codes/Batch-Opt-Highway-Driving/ros_ws/install/mpc_car_acado_single/include/mpc_car_acado_single/
[97.107s] -- Installing: /home/vivek/On-Codes/Batch-Opt-Highway-Driving/ros_ws/install/mpc_car_acado_single/share/ament_index/resource_index/package_run_dependencies/mpc_car_acado_single
[97.156s] -- Installing: /home/vivek/On-Codes/Batch-Opt-Highway-Driving/ros_ws/install/mpc_car_acado_single/share/ament_index/resource_index/parent_prefix_path/mpc_car_acado_single
[97.483s] -- Installing: /home/vivek/On-Codes/Batch-Opt-Highway-Driving/ros_ws/install/mpc_car_acado_single/share/mpc_car_acado_single/environment/ament_prefix_path.sh
[97.486s] -- Installing: /home/vivek/On-Codes/Batch-Opt-Highway-Driving/ros_ws/install/mpc_car_acado_single/share/mpc_car_acado_single/environment/ament_prefix_path.dsv
[97.554s] -- Installing: /home/vivek/On-Codes/Batch-Opt-Highway-Driving/ros_ws/install/mpc_car_acado_single/share/mpc_car_acado_single/environment/path.sh
[97.555s] -- Installing: /home/vivek/On-Codes/Batch-Opt-Highway-Driving/ros_ws/install/mpc_car_acado_single/share/mpc_car_acado_single/environment/path.dsv
[97.586s] -- Installing: /home/vivek/On-Codes/Batch-Opt-Highway-Driving/ros_ws/install/mpc_car_acado_single/share/mpc_car_acado_single/local_setup.bash
[97.608s] -- Installing: /home/vivek/On-Codes/Batch-Opt-Highway-Driving/ros_ws/install/mpc_car_acado_single/share/mpc_car_acado_single/local_setup.sh
[97.630s] -- Installing: /home/vivek/On-Codes/Batch-Opt-Highway-Driving/ros_ws/install/mpc_car_acado_single/share/mpc_car_acado_single/local_setup.zsh
[97.685s] -- Installing: /home/vivek/On-Codes/Batch-Opt-Highway-Driving/ros_ws/install/mpc_car_acado_single/share/mpc_car_acado_single/local_setup.dsv
[97.686s] -- Installing: /home/vivek/On-Codes/Batch-Opt-Highway-Driving/ros_ws/install/mpc_car_acado_single/share/mpc_car_acado_single/package.dsv
[97.686s] -- Installing: /home/vivek/On-Codes/Batch-Opt-Highway-Driving/ros_ws/install/mpc_car_acado_single/share/ament_index/resource_index/packages/mpc_car_acado_single
[97.686s] -- Installing: /home/vivek/On-Codes/Batch-Opt-Highway-Driving/ros_ws/install/mpc_car_acado_single/share/mpc_car_acado_single/cmake/ament_cmake_export_include_directories-extras.cmake
[97.794s] -- Installing: /home/vivek/On-Codes/Batch-Opt-Highway-Driving/ros_ws/install/mpc_car_acado_single/share/mpc_car_acado_single/cmake/mpc_car_acado_singleConfig.cmake
[97.817s] -- Installing: /home/vivek/On-Codes/Batch-Opt-Highway-Driving/ros_ws/install/mpc_car_acado_single/share/mpc_car_acado_single/cmake/mpc_car_acado_singleConfig-version.cmake
[97.836s] -- Installing: /home/vivek/On-Codes/Batch-Opt-Highway-Driving/ros_ws/install/mpc_car_acado_single/share/mpc_car_acado_single/package.xml
[97.842s] -- Installing: /home/vivek/On-Codes/Batch-Opt-Highway-Driving/ros_ws/install/mpc_car_acado_single/lib/mpc_car_acado_single/mpc_node_single
[97.842s] -- Set runtime path of "/home/vivek/On-Codes/Batch-Opt-Highway-Driving/ros_ws/install/mpc_car_acado_single/lib/mpc_car_acado_single/mpc_node_single" to ""
[99.573s] Invoked command in '/home/vivek/On-Codes/Batch-Opt-Highway-Driving/ros_ws/build/mpc_car_acado_single' returned '0': AMENT_PREFIX_PATH=/home/vivek/On-Codes/Batch-Opt-Highway-Driving/ros_ws/install/msgs_car:${AMENT_PREFIX_PATH} CMAKE_PREFIX_PATH=/home/vivek/On-Codes/Batch-Opt-Highway-Driving/ros_ws/install/msgs_car:/opt/ros/foxy LD_LIBRARY_PATH=/home/vivek/On-Codes/Batch-Opt-Highway-Driving/ros_ws/install/msgs_car/lib:${LD_LIBRARY_PATH} PYTHONPATH=/home/vivek/On-Codes/Batch-Opt-Highway-Driving/ros_ws/install/msgs_car/lib/python3.8/site-packages:${PYTHONPATH} /usr/bin/cmake --install /home/vivek/On-Codes/Batch-Opt-Highway-Driving/ros_ws/build/mpc_car_acado_single
