running egg_info
writing ../../build/highway_car/highway_car.egg-info/PKG-INFO
writing dependency_links to ../../build/highway_car/highway_car.egg-info/dependency_links.txt
writing entry points to ../../build/highway_car/highway_car.egg-info/entry_points.txt
writing requirements to ../../build/highway_car/highway_car.egg-info/requires.txt
writing top-level names to ../../build/highway_car/highway_car.egg-info/top_level.txt
reading manifest file '../../build/highway_car/highway_car.egg-info/SOURCES.txt'
writing manifest file '../../build/highway_car/highway_car.egg-info/SOURCES.txt'
running build
running build_py
copying highway_car/highway_car2.py -> /home/vivek/On-Codes/Batch-Opt-Highway-Driving/ros_ws/build/highway_car/build/lib/highway_car
running install
running install_lib
copying /home/vivek/On-Codes/Batch-Opt-Highway-Driving/ros_ws/build/highway_car/build/lib/highway_car/highway_car2.py -> /home/vivek/On-Codes/Batch-Opt-Highway-Driving/ros_ws/install/highway_car/lib/python3.8/site-packages/highway_car
byte-compiling /home/vivek/On-Codes/Batch-Opt-Highway-Driving/ros_ws/install/highway_car/lib/python3.8/site-packages/highway_car/highway_car2.py to highway_car2.cpython-38.pyc
running install_data
running install_egg_info
removing '/home/vivek/On-Codes/Batch-Opt-Highway-Driving/ros_ws/install/highway_car/lib/python3.8/site-packages/highway_car-0.0.0-py3.8.egg-info' (and everything under it)
Copying ../../build/highway_car/highway_car.egg-info to /home/vivek/On-Codes/Batch-Opt-Highway-Driving/ros_ws/install/highway_car/lib/python3.8/site-packages/highway_car-0.0.0-py3.8.egg-info
running install_scripts
Installing highway_node2 script to /home/vivek/On-Codes/Batch-Opt-Highway-Driving/ros_ws/install/highway_car/lib/highway_car
writing list of installed files to '/home/vivek/On-Codes/Batch-Opt-Highway-Driving/ros_ws/build/highway_car/install.log'
