[0.022s] Invoking command in '/home/vivek/On-Codes/Batch_traj_opt/mpc_car_batch/build/mpc_car_batch': CMAKE_PREFIX_PATH=/opt/ros/foxy /usr/bin/cmake --build /home/vivek/On-Codes/Batch_traj_opt/mpc_car_batch/build/mpc_car_batch -- -j4 -l4
[0.059s] -- Found ament_cmake: 0.9.8 (/opt/ros/foxy/share/ament_cmake/cmake)
[0.094s] -- Using PYTHON_EXECUTABLE: /usr/bin/python3
[0.330s] -- Found rclcpp: 2.3.1 (/opt/ros/foxy/share/rclcpp/cmake)
[0.375s] -- Using all available rosidl_typesupport_c: rosidl_typesupport_fastrtps_c;rosidl_typesupport_introspection_c
[0.379s] -- Found rosidl_adapter: 1.2.1 (/opt/ros/foxy/share/rosidl_adapter/cmake)
[0.534s] -- Using all available rosidl_typesupport_cpp: rosidl_typesupport_fastrtps_cpp;rosidl_typesupport_introspection_cpp
[0.600s] -- Found rmw_implementation_cmake: 1.0.3 (/opt/ros/foxy/share/rmw_implementation_cmake/cmake)
[0.602s] -- Using RMW implementation 'rmw_fastrtps_cpp' as default
[0.805s] -- Found geometry_msgs: 2.0.4 (/opt/ros/foxy/share/geometry_msgs/cmake)
[0.852s] -- Found nav_msgs: 2.0.4 (/opt/ros/foxy/share/nav_msgs/cmake)
[0.952s] -- Found ament_lint_auto: 0.9.6 (/opt/ros/foxy/share/ament_lint_auto/cmake)
[1.032s] -- Added test 'copyright' to check source files copyright and LICENSE
[1.066s] -- Added test 'cppcheck' to perform static code analysis on C / C++ code
[1.066s] -- Configured cppcheck include dirs: /home/vivek/On-Codes/Batch_traj_opt/mpc_car_batch/include
[1.067s] -- Configured cppcheck exclude dirs and/or files: 
[1.108s] -- Added test 'cpplint' to check C / C++ code against the Google style
[1.108s] -- Configured cpplint exclude dirs and/or files: 
[1.115s] -- Added test 'flake8' to check Python code syntax and style conventions
[1.126s] -- Added test 'lint_cmake' to check CMake code style
[1.132s] -- Added test 'pep257' to check Python code against some of the style conventions in PEP 257
[1.172s] -- Added test 'uncrustify' to check C / C++ code style
[1.172s] -- Configured uncrustify additional arguments: 
[1.178s] -- Added test 'xmllint' to check XML markup files
[1.180s] -- Configuring done
[1.193s] -- Generating done
[1.196s] -- Build files have been written to: /home/vivek/On-Codes/Batch_traj_opt/mpc_car_batch/build/mpc_car_batch
[1.758s] [35m[1mScanning dependencies of target mpc_node_lib[0m
[1.887s] [ 25%] [32mBuilding CXX object CMakeFiles/mpc_node_lib.dir/src/optim_batch.cpp.o[0m
[3.206s] [01m[K/home/vivek/On-Codes/Batch_traj_opt/mpc_car_batch/src/optim_batch.cpp:[m[K In function ‘[01m[KEigen::ArrayXXf optim::cumsum(Eigen::ArrayXXf, Eigen::ArrayXXf)[m[K’:
[3.206s] [01m[K/home/vivek/On-Codes/Batch_traj_opt/mpc_car_batch/src/optim_batch.cpp:136:9:[m[K [01;35m[Kwarning: [m[Kunused variable ‘[01m[Kinit[m[K’ [[01;35m[K-Wunused-variable[m[K]
[3.207s]   136 |   float [01;35m[Kinit[m[K = arr1(0);
[3.207s]       |         [01;35m[K^~~~[m[K
[5.169s] [01m[K/home/vivek/On-Codes/Batch_traj_opt/mpc_car_batch/src/optim_batch.cpp:[m[K In function ‘[01m[Kbool optim::inLane(Eigen::ArrayXXf, float, float, float, float)[m[K’:
[5.169s] [01m[K/home/vivek/On-Codes/Batch_traj_opt/mpc_car_batch/src/optim_batch.cpp:444:35:[m[K [01;35m[Kwarning: [m[Kunused parameter ‘[01m[Kcarx[m[K’ [[01;35m[K-Wunused-parameter[m[K]
[5.169s]   444 |  bool inLane(ArrayXXf lane, [01;35m[Kfloat carx[m[K, float cary, float obsx, float obsy)
[5.169s]       |                             [01;35m[K~~~~~~^~~~[m[K
[5.169s] [01m[K/home/vivek/On-Codes/Batch_traj_opt/mpc_car_batch/src/optim_batch.cpp:444:59:[m[K [01;35m[Kwarning: [m[Kunused parameter ‘[01m[Kobsx[m[K’ [[01;35m[K-Wunused-parameter[m[K]
[5.169s]   444 |  bool inLane(ArrayXXf lane, float carx, float cary, [01;35m[Kfloat obsx[m[K, float obsy)
[5.169s]       |                                                     [01;35m[K~~~~~~^~~~[m[K
[5.248s] [01m[K/home/vivek/On-Codes/Batch_traj_opt/mpc_car_batch/src/optim_batch.cpp:[m[K In function ‘[01m[Koptim::probData optim::mpc(optim::probData, optim::three_var, Eigen::ArrayXXf, Eigen::ArrayXXf, float, float, float, float, float, float, Eigen::ArrayXXf, Eigen::ArrayXXf, Eigen::ArrayXXf, Eigen::ArrayXXf, Eigen::ArrayXXf, Eigen::ArrayXXf, Eigen::ArrayXXf, Eigen::ArrayXXf, bool)[m[K’:
[5.249s] [01m[K/home/vivek/On-Codes/Batch_traj_opt/mpc_car_batch/src/optim_batch.cpp:457:102:[m[K [01;35m[Kwarning: [m[Kunused parameter ‘[01m[Klane[m[K’ [[01;35m[K-Wunused-parameter[m[K]
[5.249s]   457 |                 ArrayXXf x_obs_temp, ArrayXXf y_obs_temp, ArrayXXf vx_obs, ArrayXXf vy_obs, [01;35m[KArrayXXf lane[m[K, ArrayXXf pre_x, ArrayXXf pre_y, ArrayXXf pre_xdot, bool sample)
[5.249s]       |                                                                                             [01;35m[K~~~~~~~~~^~~~[m[K
[5.249s] [01m[K/home/vivek/On-Codes/Batch_traj_opt/mpc_car_batch/src/optim_batch.cpp:457:117:[m[K [01;35m[Kwarning: [m[Kunused parameter ‘[01m[Kpre_x[m[K’ [[01;35m[K-Wunused-parameter[m[K]
[5.249s]   457 |                 ArrayXXf x_obs_temp, ArrayXXf y_obs_temp, ArrayXXf vx_obs, ArrayXXf vy_obs, ArrayXXf lane, [01;35m[KArrayXXf pre_x[m[K, ArrayXXf pre_y, ArrayXXf pre_xdot, bool sample)
[5.249s]       |                                                                                                            [01;35m[K~~~~~~~~~^~~~~[m[K
[5.249s] [01m[K/home/vivek/On-Codes/Batch_traj_opt/mpc_car_batch/src/optim_batch.cpp:457:133:[m[K [01;35m[Kwarning: [m[Kunused parameter ‘[01m[Kpre_y[m[K’ [[01;35m[K-Wunused-parameter[m[K]
[5.249s]   457 |                 ArrayXXf x_obs_temp, ArrayXXf y_obs_temp, ArrayXXf vx_obs, ArrayXXf vy_obs, ArrayXXf lane, ArrayXXf pre_x, [01;35m[KArrayXXf pre_y[m[K, ArrayXXf pre_xdot, bool sample)
[5.249s]       |                                                                                                                            [01;35m[K~~~~~~~~~^~~~~[m[K
[5.249s] [01m[K/home/vivek/On-Codes/Batch_traj_opt/mpc_car_batch/src/optim_batch.cpp:457:149:[m[K [01;35m[Kwarning: [m[Kunused parameter ‘[01m[Kpre_xdot[m[K’ [[01;35m[K-Wunused-parameter[m[K]
[5.249s]   457 |                 ArrayXXf x_obs_temp, ArrayXXf y_obs_temp, ArrayXXf vx_obs, ArrayXXf vy_obs, ArrayXXf lane, ArrayXXf pre_x, ArrayXXf pre_y, [01;35m[KArrayXXf pre_xdot[m[K, bool sample)
[5.250s]       |                                                                                                                                            [01;35m[K~~~~~~~~~^~~~~~~~[m[K
[5.250s] [01m[K/home/vivek/On-Codes/Batch_traj_opt/mpc_car_batch/src/optim_batch.cpp:457:164:[m[K [01;35m[Kwarning: [m[Kunused parameter ‘[01m[Ksample[m[K’ [[01;35m[K-Wunused-parameter[m[K]
[5.250s]   457 |                 ArrayXXf x_obs_temp, ArrayXXf y_obs_temp, ArrayXXf vx_obs, ArrayXXf vy_obs, ArrayXXf lane, ArrayXXf pre_x, ArrayXXf pre_y, ArrayXXf pre_xdot, [01;35m[Kbool sample[m[K)
[5.250s]       |                                                                                                                                                               [01;35m[K~~~~~^~~~~~[m[K
[45.921s] [ 50%] [32m[1mLinking CXX static library libmpc_node_lib.a[0m
[47.542s] [ 50%] Built target mpc_node_lib
[48.276s] [35m[1mScanning dependencies of target mpc_node[0m
[48.378s] [ 75%] [32mBuilding CXX object CMakeFiles/mpc_node.dir/src/main_batch.cpp.o[0m
[51.847s] [01m[K/home/vivek/On-Codes/Batch_traj_opt/mpc_car_batch/src/main_batch.cpp:[m[K In member function ‘[01m[Kvoid MinimalPublisher::timer_callback()[m[K’:
[51.847s] [01m[K/home/vivek/On-Codes/Batch_traj_opt/mpc_car_batch/src/main_batch.cpp:79:11:[m[K [01;35m[Kwarning: [m[Kvariable ‘[01m[Kmin[m[K’ set but not used [[01;35m[K-Wunused-but-set-variable[m[K]
[51.847s]    79 |     float [01;35m[Kmin[m[K = 1000000;
[51.847s]       |           [01;35m[K^~~[m[K
[58.929s] [100%] [32m[1mLinking CXX executable mpc_node[0m
[60.682s] [100%] Built target mpc_node
[60.825s] Invoked command in '/home/vivek/On-Codes/Batch_traj_opt/mpc_car_batch/build/mpc_car_batch' returned '0': CMAKE_PREFIX_PATH=/opt/ros/foxy /usr/bin/cmake --build /home/vivek/On-Codes/Batch_traj_opt/mpc_car_batch/build/mpc_car_batch -- -j4 -l4
[61.035s] Invoking command in '/home/vivek/On-Codes/Batch_traj_opt/mpc_car_batch/build/mpc_car_batch': CMAKE_PREFIX_PATH=/opt/ros/foxy /usr/bin/cmake --install /home/vivek/On-Codes/Batch_traj_opt/mpc_car_batch/build/mpc_car_batch
[61.036s] -- Install configuration: ""
[61.036s] -- Installing: /home/vivek/On-Codes/Batch_traj_opt/mpc_car_batch/install/mpc_car_batch/lib/mpc_car_batch/mpc_node
[61.086s] -- Set runtime path of "/home/vivek/On-Codes/Batch_traj_opt/mpc_car_batch/install/mpc_car_batch/lib/mpc_car_batch/mpc_node" to ""
[61.086s] -- Up-to-date: /home/vivek/On-Codes/Batch_traj_opt/mpc_car_batch/install/mpc_car_batch/share/ament_index/resource_index/package_run_dependencies/mpc_car_batch
[61.086s] -- Installing: /home/vivek/On-Codes/Batch_traj_opt/mpc_car_batch/install/mpc_car_batch/share/ament_index/resource_index/parent_prefix_path/mpc_car_batch
[61.105s] -- Up-to-date: /home/vivek/On-Codes/Batch_traj_opt/mpc_car_batch/install/mpc_car_batch/share/mpc_car_batch/environment/ament_prefix_path.sh
[61.106s] -- Installing: /home/vivek/On-Codes/Batch_traj_opt/mpc_car_batch/install/mpc_car_batch/share/mpc_car_batch/environment/ament_prefix_path.dsv
[61.123s] -- Up-to-date: /home/vivek/On-Codes/Batch_traj_opt/mpc_car_batch/install/mpc_car_batch/share/mpc_car_batch/environment/path.sh
[61.123s] -- Installing: /home/vivek/On-Codes/Batch_traj_opt/mpc_car_batch/install/mpc_car_batch/share/mpc_car_batch/environment/path.dsv
[61.133s] -- Up-to-date: /home/vivek/On-Codes/Batch_traj_opt/mpc_car_batch/install/mpc_car_batch/share/mpc_car_batch/local_setup.bash
[61.134s] -- Up-to-date: /home/vivek/On-Codes/Batch_traj_opt/mpc_car_batch/install/mpc_car_batch/share/mpc_car_batch/local_setup.sh
[61.134s] -- Up-to-date: /home/vivek/On-Codes/Batch_traj_opt/mpc_car_batch/install/mpc_car_batch/share/mpc_car_batch/local_setup.zsh
[61.135s] -- Installing: /home/vivek/On-Codes/Batch_traj_opt/mpc_car_batch/install/mpc_car_batch/share/mpc_car_batch/local_setup.dsv
[61.138s] -- Installing: /home/vivek/On-Codes/Batch_traj_opt/mpc_car_batch/install/mpc_car_batch/share/mpc_car_batch/package.dsv
[61.143s] -- Up-to-date: /home/vivek/On-Codes/Batch_traj_opt/mpc_car_batch/install/mpc_car_batch/share/ament_index/resource_index/packages/mpc_car_batch
[61.144s] -- Up-to-date: /home/vivek/On-Codes/Batch_traj_opt/mpc_car_batch/install/mpc_car_batch/share/mpc_car_batch/cmake/mpc_car_batchConfig.cmake
[61.144s] -- Up-to-date: /home/vivek/On-Codes/Batch_traj_opt/mpc_car_batch/install/mpc_car_batch/share/mpc_car_batch/cmake/mpc_car_batchConfig-version.cmake
[61.144s] -- Up-to-date: /home/vivek/On-Codes/Batch_traj_opt/mpc_car_batch/install/mpc_car_batch/share/mpc_car_batch/package.xml
[61.147s] Invoked command in '/home/vivek/On-Codes/Batch_traj_opt/mpc_car_batch/build/mpc_car_batch' returned '0': CMAKE_PREFIX_PATH=/opt/ros/foxy /usr/bin/cmake --install /home/vivek/On-Codes/Batch_traj_opt/mpc_car_batch/build/mpc_car_batch
