[0.086s] Invoking command in '/home/vivek/On-Codes/Batch_traj_opt/mpc_car_batch/build/mpc_car_batch': CMAKE_PREFIX_PATH=/opt/ros/foxy /usr/bin/cmake /home/vivek/On-Codes/Batch_traj_opt/mpc_car_batch -DCMAKE_INSTALL_PREFIX=/home/vivek/On-Codes/Batch_traj_opt/mpc_car_batch/install/mpc_car_batch
[0.895s] -- The C compiler identification is GNU 9.3.0
[1.038s] -- The CXX compiler identification is GNU 9.3.0
[1.056s] -- Check for working C compiler: /usr/bin/cc
[1.146s] -- Check for working C compiler: /usr/bin/cc -- works
[1.148s] -- Detecting C compiler ABI info
[1.234s] -- Detecting C compiler ABI info - done
[1.248s] -- Detecting C compile features
[1.249s] -- Detecting C compile features - done
[1.253s] -- Check for working CXX compiler: /usr/bin/c++
[1.329s] -- Check for working CXX compiler: /usr/bin/c++ -- works
[1.330s] -- Detecting CXX compiler ABI info
[1.407s] -- Detecting CXX compiler ABI info - done
[1.419s] -- Detecting CXX compile features
[1.420s] -- Detecting CXX compile features - done
[1.488s] -- Found ament_cmake: 0.9.8 (/opt/ros/foxy/share/ament_cmake/cmake)
[1.593s] -- Found PythonInterp: /usr/bin/python3 (found suitable version "3.8.5", minimum required is "3") 
[1.593s] -- Using PYTHON_EXECUTABLE: /usr/bin/python3
[1.993s] -- Found ament_lint_auto: 0.9.6 (/opt/ros/foxy/share/ament_lint_auto/cmake)
[2.212s] -- Added test 'copyright' to check source files copyright and LICENSE
[2.224s] -- Added test 'cppcheck' to perform static code analysis on C / C++ code
[2.225s] -- Configured cppcheck include dirs: 
[2.225s] -- Configured cppcheck exclude dirs and/or files: 
[2.236s] -- Added test 'cpplint' to check C / C++ code against the Google style
[2.237s] -- Configured cpplint exclude dirs and/or files: 
[2.271s] -- Added test 'lint_cmake' to check CMake code style
[2.284s] -- Added test 'uncrustify' to check C / C++ code style
[2.285s] -- Configured uncrustify additional arguments: 
[2.287s] -- Added test 'xmllint' to check XML markup files
[2.293s] -- Configuring done
[2.294s] CMake Error at CMakeLists.txt:24 (add_executable):
[2.294s]   Cannot find source file:
[2.295s] 
[2.295s]     main.cpp
[2.295s] 
[2.295s]   Tried extensions .c .C .c++ .cc .cpp .cxx .cu .m .M .mm .h .hh .h++ .hm
[2.295s]   .hpp .hxx .in .txx
[2.295s] 
[2.295s] 
[2.296s] CMake Error at CMakeLists.txt:24 (add_executable):
[2.296s]   No SOURCES given to target: mpc_node
[2.296s] 
[2.296s] 
[2.296s] CMake Generate step failed.  Build files cannot be regenerated correctly.
[2.300s] Invoked command in '/home/vivek/On-Codes/Batch_traj_opt/mpc_car_batch/build/mpc_car_batch' returned '1': CMAKE_PREFIX_PATH=/opt/ros/foxy /usr/bin/cmake /home/vivek/On-Codes/Batch_traj_opt/mpc_car_batch -DCMAKE_INSTALL_PREFIX=/home/vivek/On-Codes/Batch_traj_opt/mpc_car_batch/install/mpc_car_batch
