[0.600s] Invoking command in '/home/vivek/On-Codes/Batch-Opt-Highway-Driving/ros_ws/src/frenet_car': AMENT_PREFIX_PATH=/home/vivek/On-Codes/Batch-Opt-Highway-Driving/ros_ws/install/msgs_car:${AMENT_PREFIX_PATH} CMAKE_PREFIX_PATH=/home/vivek/On-Codes/Batch-Opt-Highway-Driving/ros_ws/install/msgs_car LD_LIBRARY_PATH=/home/vivek/On-Codes/Batch-Opt-Highway-Driving/ros_ws/install/msgs_car/lib:${LD_LIBRARY_PATH} PYTHONPATH=/home/vivek/On-Codes/Batch-Opt-Highway-Driving/ros_ws/install/frenet_car/lib/python3.8/site-packages:/home/vivek/On-Codes/Batch-Opt-Highway-Driving/ros_ws/install/msgs_car/lib/python3.8/site-packages:${PYTHONPATH} /usr/bin/python3 setup.py egg_info --egg-base ../../build/frenet_car build --build-base /home/vivek/On-Codes/Batch-Opt-Highway-Driving/ros_ws/build/frenet_car/build install --prefix /home/vivek/On-Codes/Batch-Opt-Highway-Driving/ros_ws/install/frenet_car --record /home/vivek/On-Codes/Batch-Opt-Highway-Driving/ros_ws/build/frenet_car/install.log --single-version-externally-managed
[1.367s] running egg_info
[1.367s] writing ../../build/frenet_car/frenet_car.egg-info/PKG-INFO
[1.376s] writing dependency_links to ../../build/frenet_car/frenet_car.egg-info/dependency_links.txt
[1.376s] writing entry points to ../../build/frenet_car/frenet_car.egg-info/entry_points.txt
[1.376s] writing requirements to ../../build/frenet_car/frenet_car.egg-info/requires.txt
[1.376s] writing top-level names to ../../build/frenet_car/frenet_car.egg-info/top_level.txt
[2.068s] reading manifest file '../../build/frenet_car/frenet_car.egg-info/SOURCES.txt'
[2.069s] writing manifest file '../../build/frenet_car/frenet_car.egg-info/SOURCES.txt'
[2.069s] running build
[2.069s] running build_py
[2.070s] running install
[2.097s] running install_lib
[2.116s] running install_data
[2.117s] running install_egg_info
[2.141s] removing '/home/vivek/On-Codes/Batch-Opt-Highway-Driving/ros_ws/install/frenet_car/lib/python3.8/site-packages/frenet_car-0.0.0-py3.8.egg-info' (and everything under it)
[2.142s] Copying ../../build/frenet_car/frenet_car.egg-info to /home/vivek/On-Codes/Batch-Opt-Highway-Driving/ros_ws/install/frenet_car/lib/python3.8/site-packages/frenet_car-0.0.0-py3.8.egg-info
[2.164s] running install_scripts
[2.253s] Installing frenet_node script to /home/vivek/On-Codes/Batch-Opt-Highway-Driving/ros_ws/install/frenet_car/lib/frenet_car
[2.254s] writing list of installed files to '/home/vivek/On-Codes/Batch-Opt-Highway-Driving/ros_ws/build/frenet_car/install.log'
[2.302s] Invoked command in '/home/vivek/On-Codes/Batch-Opt-Highway-Driving/ros_ws/src/frenet_car' returned '0': AMENT_PREFIX_PATH=/home/vivek/On-Codes/Batch-Opt-Highway-Driving/ros_ws/install/msgs_car:${AMENT_PREFIX_PATH} CMAKE_PREFIX_PATH=/home/vivek/On-Codes/Batch-Opt-Highway-Driving/ros_ws/install/msgs_car LD_LIBRARY_PATH=/home/vivek/On-Codes/Batch-Opt-Highway-Driving/ros_ws/install/msgs_car/lib:${LD_LIBRARY_PATH} PYTHONPATH=/home/vivek/On-Codes/Batch-Opt-Highway-Driving/ros_ws/install/frenet_car/lib/python3.8/site-packages:/home/vivek/On-Codes/Batch-Opt-Highway-Driving/ros_ws/install/msgs_car/lib/python3.8/site-packages:${PYTHONPATH} /usr/bin/python3 setup.py egg_info --egg-base ../../build/frenet_car build --build-base /home/vivek/On-Codes/Batch-Opt-Highway-Driving/ros_ws/build/frenet_car/build install --prefix /home/vivek/On-Codes/Batch-Opt-Highway-Driving/ros_ws/install/frenet_car --record /home/vivek/On-Codes/Batch-Opt-Highway-Driving/ros_ws/build/frenet_car/install.log --single-version-externally-managed
