[0.080s] Invoking command in '/home/vivek/On-Codes/Batch-Opt-Highway-Driving/ros_ws/build/msgs_car': CMAKE_PREFIX_PATH=/opt/ros/foxy /usr/bin/cmake --build /home/vivek/On-Codes/Batch-Opt-Highway-Driving/ros_ws/build/msgs_car -- -j4 -l4
[0.611s] [  2%] Built target msgs_car__cpp
[0.710s] [ 12%] Built target msgs_car__rosidl_typesupport_introspection_cpp
[0.712s] [ 23%] Built target msgs_car__rosidl_generator_c
[0.724s] [ 33%] Built target msgs_car__rosidl_typesupport_fastrtps_cpp
[0.828s] [ 43%] Built target msgs_car__rosidl_typesupport_cpp
[0.831s] [ 53%] Built target msgs_car__rosidl_typesupport_introspection_c
[0.857s] [ 64%] Built target msgs_car__rosidl_typesupport_fastrtps_c
[0.859s] [ 74%] Built target msgs_car__rosidl_typesupport_c
[0.920s] [ 74%] Built target msgs_car
[0.966s] [ 76%] Built target msgs_car__py
[1.007s] [ 84%] Built target msgs_car__python
[1.043s] [ 89%] Built target msgs_car__rosidl_typesupport_c__pyext
[1.043s] [ 94%] Built target msgs_car__rosidl_typesupport_fastrtps_c__pyext
[1.050s] [100%] Built target msgs_car__rosidl_typesupport_introspection_c__pyext
[1.062s] Invoked command in '/home/vivek/On-Codes/Batch-Opt-Highway-Driving/ros_ws/build/msgs_car' returned '0': CMAKE_PREFIX_PATH=/opt/ros/foxy /usr/bin/cmake --build /home/vivek/On-Codes/Batch-Opt-Highway-Driving/ros_ws/build/msgs_car -- -j4 -l4
[1.142s] Invoking command in '/home/vivek/On-Codes/Batch-Opt-Highway-Driving/ros_ws/build/msgs_car': CMAKE_PREFIX_PATH=/opt/ros/foxy /usr/bin/cmake --install /home/vivek/On-Codes/Batch-Opt-Highway-Driving/ros_ws/build/msgs_car
[1.165s] -- Install configuration: ""
[1.165s] -- Up-to-date: /home/vivek/On-Codes/Batch-Opt-Highway-Driving/ros_ws/install/msgs_car/share/ament_index/resource_index/rosidl_interfaces/msgs_car
[1.165s] -- Up-to-date: /home/vivek/On-Codes/Batch-Opt-Highway-Driving/ros_ws/install/msgs_car/include/msgs_car
[1.166s] -- Up-to-date: /home/vivek/On-Codes/Batch-Opt-Highway-Driving/ros_ws/install/msgs_car/include/msgs_car/msg
[1.166s] -- Up-to-date: /home/vivek/On-Codes/Batch-Opt-Highway-Driving/ros_ws/install/msgs_car/include/msgs_car/msg/controls.h
[1.166s] -- Up-to-date: /home/vivek/On-Codes/Batch-Opt-Highway-Driving/ros_ws/install/msgs_car/include/msgs_car/msg/states.h
[1.166s] -- Up-to-date: /home/vivek/On-Codes/Batch-Opt-Highway-Driving/ros_ws/install/msgs_car/include/msgs_car/msg/detail
[1.166s] -- Up-to-date: /home/vivek/On-Codes/Batch-Opt-Highway-Driving/ros_ws/install/msgs_car/include/msgs_car/msg/detail/controls__functions.c
[1.166s] -- Up-to-date: /home/vivek/On-Codes/Batch-Opt-Highway-Driving/ros_ws/install/msgs_car/include/msgs_car/msg/detail/controls__type_support.h
[1.166s] -- Up-to-date: /home/vivek/On-Codes/Batch-Opt-Highway-Driving/ros_ws/install/msgs_car/include/msgs_car/msg/detail/controls__struct.h
[1.166s] -- Up-to-date: /home/vivek/On-Codes/Batch-Opt-Highway-Driving/ros_ws/install/msgs_car/include/msgs_car/msg/detail/states__functions.h
[1.166s] -- Up-to-date: /home/vivek/On-Codes/Batch-Opt-Highway-Driving/ros_ws/install/msgs_car/include/msgs_car/msg/detail/states__functions.c
[1.166s] -- Up-to-date: /home/vivek/On-Codes/Batch-Opt-Highway-Driving/ros_ws/install/msgs_car/include/msgs_car/msg/detail/states__struct.h
[1.166s] -- Up-to-date: /home/vivek/On-Codes/Batch-Opt-Highway-Driving/ros_ws/install/msgs_car/include/msgs_car/msg/detail/controls__functions.h
[1.166s] -- Up-to-date: /home/vivek/On-Codes/Batch-Opt-Highway-Driving/ros_ws/install/msgs_car/include/msgs_car/msg/detail/states__type_support.h
[1.167s] -- Up-to-date: /home/vivek/On-Codes/Batch-Opt-Highway-Driving/ros_ws/install/msgs_car/include/msgs_car/msg/rosidl_generator_c__visibility_control.h
[1.167s] -- Up-to-date: /home/vivek/On-Codes/Batch-Opt-Highway-Driving/ros_ws/install/msgs_car/share/msgs_car/environment/library_path.sh
[1.167s] -- Up-to-date: /home/vivek/On-Codes/Batch-Opt-Highway-Driving/ros_ws/install/msgs_car/share/msgs_car/environment/library_path.dsv
[1.172s] -- Up-to-date: /home/vivek/On-Codes/Batch-Opt-Highway-Driving/ros_ws/install/msgs_car/lib/libmsgs_car__rosidl_generator_c.so
[1.172s] -- Up-to-date: /home/vivek/On-Codes/Batch-Opt-Highway-Driving/ros_ws/install/msgs_car/include/msgs_car
[1.173s] -- Up-to-date: /home/vivek/On-Codes/Batch-Opt-Highway-Driving/ros_ws/install/msgs_car/include/msgs_car/msg
[1.173s] -- Up-to-date: /home/vivek/On-Codes/Batch-Opt-Highway-Driving/ros_ws/install/msgs_car/include/msgs_car/msg/rosidl_typesupport_fastrtps_c__visibility_control.h
[1.173s] -- Up-to-date: /home/vivek/On-Codes/Batch-Opt-Highway-Driving/ros_ws/install/msgs_car/include/msgs_car/msg/detail
[1.173s] -- Up-to-date: /home/vivek/On-Codes/Batch-Opt-Highway-Driving/ros_ws/install/msgs_car/include/msgs_car/msg/detail/states__rosidl_typesupport_fastrtps_c.h
[1.173s] -- Up-to-date: /home/vivek/On-Codes/Batch-Opt-Highway-Driving/ros_ws/install/msgs_car/include/msgs_car/msg/detail/controls__rosidl_typesupport_fastrtps_c.h
[1.174s] -- Up-to-date: /home/vivek/On-Codes/Batch-Opt-Highway-Driving/ros_ws/install/msgs_car/lib/libmsgs_car__rosidl_typesupport_fastrtps_c.so
[1.174s] -- Up-to-date: /home/vivek/On-Codes/Batch-Opt-Highway-Driving/ros_ws/install/msgs_car/include/msgs_car
[1.174s] -- Up-to-date: /home/vivek/On-Codes/Batch-Opt-Highway-Driving/ros_ws/install/msgs_car/include/msgs_car/msg
[1.174s] -- Up-to-date: /home/vivek/On-Codes/Batch-Opt-Highway-Driving/ros_ws/install/msgs_car/include/msgs_car/msg/rosidl_typesupport_fastrtps_cpp__visibility_control.h
[1.177s] -- Up-to-date: /home/vivek/On-Codes/Batch-Opt-Highway-Driving/ros_ws/install/msgs_car/include/msgs_car/msg/detail
[1.177s] -- Up-to-date: /home/vivek/On-Codes/Batch-Opt-Highway-Driving/ros_ws/install/msgs_car/include/msgs_car/msg/detail/dds_fastrtps
[1.177s] -- Up-to-date: /home/vivek/On-Codes/Batch-Opt-Highway-Driving/ros_ws/install/msgs_car/include/msgs_car/msg/detail/controls__rosidl_typesupport_fastrtps_cpp.hpp
[1.177s] -- Up-to-date: /home/vivek/On-Codes/Batch-Opt-Highway-Driving/ros_ws/install/msgs_car/include/msgs_car/msg/detail/states__rosidl_typesupport_fastrtps_cpp.hpp
[1.177s] -- Up-to-date: /home/vivek/On-Codes/Batch-Opt-Highway-Driving/ros_ws/install/msgs_car/lib/libmsgs_car__rosidl_typesupport_fastrtps_cpp.so
[1.177s] -- Up-to-date: /home/vivek/On-Codes/Batch-Opt-Highway-Driving/ros_ws/install/msgs_car/include/msgs_car
[1.177s] -- Up-to-date: /home/vivek/On-Codes/Batch-Opt-Highway-Driving/ros_ws/install/msgs_car/include/msgs_car/msg
[1.177s] -- Up-to-date: /home/vivek/On-Codes/Batch-Opt-Highway-Driving/ros_ws/install/msgs_car/include/msgs_car/msg/rosidl_typesupport_introspection_c__visibility_control.h
[1.178s] -- Up-to-date: /home/vivek/On-Codes/Batch-Opt-Highway-Driving/ros_ws/install/msgs_car/include/msgs_car/msg/detail
[1.178s] -- Up-to-date: /home/vivek/On-Codes/Batch-Opt-Highway-Driving/ros_ws/install/msgs_car/include/msgs_car/msg/detail/states__type_support.c
[1.178s] -- Up-to-date: /home/vivek/On-Codes/Batch-Opt-Highway-Driving/ros_ws/install/msgs_car/include/msgs_car/msg/detail/controls__rosidl_typesupport_introspection_c.h
[1.178s] -- Up-to-date: /home/vivek/On-Codes/Batch-Opt-Highway-Driving/ros_ws/install/msgs_car/include/msgs_car/msg/detail/states__rosidl_typesupport_introspection_c.h
[1.178s] -- Up-to-date: /home/vivek/On-Codes/Batch-Opt-Highway-Driving/ros_ws/install/msgs_car/include/msgs_car/msg/detail/controls__type_support.c
[1.178s] -- Up-to-date: /home/vivek/On-Codes/Batch-Opt-Highway-Driving/ros_ws/install/msgs_car/lib/libmsgs_car__rosidl_typesupport_introspection_c.so
[1.178s] -- Up-to-date: /home/vivek/On-Codes/Batch-Opt-Highway-Driving/ros_ws/install/msgs_car/lib/libmsgs_car__rosidl_typesupport_c.so
[1.179s] -- Up-to-date: /home/vivek/On-Codes/Batch-Opt-Highway-Driving/ros_ws/install/msgs_car/include/msgs_car
[1.179s] -- Up-to-date: /home/vivek/On-Codes/Batch-Opt-Highway-Driving/ros_ws/install/msgs_car/include/msgs_car/msg
[1.179s] -- Up-to-date: /home/vivek/On-Codes/Batch-Opt-Highway-Driving/ros_ws/install/msgs_car/include/msgs_car/msg/controls.hpp
[1.179s] -- Up-to-date: /home/vivek/On-Codes/Batch-Opt-Highway-Driving/ros_ws/install/msgs_car/include/msgs_car/msg/detail
[1.179s] -- Up-to-date: /home/vivek/On-Codes/Batch-Opt-Highway-Driving/ros_ws/install/msgs_car/include/msgs_car/msg/detail/controls__struct.hpp
[1.179s] -- Up-to-date: /home/vivek/On-Codes/Batch-Opt-Highway-Driving/ros_ws/install/msgs_car/include/msgs_car/msg/detail/controls__builder.hpp
[1.179s] -- Up-to-date: /home/vivek/On-Codes/Batch-Opt-Highway-Driving/ros_ws/install/msgs_car/include/msgs_car/msg/detail/states__builder.hpp
[1.179s] -- Up-to-date: /home/vivek/On-Codes/Batch-Opt-Highway-Driving/ros_ws/install/msgs_car/include/msgs_car/msg/detail/states__struct.hpp
[1.180s] -- Up-to-date: /home/vivek/On-Codes/Batch-Opt-Highway-Driving/ros_ws/install/msgs_car/include/msgs_car/msg/detail/states__traits.hpp
[1.180s] -- Up-to-date: /home/vivek/On-Codes/Batch-Opt-Highway-Driving/ros_ws/install/msgs_car/include/msgs_car/msg/detail/controls__traits.hpp
[1.180s] -- Up-to-date: /home/vivek/On-Codes/Batch-Opt-Highway-Driving/ros_ws/install/msgs_car/include/msgs_car/msg/states.hpp
[1.180s] -- Up-to-date: /home/vivek/On-Codes/Batch-Opt-Highway-Driving/ros_ws/install/msgs_car/include/msgs_car
[1.180s] -- Up-to-date: /home/vivek/On-Codes/Batch-Opt-Highway-Driving/ros_ws/install/msgs_car/include/msgs_car/msg
[1.180s] -- Up-to-date: /home/vivek/On-Codes/Batch-Opt-Highway-Driving/ros_ws/install/msgs_car/include/msgs_car/msg/detail
[1.180s] -- Up-to-date: /home/vivek/On-Codes/Batch-Opt-Highway-Driving/ros_ws/install/msgs_car/include/msgs_car/msg/detail/controls__rosidl_typesupport_introspection_cpp.hpp
[1.180s] -- Up-to-date: /home/vivek/On-Codes/Batch-Opt-Highway-Driving/ros_ws/install/msgs_car/include/msgs_car/msg/detail/states__type_support.cpp
[1.180s] -- Up-to-date: /home/vivek/On-Codes/Batch-Opt-Highway-Driving/ros_ws/install/msgs_car/include/msgs_car/msg/detail/states__rosidl_typesupport_introspection_cpp.hpp
[1.182s] -- Up-to-date: /home/vivek/On-Codes/Batch-Opt-Highway-Driving/ros_ws/install/msgs_car/include/msgs_car/msg/detail/controls__type_support.cpp
[1.182s] -- Up-to-date: /home/vivek/On-Codes/Batch-Opt-Highway-Driving/ros_ws/install/msgs_car/lib/libmsgs_car__rosidl_typesupport_introspection_cpp.so
[1.182s] -- Up-to-date: /home/vivek/On-Codes/Batch-Opt-Highway-Driving/ros_ws/install/msgs_car/lib/libmsgs_car__rosidl_typesupport_cpp.so
[1.182s] -- Up-to-date: /home/vivek/On-Codes/Batch-Opt-Highway-Driving/ros_ws/install/msgs_car/share/msgs_car/environment/pythonpath.sh
[1.182s] -- Up-to-date: /home/vivek/On-Codes/Batch-Opt-Highway-Driving/ros_ws/install/msgs_car/share/msgs_car/environment/pythonpath.dsv
[1.182s] -- Up-to-date: /home/vivek/On-Codes/Batch-Opt-Highway-Driving/ros_ws/install/msgs_car/lib/python3.8/site-packages/msgs_car/__init__.py
[1.222s] -- Up-to-date: /home/vivek/On-Codes/Batch-Opt-Highway-Driving/ros_ws/install/msgs_car/lib/python3.8/site-packages/msgs_car/msg
[1.223s] -- Up-to-date: /home/vivek/On-Codes/Batch-Opt-Highway-Driving/ros_ws/install/msgs_car/lib/python3.8/site-packages/msgs_car/msg/_controls_s.c
[1.223s] -- Up-to-date: /home/vivek/On-Codes/Batch-Opt-Highway-Driving/ros_ws/install/msgs_car/lib/python3.8/site-packages/msgs_car/msg/_states_s.c
[1.223s] -- Up-to-date: /home/vivek/On-Codes/Batch-Opt-Highway-Driving/ros_ws/install/msgs_car/lib/python3.8/site-packages/msgs_car/msg/_states.py
[1.223s] -- Up-to-date: /home/vivek/On-Codes/Batch-Opt-Highway-Driving/ros_ws/install/msgs_car/lib/python3.8/site-packages/msgs_car/msg/__init__.py
[1.223s] -- Up-to-date: /home/vivek/On-Codes/Batch-Opt-Highway-Driving/ros_ws/install/msgs_car/lib/python3.8/site-packages/msgs_car/msg/_controls.py
[1.223s] -- Up-to-date: /home/vivek/On-Codes/Batch-Opt-Highway-Driving/ros_ws/install/msgs_car/lib/python3.8/site-packages/msgs_car/msgs_car_s__rosidl_typesupport_fastrtps_c.cpython-38-x86_64-linux-gnu.so
[1.224s] -- Up-to-date: /home/vivek/On-Codes/Batch-Opt-Highway-Driving/ros_ws/install/msgs_car/lib/python3.8/site-packages/msgs_car/msgs_car_s__rosidl_typesupport_introspection_c.cpython-38-x86_64-linux-gnu.so
[1.226s] -- Up-to-date: /home/vivek/On-Codes/Batch-Opt-Highway-Driving/ros_ws/install/msgs_car/lib/python3.8/site-packages/msgs_car/msgs_car_s__rosidl_typesupport_c.cpython-38-x86_64-linux-gnu.so
[1.227s] -- Up-to-date: /home/vivek/On-Codes/Batch-Opt-Highway-Driving/ros_ws/install/msgs_car/lib/libmsgs_car__python.so
[1.227s] -- Up-to-date: /home/vivek/On-Codes/Batch-Opt-Highway-Driving/ros_ws/install/msgs_car/share/msgs_car/msg/States.idl
[1.228s] -- Up-to-date: /home/vivek/On-Codes/Batch-Opt-Highway-Driving/ros_ws/install/msgs_car/share/msgs_car/msg/Controls.idl
[1.228s] -- Up-to-date: /home/vivek/On-Codes/Batch-Opt-Highway-Driving/ros_ws/install/msgs_car/share/msgs_car/msg/States.msg
[1.228s] -- Up-to-date: /home/vivek/On-Codes/Batch-Opt-Highway-Driving/ros_ws/install/msgs_car/share/msgs_car/msg/Controls.msg
[1.228s] -- Up-to-date: /home/vivek/On-Codes/Batch-Opt-Highway-Driving/ros_ws/install/msgs_car/share/ament_index/resource_index/package_run_dependencies/msgs_car
[1.228s] -- Up-to-date: /home/vivek/On-Codes/Batch-Opt-Highway-Driving/ros_ws/install/msgs_car/share/ament_index/resource_index/parent_prefix_path/msgs_car
[1.228s] -- Up-to-date: /home/vivek/On-Codes/Batch-Opt-Highway-Driving/ros_ws/install/msgs_car/share/msgs_car/environment/ament_prefix_path.sh
[1.228s] -- Up-to-date: /home/vivek/On-Codes/Batch-Opt-Highway-Driving/ros_ws/install/msgs_car/share/msgs_car/environment/ament_prefix_path.dsv
[1.228s] -- Up-to-date: /home/vivek/On-Codes/Batch-Opt-Highway-Driving/ros_ws/install/msgs_car/share/msgs_car/environment/path.sh
[1.228s] -- Up-to-date: /home/vivek/On-Codes/Batch-Opt-Highway-Driving/ros_ws/install/msgs_car/share/msgs_car/environment/path.dsv
[1.228s] -- Up-to-date: /home/vivek/On-Codes/Batch-Opt-Highway-Driving/ros_ws/install/msgs_car/share/msgs_car/local_setup.bash
[1.229s] -- Up-to-date: /home/vivek/On-Codes/Batch-Opt-Highway-Driving/ros_ws/install/msgs_car/share/msgs_car/local_setup.sh
[1.229s] -- Up-to-date: /home/vivek/On-Codes/Batch-Opt-Highway-Driving/ros_ws/install/msgs_car/share/msgs_car/local_setup.zsh
[1.229s] -- Up-to-date: /home/vivek/On-Codes/Batch-Opt-Highway-Driving/ros_ws/install/msgs_car/share/msgs_car/local_setup.dsv
[1.229s] -- Installing: /home/vivek/On-Codes/Batch-Opt-Highway-Driving/ros_ws/install/msgs_car/share/msgs_car/package.dsv
[1.238s] -- Up-to-date: /home/vivek/On-Codes/Batch-Opt-Highway-Driving/ros_ws/install/msgs_car/share/ament_index/resource_index/packages/msgs_car
[1.239s] -- Up-to-date: /home/vivek/On-Codes/Batch-Opt-Highway-Driving/ros_ws/install/msgs_car/share/msgs_car/cmake/msgs_car__rosidl_generator_cExport.cmake
[1.239s] -- Up-to-date: /home/vivek/On-Codes/Batch-Opt-Highway-Driving/ros_ws/install/msgs_car/share/msgs_car/cmake/msgs_car__rosidl_generator_cExport-noconfig.cmake
[1.246s] -- Up-to-date: /home/vivek/On-Codes/Batch-Opt-Highway-Driving/ros_ws/install/msgs_car/share/msgs_car/cmake/msgs_car__rosidl_typesupport_introspection_cExport.cmake
[1.246s] -- Up-to-date: /home/vivek/On-Codes/Batch-Opt-Highway-Driving/ros_ws/install/msgs_car/share/msgs_car/cmake/msgs_car__rosidl_typesupport_introspection_cExport-noconfig.cmake
[1.252s] -- Up-to-date: /home/vivek/On-Codes/Batch-Opt-Highway-Driving/ros_ws/install/msgs_car/share/msgs_car/cmake/msgs_car__rosidl_typesupport_cExport.cmake
[1.252s] -- Up-to-date: /home/vivek/On-Codes/Batch-Opt-Highway-Driving/ros_ws/install/msgs_car/share/msgs_car/cmake/msgs_car__rosidl_typesupport_cExport-noconfig.cmake
[1.253s] -- Up-to-date: /home/vivek/On-Codes/Batch-Opt-Highway-Driving/ros_ws/install/msgs_car/share/msgs_car/cmake/msgs_car__rosidl_generator_cppExport.cmake
[1.256s] -- Up-to-date: /home/vivek/On-Codes/Batch-Opt-Highway-Driving/ros_ws/install/msgs_car/share/msgs_car/cmake/msgs_car__rosidl_typesupport_introspection_cppExport.cmake
[1.257s] -- Up-to-date: /home/vivek/On-Codes/Batch-Opt-Highway-Driving/ros_ws/install/msgs_car/share/msgs_car/cmake/msgs_car__rosidl_typesupport_introspection_cppExport-noconfig.cmake
[1.257s] -- Up-to-date: /home/vivek/On-Codes/Batch-Opt-Highway-Driving/ros_ws/install/msgs_car/share/msgs_car/cmake/msgs_car__rosidl_typesupport_cppExport.cmake
[1.257s] -- Up-to-date: /home/vivek/On-Codes/Batch-Opt-Highway-Driving/ros_ws/install/msgs_car/share/msgs_car/cmake/msgs_car__rosidl_typesupport_cppExport-noconfig.cmake
[1.257s] -- Up-to-date: /home/vivek/On-Codes/Batch-Opt-Highway-Driving/ros_ws/install/msgs_car/share/msgs_car/cmake/rosidl_cmake-extras.cmake
[1.258s] -- Up-to-date: /home/vivek/On-Codes/Batch-Opt-Highway-Driving/ros_ws/install/msgs_car/share/msgs_car/cmake/ament_cmake_export_dependencies-extras.cmake
[1.258s] -- Up-to-date: /home/vivek/On-Codes/Batch-Opt-Highway-Driving/ros_ws/install/msgs_car/share/msgs_car/cmake/ament_cmake_export_libraries-extras.cmake
[1.258s] -- Up-to-date: /home/vivek/On-Codes/Batch-Opt-Highway-Driving/ros_ws/install/msgs_car/share/msgs_car/cmake/ament_cmake_export_targets-extras.cmake
[1.258s] -- Up-to-date: /home/vivek/On-Codes/Batch-Opt-Highway-Driving/ros_ws/install/msgs_car/share/msgs_car/cmake/ament_cmake_export_include_directories-extras.cmake
[1.258s] -- Up-to-date: /home/vivek/On-Codes/Batch-Opt-Highway-Driving/ros_ws/install/msgs_car/share/msgs_car/cmake/rosidl_cmake_export_typesupport_libraries-extras.cmake
[1.258s] -- Up-to-date: /home/vivek/On-Codes/Batch-Opt-Highway-Driving/ros_ws/install/msgs_car/share/msgs_car/cmake/rosidl_cmake_export_typesupport_targets-extras.cmake
[1.258s] -- Up-to-date: /home/vivek/On-Codes/Batch-Opt-Highway-Driving/ros_ws/install/msgs_car/share/msgs_car/cmake/msgs_carConfig.cmake
[1.258s] -- Up-to-date: /home/vivek/On-Codes/Batch-Opt-Highway-Driving/ros_ws/install/msgs_car/share/msgs_car/cmake/msgs_carConfig-version.cmake
[1.258s] -- Up-to-date: /home/vivek/On-Codes/Batch-Opt-Highway-Driving/ros_ws/install/msgs_car/share/msgs_car/package.xml
[1.263s] Invoked command in '/home/vivek/On-Codes/Batch-Opt-Highway-Driving/ros_ws/build/msgs_car' returned '0': CMAKE_PREFIX_PATH=/opt/ros/foxy /usr/bin/cmake --install /home/vivek/On-Codes/Batch-Opt-Highway-Driving/ros_ws/build/msgs_car
