[0.018s] Invoking command in '/home/vivek/On-Codes/Batch_traj_opt/mpc_car_batch/build/mpc_car_batch': CMAKE_PREFIX_PATH=/opt/ros/foxy /usr/bin/cmake --build /home/vivek/On-Codes/Batch_traj_opt/mpc_car_batch/build/mpc_car_batch -- -j4 -l4
[0.046s] -- Found ament_cmake: 0.9.8 (/opt/ros/foxy/share/ament_cmake/cmake)
[0.074s] -- Using PYTHON_EXECUTABLE: /usr/bin/python3
[0.273s] -- Found rclcpp: 2.3.1 (/opt/ros/foxy/share/rclcpp/cmake)
[0.308s] -- Using all available rosidl_typesupport_c: rosidl_typesupport_fastrtps_c;rosidl_typesupport_introspection_c
[0.312s] -- Found rosidl_adapter: 1.2.1 (/opt/ros/foxy/share/rosidl_adapter/cmake)
[0.431s] -- Using all available rosidl_typesupport_cpp: rosidl_typesupport_fastrtps_cpp;rosidl_typesupport_introspection_cpp
[0.481s] -- Found rmw_implementation_cmake: 1.0.3 (/opt/ros/foxy/share/rmw_implementation_cmake/cmake)
[0.483s] -- Using RMW implementation 'rmw_fastrtps_cpp' as default
[0.629s] -- Found geometry_msgs: 2.0.4 (/opt/ros/foxy/share/geometry_msgs/cmake)
[0.852s] -- Found nav_msgs: 2.0.4 (/opt/ros/foxy/share/nav_msgs/cmake)
[1.207s] -- Found ament_lint_auto: 0.9.6 (/opt/ros/foxy/share/ament_lint_auto/cmake)
[1.271s] -- Added test 'copyright' to check source files copyright and LICENSE
[1.291s] -- Added test 'cppcheck' to perform static code analysis on C / C++ code
[1.292s] -- Configured cppcheck include dirs: /home/vivek/On-Codes/Batch_traj_opt/mpc_car_batch/include
[1.292s] -- Configured cppcheck exclude dirs and/or files: 
[1.312s] -- Added test 'cpplint' to check C / C++ code against the Google style
[1.312s] -- Configured cpplint exclude dirs and/or files: 
[1.315s] -- Added test 'flake8' to check Python code syntax and style conventions
[1.321s] -- Added test 'lint_cmake' to check CMake code style
[1.324s] -- Added test 'pep257' to check Python code against some of the style conventions in PEP 257
[1.344s] -- Added test 'uncrustify' to check C / C++ code style
[1.344s] -- Configured uncrustify additional arguments: 
[1.347s] -- Added test 'xmllint' to check XML markup files
[1.350s] -- Configuring done
[1.355s] -- Generating done
[1.357s] -- Build files have been written to: /home/vivek/On-Codes/Batch_traj_opt/mpc_car_batch/build/mpc_car_batch
[1.392s] [ 50%] Built target mpc_node_lib
[1.404s] [35m[1mScanning dependencies of target mpc_node[0m
[1.415s] [ 75%] [32mBuilding CXX object CMakeFiles/mpc_node.dir/src/main.cpp.o[0m
[1.541s] [01m[K/home/vivek/On-Codes/Batch_traj_opt/mpc_car_batch/src/main.cpp:13:10:[m[K [01;31m[Kfatal error: [m[Krclcpp/rclcpp.hpp: No such file or directory
[1.541s]    13 | #include [01;31m[K"rclcpp/rclcpp.hpp"[m[K
[1.541s]       |          [01;31m[K^~~~~~~~~~~~~~~~~~~[m[K
[1.541s] compilation terminated.
[1.544s] make[2]: *** [CMakeFiles/mpc_node.dir/build.make:63: CMakeFiles/mpc_node.dir/src/main.cpp.o] Error 1
[1.544s] make[1]: *** [CMakeFiles/Makefile2:80: CMakeFiles/mpc_node.dir/all] Error 2
[1.545s] make: *** [Makefile:141: all] Error 2
[1.547s] Invoked command in '/home/vivek/On-Codes/Batch_traj_opt/mpc_car_batch/build/mpc_car_batch' returned '2': CMAKE_PREFIX_PATH=/opt/ros/foxy /usr/bin/cmake --build /home/vivek/On-Codes/Batch_traj_opt/mpc_car_batch/build/mpc_car_batch -- -j4 -l4
