[ 88%] Built target mpc_solver_single
[100%] Built target mpc_node_single
-- Install configuration: ""
-- Up-to-date: /home/lenovo/ros2_foxy/src/Batch-Opt-Highway-Driving/ros_ws/install/mpc_car_acado_single/share/ament_index/resource_index/package_run_dependencies/mpc_car_acado_single
-- Up-to-date: /home/lenovo/ros2_foxy/src/Batch-Opt-Highway-Driving/ros_ws/install/mpc_car_acado_single/share/ament_index/resource_index/parent_prefix_path/mpc_car_acado_single
-- Up-to-date: /home/lenovo/ros2_foxy/src/Batch-Opt-Highway-Driving/ros_ws/install/mpc_car_acado_single/share/mpc_car_acado_single/environment/ament_prefix_path.sh
-- Up-to-date: /home/lenovo/ros2_foxy/src/Batch-Opt-Highway-Driving/ros_ws/install/mpc_car_acado_single/share/mpc_car_acado_single/environment/ament_prefix_path.dsv
-- Up-to-date: /home/lenovo/ros2_foxy/src/Batch-Opt-Highway-Driving/ros_ws/install/mpc_car_acado_single/share/mpc_car_acado_single/environment/path.sh
-- Up-to-date: /home/lenovo/ros2_foxy/src/Batch-Opt-Highway-Driving/ros_ws/install/mpc_car_acado_single/share/mpc_car_acado_single/environment/path.dsv
-- Up-to-date: /home/lenovo/ros2_foxy/src/Batch-Opt-Highway-Driving/ros_ws/install/mpc_car_acado_single/share/mpc_car_acado_single/local_setup.bash
-- Up-to-date: /home/lenovo/ros2_foxy/src/Batch-Opt-Highway-Driving/ros_ws/install/mpc_car_acado_single/share/mpc_car_acado_single/local_setup.sh
-- Up-to-date: /home/lenovo/ros2_foxy/src/Batch-Opt-Highway-Driving/ros_ws/install/mpc_car_acado_single/share/mpc_car_acado_single/local_setup.zsh
-- Up-to-date: /home/lenovo/ros2_foxy/src/Batch-Opt-Highway-Driving/ros_ws/install/mpc_car_acado_single/share/mpc_car_acado_single/local_setup.dsv
-- Installing: /home/lenovo/ros2_foxy/src/Batch-Opt-Highway-Driving/ros_ws/install/mpc_car_acado_single/share/mpc_car_acado_single/package.dsv
-- Up-to-date: /home/lenovo/ros2_foxy/src/Batch-Opt-Highway-Driving/ros_ws/install/mpc_car_acado_single/share/ament_index/resource_index/packages/mpc_car_acado_single
-- Up-to-date: /home/lenovo/ros2_foxy/src/Batch-Opt-Highway-Driving/ros_ws/install/mpc_car_acado_single/share/mpc_car_acado_single/cmake/ament_cmake_export_include_directories-extras.cmake
-- Up-to-date: /home/lenovo/ros2_foxy/src/Batch-Opt-Highway-Driving/ros_ws/install/mpc_car_acado_single/share/mpc_car_acado_single/cmake/mpc_car_acado_singleConfig.cmake
-- Up-to-date: /home/lenovo/ros2_foxy/src/Batch-Opt-Highway-Driving/ros_ws/install/mpc_car_acado_single/share/mpc_car_acado_single/cmake/mpc_car_acado_singleConfig-version.cmake
-- Up-to-date: /home/lenovo/ros2_foxy/src/Batch-Opt-Highway-Driving/ros_ws/install/mpc_car_acado_single/share/mpc_car_acado_single/package.xml
-- Up-to-date: /home/lenovo/ros2_foxy/src/Batch-Opt-Highway-Driving/ros_ws/install/mpc_car_acado_single/lib/mpc_car_acado_single/mpc_node_single
