[ 88%] Built target mpc_solver
[35m[1mScanning dependencies of target mpc_node[0m
[ 94%] [32mBuilding CXX object CMakeFiles/mpc_node.dir/src/main_acado.cpp.o[0m
[01m[K/home/vivek/On-Codes/Batch-Opt-Highway-Driving/ros_ws/src/mpc_car_acado/src/main_acado.cpp:[m[K In constructor ‘[01m[KMinimalPublisher::MinimalPublisher()[m[K’:
[01m[K/home/vivek/On-Codes/Batch-Opt-Highway-Driving/ros_ws/src/mpc_car_acado/src/main_acado.cpp:142:10:[m[K [01;35m[Kwarning: [m[KISO C++ forbids variable length array ‘[01m[KThread[m[K’ [[01;35m[K-Wvla[m[K]
  142 |   thread [01;35m[KThread[m[K[num_goal];
      |          [01;35m[K^~~~~~[m[K
[01m[K/home/vivek/On-Codes/Batch-Opt-Highway-Driving/ros_ws/src/mpc_car_acado/src/main_acado.cpp:[m[K In member function ‘[01m[Kvoid MinimalPublisher::optimize(int)[m[K’:
[01m[K/home/vivek/On-Codes/Batch-Opt-Highway-Driving/ros_ws/src/mpc_car_acado/src/main_acado.cpp:325:18:[m[K [01;35m[Kwarning: [m[Kunused variable ‘[01m[Kt2[m[K’ [[01;35m[K-Wunused-variable[m[K]
  325 |   acado_timer t, [01;35m[Kt2[m[K;
      |                  [01;35m[K^~[m[K
[100%] [32m[1mLinking CXX executable mpc_node[0m
[100%] Built target mpc_node
-- Install configuration: ""
-- Up-to-date: /home/vivek/On-Codes/Batch-Opt-Highway-Driving/ros_ws/install/mpc_car_acado/include/mpc_car_acado/
-- Up-to-date: /home/vivek/On-Codes/Batch-Opt-Highway-Driving/ros_ws/install/mpc_car_acado/share/ament_index/resource_index/package_run_dependencies/mpc_car_acado
-- Installing: /home/vivek/On-Codes/Batch-Opt-Highway-Driving/ros_ws/install/mpc_car_acado/share/ament_index/resource_index/parent_prefix_path/mpc_car_acado
-- Up-to-date: /home/vivek/On-Codes/Batch-Opt-Highway-Driving/ros_ws/install/mpc_car_acado/share/mpc_car_acado/environment/ament_prefix_path.sh
-- Installing: /home/vivek/On-Codes/Batch-Opt-Highway-Driving/ros_ws/install/mpc_car_acado/share/mpc_car_acado/environment/ament_prefix_path.dsv
-- Up-to-date: /home/vivek/On-Codes/Batch-Opt-Highway-Driving/ros_ws/install/mpc_car_acado/share/mpc_car_acado/environment/path.sh
-- Installing: /home/vivek/On-Codes/Batch-Opt-Highway-Driving/ros_ws/install/mpc_car_acado/share/mpc_car_acado/environment/path.dsv
-- Up-to-date: /home/vivek/On-Codes/Batch-Opt-Highway-Driving/ros_ws/install/mpc_car_acado/share/mpc_car_acado/local_setup.bash
-- Up-to-date: /home/vivek/On-Codes/Batch-Opt-Highway-Driving/ros_ws/install/mpc_car_acado/share/mpc_car_acado/local_setup.sh
-- Up-to-date: /home/vivek/On-Codes/Batch-Opt-Highway-Driving/ros_ws/install/mpc_car_acado/share/mpc_car_acado/local_setup.zsh
-- Installing: /home/vivek/On-Codes/Batch-Opt-Highway-Driving/ros_ws/install/mpc_car_acado/share/mpc_car_acado/local_setup.dsv
-- Installing: /home/vivek/On-Codes/Batch-Opt-Highway-Driving/ros_ws/install/mpc_car_acado/share/mpc_car_acado/package.dsv
-- Up-to-date: /home/vivek/On-Codes/Batch-Opt-Highway-Driving/ros_ws/install/mpc_car_acado/share/ament_index/resource_index/packages/mpc_car_acado
-- Up-to-date: /home/vivek/On-Codes/Batch-Opt-Highway-Driving/ros_ws/install/mpc_car_acado/share/mpc_car_acado/cmake/ament_cmake_export_include_directories-extras.cmake
-- Up-to-date: /home/vivek/On-Codes/Batch-Opt-Highway-Driving/ros_ws/install/mpc_car_acado/share/mpc_car_acado/cmake/mpc_car_acadoConfig.cmake
-- Up-to-date: /home/vivek/On-Codes/Batch-Opt-Highway-Driving/ros_ws/install/mpc_car_acado/share/mpc_car_acado/cmake/mpc_car_acadoConfig-version.cmake
-- Up-to-date: /home/vivek/On-Codes/Batch-Opt-Highway-Driving/ros_ws/install/mpc_car_acado/share/mpc_car_acado/package.xml
-- Installing: /home/vivek/On-Codes/Batch-Opt-Highway-Driving/ros_ws/install/mpc_car_acado/lib/mpc_car_acado/mpc_node
-- Set runtime path of "/home/vivek/On-Codes/Batch-Opt-Highway-Driving/ros_ws/install/mpc_car_acado/lib/mpc_car_acado/mpc_node" to ""
