[0.525s] Invoking command in '/home/vivek/On-Codes/Batch-Opt-Highway-Driving/ros_ws/build/mpc_car_acado': CMAKE_PREFIX_PATH=/home/vivek/On-Codes/Batch-Opt-Highway-Driving/ros_ws/install/msgs_car:/home/vivek/On-Codes/Batch-Opt-Highway-Driving/ros_ws/install/mpc_car_batch:/home/vivek/On-Codes/Batch-Opt-Highway-Driving/ros_ws/install/mpc_car_acado_single:/home/vivek/On-Codes/Batch-Opt-Highway-Driving/ros_ws/install/mpc_car_acado:/home/vivek/On-Codes/Batch-Opt-Highway-Driving/ros_ws/install/highway_car:/home/vivek/On-Codes/Batch-Opt-Highway-Driving/ros_ws/install/frenet_car:/opt/ros/foxy PYTHONPATH=/home/vivek/On-Codes/Batch-Opt-Highway-Driving/ros_ws/install/msgs_car/lib/python3.8/site-packages:/home/vivek/On-Codes/Batch-Opt-Highway-Driving/ros_ws/install/highway_car/lib/python3.8/site-packages:/home/vivek/On-Codes/Batch-Opt-Highway-Driving/ros_ws/install/frenet_car/lib/python3.8/site-packages:/opt/ros/foxy/lib/python3.8/site-packages:/opt/carla-simulator/PythonAPI/carla/dist/carla-0.9.11-py3.7-linux-x86_64.egg:/opt/carla-simulator/PythonAPI/carla /usr/bin/cmake --build /home/vivek/On-Codes/Batch-Opt-Highway-Driving/ros_ws/build/mpc_car_acado -- -j4 -l4
[0.597s] [ 88%] Built target mpc_solver
[0.610s] [35m[1mScanning dependencies of target mpc_node[0m
[0.670s] [ 94%] [32mBuilding CXX object CMakeFiles/mpc_node.dir/src/main_acado.cpp.o[0m
[3.117s] [01m[K/home/vivek/On-Codes/Batch-Opt-Highway-Driving/ros_ws/src/mpc_car_acado/src/main_acado.cpp:[m[K In constructor ‘[01m[KMinimalPublisher::MinimalPublisher()[m[K’:
[3.117s] [01m[K/home/vivek/On-Codes/Batch-Opt-Highway-Driving/ros_ws/src/mpc_car_acado/src/main_acado.cpp:142:10:[m[K [01;35m[Kwarning: [m[KISO C++ forbids variable length array ‘[01m[KThread[m[K’ [[01;35m[K-Wvla[m[K]
[3.117s]   142 |   thread [01;35m[KThread[m[K[num_goal];
[3.117s]       |          [01;35m[K^~~~~~[m[K
[3.267s] [01m[K/home/vivek/On-Codes/Batch-Opt-Highway-Driving/ros_ws/src/mpc_car_acado/src/main_acado.cpp:[m[K In member function ‘[01m[Kvoid MinimalPublisher::optimize(int)[m[K’:
[3.267s] [01m[K/home/vivek/On-Codes/Batch-Opt-Highway-Driving/ros_ws/src/mpc_car_acado/src/main_acado.cpp:325:18:[m[K [01;35m[Kwarning: [m[Kunused variable ‘[01m[Kt2[m[K’ [[01;35m[K-Wunused-variable[m[K]
[3.267s]   325 |   acado_timer t, [01;35m[Kt2[m[K;
[3.267s]       |                  [01;35m[K^~[m[K
[8.199s] [100%] [32m[1mLinking CXX executable mpc_node[0m
[8.882s] [100%] Built target mpc_node
[8.905s] Invoked command in '/home/vivek/On-Codes/Batch-Opt-Highway-Driving/ros_ws/build/mpc_car_acado' returned '0': CMAKE_PREFIX_PATH=/home/vivek/On-Codes/Batch-Opt-Highway-Driving/ros_ws/install/msgs_car:/home/vivek/On-Codes/Batch-Opt-Highway-Driving/ros_ws/install/mpc_car_batch:/home/vivek/On-Codes/Batch-Opt-Highway-Driving/ros_ws/install/mpc_car_acado_single:/home/vivek/On-Codes/Batch-Opt-Highway-Driving/ros_ws/install/mpc_car_acado:/home/vivek/On-Codes/Batch-Opt-Highway-Driving/ros_ws/install/highway_car:/home/vivek/On-Codes/Batch-Opt-Highway-Driving/ros_ws/install/frenet_car:/opt/ros/foxy PYTHONPATH=/home/vivek/On-Codes/Batch-Opt-Highway-Driving/ros_ws/install/msgs_car/lib/python3.8/site-packages:/home/vivek/On-Codes/Batch-Opt-Highway-Driving/ros_ws/install/highway_car/lib/python3.8/site-packages:/home/vivek/On-Codes/Batch-Opt-Highway-Driving/ros_ws/install/frenet_car/lib/python3.8/site-packages:/opt/ros/foxy/lib/python3.8/site-packages:/opt/carla-simulator/PythonAPI/carla/dist/carla-0.9.11-py3.7-linux-x86_64.egg:/opt/carla-simulator/PythonAPI/carla /usr/bin/cmake --build /home/vivek/On-Codes/Batch-Opt-Highway-Driving/ros_ws/build/mpc_car_acado -- -j4 -l4
[8.991s] Invoking command in '/home/vivek/On-Codes/Batch-Opt-Highway-Driving/ros_ws/build/mpc_car_acado': CMAKE_PREFIX_PATH=/home/vivek/On-Codes/Batch-Opt-Highway-Driving/ros_ws/install/msgs_car:/home/vivek/On-Codes/Batch-Opt-Highway-Driving/ros_ws/install/mpc_car_batch:/home/vivek/On-Codes/Batch-Opt-Highway-Driving/ros_ws/install/mpc_car_acado_single:/home/vivek/On-Codes/Batch-Opt-Highway-Driving/ros_ws/install/mpc_car_acado:/home/vivek/On-Codes/Batch-Opt-Highway-Driving/ros_ws/install/highway_car:/home/vivek/On-Codes/Batch-Opt-Highway-Driving/ros_ws/install/frenet_car:/opt/ros/foxy PYTHONPATH=/home/vivek/On-Codes/Batch-Opt-Highway-Driving/ros_ws/install/msgs_car/lib/python3.8/site-packages:/home/vivek/On-Codes/Batch-Opt-Highway-Driving/ros_ws/install/highway_car/lib/python3.8/site-packages:/home/vivek/On-Codes/Batch-Opt-Highway-Driving/ros_ws/install/frenet_car/lib/python3.8/site-packages:/opt/ros/foxy/lib/python3.8/site-packages:/opt/carla-simulator/PythonAPI/carla/dist/carla-0.9.11-py3.7-linux-x86_64.egg:/opt/carla-simulator/PythonAPI/carla /usr/bin/cmake --install /home/vivek/On-Codes/Batch-Opt-Highway-Driving/ros_ws/build/mpc_car_acado
[9.000s] -- Install configuration: ""
[9.000s] -- Up-to-date: /home/vivek/On-Codes/Batch-Opt-Highway-Driving/ros_ws/install/mpc_car_acado/include/mpc_car_acado/
[9.000s] -- Up-to-date: /home/vivek/On-Codes/Batch-Opt-Highway-Driving/ros_ws/install/mpc_car_acado/share/ament_index/resource_index/package_run_dependencies/mpc_car_acado
[9.000s] -- Installing: /home/vivek/On-Codes/Batch-Opt-Highway-Driving/ros_ws/install/mpc_car_acado/share/ament_index/resource_index/parent_prefix_path/mpc_car_acado
[9.001s] -- Up-to-date: /home/vivek/On-Codes/Batch-Opt-Highway-Driving/ros_ws/install/mpc_car_acado/share/mpc_car_acado/environment/ament_prefix_path.sh
[9.001s] -- Installing: /home/vivek/On-Codes/Batch-Opt-Highway-Driving/ros_ws/install/mpc_car_acado/share/mpc_car_acado/environment/ament_prefix_path.dsv
[9.001s] -- Up-to-date: /home/vivek/On-Codes/Batch-Opt-Highway-Driving/ros_ws/install/mpc_car_acado/share/mpc_car_acado/environment/path.sh
[9.001s] -- Installing: /home/vivek/On-Codes/Batch-Opt-Highway-Driving/ros_ws/install/mpc_car_acado/share/mpc_car_acado/environment/path.dsv
[9.001s] -- Up-to-date: /home/vivek/On-Codes/Batch-Opt-Highway-Driving/ros_ws/install/mpc_car_acado/share/mpc_car_acado/local_setup.bash
[9.001s] -- Up-to-date: /home/vivek/On-Codes/Batch-Opt-Highway-Driving/ros_ws/install/mpc_car_acado/share/mpc_car_acado/local_setup.sh
[9.001s] -- Up-to-date: /home/vivek/On-Codes/Batch-Opt-Highway-Driving/ros_ws/install/mpc_car_acado/share/mpc_car_acado/local_setup.zsh
[9.001s] -- Installing: /home/vivek/On-Codes/Batch-Opt-Highway-Driving/ros_ws/install/mpc_car_acado/share/mpc_car_acado/local_setup.dsv
[9.002s] -- Installing: /home/vivek/On-Codes/Batch-Opt-Highway-Driving/ros_ws/install/mpc_car_acado/share/mpc_car_acado/package.dsv
[9.002s] -- Up-to-date: /home/vivek/On-Codes/Batch-Opt-Highway-Driving/ros_ws/install/mpc_car_acado/share/ament_index/resource_index/packages/mpc_car_acado
[9.002s] -- Up-to-date: /home/vivek/On-Codes/Batch-Opt-Highway-Driving/ros_ws/install/mpc_car_acado/share/mpc_car_acado/cmake/ament_cmake_export_include_directories-extras.cmake
[9.002s] -- Up-to-date: /home/vivek/On-Codes/Batch-Opt-Highway-Driving/ros_ws/install/mpc_car_acado/share/mpc_car_acado/cmake/mpc_car_acadoConfig.cmake
[9.002s] -- Up-to-date: /home/vivek/On-Codes/Batch-Opt-Highway-Driving/ros_ws/install/mpc_car_acado/share/mpc_car_acado/cmake/mpc_car_acadoConfig-version.cmake
[9.002s] -- Up-to-date: /home/vivek/On-Codes/Batch-Opt-Highway-Driving/ros_ws/install/mpc_car_acado/share/mpc_car_acado/package.xml
[9.002s] -- Installing: /home/vivek/On-Codes/Batch-Opt-Highway-Driving/ros_ws/install/mpc_car_acado/lib/mpc_car_acado/mpc_node
[9.035s] -- Set runtime path of "/home/vivek/On-Codes/Batch-Opt-Highway-Driving/ros_ws/install/mpc_car_acado/lib/mpc_car_acado/mpc_node" to ""
[9.048s] Invoked command in '/home/vivek/On-Codes/Batch-Opt-Highway-Driving/ros_ws/build/mpc_car_acado' returned '0': CMAKE_PREFIX_PATH=/home/vivek/On-Codes/Batch-Opt-Highway-Driving/ros_ws/install/msgs_car:/home/vivek/On-Codes/Batch-Opt-Highway-Driving/ros_ws/install/mpc_car_batch:/home/vivek/On-Codes/Batch-Opt-Highway-Driving/ros_ws/install/mpc_car_acado_single:/home/vivek/On-Codes/Batch-Opt-Highway-Driving/ros_ws/install/mpc_car_acado:/home/vivek/On-Codes/Batch-Opt-Highway-Driving/ros_ws/install/highway_car:/home/vivek/On-Codes/Batch-Opt-Highway-Driving/ros_ws/install/frenet_car:/opt/ros/foxy PYTHONPATH=/home/vivek/On-Codes/Batch-Opt-Highway-Driving/ros_ws/install/msgs_car/lib/python3.8/site-packages:/home/vivek/On-Codes/Batch-Opt-Highway-Driving/ros_ws/install/highway_car/lib/python3.8/site-packages:/home/vivek/On-Codes/Batch-Opt-Highway-Driving/ros_ws/install/frenet_car/lib/python3.8/site-packages:/opt/ros/foxy/lib/python3.8/site-packages:/opt/carla-simulator/PythonAPI/carla/dist/carla-0.9.11-py3.7-linux-x86_64.egg:/opt/carla-simulator/PythonAPI/carla /usr/bin/cmake --install /home/vivek/On-Codes/Batch-Opt-Highway-Driving/ros_ws/build/mpc_car_acado
