[0.696s] Invoking command in '/home/vivek/On-Codes/Batch-Opt-Highway-Driving/ros_ws/src/highway_car': CMAKE_PREFIX_PATH=/home/vivek/On-Codes/Batch-Opt-Highway-Driving/ros_ws/install/msgs_car:/home/vivek/On-Codes/Batch-Opt-Highway-Driving/ros_ws/install/mpc_car_batch:/home/vivek/On-Codes/Batch-Opt-Highway-Driving/ros_ws/install/mpc_car_acado_single:/home/vivek/On-Codes/Batch-Opt-Highway-Driving/ros_ws/install/mpc_car_acado PYTHONPATH=/home/vivek/On-Codes/Batch-Opt-Highway-Driving/ros_ws/install/highway_car/lib/python3.8/site-packages:/home/vivek/On-Codes/Batch-Opt-Highway-Driving/ros_ws/install/msgs_car/lib/python3.8/site-packages:/home/vivek/On-Codes/Batch-Opt-Highway-Driving/ros_ws/install/highway_car/lib/python3.8/site-packages:/home/vivek/On-Codes/Batch-Opt-Highway-Driving/ros_ws/install/frenet_car/lib/python3.8/site-packages:/opt/ros/foxy/lib/python3.8/site-packages:/opt/carla-simulator/PythonAPI/carla/dist/carla-0.9.11-py3.7-linux-x86_64.egg:/opt/carla-simulator/PythonAPI/carla /usr/bin/python3 setup.py egg_info --egg-base ../../build/highway_car build --build-base /home/vivek/On-Codes/Batch-Opt-Highway-Driving/ros_ws/build/highway_car/build install --prefix /home/vivek/On-Codes/Batch-Opt-Highway-Driving/ros_ws/install/highway_car --record /home/vivek/On-Codes/Batch-Opt-Highway-Driving/ros_ws/build/highway_car/install.log --single-version-externally-managed
[1.041s] running egg_info
[1.043s] writing ../../build/highway_car/highway_car.egg-info/PKG-INFO
[1.043s] writing dependency_links to ../../build/highway_car/highway_car.egg-info/dependency_links.txt
[1.044s] writing entry points to ../../build/highway_car/highway_car.egg-info/entry_points.txt
[1.044s] writing requirements to ../../build/highway_car/highway_car.egg-info/requires.txt
[1.044s] writing top-level names to ../../build/highway_car/highway_car.egg-info/top_level.txt
[1.092s] reading manifest file '../../build/highway_car/highway_car.egg-info/SOURCES.txt'
[1.094s] writing manifest file '../../build/highway_car/highway_car.egg-info/SOURCES.txt'
[1.094s] running build
[1.094s] running build_py
[1.094s] running install
[1.098s] running install_lib
[1.101s] running install_data
[1.101s] running install_egg_info
[1.108s] removing '/home/vivek/On-Codes/Batch-Opt-Highway-Driving/ros_ws/install/highway_car/lib/python3.8/site-packages/highway_car-0.0.0-py3.8.egg-info' (and everything under it)
[1.108s] Copying ../../build/highway_car/highway_car.egg-info to /home/vivek/On-Codes/Batch-Opt-Highway-Driving/ros_ws/install/highway_car/lib/python3.8/site-packages/highway_car-0.0.0-py3.8.egg-info
[1.110s] running install_scripts
[1.154s] Installing highway_node2 script to /home/vivek/On-Codes/Batch-Opt-Highway-Driving/ros_ws/install/highway_car/lib/highway_car
[1.154s] writing list of installed files to '/home/vivek/On-Codes/Batch-Opt-Highway-Driving/ros_ws/build/highway_car/install.log'
[1.193s] Invoked command in '/home/vivek/On-Codes/Batch-Opt-Highway-Driving/ros_ws/src/highway_car' returned '0': CMAKE_PREFIX_PATH=/home/vivek/On-Codes/Batch-Opt-Highway-Driving/ros_ws/install/msgs_car:/home/vivek/On-Codes/Batch-Opt-Highway-Driving/ros_ws/install/mpc_car_batch:/home/vivek/On-Codes/Batch-Opt-Highway-Driving/ros_ws/install/mpc_car_acado_single:/home/vivek/On-Codes/Batch-Opt-Highway-Driving/ros_ws/install/mpc_car_acado PYTHONPATH=/home/vivek/On-Codes/Batch-Opt-Highway-Driving/ros_ws/install/highway_car/lib/python3.8/site-packages:/home/vivek/On-Codes/Batch-Opt-Highway-Driving/ros_ws/install/msgs_car/lib/python3.8/site-packages:/home/vivek/On-Codes/Batch-Opt-Highway-Driving/ros_ws/install/highway_car/lib/python3.8/site-packages:/home/vivek/On-Codes/Batch-Opt-Highway-Driving/ros_ws/install/frenet_car/lib/python3.8/site-packages:/opt/ros/foxy/lib/python3.8/site-packages:/opt/carla-simulator/PythonAPI/carla/dist/carla-0.9.11-py3.7-linux-x86_64.egg:/opt/carla-simulator/PythonAPI/carla /usr/bin/python3 setup.py egg_info --egg-base ../../build/highway_car build --build-base /home/vivek/On-Codes/Batch-Opt-Highway-Driving/ros_ws/build/highway_car/build install --prefix /home/vivek/On-Codes/Batch-Opt-Highway-Driving/ros_ws/install/highway_car --record /home/vivek/On-Codes/Batch-Opt-Highway-Driving/ros_ws/build/highway_car/install.log --single-version-externally-managed
