[0.896s] Invoking command in '/home/vivek/On-Codes/Batch_traj_opt/mpc_car_batch/build/mpc_car_batch': CMAKE_PREFIX_PATH=${CMAKE_PREFIX_PATH}:/opt/ros/foxy /usr/bin/cmake --build /home/vivek/On-Codes/Batch_traj_opt/mpc_car_batch/build/mpc_car_batch -- -j4 -l4
[0.921s] [ 50%] Built target mpc_node_lib
[1.963s] [35m[1mScanning dependencies of target mpc_node[0m
[2.641s] [ 75%] [32mBuilding CXX object CMakeFiles/mpc_node.dir/src/main.cpp.o[0m
[4.877s] [01m[K/home/vivek/On-Codes/Batch_traj_opt/mpc_car_batch/src/main.cpp:32:19:[m[K [01;31m[Kerror: [m[Kexpected identifier before numeric constant
[4.877s]    32 |     ArrayXXf lane([01;31m[K9[m[K, 1);
[4.877s]       |                   [01;31m[K^[m[K
[4.877s] [01m[K/home/vivek/On-Codes/Batch_traj_opt/mpc_car_batch/src/main.cpp:32:19:[m[K [01;31m[Kerror: [m[Kexpected ‘[01m[K,[m[K’ or ‘[01m[K...[m[K’ before numeric constant
[4.879s] [01m[K/home/vivek/On-Codes/Batch_traj_opt/mpc_car_batch/src/main.cpp:33:5:[m[K [01;31m[Kerror: [m[K‘[01m[Klane[m[K’ does not name a type
[4.879s]    33 |     [01;31m[Klane[m[K << -12, -8, -4, -2, 0, 2, 4, 8, 12;
[4.879s]       |     [01;31m[K^~~~[m[K
[4.881s] [01m[K/home/vivek/On-Codes/Batch_traj_opt/mpc_car_batch/src/main.cpp:38:5:[m[K [01;31m[Kerror: [m[K‘[01m[Kprob_data[m[K’ does not name a type
[4.881s]    38 |     [01;31m[Kprob_data[m[K.t_fin = 10.0;
[4.881s]       |     [01;31m[K^~~~~~~~~[m[K
[4.884s] [01m[K/home/vivek/On-Codes/Batch_traj_opt/mpc_car_batch/src/main.cpp:39:5:[m[K [01;31m[Kerror: [m[K‘[01m[Kprob_data[m[K’ does not name a type
[4.884s]    39 |     [01;31m[Kprob_data[m[K.num = 100;
[4.884s]       |     [01;31m[K^~~~~~~~~[m[K
[4.887s] [01m[K/home/vivek/On-Codes/Batch_traj_opt/mpc_car_batch/src/main.cpp:40:5:[m[K [01;31m[Kerror: [m[K‘[01m[Kprob_data[m[K’ does not name a type
[4.887s]    40 |     [01;31m[Kprob_data[m[K.weight_smoothness = 200.0;
[4.887s]       |     [01;31m[K^~~~~~~~~[m[K
[4.890s] [01m[K/home/vivek/On-Codes/Batch_traj_opt/mpc_car_batch/src/main.cpp:41:5:[m[K [01;31m[Kerror: [m[K‘[01m[Kprob_data[m[K’ does not name a type
[4.890s]    41 |     [01;31m[Kprob_data[m[K.weight_psi = 10.0;
[4.890s]       |     [01;31m[K^~~~~~~~~[m[K
[4.892s] [01m[K/home/vivek/On-Codes/Batch_traj_opt/mpc_car_batch/src/main.cpp:42:5:[m[K [01;31m[Kerror: [m[K‘[01m[Kprob_data[m[K’ does not name a type
[4.893s]    42 |     [01;31m[Kprob_data[m[K.weight_v = 1.0;
[4.893s]       |     [01;31m[K^~~~~~~~~[m[K
[4.895s] [01m[K/home/vivek/On-Codes/Batch_traj_opt/mpc_car_batch/src/main.cpp:43:5:[m[K [01;31m[Kerror: [m[K‘[01m[Kprob_data[m[K’ does not name a type
[4.895s]    43 |     [01;31m[Kprob_data[m[K.maxiter = 200;
[4.896s]       |     [01;31m[K^~~~~~~~~[m[K
[4.898s] [01m[K/home/vivek/On-Codes/Batch_traj_opt/mpc_car_batch/src/main.cpp:44:5:[m[K [01;31m[Kerror: [m[K‘[01m[Kprob_data[m[K’ does not name a type
[4.898s]    44 |     [01;31m[Kprob_data[m[K.num_obs = 4;
[4.898s]       |     [01;31m[K^~~~~~~~~[m[K
[4.901s] [01m[K/home/vivek/On-Codes/Batch_traj_opt/mpc_car_batch/src/main.cpp:45:5:[m[K [01;31m[Kerror: [m[K‘[01m[Kprob_data[m[K’ does not name a type
[4.901s]    45 |     [01;31m[Kprob_data[m[K.v_max = 16.0;
[4.901s]       |     [01;31m[K^~~~~~~~~[m[K
[4.904s] [01m[K/home/vivek/On-Codes/Batch_traj_opt/mpc_car_batch/src/main.cpp:46:5:[m[K [01;31m[Kerror: [m[K‘[01m[Kprob_data[m[K’ does not name a type
[4.904s]    46 |     [01;31m[Kprob_data[m[K.a_max = 4.0;
[4.904s]       |     [01;31m[K^~~~~~~~~[m[K
[4.904s] [01m[K/home/vivek/On-Codes/Batch_traj_opt/mpc_car_batch/src/main.cpp:48:23:[m[K [01;31m[Kerror: [m[K‘[01m[Kprob_data[m[K’ is not a type
[4.904s]    48 |     ArrayXXf tot_time([01;31m[Kprob_data[m[K.num, 1);
[4.904s]       |                       [01;31m[K^~~~~~~~~[m[K
[4.904s] [01m[K/home/vivek/On-Codes/Batch_traj_opt/mpc_car_batch/src/main.cpp:48:32:[m[K [01;31m[Kerror: [m[Kexpected ‘[01m[K,[m[K’ or ‘[01m[K...[m[K’ before ‘[01m[K.[m[K’ token
[4.904s]    48 |     ArrayXXf tot_time(prob_data[01;31m[K.[m[Knum, 1);
[4.904s]       |                                [01;31m[K^[m[K
[4.906s] [01m[K/home/vivek/On-Codes/Batch_traj_opt/mpc_car_batch/src/main.cpp:49:5:[m[K [01;31m[Kerror: [m[K‘[01m[Kprob_data[m[K’ does not name a type
[4.906s]    49 |     [01;31m[Kprob_data[m[K.t = prob_data.t_fin/prob_data.num;
[4.907s]       |     [01;31m[K^~~~~~~~~[m[K
[4.909s] [01m[K/home/vivek/On-Codes/Batch_traj_opt/mpc_car_batch/src/main.cpp:50:5:[m[K [01;31m[Kerror: [m[K‘[01m[Ktot_time[m[K’ does not name a type
[4.909s]    50 |     [01;31m[Ktot_time[m[K.col(0).setLinSpaced(prob_data.num, 0.0, prob_data.t_fin);
[4.909s]       |     [01;31m[K^~~~~~~~[m[K
[4.910s] [01m[K/home/vivek/On-Codes/Batch_traj_opt/mpc_car_batch/src/main.cpp:53:5:[m[K [01;31m[Kerror: [m[K‘[01m[KPPP[m[K’ does not name a type
[4.910s]    53 |     [01;31m[KPPP[m[K = compute_bernstein(tot_time, prob_data.t_fin, prob_data.num);
[4.910s]       |     [01;31m[K^~~[m[K
[4.913s] [01m[K/home/vivek/On-Codes/Batch_traj_opt/mpc_car_batch/src/main.cpp:54:5:[m[K [01;31m[Kerror: [m[K‘[01m[Kprob_data[m[K’ does not name a type
[4.913s]    54 |     [01;31m[Kprob_data[m[K.nvar = PPP.a.cols();
[4.913s]       |     [01;31m[K^~~~~~~~~[m[K
[4.916s] [01m[K/home/vivek/On-Codes/Batch_traj_opt/mpc_car_batch/src/main.cpp:55:5:[m[K [01;31m[Kerror: [m[K‘[01m[Kprob_data[m[K’ does not name a type
[4.916s]    55 |     [01;31m[Kprob_data[m[K.cost_smoothness = prob_data.weight_smoothness * PPP.c.transpose().matrix() * PPP.c.matrix();
[4.916s]       |     [01;31m[K^~~~~~~~~[m[K
[4.916s] [01m[K/home/vivek/On-Codes/Batch_traj_opt/mpc_car_batch/src/main.cpp:57:25:[m[K [01;31m[Kerror: [m[K‘[01m[Kprob_data[m[K’ is not a type
[4.917s]    57 |     ArrayXXf x_obs_temp([01;31m[Kprob_data[m[K.num_obs, 1), y_obs_temp(prob_data.num_obs, 1);
[4.917s]       |                         [01;31m[K^~~~~~~~~[m[K
[4.917s] [01m[K/home/vivek/On-Codes/Batch_traj_opt/mpc_car_batch/src/main.cpp:57:34:[m[K [01;31m[Kerror: [m[Kexpected ‘[01m[K,[m[K’ or ‘[01m[K...[m[K’ before ‘[01m[K.[m[K’ token
[4.917s]    57 |     ArrayXXf x_obs_temp(prob_data[01;31m[K.[m[Knum_obs, 1), y_obs_temp(prob_data.num_obs, 1);
[4.917s]       |                                  [01;31m[K^[m[K
[4.917s] [01m[K/home/vivek/On-Codes/Batch_traj_opt/mpc_car_batch/src/main.cpp:57:59:[m[K [01;31m[Kerror: [m[K‘[01m[Kprob_data[m[K’ is not a type
[4.917s]    57 |     ArrayXXf x_obs_temp(prob_data.num_obs, 1), y_obs_temp([01;31m[Kprob_data[m[K.num_obs, 1);
[4.917s]       |                                                           [01;31m[K^~~~~~~~~[m[K
[4.917s] [01m[K/home/vivek/On-Codes/Batch_traj_opt/mpc_car_batch/src/main.cpp:57:68:[m[K [01;31m[Kerror: [m[Kexpected ‘[01m[K,[m[K’ or ‘[01m[K...[m[K’ before ‘[01m[K.[m[K’ token
[4.917s]    57 |     ArrayXXf x_obs_temp(prob_data.num_obs, 1), y_obs_temp(prob_data[01;31m[K.[m[Knum_obs, 1);
[4.917s]       |                                                                    [01;31m[K^[m[K
[4.917s] [01m[K/home/vivek/On-Codes/Batch_traj_opt/mpc_car_batch/src/main.cpp:58:21:[m[K [01;31m[Kerror: [m[K‘[01m[Kprob_data[m[K’ is not a type
[4.917s]    58 |     ArrayXXf vx_obs([01;31m[Kprob_data[m[K.num_obs, 1), vy_obs(prob_data.num_obs, 1);
[4.917s]       |                     [01;31m[K^~~~~~~~~[m[K
[4.918s] [01m[K/home/vivek/On-Codes/Batch_traj_opt/mpc_car_batch/src/main.cpp:58:30:[m[K [01;31m[Kerror: [m[Kexpected ‘[01m[K,[m[K’ or ‘[01m[K...[m[K’ before ‘[01m[K.[m[K’ token
[4.918s]    58 |     ArrayXXf vx_obs(prob_data[01;31m[K.[m[Knum_obs, 1), vy_obs(prob_data.num_obs, 1);
[4.918s]       |                              [01;31m[K^[m[K
[4.918s] [01m[K/home/vivek/On-Codes/Batch_traj_opt/mpc_car_batch/src/main.cpp:58:51:[m[K [01;31m[Kerror: [m[K‘[01m[Kprob_data[m[K’ is not a type
[4.918s]    58 |     ArrayXXf vx_obs(prob_data.num_obs, 1), vy_obs([01;31m[Kprob_data[m[K.num_obs, 1);
[4.918s]       |                                                   [01;31m[K^~~~~~~~~[m[K
[4.918s] [01m[K/home/vivek/On-Codes/Batch_traj_opt/mpc_car_batch/src/main.cpp:58:60:[m[K [01;31m[Kerror: [m[Kexpected ‘[01m[K,[m[K’ or ‘[01m[K...[m[K’ before ‘[01m[K.[m[K’ token
[4.918s]    58 |     ArrayXXf vx_obs(prob_data.num_obs, 1), vy_obs(prob_data[01;31m[K.[m[Knum_obs, 1);
[4.918s]       |                                                            [01;31m[K^[m[K
[4.919s] [01m[K/home/vivek/On-Codes/Batch_traj_opt/mpc_car_batch/src/main.cpp:63:5:[m[K [01;31m[Kerror: [m[K‘[01m[Kx_obs_temp[m[K’ does not name a type; did you mean ‘[01m[Kmkostemp[m[K’?
[4.919s]    63 |     [01;31m[Kx_obs_temp[m[K << 30.0, 52.0, 68.0, 10.0;//, -10.0, -10.0;
[4.920s]       |     [01;31m[K^~~~~~~~~~[m[K
[4.920s]       |     [32m[Kmkostemp[m[K
[4.923s] [01m[K/home/vivek/On-Codes/Batch_traj_opt/mpc_car_batch/src/main.cpp:64:5:[m[K [01;31m[Kerror: [m[K‘[01m[Ky_obs_temp[m[K’ does not name a type; did you mean ‘[01m[Kmkostemp[m[K’?
[4.923s]    64 |     [01;31m[Ky_obs_temp[m[K << -0.3, 0.2, -3.0, 2.0;//, 6, 10;
[4.923s]       |     [01;31m[K^~~~~~~~~~[m[K
[4.923s]       |     [32m[Kmkostemp[m[K
[4.925s] [01m[K/home/vivek/On-Codes/Batch_traj_opt/mpc_car_batch/src/main.cpp:65:5:[m[K [01;31m[Kerror: [m[K‘[01m[Kvx_obs[m[K’ does not name a type
[4.925s]    65 |     [01;31m[Kvx_obs[m[K =0;//<< 7.0, 5.0, 8.0, 4.0, 10.0, 8.0;
[4.925s]       |     [01;31m[K^~~~~~[m[K
[4.927s] [01m[K/home/vivek/On-Codes/Batch_traj_opt/mpc_car_batch/src/main.cpp:66:5:[m[K [01;31m[Kerror: [m[K‘[01m[Kvy_obs[m[K’ does not name a type
[4.928s]    66 |     [01;31m[Kvy_obs[m[K =0;//<< 0.0, 0.0, 0.0, 0.0, 0.0, 0.0;
[4.928s]       |     [01;31m[K^~~~~~[m[K
[4.969s] [01m[K/home/vivek/On-Codes/Batch_traj_opt/mpc_car_batch/src/main.cpp:[m[K In member function ‘[01m[Kvoid MinimalPublisher::timer_callback()[m[K’:
[4.969s] [01m[K/home/vivek/On-Codes/Batch_traj_opt/mpc_car_batch/src/main.cpp:124:103:[m[K [01;31m[Kerror: [m[Kinvalid use of non-static member function ‘[01m[KEigen::ArrayXXf MinimalPublisher::x_obs_temp(int)[m[K’
[4.970s]   124 |         prob_data = mpc(prob_data, PPP, x_g, y_g, x_init, y_init, vx_init, vy_init, ax_init, ay_init, [01;31m[Kx_obs_temp[m[K, y_obs_temp,
[4.970s]       |                                                                                                       [01;31m[K^~~~~~~~~~[m[K
[4.970s] [01m[K/home/vivek/On-Codes/Batch_traj_opt/mpc_car_batch/src/main.cpp:57:14:[m[K [01;36m[Knote: [m[Kdeclared here
[4.970s]    57 |     ArrayXXf [01;36m[Kx_obs_temp[m[K(prob_data.num_obs, 1), y_obs_temp(prob_data.num_obs, 1);
[4.970s]       |              [01;36m[K^~~~~~~~~~[m[K
[4.970s] [01m[K/home/vivek/On-Codes/Batch_traj_opt/mpc_car_batch/src/main.cpp:141:28:[m[K [01;31m[Kerror: [m[Kinvalid use of member function ‘[01m[KEigen::ArrayXXf MinimalPublisher::x_obs_temp(int)[m[K’ (did you forget the ‘[01m[K()[m[K’ ?)
[4.970s]   141 |         for(int i = 0; i < [01;31m[Kx_obs_temp[m[K.rows(); i++)
[4.970s]       |                            [01;31m[K^~~~~~~~~~[m[K
[4.971s] [01m[K/home/vivek/On-Codes/Batch_traj_opt/mpc_car_batch/src/main.cpp:141:39:[m[K [01;31m[Kerror: [m[Kexpected ‘[01m[K;[m[K’ before ‘[01m[Krows[m[K’
[4.971s]   141 |         for(int i = 0; i < x_obs_temp.[01;31m[Kr[m[K[32m[Kows[m[K(); i++)
[4.971s]       |                                       [01;31m[K^[m[K[32m[K~~~[m[K
[4.971s]       |                                       [32m[K;[m[K
[4.973s] [01m[K/home/vivek/On-Codes/Batch_traj_opt/mpc_car_batch/src/main.cpp:141:39:[m[K [01;31m[Kerror: [m[K‘[01m[Krows[m[K’ was not declared in this scope
[4.973s]   141 |         for(int i = 0; i < x_obs_temp.[01;31m[Krows[m[K(); i++)
[4.973s]       |                                       [01;31m[K^~~~[m[K
[4.973s] [01m[K/home/vivek/On-Codes/Batch_traj_opt/mpc_car_batch/src/main.cpp:141:45:[m[K [01;31m[Kerror: [m[Kexpected ‘[01m[K)[m[K’ before ‘[01m[K;[m[K’ token
[4.973s]   141 |         for[34m[K([m[Kint i = 0; i < x_obs_temp.rows()[01;31m[K;[m[K i++)
[4.973s]       |            [34m[K~[m[K                                [01;31m[K^[m[K
[4.973s]       |                                             [32m[K)[m[K
[4.973s] [01m[K/home/vivek/On-Codes/Batch_traj_opt/mpc_car_batch/src/main.cpp:141:9:[m[K [01;35m[Kwarning: [m[Kthis ‘[01m[Kfor[m[K’ clause does not guard... [[01;35m[K-Wmisleading-indentation[m[K]
[4.973s]   141 |         [01;35m[Kfor[m[K(int i = 0; i < x_obs_temp.rows(); i++)
[4.973s]       |         [01;35m[K^~~[m[K
[4.974s] [01m[K/home/vivek/On-Codes/Batch_traj_opt/mpc_car_batch/src/main.cpp:141:47:[m[K [01;36m[Knote: [m[K...this statement, but the latter is misleadingly indented as if it were guarded by the ‘[01m[Kfor[m[K’
[4.974s]   141 |         for(int i = 0; i < x_obs_temp.rows(); [01;36m[Ki[m[K++)
[4.974s]       |                                               [01;36m[K^[m[K
[4.975s] [01m[K/home/vivek/On-Codes/Batch_traj_opt/mpc_car_batch/src/main.cpp:141:47:[m[K [01;31m[Kerror: [m[K‘[01m[Ki[m[K’ was not declared in this scope
[5.780s] make[2]: *** [CMakeFiles/mpc_node.dir/build.make:63: CMakeFiles/mpc_node.dir/src/main.cpp.o] Error 1
[5.780s] make[1]: *** [CMakeFiles/Makefile2:80: CMakeFiles/mpc_node.dir/all] Error 2
[5.780s] make: *** [Makefile:141: all] Error 2
[5.782s] Invoked command in '/home/vivek/On-Codes/Batch_traj_opt/mpc_car_batch/build/mpc_car_batch' returned '2': CMAKE_PREFIX_PATH=${CMAKE_PREFIX_PATH}:/opt/ros/foxy /usr/bin/cmake --build /home/vivek/On-Codes/Batch_traj_opt/mpc_car_batch/build/mpc_car_batch -- -j4 -l4
