[0.015s] Invoking command in '/home/vivek/On-Codes/Batch_traj_opt/mpc_car_batch/build/mpc_car_batch': CMAKE_PREFIX_PATH=/opt/ros/foxy /usr/bin/cmake --build /home/vivek/On-Codes/Batch_traj_opt/mpc_car_batch/build/mpc_car_batch -- -j4 -l4
[0.054s] [35m[1mScanning dependencies of target mpc_node[0m
[0.054s] [35m[1mScanning dependencies of target mpc_node_lib[0m
[0.065s] [ 50%] [32mBuilding CXX object CMakeFiles/mpc_node_lib.dir/src/optim.cpp.o[0m
[0.065s] [ 50%] [32mBuilding CXX object CMakeFiles/mpc_node.dir/src/main.cpp.o[0m
[0.888s] [01m[K/home/vivek/On-Codes/Batch_traj_opt/mpc_car_batch/src/optim.cpp:[m[K In function ‘[01m[KEigen::ArrayXXf optim::cumsum(Eigen::ArrayXXf, Eigen::ArrayXXf)[m[K’:
[0.888s] [01m[K/home/vivek/On-Codes/Batch_traj_opt/mpc_car_batch/src/optim.cpp:136:9:[m[K [01;35m[Kwarning: [m[Kunused variable ‘[01m[Kinit[m[K’ [[01;35m[K-Wunused-variable[m[K]
[0.888s]   136 |   float [01;35m[Kinit[m[K = arr1(0);
[0.888s]       |         [01;35m[K^~~~[m[K
[1.252s] [01m[K/home/vivek/On-Codes/Batch_traj_opt/mpc_car_batch/src/main.cpp:[m[K In function ‘[01m[Koptim::probData mpc(optim::probData, optim::three_var, Eigen::ArrayXXf, Eigen::ArrayXXf, float, float, float, float, float, float, Eigen::ArrayXXf, Eigen::ArrayXXf, Eigen::ArrayXXf, Eigen::ArrayXXf, Eigen::ArrayXXf, Eigen::ArrayXXf, Eigen::ArrayXXf, Eigen::ArrayXXf, bool)[m[K’:
[1.252s] [01m[K/home/vivek/On-Codes/Batch_traj_opt/mpc_car_batch/src/main.cpp:214:102:[m[K [01;35m[Kwarning: [m[Kunused parameter ‘[01m[Klane[m[K’ [[01;35m[K-Wunused-parameter[m[K]
[1.252s]   214 | ayXXf x_obs_temp, ArrayXXf y_obs_temp, ArrayXXf vx_obs, ArrayXXf vy_obs, [01;35m[KArrayXXf lane[m[K, ArrayXXf pre_x, ArrayXXf pre_y, ArrayXXf pre_xdot, bool sample)
[1.252s]       |                                                                          [01;35m[K~~~~~~~~~^~~~[m[K
[1.252s] 
[1.252s] [01m[K/home/vivek/On-Codes/Batch_traj_opt/mpc_car_batch/src/main.cpp:214:117:[m[K [01;35m[Kwarning: [m[Kunused parameter ‘[01m[Kpre_x[m[K’ [[01;35m[K-Wunused-parameter[m[K]
[1.252s]   214 | p, ArrayXXf y_obs_temp, ArrayXXf vx_obs, ArrayXXf vy_obs, ArrayXXf lane, [01;35m[KArrayXXf pre_x[m[K, ArrayXXf pre_y, ArrayXXf pre_xdot, bool sample)
[1.252s]       |                                                                          [01;35m[K~~~~~~~~~^~~~~[m[K
[1.252s] 
[1.252s] [01m[K/home/vivek/On-Codes/Batch_traj_opt/mpc_car_batch/src/main.cpp:214:133:[m[K [01;35m[Kwarning: [m[Kunused parameter ‘[01m[Kpre_y[m[K’ [[01;35m[K-Wunused-parameter[m[K]
[1.252s]   214 | s_temp, ArrayXXf vx_obs, ArrayXXf vy_obs, ArrayXXf lane, ArrayXXf pre_x, [01;35m[KArrayXXf pre_y[m[K, ArrayXXf pre_xdot, bool sample)
[1.253s]       |                                                                          [01;35m[K~~~~~~~~~^~~~~[m[K
[1.253s] 
[1.253s] [01m[K/home/vivek/On-Codes/Batch_traj_opt/mpc_car_batch/src/main.cpp:214:149:[m[K [01;35m[Kwarning: [m[Kunused parameter ‘[01m[Kpre_xdot[m[K’ [[01;35m[K-Wunused-parameter[m[K]
[1.253s]   214 |  vx_obs, ArrayXXf vy_obs, ArrayXXf lane, ArrayXXf pre_x, ArrayXXf pre_y, [01;35m[KArrayXXf pre_xdot[m[K, bool sample)
[1.253s]       |                                                                          [01;35m[K~~~~~~~~~^~~~~~~~[m[K
[1.253s] 
[1.253s] [01m[K/home/vivek/On-Codes/Batch_traj_opt/mpc_car_batch/src/main.cpp:214:164:[m[K [01;35m[Kwarning: [m[Kunused parameter ‘[01m[Ksample[m[K’ [[01;35m[K-Wunused-parameter[m[K]
[1.253s]   214 | Xf vy_obs, ArrayXXf lane, ArrayXXf pre_x, ArrayXXf pre_y, ArrayXXf pre_xdot, [01;35m[Kbool sample[m[K)
[1.253s]       |                                                                              [01;35m[K~~~~~^~~~~~[m[K
[1.253s] 
[1.253s] [01m[K/home/vivek/On-Codes/Batch_traj_opt/mpc_car_batch/src/main.cpp:[m[K In function ‘[01m[Koptim::three_var compute_bernstein(Eigen::ArrayXXf, float, int)[m[K’:
[1.253s] [01m[K/home/vivek/On-Codes/Batch_traj_opt/mpc_car_batch/src/main.cpp:317:54:[m[K [01;35m[Kwarning: [m[Kunused parameter ‘[01m[Kt_fin[m[K’ [[01;35m[K-Wunused-parameter[m[K]
[1.253s]   317 | three_var compute_bernstein(ArrayXXf tot_time, [01;35m[Kfloat t_fin[m[K, int num)
[1.253s]       |                                                [01;35m[K~~~~~~^~~~~[m[K
[1.877s] [01m[K/home/vivek/On-Codes/Batch_traj_opt/mpc_car_batch/src/optim.cpp:[m[K In function ‘[01m[Kbool optim::inLane(Eigen::ArrayXXf, float, float, float, float)[m[K’:
[1.877s] [01m[K/home/vivek/On-Codes/Batch_traj_opt/mpc_car_batch/src/optim.cpp:444:35:[m[K [01;35m[Kwarning: [m[Kunused parameter ‘[01m[Kcarx[m[K’ [[01;35m[K-Wunused-parameter[m[K]
[1.877s]   444 |  bool inLane(ArrayXXf lane, [01;35m[Kfloat carx[m[K, float cary, float obsx, float obsy)
[1.877s]       |                             [01;35m[K~~~~~~^~~~[m[K
[1.877s] [01m[K/home/vivek/On-Codes/Batch_traj_opt/mpc_car_batch/src/optim.cpp:444:59:[m[K [01;35m[Kwarning: [m[Kunused parameter ‘[01m[Kobsx[m[K’ [[01;35m[K-Wunused-parameter[m[K]
[1.877s]   444 |  bool inLane(ArrayXXf lane, float carx, float cary, [01;35m[Kfloat obsx[m[K, float obsy)
[1.877s]       |                                                     [01;35m[K~~~~~~^~~~[m[K
[2.978s] [ 75%] [32m[1mLinking CXX executable mpc_node[0m
[3.107s] /usr/bin/ld: CMakeFiles/mpc_node.dir/src/main.cpp.o: in function `main':
[3.107s] main.cpp:(.text+0x12fd): undefined reference to `optim::arctan2(Eigen::Array<float, -1, -1, 0, -1, -1>, Eigen::Array<float, -1, -1, 0, -1, -1>)'
[3.107s] /usr/bin/ld: main.cpp:(.text+0x1316): undefined reference to `optim::diff(Eigen::Array<float, -1, -1, 0, -1, -1>)'
[3.108s] /usr/bin/ld: CMakeFiles/mpc_node.dir/src/main.cpp.o: in function `mpc(optim::probData, optim::three_var, Eigen::Array<float, -1, -1, 0, -1, -1>, Eigen::Array<float, -1, -1, 0, -1, -1>, float, float, float, float, float, float, Eigen::Array<float, -1, -1, 0, -1, -1>, Eigen::Array<float, -1, -1, 0, -1, -1>, Eigen::Array<float, -1, -1, 0, -1, -1>, Eigen::Array<float, -1, -1, 0, -1, -1>, Eigen::Array<float, -1, -1, 0, -1, -1>, Eigen::Array<float, -1, -1, 0, -1, -1>, Eigen::Array<float, -1, -1, 0, -1, -1>, Eigen::Array<float, -1, -1, 0, -1, -1>, bool)':
[3.108s] main.cpp:(.text+0x2263): undefined reference to `optim::ones(int, int)'
[3.108s] /usr/bin/ld: main.cpp:(.text+0x23a6): undefined reference to `optim::ones(int, int)'
[3.108s] /usr/bin/ld: main.cpp:(.text+0x29a9): undefined reference to `optim::reshape(Eigen::Array<float, -1, -1, 0, -1, -1>, unsigned int, unsigned int)'
[3.108s] /usr/bin/ld: main.cpp:(.text+0x2b1b): undefined reference to `optim::reshape(Eigen::Array<float, -1, -1, 0, -1, -1>, unsigned int, unsigned int)'
[3.108s] /usr/bin/ld: main.cpp:(.text+0x2c33): undefined reference to `optim::arctan2(Eigen::Array<float, -1, -1, 0, -1, -1>, Eigen::Array<float, -1, -1, 0, -1, -1>)'
[3.108s] /usr/bin/ld: main.cpp:(.text+0x2fc5): undefined reference to `optim::maximum(float, Eigen::Array<float, -1, -1, 0, -1, -1>)'
[3.109s] /usr/bin/ld: main.cpp:(.text+0x33e1): undefined reference to `optim::stack(Eigen::Array<float, -1, -1, 0, -1, -1>, Eigen::Array<float, -1, -1, 0, -1, -1>, char)'
[3.109s] /usr/bin/ld: main.cpp:(.text+0x3490): undefined reference to `optim::stack(Eigen::Array<float, -1, -1, 0, -1, -1>, Eigen::Array<float, -1, -1, 0, -1, -1>, char)'
[3.109s] /usr/bin/ld: main.cpp:(.text+0x353f): undefined reference to `optim::stack(Eigen::Array<float, -1, -1, 0, -1, -1>, Eigen::Array<float, -1, -1, 0, -1, -1>, char)'
[3.109s] /usr/bin/ld: main.cpp:(.text+0x360a): undefined reference to `optim::ones(int, int)'
[3.109s] /usr/bin/ld: main.cpp:(.text+0x3681): undefined reference to `optim::ones(int, int)'
[3.109s] /usr/bin/ld: main.cpp:(.text+0x36f8): undefined reference to `optim::ones(int, int)'
[3.109s] /usr/bin/ld: main.cpp:(.text+0x3775): undefined reference to `optim::ones(int, int)'
[3.109s] /usr/bin/ld: main.cpp:(.text+0x37f2): undefined reference to `optim::ones(int, int)'
[3.109s] /usr/bin/ld: CMakeFiles/mpc_node.dir/src/main.cpp.o:main.cpp:(.text+0x386f): more undefined references to `optim::ones(int, int)' follow
[3.109s] /usr/bin/ld: CMakeFiles/mpc_node.dir/src/main.cpp.o: in function `mpc(optim::probData, optim::three_var, Eigen::Array<float, -1, -1, 0, -1, -1>, Eigen::Array<float, -1, -1, 0, -1, -1>, float, float, float, float, float, float, Eigen::Array<float, -1, -1, 0, -1, -1>, Eigen::Array<float, -1, -1, 0, -1, -1>, Eigen::Array<float, -1, -1, 0, -1, -1>, Eigen::Array<float, -1, -1, 0, -1, -1>, Eigen::Array<float, -1, -1, 0, -1, -1>, Eigen::Array<float, -1, -1, 0, -1, -1>, Eigen::Array<float, -1, -1, 0, -1, -1>, Eigen::Array<float, -1, -1, 0, -1, -1>, bool)':
[3.109s] main.cpp:(.text+0x396e): undefined reference to `optim::wrapper_batch(optim::probData, Eigen::Array<float, -1, -1, 0, -1, -1>, Eigen::Array<float, -1, -1, 0, -1, -1>, Eigen::Array<float, -1, -1, 0, -1, -1>)'
[3.110s] /usr/bin/ld: CMakeFiles/mpc_node.dir/src/main.cpp.o: in function `compute_bernstein(Eigen::Array<float, -1, -1, 0, -1, -1>, float, int)':
[3.110s] main.cpp:(.text+0x4049): undefined reference to `optim::bernstein_coeff_order10_new(float, float, float, Eigen::Array<float, -1, -1, 0, -1, -1>, int)'
[3.117s] collect2: error: ld returned 1 exit status
[3.119s] make[2]: *** [CMakeFiles/mpc_node.dir/build.make:84: mpc_node] Error 1
[3.119s] make[1]: *** [CMakeFiles/Makefile2:80: CMakeFiles/mpc_node.dir/all] Error 2
[3.120s] make[1]: *** Waiting for unfinished jobs....
[9.769s] [100%] [32m[1mLinking CXX static library libmpc_node_lib.a[0m
[9.885s] [100%] Built target mpc_node_lib
[9.886s] make: *** [Makefile:141: all] Error 2
[9.888s] Invoked command in '/home/vivek/On-Codes/Batch_traj_opt/mpc_car_batch/build/mpc_car_batch' returned '2': CMAKE_PREFIX_PATH=/opt/ros/foxy /usr/bin/cmake --build /home/vivek/On-Codes/Batch_traj_opt/mpc_car_batch/build/mpc_car_batch -- -j4 -l4
