[01m[K/home/vivek/On-Codes/Batch-Opt-Highway-Driving/ros_ws/src/mpc_car_acado/src/main_acado.cpp:[m[K In constructor ‘[01m[KMinimalPublisher::MinimalPublisher()[m[K’:
[01m[K/home/vivek/On-Codes/Batch-Opt-Highway-Driving/ros_ws/src/mpc_car_acado/src/main_acado.cpp:72:3:[m[K [01;31m[Kerror: [m[K‘[01m[KYAML[m[K’ has not been declared
   72 |   [01;31m[KYAML[m[K::Node map = YAML::LoadFile("src/mpc_car_acado/config.yaml");
      |   [01;31m[K^~~~[m[K
[01m[K/home/vivek/On-Codes/Batch-Opt-Highway-Driving/ros_ws/src/mpc_car_acado/src/main_acado.cpp:74:29:[m[K [01;31m[Kerror: [m[Kmissing template arguments before ‘[01m[K[[m[K’ token
   74 |         string setting = map[01;31m[K[[m[K"setting"].as<string>();
      |                             [01;31m[K^[m[K
[01m[K/home/vivek/On-Codes/Batch-Opt-Highway-Driving/ros_ws/src/mpc_car_acado/src/main_acado.cpp:74:50:[m[K [01;31m[Kerror: [m[Kexpected primary-expression before ‘[01m[K>[m[K’ token
   74 |         string setting = map["setting"].as<string[01;31m[K>[m[K();
      |                                                  [01;31m[K^[m[K
[01m[K/home/vivek/On-Codes/Batch-Opt-Highway-Driving/ros_ws/src/mpc_car_acado/src/main_acado.cpp:74:52:[m[K [01;31m[Kerror: [m[Kexpected primary-expression before ‘[01m[K)[m[K’ token
   74 |         string setting = map["setting"].as<string>([01;31m[K)[m[K;
      |                                                    [01;31m[K^[m[K
[01m[K/home/vivek/On-Codes/Batch-Opt-Highway-Driving/ros_ws/src/mpc_car_acado/src/main_acado.cpp:76:23:[m[K [01;31m[Kerror: [m[Kmissing template arguments before ‘[01m[K[[m[K’ token
   76 |         num_goal = map[01;31m[K[[m[K"configuration"][setting]["goal"].as<float>();
      |                       [01;31m[K^[m[K
[01m[K/home/vivek/On-Codes/Batch-Opt-Highway-Driving/ros_ws/src/mpc_car_acado/src/main_acado.cpp:76:61:[m[K [01;31m[Kerror: [m[Kexpected primary-expression before ‘[01m[Kfloat[m[K’
   76 |         num_goal = map["configuration"][setting]["goal"].as<[01;31m[Kfloat[m[K>();
      |                                                             [01;31m[K^~~~~[m[K
[01m[K/home/vivek/On-Codes/Batch-Opt-Highway-Driving/ros_ws/src/mpc_car_acado/src/main_acado.cpp:77:17:[m[K [01;31m[Kerror: [m[Kmissing template arguments before ‘[01m[K[[m[K’ token
   77 |         w0 = map[01;31m[K[[m[K"configuration"][setting]["weights"][0].as<float>();
      |                 [01;31m[K^[m[K
[01m[K/home/vivek/On-Codes/Batch-Opt-Highway-Driving/ros_ws/src/mpc_car_acado/src/main_acado.cpp:77:61:[m[K [01;31m[Kerror: [m[Kexpected primary-expression before ‘[01m[Kfloat[m[K’
   77 |         w0 = map["configuration"][setting]["weights"][0].as<[01;31m[Kfloat[m[K>();
      |                                                             [01;31m[K^~~~~[m[K
[01m[K/home/vivek/On-Codes/Batch-Opt-Highway-Driving/ros_ws/src/mpc_car_acado/src/main_acado.cpp:78:17:[m[K [01;31m[Kerror: [m[Kmissing template arguments before ‘[01m[K[[m[K’ token
   78 |         w1 = map[01;31m[K[[m[K"configuration"][setting]["weights"][1].as<float>();
      |                 [01;31m[K^[m[K
[01m[K/home/vivek/On-Codes/Batch-Opt-Highway-Driving/ros_ws/src/mpc_car_acado/src/main_acado.cpp:78:61:[m[K [01;31m[Kerror: [m[Kexpected primary-expression before ‘[01m[Kfloat[m[K’
   78 |         w1 = map["configuration"][setting]["weights"][1].as<[01;31m[Kfloat[m[K>();
      |                                                             [01;31m[K^~~~~[m[K
[01m[K/home/vivek/On-Codes/Batch-Opt-Highway-Driving/ros_ws/src/mpc_car_acado/src/main_acado.cpp:79:17:[m[K [01;31m[Kerror: [m[Kmissing template arguments before ‘[01m[K[[m[K’ token
   79 |         w2 = map[01;31m[K[[m[K"configuration"][setting]["weights"][2].as<float>();
      |                 [01;31m[K^[m[K
[01m[K/home/vivek/On-Codes/Batch-Opt-Highway-Driving/ros_ws/src/mpc_car_acado/src/main_acado.cpp:79:61:[m[K [01;31m[Kerror: [m[Kexpected primary-expression before ‘[01m[Kfloat[m[K’
   79 |         w2 = map["configuration"][setting]["weights"][2].as<[01;31m[Kfloat[m[K>();
      |                                                             [01;31m[K^~~~~[m[K
[01m[K/home/vivek/On-Codes/Batch-Opt-Highway-Driving/ros_ws/src/mpc_car_acado/src/main_acado.cpp:80:17:[m[K [01;31m[Kerror: [m[Kmissing template arguments before ‘[01m[K[[m[K’ token
   80 |         w3 = map[01;31m[K[[m[K"configuration"][setting]["weights"][3].as<float>();
      |                 [01;31m[K^[m[K
[01m[K/home/vivek/On-Codes/Batch-Opt-Highway-Driving/ros_ws/src/mpc_car_acado/src/main_acado.cpp:80:61:[m[K [01;31m[Kerror: [m[Kexpected primary-expression before ‘[01m[Kfloat[m[K’
   80 |         w3 = map["configuration"][setting]["weights"][3].as<[01;31m[Kfloat[m[K>();
      |                                                             [01;31m[K^~~~~[m[K
[01m[K/home/vivek/On-Codes/Batch-Opt-Highway-Driving/ros_ws/src/mpc_car_acado/src/main_acado.cpp:127:22:[m[K [01;31m[Kerror: [m[K‘[01m[Kprob_data[m[K’ was not declared in this scope
  127 |   for(int i = 0; i < [01;31m[Kprob_data[m[K.num_goal; i++)
      |                      [01;31m[K^~~~~~~~~[m[K
[01m[K/home/vivek/On-Codes/Batch-Opt-Highway-Driving/ros_ws/src/mpc_car_acado/src/main_acado.cpp:129:25:[m[K [01;31m[Kerror: [m[Kmissing template arguments before ‘[01m[K[[m[K’ token
  129 |             x_g(i) = map[01;31m[K[[m[K"configuration"][setting]["x_g"][i].as<float>();
      |                         [01;31m[K^[m[K
[01m[K/home/vivek/On-Codes/Batch-Opt-Highway-Driving/ros_ws/src/mpc_car_acado/src/main_acado.cpp:129:65:[m[K [01;31m[Kerror: [m[Kexpected primary-expression before ‘[01m[Kfloat[m[K’
  129 |             x_g(i) = map["configuration"][setting]["x_g"][i].as<[01;31m[Kfloat[m[K>();
      |                                                                 [01;31m[K^~~~~[m[K
[01m[K/home/vivek/On-Codes/Batch-Opt-Highway-Driving/ros_ws/src/mpc_car_acado/src/main_acado.cpp:130:25:[m[K [01;31m[Kerror: [m[Kmissing template arguments before ‘[01m[K[[m[K’ token
  130 |             y_g(i) = map[01;31m[K[[m[K"configuration"][setting]["y_g"][i].as<float>();
      |                         [01;31m[K^[m[K
[01m[K/home/vivek/On-Codes/Batch-Opt-Highway-Driving/ros_ws/src/mpc_car_acado/src/main_acado.cpp:130:65:[m[K [01;31m[Kerror: [m[Kexpected primary-expression before ‘[01m[Kfloat[m[K’
  130 |             y_g(i) = map["configuration"][setting]["y_g"][i].as<[01;31m[Kfloat[m[K>();
      |                                                                 [01;31m[K^~~~~[m[K
[01m[K/home/vivek/On-Codes/Batch-Opt-Highway-Driving/ros_ws/src/mpc_car_acado/src/main_acado.cpp:141:19:[m[K [01;31m[Kerror: [m[Kmissing template arguments before ‘[01m[K[[m[K’ token
  141 |   outdata.open(map[01;31m[K[[m[K"configuration"][setting]["file"].as<string>());
      |                   [01;31m[K^[m[K
[01m[K/home/vivek/On-Codes/Batch-Opt-Highway-Driving/ros_ws/src/mpc_car_acado/src/main_acado.cpp:141:63:[m[K [01;31m[Kerror: [m[Kexpected primary-expression before ‘[01m[K>[m[K’ token
  141 |   outdata.open(map["configuration"][setting]["file"].as<string[01;31m[K>[m[K());
      |                                                               [01;31m[K^[m[K
[01m[K/home/vivek/On-Codes/Batch-Opt-Highway-Driving/ros_ws/src/mpc_car_acado/src/main_acado.cpp:141:65:[m[K [01;31m[Kerror: [m[Kexpected primary-expression before ‘[01m[K)[m[K’ token
  141 |   outdata.open(map["configuration"][setting]["file"].as<string>([01;31m[K)[m[K);
      |                                                                 [01;31m[K^[m[K
[01m[K/home/vivek/On-Codes/Batch-Opt-Highway-Driving/ros_ws/src/mpc_car_acado/src/main_acado.cpp:142:10:[m[K [01;35m[Kwarning: [m[KISO C++ forbids variable length array ‘[01m[KThread[m[K’ [[01;35m[K-Wvla[m[K]
  142 |   thread [01;35m[KThread[m[K[num_goal];
      |          [01;35m[K^~~~~~[m[K
[01m[K/home/vivek/On-Codes/Batch-Opt-Highway-Driving/ros_ws/src/mpc_car_acado/src/main_acado.cpp:[m[K In member function ‘[01m[Kvoid MinimalPublisher::optimize(int)[m[K’:
[01m[K/home/vivek/On-Codes/Batch-Opt-Highway-Driving/ros_ws/src/mpc_car_acado/src/main_acado.cpp:325:18:[m[K [01;35m[Kwarning: [m[Kunused variable ‘[01m[Kt2[m[K’ [[01;35m[K-Wunused-variable[m[K]
  325 |   acado_timer t, [01;35m[Kt2[m[K;
      |                  [01;35m[K^~[m[K
make[2]: *** [CMakeFiles/mpc_node.dir/build.make:63: CMakeFiles/mpc_node.dir/src/main_acado.cpp.o] Error 1
make[1]: *** [CMakeFiles/Makefile2:80: CMakeFiles/mpc_node.dir/all] Error 2
make: *** [Makefile:141: all] Error 2
