-- Found ament_cmake: 0.9.8 (/opt/ros/foxy/share/ament_cmake/cmake)
-- Using PYTHON_EXECUTABLE: /usr/bin/python3
-- Found rclcpp: 2.3.1 (/opt/ros/foxy/share/rclcpp/cmake)
-- Using all available rosidl_typesupport_c: rosidl_typesupport_fastrtps_c;rosidl_typesupport_introspection_c
-- Found rosidl_adapter: 1.2.1 (/opt/ros/foxy/share/rosidl_adapter/cmake)
-- Using all available rosidl_typesupport_cpp: rosidl_typesupport_fastrtps_cpp;rosidl_typesupport_introspection_cpp
-- Found rmw_implementation_cmake: 1.0.3 (/opt/ros/foxy/share/rmw_implementation_cmake/cmake)
-- Using RMW implementation 'rmw_fastrtps_cpp' as default
-- Found nav_msgs: 2.0.4 (/opt/ros/foxy/share/nav_msgs/cmake)
-- ********************************************************************************
-- ---> Looking for ACADO toolkit:
-- Found ACADO toolkit include directories: /home/vivek/ACADOtoolkit;/home/vivek/ACADOtoolkit/acado;/home/vivek/ACADOtoolkit/external_packages;/home/vivek/ACADOtoolkit/external_packages/qpOASES-3.2.0/include;/home/vivek/ACADOtoolkit/build
-- Found ACADO toolkit library directories: /home/vivek/ACADOtoolkit/build/lib
-- Could not find ACADO static library.
-- Found ACADO shared library: acado_toolkit_s
-- ********************************************************************************
-- Found msgs_car: 0.0.0 (/home/vivek/On-Codes/Batch-Opt-Highway-Driving/ros_ws/install/msgs_car/share/msgs_car/cmake)
-- Found ament_lint_auto: 0.9.6 (/opt/ros/foxy/share/ament_lint_auto/cmake)
-- Added test 'copyright' to check source files copyright and LICENSE
-- Added test 'cppcheck' to perform static code analysis on C / C++ code
-- Configured cppcheck include dirs: /home/vivek/On-Codes/Batch-Opt-Highway-Driving/ros_ws/src/mpc_car_acado/.;/home/vivek/On-Codes/Batch-Opt-Highway-Driving/ros_ws/src/mpc_car_acado/include;/home/vivek/On-Codes/Batch-Opt-Highway-Driving/ros_ws/src/mpc_car_acado/model/codegen/;/home/vivek/On-Codes/Batch-Opt-Highway-Driving/ros_ws/src/mpc_car_acado/externals/qpoases;/home/vivek/On-Codes/Batch-Opt-Highway-Driving/ros_ws/src/mpc_car_acado/externals/qpoases/INCLUDE;/home/vivek/On-Codes/Batch-Opt-Highway-Driving/ros_ws/src/mpc_car_acado/externals/qpoases/SRC
-- Configured cppcheck exclude dirs and/or files: 
-- Added test 'cpplint' to check C / C++ code against the Google style
-- Configured cpplint exclude dirs and/or files: 
-- Added test 'lint_cmake' to check CMake code style
-- Added test 'uncrustify' to check C / C++ code style
-- Configured uncrustify additional arguments: 
-- Added test 'xmllint' to check XML markup files
-- Configuring done
-- Generating done
-- Build files have been written to: /home/vivek/On-Codes/Batch-Opt-Highway-Driving/ros_ws/build/mpc_car_acado
[ 88%] Built target mpc_solver
[35m[1mScanning dependencies of target mpc_node[0m
[ 94%] [32mBuilding CXX object CMakeFiles/mpc_node.dir/src/main_acado.cpp.o[0m
[01m[K/home/vivek/On-Codes/Batch-Opt-Highway-Driving/ros_ws/src/mpc_car_acado/src/main_acado.cpp:[m[K In constructor ‘[01m[KMinimalPublisher::MinimalPublisher()[m[K’:
[01m[K/home/vivek/On-Codes/Batch-Opt-Highway-Driving/ros_ws/src/mpc_car_acado/src/main_acado.cpp:72:3:[m[K [01;31m[Kerror: [m[K‘[01m[KYAML[m[K’ has not been declared
   72 |   [01;31m[KYAML[m[K::Node map = YAML::LoadFile("src/mpc_car_acado/config.yaml");
      |   [01;31m[K^~~~[m[K
[01m[K/home/vivek/On-Codes/Batch-Opt-Highway-Driving/ros_ws/src/mpc_car_acado/src/main_acado.cpp:74:29:[m[K [01;31m[Kerror: [m[Kmissing template arguments before ‘[01m[K[[m[K’ token
   74 |         string setting = map[01;31m[K[[m[K"setting"].as<string>();
      |                             [01;31m[K^[m[K
[01m[K/home/vivek/On-Codes/Batch-Opt-Highway-Driving/ros_ws/src/mpc_car_acado/src/main_acado.cpp:74:50:[m[K [01;31m[Kerror: [m[Kexpected primary-expression before ‘[01m[K>[m[K’ token
   74 |         string setting = map["setting"].as<string[01;31m[K>[m[K();
      |                                                  [01;31m[K^[m[K
[01m[K/home/vivek/On-Codes/Batch-Opt-Highway-Driving/ros_ws/src/mpc_car_acado/src/main_acado.cpp:74:52:[m[K [01;31m[Kerror: [m[Kexpected primary-expression before ‘[01m[K)[m[K’ token
   74 |         string setting = map["setting"].as<string>([01;31m[K)[m[K;
      |                                                    [01;31m[K^[m[K
[01m[K/home/vivek/On-Codes/Batch-Opt-Highway-Driving/ros_ws/src/mpc_car_acado/src/main_acado.cpp:76:23:[m[K [01;31m[Kerror: [m[Kmissing template arguments before ‘[01m[K[[m[K’ token
   76 |         num_goal = map[01;31m[K[[m[K"configuration"][setting]["goal"].as<float>();
      |                       [01;31m[K^[m[K
[01m[K/home/vivek/On-Codes/Batch-Opt-Highway-Driving/ros_ws/src/mpc_car_acado/src/main_acado.cpp:76:61:[m[K [01;31m[Kerror: [m[Kexpected primary-expression before ‘[01m[Kfloat[m[K’
   76 |         num_goal = map["configuration"][setting]["goal"].as<[01;31m[Kfloat[m[K>();
      |                                                             [01;31m[K^~~~~[m[K
[01m[K/home/vivek/On-Codes/Batch-Opt-Highway-Driving/ros_ws/src/mpc_car_acado/src/main_acado.cpp:77:17:[m[K [01;31m[Kerror: [m[Kmissing template arguments before ‘[01m[K[[m[K’ token
   77 |         w0 = map[01;31m[K[[m[K"configuration"][setting]["weights"][0].as<float>();
      |                 [01;31m[K^[m[K
[01m[K/home/vivek/On-Codes/Batch-Opt-Highway-Driving/ros_ws/src/mpc_car_acado/src/main_acado.cpp:77:61:[m[K [01;31m[Kerror: [m[Kexpected primary-expression before ‘[01m[Kfloat[m[K’
   77 |         w0 = map["configuration"][setting]["weights"][0].as<[01;31m[Kfloat[m[K>();
      |                                                             [01;31m[K^~~~~[m[K
[01m[K/home/vivek/On-Codes/Batch-Opt-Highway-Driving/ros_ws/src/mpc_car_acado/src/main_acado.cpp:78:17:[m[K [01;31m[Kerror: [m[Kmissing template arguments before ‘[01m[K[[m[K’ token
   78 |         w1 = map[01;31m[K[[m[K"configuration"][setting]["weights"][1].as<float>();
      |                 [01;31m[K^[m[K
[01m[K/home/vivek/On-Codes/Batch-Opt-Highway-Driving/ros_ws/src/mpc_car_acado/src/main_acado.cpp:78:61:[m[K [01;31m[Kerror: [m[Kexpected primary-expression before ‘[01m[Kfloat[m[K’
   78 |         w1 = map["configuration"][setting]["weights"][1].as<[01;31m[Kfloat[m[K>();
      |                                                             [01;31m[K^~~~~[m[K
[01m[K/home/vivek/On-Codes/Batch-Opt-Highway-Driving/ros_ws/src/mpc_car_acado/src/main_acado.cpp:79:17:[m[K [01;31m[Kerror: [m[Kmissing template arguments before ‘[01m[K[[m[K’ token
   79 |         w2 = map[01;31m[K[[m[K"configuration"][setting]["weights"][2].as<float>();
      |                 [01;31m[K^[m[K
[01m[K/home/vivek/On-Codes/Batch-Opt-Highway-Driving/ros_ws/src/mpc_car_acado/src/main_acado.cpp:79:61:[m[K [01;31m[Kerror: [m[Kexpected primary-expression before ‘[01m[Kfloat[m[K’
   79 |         w2 = map["configuration"][setting]["weights"][2].as<[01;31m[Kfloat[m[K>();
      |                                                             [01;31m[K^~~~~[m[K
[01m[K/home/vivek/On-Codes/Batch-Opt-Highway-Driving/ros_ws/src/mpc_car_acado/src/main_acado.cpp:80:17:[m[K [01;31m[Kerror: [m[Kmissing template arguments before ‘[01m[K[[m[K’ token
   80 |         w3 = map[01;31m[K[[m[K"configuration"][setting]["weights"][3].as<float>();
      |                 [01;31m[K^[m[K
[01m[K/home/vivek/On-Codes/Batch-Opt-Highway-Driving/ros_ws/src/mpc_car_acado/src/main_acado.cpp:80:61:[m[K [01;31m[Kerror: [m[Kexpected primary-expression before ‘[01m[Kfloat[m[K’
   80 |         w3 = map["configuration"][setting]["weights"][3].as<[01;31m[Kfloat[m[K>();
      |                                                             [01;31m[K^~~~~[m[K
[01m[K/home/vivek/On-Codes/Batch-Opt-Highway-Driving/ros_ws/src/mpc_car_acado/src/main_acado.cpp:127:22:[m[K [01;31m[Kerror: [m[K‘[01m[Kprob_data[m[K’ was not declared in this scope
  127 |   for(int i = 0; i < [01;31m[Kprob_data[m[K.num_goal; i++)
      |                      [01;31m[K^~~~~~~~~[m[K
[01m[K/home/vivek/On-Codes/Batch-Opt-Highway-Driving/ros_ws/src/mpc_car_acado/src/main_acado.cpp:129:25:[m[K [01;31m[Kerror: [m[Kmissing template arguments before ‘[01m[K[[m[K’ token
  129 |             x_g(i) = map[01;31m[K[[m[K"configuration"][setting]["x_g"][i].as<float>();
      |                         [01;31m[K^[m[K
[01m[K/home/vivek/On-Codes/Batch-Opt-Highway-Driving/ros_ws/src/mpc_car_acado/src/main_acado.cpp:129:65:[m[K [01;31m[Kerror: [m[Kexpected primary-expression before ‘[01m[Kfloat[m[K’
  129 |             x_g(i) = map["configuration"][setting]["x_g"][i].as<[01;31m[Kfloat[m[K>();
      |                                                                 [01;31m[K^~~~~[m[K
[01m[K/home/vivek/On-Codes/Batch-Opt-Highway-Driving/ros_ws/src/mpc_car_acado/src/main_acado.cpp:130:25:[m[K [01;31m[Kerror: [m[Kmissing template arguments before ‘[01m[K[[m[K’ token
  130 |             y_g(i) = map[01;31m[K[[m[K"configuration"][setting]["y_g"][i].as<float>();
      |                         [01;31m[K^[m[K
[01m[K/home/vivek/On-Codes/Batch-Opt-Highway-Driving/ros_ws/src/mpc_car_acado/src/main_acado.cpp:130:65:[m[K [01;31m[Kerror: [m[Kexpected primary-expression before ‘[01m[Kfloat[m[K’
  130 |             y_g(i) = map["configuration"][setting]["y_g"][i].as<[01;31m[Kfloat[m[K>();
      |                                                                 [01;31m[K^~~~~[m[K
[01m[K/home/vivek/On-Codes/Batch-Opt-Highway-Driving/ros_ws/src/mpc_car_acado/src/main_acado.cpp:141:19:[m[K [01;31m[Kerror: [m[Kmissing template arguments before ‘[01m[K[[m[K’ token
  141 |   outdata.open(map[01;31m[K[[m[K"configuration"][setting]["file"].as<string>());
      |                   [01;31m[K^[m[K
[01m[K/home/vivek/On-Codes/Batch-Opt-Highway-Driving/ros_ws/src/mpc_car_acado/src/main_acado.cpp:141:63:[m[K [01;31m[Kerror: [m[Kexpected primary-expression before ‘[01m[K>[m[K’ token
  141 |   outdata.open(map["configuration"][setting]["file"].as<string[01;31m[K>[m[K());
      |                                                               [01;31m[K^[m[K
[01m[K/home/vivek/On-Codes/Batch-Opt-Highway-Driving/ros_ws/src/mpc_car_acado/src/main_acado.cpp:141:65:[m[K [01;31m[Kerror: [m[Kexpected primary-expression before ‘[01m[K)[m[K’ token
  141 |   outdata.open(map["configuration"][setting]["file"].as<string>([01;31m[K)[m[K);
      |                                                                 [01;31m[K^[m[K
[01m[K/home/vivek/On-Codes/Batch-Opt-Highway-Driving/ros_ws/src/mpc_car_acado/src/main_acado.cpp:142:10:[m[K [01;35m[Kwarning: [m[KISO C++ forbids variable length array ‘[01m[KThread[m[K’ [[01;35m[K-Wvla[m[K]
  142 |   thread [01;35m[KThread[m[K[num_goal];
      |          [01;35m[K^~~~~~[m[K
[01m[K/home/vivek/On-Codes/Batch-Opt-Highway-Driving/ros_ws/src/mpc_car_acado/src/main_acado.cpp:[m[K In member function ‘[01m[Kvoid MinimalPublisher::optimize(int)[m[K’:
[01m[K/home/vivek/On-Codes/Batch-Opt-Highway-Driving/ros_ws/src/mpc_car_acado/src/main_acado.cpp:325:18:[m[K [01;35m[Kwarning: [m[Kunused variable ‘[01m[Kt2[m[K’ [[01;35m[K-Wunused-variable[m[K]
  325 |   acado_timer t, [01;35m[Kt2[m[K;
      |                  [01;35m[K^~[m[K
make[2]: *** [CMakeFiles/mpc_node.dir/build.make:63: CMakeFiles/mpc_node.dir/src/main_acado.cpp.o] Error 1
make[1]: *** [CMakeFiles/Makefile2:80: CMakeFiles/mpc_node.dir/all] Error 2
make: *** [Makefile:141: all] Error 2
