[0.015s] Invoking command in '/home/vivek/On-Codes/Batch_traj_opt/mpc_car_batch/build/mpc_car_batch': CMAKE_PREFIX_PATH=/opt/ros/foxy /usr/bin/cmake --build /home/vivek/On-Codes/Batch_traj_opt/mpc_car_batch/build/mpc_car_batch -- -j4 -l4
[0.041s] -- Found ament_cmake: 0.9.8 (/opt/ros/foxy/share/ament_cmake/cmake)
[0.068s] -- Using PYTHON_EXECUTABLE: /usr/bin/python3
[0.250s] -- Found ament_lint_auto: 0.9.6 (/opt/ros/foxy/share/ament_lint_auto/cmake)
[0.309s] -- Added test 'copyright' to check source files copyright and LICENSE
[0.317s] -- Added test 'cppcheck' to perform static code analysis on C / C++ code
[0.318s] -- Configured cppcheck include dirs: $<BUILD_INTERFACE:/home/vivek/On-Codes/Batch_traj_opt/mpc_car_batch/include>
[0.318s] -- Configured cppcheck exclude dirs and/or files: 
[0.327s] -- Added test 'cpplint' to check C / C++ code against the Google style
[0.327s] -- Configured cpplint exclude dirs and/or files: 
[0.328s] -- Added test 'flake8' to check Python code syntax and style conventions
[0.331s] -- Added test 'lint_cmake' to check CMake code style
[0.332s] -- Added test 'pep257' to check Python code against some of the style conventions in PEP 257
[0.341s] -- Added test 'uncrustify' to check C / C++ code style
[0.341s] -- Configured uncrustify additional arguments: 
[0.342s] -- Added test 'xmllint' to check XML markup files
[0.344s] -- Configuring done
[0.348s] -- Generating done
[0.349s] -- Build files have been written to: /home/vivek/On-Codes/Batch_traj_opt/mpc_car_batch/build/mpc_car_batch
[0.370s] [35m[1mScanning dependencies of target mpc_node_lib[0m
[0.370s] [35m[1mScanning dependencies of target mpc_node[0m
[0.381s] [ 50%] [32mBuilding CXX object CMakeFiles/mpc_node_lib.dir/src/optim.cpp.o[0m
[0.381s] [ 50%] [32mBuilding CXX object CMakeFiles/mpc_node.dir/src/main.cpp.o[0m
[0.414s] [01m[K/home/vivek/On-Codes/Batch_traj_opt/mpc_car_batch/src/optim.cpp:2:10:[m[K [01;31m[Kfatal error: [m[Koptim.h: No such file or directory
[0.415s]     2 | #include [01;31m[K"optim.h"[m[K
[0.415s]       |          [01;31m[K^~~~~~~~~[m[K
[0.415s] compilation terminated.
[0.416s] make[2]: *** [CMakeFiles/mpc_node_lib.dir/build.make:63: CMakeFiles/mpc_node_lib.dir/src/optim.cpp.o] Error 1
[0.416s] make[1]: *** [CMakeFiles/Makefile2:107: CMakeFiles/mpc_node_lib.dir/all] Error 2
[0.416s] make[1]: *** Waiting for unfinished jobs....
[0.493s] [01m[K/home/vivek/On-Codes/Batch_traj_opt/mpc_car_batch/src/main.cpp:9:10:[m[K [01;31m[Kfatal error: [m[Koptim.h: No such file or directory
[0.493s]     9 | #include [01;31m[K"optim.h"[m[K
[0.493s]       |          [01;31m[K^~~~~~~~~[m[K
[0.493s] compilation terminated.
[0.496s] make[2]: *** [CMakeFiles/mpc_node.dir/build.make:63: CMakeFiles/mpc_node.dir/src/main.cpp.o] Error 1
[0.497s] make[1]: *** [CMakeFiles/Makefile2:80: CMakeFiles/mpc_node.dir/all] Error 2
[0.497s] make: *** [Makefile:141: all] Error 2
[0.499s] Invoked command in '/home/vivek/On-Codes/Batch_traj_opt/mpc_car_batch/build/mpc_car_batch' returned '2': CMAKE_PREFIX_PATH=/opt/ros/foxy /usr/bin/cmake --build /home/vivek/On-Codes/Batch_traj_opt/mpc_car_batch/build/mpc_car_batch -- -j4 -l4
