[0.032s] Invoking command in '/home/vivek/On-Codes/Batch-Opt-Highway-Driving/ros_ws/build/mpc_car_batch': AMENT_PREFIX_PATH=/home/vivek/On-Codes/Batch-Opt-Highway-Driving/ros_ws/install/msgs_car:${AMENT_PREFIX_PATH} CMAKE_PREFIX_PATH=/home/vivek/On-Codes/Batch-Opt-Highway-Driving/ros_ws/install/msgs_car:/opt/ros/foxy LD_LIBRARY_PATH=/home/vivek/On-Codes/Batch-Opt-Highway-Driving/ros_ws/install/msgs_car/lib:${LD_LIBRARY_PATH} PYTHONPATH=/home/vivek/On-Codes/Batch-Opt-Highway-Driving/ros_ws/install/msgs_car/lib/python3.8/site-packages:${PYTHONPATH} /usr/bin/cmake --build /home/vivek/On-Codes/Batch-Opt-Highway-Driving/ros_ws/build/mpc_car_batch -- -j4 -l4
[2.992s] -- Found ament_cmake: 0.9.8 (/opt/ros/foxy/share/ament_cmake/cmake)
[5.028s] -- Using PYTHON_EXECUTABLE: /usr/bin/python3
[6.702s] -- Found rclcpp: 2.3.1 (/opt/ros/foxy/share/rclcpp/cmake)
[10.808s] -- Using all available rosidl_typesupport_c: rosidl_typesupport_fastrtps_c;rosidl_typesupport_introspection_c
[11.157s] -- Found rosidl_adapter: 1.2.1 (/opt/ros/foxy/share/rosidl_adapter/cmake)
[15.961s] -- Using all available rosidl_typesupport_cpp: rosidl_typesupport_fastrtps_cpp;rosidl_typesupport_introspection_cpp
[17.009s] -- Found rmw_implementation_cmake: 1.0.3 (/opt/ros/foxy/share/rmw_implementation_cmake/cmake)
[17.368s] -- Using RMW implementation 'rmw_fastrtps_cpp' as default
[18.834s] -- Found geometry_msgs: 2.0.4 (/opt/ros/foxy/share/geometry_msgs/cmake)
[19.495s] -- Found nav_msgs: 2.0.4 (/opt/ros/foxy/share/nav_msgs/cmake)
[19.580s] -- Found msgs_car: 0.0.0 (/home/vivek/On-Codes/Batch-Opt-Highway-Driving/ros_ws/install/msgs_car/share/msgs_car/cmake)
[19.719s] -- Found ament_lint_auto: 0.9.6 (/opt/ros/foxy/share/ament_lint_auto/cmake)
[21.491s] -- Added test 'copyright' to check source files copyright and LICENSE
[21.495s] -- Added test 'cppcheck' to perform static code analysis on C / C++ code
[21.496s] -- Configured cppcheck include dirs: /home/vivek/On-Codes/Batch-Opt-Highway-Driving/ros_ws/src/mpc_car_batch/include
[21.496s] -- Configured cppcheck exclude dirs and/or files: 
[21.499s] -- Added test 'cpplint' to check C / C++ code against the Google style
[21.500s] -- Configured cpplint exclude dirs and/or files: 
[21.502s] -- Added test 'lint_cmake' to check CMake code style
[21.506s] -- Added test 'uncrustify' to check C / C++ code style
[21.507s] -- Configured uncrustify additional arguments: 
[21.508s] -- Added test 'xmllint' to check XML markup files
[21.743s] -- Configuring done
[22.418s] -- Generating done
[22.424s] -- Build files have been written to: /home/vivek/On-Codes/Batch-Opt-Highway-Driving/ros_ws/build/mpc_car_batch
[22.489s] [ 25%] [32mBuilding CXX object CMakeFiles/mpc_node_lib.dir/src/optim_batch.cpp.o[0m
[23.347s] [01m[K/home/vivek/On-Codes/Batch-Opt-Highway-Driving/ros_ws/src/mpc_car_batch/src/optim_batch.cpp:[m[K In function ‘[01m[KEigen::ArrayXXf optim::cumsum(Eigen::ArrayXXf, Eigen::ArrayXXf)[m[K’:
[23.347s] [01m[K/home/vivek/On-Codes/Batch-Opt-Highway-Driving/ros_ws/src/mpc_car_batch/src/optim_batch.cpp:136:9:[m[K [01;35m[Kwarning: [m[Kunused variable ‘[01m[Kinit[m[K’ [[01;35m[K-Wunused-variable[m[K]
[23.347s]   136 |   float [01;35m[Kinit[m[K = arr1(0);
[23.347s]       |         [01;35m[K^~~~[m[K
[24.395s] [01m[K/home/vivek/On-Codes/Batch-Opt-Highway-Driving/ros_ws/src/mpc_car_batch/src/optim_batch.cpp:[m[K In function ‘[01m[Koptim::probData optim::solve(optim::probData, Eigen::ArrayXXf, Eigen::ArrayXXf, Eigen::ArrayXXf, Eigen::ArrayXXf, Eigen::ArrayXXf, Eigen::ArrayXXf, Eigen::ArrayXXf, Eigen::ArrayXXf, Eigen::ArrayXXf, Eigen::ArrayXXf, Eigen::ArrayXXf, Eigen::ArrayXXf, Eigen::ArrayXXf, Eigen::ArrayXXf, bool)[m[K’:
[24.395s] [01m[K/home/vivek/On-Codes/Batch-Opt-Highway-Driving/ros_ws/src/mpc_car_batch/src/optim_batch.cpp:244:281:[m[K [01;35m[Kwarning: [m[Kunused parameter ‘[01m[Kwarm[m[K’ [[01;35m[K-Wunused-parameter[m[K]
[24.395s]   244 | n, ArrayXXf psidot_fin, ArrayXXf x_obs, ArrayXXf y_obs, [01;35m[Kbool warm[m[K )
[24.395s]       |                                                         [01;35m[K~~~~~^~~~[m[K
[24.395s] 
[24.794s] [01m[K/home/vivek/On-Codes/Batch-Opt-Highway-Driving/ros_ws/src/mpc_car_batch/src/optim_batch.cpp:[m[K In function ‘[01m[Koptim::three_varr optim::compute_x(optim::probData, Eigen::ArrayXXf, Eigen::ArrayXXf, Eigen::ArrayXXf, Eigen::ArrayXXf, Eigen::ArrayXXf, Eigen::ArrayXXf, Eigen::ArrayXXf)[m[K’:
[24.794s] [01m[K/home/vivek/On-Codes/Batch-Opt-Highway-Driving/ros_ws/src/mpc_car_batch/src/optim_batch.cpp:387:129:[m[K [01;35m[Kwarning: [m[Kunused parameter ‘[01m[Kx_obs[m[K’ [[01;35m[K-Wunused-parameter[m[K]
[24.794s]   387 | , ArrayXXf Pddot, ArrayXXf b_eq_x, ArrayXXf b_eq_y, [01;35m[KArrayXXf x_obs[m[K, ArrayXXf y_obs)
[24.794s]       |                                                     [01;35m[K~~~~~~~~~^~~~~[m[K
[24.794s] 
[24.794s] [01m[K/home/vivek/On-Codes/Batch-Opt-Highway-Driving/ros_ws/src/mpc_car_batch/src/optim_batch.cpp:387:145:[m[K [01;35m[Kwarning: [m[Kunused parameter ‘[01m[Ky_obs[m[K’ [[01;35m[K-Wunused-parameter[m[K]
[24.795s]   387 | , ArrayXXf b_eq_x, ArrayXXf b_eq_y, ArrayXXf x_obs, [01;35m[KArrayXXf y_obs[m[K)
[24.795s]       |                                                     [01;35m[K~~~~~~~~~^~~~~[m[K
[24.795s] 
[55.380s] [ 50%] [32m[1mLinking CXX static library libmpc_node_lib.a[0m
[57.011s] [ 50%] Built target mpc_node_lib
[57.084s] [ 75%] [32mBuilding CXX object CMakeFiles/mpc_node.dir/src/main_batch.cpp.o[0m
[73.142s] [100%] [32m[1mLinking CXX executable mpc_node[0m
[73.503s] [01m[Kc++:[m[K [01;31m[Kerror: [m[K$(pkg-config: No such file or directory
[73.503s] [01m[Kc++:[m[K [01;31m[Kerror: [m[Kyaml-cpp): No such file or directory
[73.509s] [01m[Kc++:[m[K [01;31m[Kerror: [m[Kunrecognized command line option ‘[01m[K--cflags[m[K’
[73.510s] [01m[Kc++:[m[K [01;31m[Kerror: [m[Kunrecognized command line option ‘[01m[K--libs[m[K’; did you mean ‘[01m[K--libs=[m[K’?
[73.513s] make[2]: *** [CMakeFiles/mpc_node.dir/build.make:147: mpc_node] Error 1
[73.514s] make[1]: *** [CMakeFiles/Makefile2:80: CMakeFiles/mpc_node.dir/all] Error 2
[73.515s] make: *** [Makefile:141: all] Error 2
[73.520s] Invoked command in '/home/vivek/On-Codes/Batch-Opt-Highway-Driving/ros_ws/build/mpc_car_batch' returned '2': AMENT_PREFIX_PATH=/home/vivek/On-Codes/Batch-Opt-Highway-Driving/ros_ws/install/msgs_car:${AMENT_PREFIX_PATH} CMAKE_PREFIX_PATH=/home/vivek/On-Codes/Batch-Opt-Highway-Driving/ros_ws/install/msgs_car:/opt/ros/foxy LD_LIBRARY_PATH=/home/vivek/On-Codes/Batch-Opt-Highway-Driving/ros_ws/install/msgs_car/lib:${LD_LIBRARY_PATH} PYTHONPATH=/home/vivek/On-Codes/Batch-Opt-Highway-Driving/ros_ws/install/msgs_car/lib/python3.8/site-packages:${PYTHONPATH} /usr/bin/cmake --build /home/vivek/On-Codes/Batch-Opt-Highway-Driving/ros_ws/build/mpc_car_batch -- -j4 -l4
