[0.014s] Invoking command in '/home/vivek/On-Codes/Batch_traj_opt/mpc_car_batch/build/mpc_car_batch': CMAKE_PREFIX_PATH=/opt/ros/foxy /usr/bin/cmake --build /home/vivek/On-Codes/Batch_traj_opt/mpc_car_batch/build/mpc_car_batch -- -j4 -l4
[0.044s] -- Found ament_cmake: 0.9.8 (/opt/ros/foxy/share/ament_cmake/cmake)
[0.072s] -- Using PYTHON_EXECUTABLE: /usr/bin/python3
[0.266s] -- Found rclcpp: 2.3.1 (/opt/ros/foxy/share/rclcpp/cmake)
[0.299s] -- Using all available rosidl_typesupport_c: rosidl_typesupport_fastrtps_c;rosidl_typesupport_introspection_c
[0.303s] -- Found rosidl_adapter: 1.2.1 (/opt/ros/foxy/share/rosidl_adapter/cmake)
[0.421s] -- Using all available rosidl_typesupport_cpp: rosidl_typesupport_fastrtps_cpp;rosidl_typesupport_introspection_cpp
[0.473s] -- Found rmw_implementation_cmake: 1.0.3 (/opt/ros/foxy/share/rmw_implementation_cmake/cmake)
[0.475s] -- Using RMW implementation 'rmw_fastrtps_cpp' as default
[0.618s] -- Found geometry_msgs: 2.0.4 (/opt/ros/foxy/share/geometry_msgs/cmake)
[0.657s] -- Found nav_msgs: 2.0.4 (/opt/ros/foxy/share/nav_msgs/cmake)
[0.734s] -- Found ament_lint_auto: 0.9.6 (/opt/ros/foxy/share/ament_lint_auto/cmake)
[0.798s] -- Added test 'copyright' to check source files copyright and LICENSE
[0.819s] -- Added test 'cppcheck' to perform static code analysis on C / C++ code
[0.819s] -- Configured cppcheck include dirs: /home/vivek/On-Codes/Batch_traj_opt/mpc_car_batch/include
[0.819s] -- Configured cppcheck exclude dirs and/or files: 
[0.840s] -- Added test 'cpplint' to check C / C++ code against the Google style
[0.841s] -- Configured cpplint exclude dirs and/or files: 
[0.844s] -- Added test 'flake8' to check Python code syntax and style conventions
[0.850s] -- Added test 'lint_cmake' to check CMake code style
[0.853s] -- Added test 'pep257' to check Python code against some of the style conventions in PEP 257
[0.873s] -- Added test 'uncrustify' to check C / C++ code style
[0.873s] -- Configured uncrustify additional arguments: 
[0.876s] -- Added test 'xmllint' to check XML markup files
[0.879s] -- Configuring done
[0.884s] -- Generating done
[1.508s] -- Build files have been written to: /home/vivek/On-Codes/Batch_traj_opt/mpc_car_batch/build/mpc_car_batch
[1.549s] [ 50%] Built target mpc_node_lib
[1.572s] [ 75%] [32mBuilding CXX object CMakeFiles/mpc_node.dir/src/main.cpp.o[0m
[1.694s] [01m[K/home/vivek/On-Codes/Batch_traj_opt/mpc_car_batch/src/main.cpp:12:10:[m[K [01;31m[Kfatal error: [m[Krclcpp/rclcpp.hpp: No such file or directory
[1.694s]    12 | #include [01;31m[K"rclcpp/rclcpp.hpp"[m[K
[1.694s]       |          [01;31m[K^~~~~~~~~~~~~~~~~~~[m[K
[1.694s] compilation terminated.
[1.806s] make[2]: *** [CMakeFiles/mpc_node.dir/build.make:63: CMakeFiles/mpc_node.dir/src/main.cpp.o] Error 1
[1.806s] make[1]: *** [CMakeFiles/Makefile2:80: CMakeFiles/mpc_node.dir/all] Error 2
[1.807s] make: *** [Makefile:141: all] Error 2
[1.811s] Invoked command in '/home/vivek/On-Codes/Batch_traj_opt/mpc_car_batch/build/mpc_car_batch' returned '2': CMAKE_PREFIX_PATH=/opt/ros/foxy /usr/bin/cmake --build /home/vivek/On-Codes/Batch_traj_opt/mpc_car_batch/build/mpc_car_batch -- -j4 -l4
