-- The C compiler identification is GNU 9.3.0
-- The CXX compiler identification is GNU 9.3.0
-- Check for working C compiler: /usr/bin/cc
-- Check for working C compiler: /usr/bin/cc -- works
-- Detecting C compiler ABI info
-- Detecting C compiler ABI info - done
-- Detecting C compile features
-- Detecting C compile features - done
-- Check for working CXX compiler: /usr/bin/c++
-- Check for working CXX compiler: /usr/bin/c++ -- works
-- Detecting CXX compiler ABI info
-- Detecting CXX compiler ABI info - done
-- Detecting CXX compile features
-- Detecting CXX compile features - done
-- Found ament_cmake: 0.9.8 (/opt/ros/foxy/share/ament_cmake/cmake)
-- Found PythonInterp: /usr/bin/python3 (found suitable version "3.8.10", minimum required is "3") 
-- Using PYTHON_EXECUTABLE: /usr/bin/python3
-- Found rclcpp: 2.3.1 (/opt/ros/foxy/share/rclcpp/cmake)
-- Using all available rosidl_typesupport_c: rosidl_typesupport_fastrtps_c;rosidl_typesupport_introspection_c
-- Found rosidl_adapter: 1.2.1 (/opt/ros/foxy/share/rosidl_adapter/cmake)
-- Found OpenSSL: /usr/lib/x86_64-linux-gnu/libcrypto.so (found version "1.1.1f")  
-- Found FastRTPS: /opt/ros/foxy/include  
-- Using all available rosidl_typesupport_cpp: rosidl_typesupport_fastrtps_cpp;rosidl_typesupport_introspection_cpp
-- Found rmw_implementation_cmake: 1.0.3 (/opt/ros/foxy/share/rmw_implementation_cmake/cmake)
-- Using RMW implementation 'rmw_fastrtps_cpp' as default
-- Looking for pthread.h
-- Looking for pthread.h - found
-- Performing Test CMAKE_HAVE_LIBC_PTHREAD
-- Performing Test CMAKE_HAVE_LIBC_PTHREAD - Failed
-- Looking for pthread_create in pthreads
-- Looking for pthread_create in pthreads - not found
-- Looking for pthread_create in pthread
-- Looking for pthread_create in pthread - found
-- Found Threads: TRUE  
-- Found nav_msgs: 2.0.4 (/opt/ros/foxy/share/nav_msgs/cmake)
-- ********************************************************************************
-- ---> Looking for ACADO toolkit:
-- Could not find ACADO toolkit include directories
-- Could not find ACADO toolkit library directories
-- Could not find ACADO static library.
-- Could not find ACADO shared library.
-- ********************************************************************************
-- Found msgs_car: 0.0.0 (/home/lenovo/ros2_foxy/src/Batch-Opt-Highway-Driving/ros_ws/install/msgs_car/share/msgs_car/cmake)
-- Found ament_lint_auto: 0.9.6 (/opt/ros/foxy/share/ament_lint_auto/cmake)
-- Added test 'copyright' to check source files copyright and LICENSE
-- Added test 'cppcheck' to perform static code analysis on C / C++ code
-- Configured cppcheck include dirs: /home/lenovo/ros2_foxy/src/Batch-Opt-Highway-Driving/ros_ws/src/mpc_car_acado/.;/home/lenovo/ros2_foxy/src/Batch-Opt-Highway-Driving/ros_ws/src/mpc_car_acado/include;/home/lenovo/ros2_foxy/src/Batch-Opt-Highway-Driving/ros_ws/src/mpc_car_acado/model/codegen/;/home/lenovo/ros2_foxy/src/Batch-Opt-Highway-Driving/ros_ws/src/mpc_car_acado/externals/qpoases;/home/lenovo/ros2_foxy/src/Batch-Opt-Highway-Driving/ros_ws/src/mpc_car_acado/externals/qpoases/INCLUDE;/home/lenovo/ros2_foxy/src/Batch-Opt-Highway-Driving/ros_ws/src/mpc_car_acado/externals/qpoases/SRC
-- Configured cppcheck exclude dirs and/or files: 
-- Added test 'cpplint' to check C / C++ code against the Google style
-- Configured cpplint exclude dirs and/or files: 
-- Added test 'lint_cmake' to check CMake code style
-- Added test 'uncrustify' to check C / C++ code style
-- Configured uncrustify additional arguments: 
-- Added test 'xmllint' to check XML markup files
-- Configuring done
-- Generating done
-- Build files have been written to: /home/lenovo/ros2_foxy/src/Batch-Opt-Highway-Driving/ros_ws/build/mpc_car_acado
[35m[1mScanning dependencies of target mpc_solver[0m
[  5%] [32mBuilding CXX object CMakeFiles/mpc_solver.dir/externals/qpoases/SRC/Bounds.cpp.o[0m
[ 17%] [32mBuilding CXX object CMakeFiles/mpc_solver.dir/externals/qpoases/SRC/CyclingManager.cpp.o[0m
[ 23%] [32mBuilding CXX object CMakeFiles/mpc_solver.dir/externals/qpoases/SRC/Constraints.cpp.o[0m
[ 29%] [32mBuilding CXX object CMakeFiles/mpc_solver.dir/externals/qpoases/SRC/MessageHandling.cpp.o[0m
[ 29%] [32mBuilding CXX object CMakeFiles/mpc_solver.dir/externals/qpoases/SRC/Indexlist.cpp.o[0m
[ 35%] [32mBuilding CXX object CMakeFiles/mpc_solver.dir/externals/qpoases/SRC/QProblem.cpp.o[0m
[ 41%] [32mBuilding CXX object CMakeFiles/mpc_solver.dir/externals/qpoases/SRC/SubjectTo.cpp.o[0m
[ 47%] [32mBuilding CXX object CMakeFiles/mpc_solver.dir/externals/qpoases/SRC/Utils.cpp.o[0m
[ 58%] [32mBuilding CXX object CMakeFiles/mpc_solver.dir/externals/qpoases/SRC/QProblemB.cpp.o[0m
[ 58%] [32mBuilding CXX object CMakeFiles/mpc_solver.dir/externals/qpoases/SRC/EXTRAS/SolutionAnalysis.cpp.o[0m
[ 64%] [32mBuilding C object CMakeFiles/mpc_solver.dir/model/codegen/acado_integrator.c.o[0m
[ 70%] [32mBuilding CXX object CMakeFiles/mpc_solver.dir/model/codegen/acado_qpoases_interface.cpp.o[0m
[01m[K/home/lenovo/ros2_foxy/src/Batch-Opt-Highway-Driving/ros_ws/src/mpc_car_acado/model/codegen/acado_integrator.c:[m[K In function ‘[01m[Kacado_integrate[m[K’:
[01m[K/home/lenovo/ros2_foxy/src/Batch-Opt-Highway-Driving/ros_ws/src/mpc_car_acado/model/codegen/acado_integrator.c:94:48:[m[K [01;35m[Kwarning: [m[Kunused parameter ‘[01m[KresetIntegrator[m[K’ [[01;35m[K-Wunused-parameter[m[K]
   94 | int acado_integrate( real_t* const rk_eta, [01;35m[Kint resetIntegrator[m[K )
      |                                            [01;35m[K~~~~^~~~~~~~~~~~~~~[m[K
[01m[K/home/lenovo/ros2_foxy/src/Batch-Opt-Highway-Driving/ros_ws/src/mpc_car_acado/externals/qpoases/SRC/EXTRAS/SolutionAnalysis.cpp:[m[K In copy constructor ‘[01m[KSolutionAnalysis::SolutionAnalysis(const SolutionAnalysis&)[m[K’:
[01m[K/home/lenovo/ros2_foxy/src/Batch-Opt-Highway-Driving/ros_ws/src/mpc_car_acado/externals/qpoases/SRC/EXTRAS/SolutionAnalysis.cpp:46:61:[m[K [01;35m[Kwarning: [m[Kunused parameter ‘[01m[Krhs[m[K’ [[01;35m[K-Wunused-parameter[m[K]
   46 | SolutionAnalysis::SolutionAnalysis( [01;35m[Kconst SolutionAnalysis& rhs[m[K )
      |                                     [01;35m[K~~~~~~~~~~~~~~~~~~~~~~~~^~~[m[K
[ 76%] [32mBuilding C object CMakeFiles/mpc_solver.dir/model/codegen/acado_solver.c.o[0m
[ 82%] [32mBuilding C object CMakeFiles/mpc_solver.dir/model/codegen/acado_auxiliary_functions.c.o[0m
[01m[K/home/lenovo/ros2_foxy/src/Batch-Opt-Highway-Driving/ros_ws/src/mpc_car_acado/model/codegen/acado_solver.c:[m[K In function ‘[01m[Kacado_multQN1d[m[K’:
[01m[K/home/lenovo/ros2_foxy/src/Batch-Opt-Highway-Driving/ros_ws/src/mpc_car_acado/model/codegen/acado_solver.c:704:36:[m[K [01;35m[Kwarning: [m[Kunused parameter ‘[01m[KQN1[m[K’ [[01;35m[K-Wunused-parameter[m[K]
  704 | void acado_multQN1d( [01;35m[Kreal_t* const QN1[m[K, real_t* const dOld, real_t* const dNew )
      |                      [01;35m[K~~~~~~~~~~~~~~^~~[m[K
[01m[K/home/lenovo/ros2_foxy/src/Batch-Opt-Highway-Driving/ros_ws/src/mpc_car_acado/model/codegen/acado_solver.c:[m[K In function ‘[01m[Kacado_macETSlu[m[K’:
[01m[K/home/lenovo/ros2_foxy/src/Batch-Opt-Highway-Driving/ros_ws/src/mpc_car_acado/model/codegen/acado_solver.c:762:36:[m[K [01;35m[Kwarning: [m[Kunused parameter ‘[01m[KE0[m[K’ [[01;35m[K-Wunused-parameter[m[K]
  762 | void acado_macETSlu( [01;35m[Kreal_t* const E0[m[K, real_t* const g1 )
      |                      [01;35m[K~~~~~~~~~~~~~~^~[m[K
[ 88%] [32m[1mLinking CXX static library libmpc_solver.a[0m
[ 88%] Built target mpc_solver
[35m[1mScanning dependencies of target mpc_node[0m
[ 94%] [32mBuilding CXX object CMakeFiles/mpc_node.dir/src/main_acado.cpp.o[0m
[01m[K/home/lenovo/ros2_foxy/src/Batch-Opt-Highway-Driving/ros_ws/src/mpc_car_acado/src/main_acado.cpp:[m[K In constructor ‘[01m[KMinimalPublisher::MinimalPublisher()[m[K’:
[01m[K/home/lenovo/ros2_foxy/src/Batch-Opt-Highway-Driving/ros_ws/src/mpc_car_acado/src/main_acado.cpp:142:10:[m[K [01;35m[Kwarning: [m[KISO C++ forbids variable length array ‘[01m[KThread[m[K’ [[01;35m[K-Wvla[m[K]
  142 |   thread [01;35m[KThread[m[K[num_goal];
      |          [01;35m[K^~~~~~[m[K
[01m[K/home/lenovo/ros2_foxy/src/Batch-Opt-Highway-Driving/ros_ws/src/mpc_car_acado/src/main_acado.cpp:[m[K In member function ‘[01m[Kvoid MinimalPublisher::optimize(int)[m[K’:
[01m[K/home/lenovo/ros2_foxy/src/Batch-Opt-Highway-Driving/ros_ws/src/mpc_car_acado/src/main_acado.cpp:325:18:[m[K [01;35m[Kwarning: [m[Kunused variable ‘[01m[Kt2[m[K’ [[01;35m[K-Wunused-variable[m[K]
  325 |   acado_timer t, [01;35m[Kt2[m[K;
      |                  [01;35m[K^~[m[K
[100%] [32m[1mLinking CXX executable mpc_node[0m
[100%] Built target mpc_node
-- Install configuration: ""
-- Installing: /home/lenovo/ros2_foxy/src/Batch-Opt-Highway-Driving/ros_ws/install/mpc_car_acado/share/ament_index/resource_index/package_run_dependencies/mpc_car_acado
-- Installing: /home/lenovo/ros2_foxy/src/Batch-Opt-Highway-Driving/ros_ws/install/mpc_car_acado/share/ament_index/resource_index/parent_prefix_path/mpc_car_acado
-- Installing: /home/lenovo/ros2_foxy/src/Batch-Opt-Highway-Driving/ros_ws/install/mpc_car_acado/share/mpc_car_acado/environment/ament_prefix_path.sh
-- Installing: /home/lenovo/ros2_foxy/src/Batch-Opt-Highway-Driving/ros_ws/install/mpc_car_acado/share/mpc_car_acado/environment/ament_prefix_path.dsv
-- Installing: /home/lenovo/ros2_foxy/src/Batch-Opt-Highway-Driving/ros_ws/install/mpc_car_acado/share/mpc_car_acado/environment/path.sh
-- Installing: /home/lenovo/ros2_foxy/src/Batch-Opt-Highway-Driving/ros_ws/install/mpc_car_acado/share/mpc_car_acado/environment/path.dsv
-- Installing: /home/lenovo/ros2_foxy/src/Batch-Opt-Highway-Driving/ros_ws/install/mpc_car_acado/share/mpc_car_acado/local_setup.bash
-- Installing: /home/lenovo/ros2_foxy/src/Batch-Opt-Highway-Driving/ros_ws/install/mpc_car_acado/share/mpc_car_acado/local_setup.sh
-- Installing: /home/lenovo/ros2_foxy/src/Batch-Opt-Highway-Driving/ros_ws/install/mpc_car_acado/share/mpc_car_acado/local_setup.zsh
-- Installing: /home/lenovo/ros2_foxy/src/Batch-Opt-Highway-Driving/ros_ws/install/mpc_car_acado/share/mpc_car_acado/local_setup.dsv
-- Installing: /home/lenovo/ros2_foxy/src/Batch-Opt-Highway-Driving/ros_ws/install/mpc_car_acado/share/mpc_car_acado/package.dsv
-- Installing: /home/lenovo/ros2_foxy/src/Batch-Opt-Highway-Driving/ros_ws/install/mpc_car_acado/share/ament_index/resource_index/packages/mpc_car_acado
-- Installing: /home/lenovo/ros2_foxy/src/Batch-Opt-Highway-Driving/ros_ws/install/mpc_car_acado/share/mpc_car_acado/cmake/ament_cmake_export_include_directories-extras.cmake
-- Installing: /home/lenovo/ros2_foxy/src/Batch-Opt-Highway-Driving/ros_ws/install/mpc_car_acado/share/mpc_car_acado/cmake/mpc_car_acadoConfig.cmake
-- Installing: /home/lenovo/ros2_foxy/src/Batch-Opt-Highway-Driving/ros_ws/install/mpc_car_acado/share/mpc_car_acado/cmake/mpc_car_acadoConfig-version.cmake
-- Installing: /home/lenovo/ros2_foxy/src/Batch-Opt-Highway-Driving/ros_ws/install/mpc_car_acado/share/mpc_car_acado/package.xml
-- Installing: /home/lenovo/ros2_foxy/src/Batch-Opt-Highway-Driving/ros_ws/install/mpc_car_acado/lib/mpc_car_acado/mpc_node
-- Set runtime path of "/home/lenovo/ros2_foxy/src/Batch-Opt-Highway-Driving/ros_ws/install/mpc_car_acado/lib/mpc_car_acado/mpc_node" to ""
