running egg_info
creating ../../build/frenet_car/frenet_car.egg-info
writing ../../build/frenet_car/frenet_car.egg-info/PKG-INFO
writing dependency_links to ../../build/frenet_car/frenet_car.egg-info/dependency_links.txt
writing entry points to ../../build/frenet_car/frenet_car.egg-info/entry_points.txt
writing requirements to ../../build/frenet_car/frenet_car.egg-info/requires.txt
writing top-level names to ../../build/frenet_car/frenet_car.egg-info/top_level.txt
writing manifest file '../../build/frenet_car/frenet_car.egg-info/SOURCES.txt'
reading manifest file '../../build/frenet_car/frenet_car.egg-info/SOURCES.txt'
writing manifest file '../../build/frenet_car/frenet_car.egg-info/SOURCES.txt'
running build
running build_py
creating /home/vivek/On-Codes/Batch-Opt-Highway-Driving/ros_ws/build/frenet_car/build
creating /home/vivek/On-Codes/Batch-Opt-Highway-Driving/ros_ws/build/frenet_car/build/lib
creating /home/vivek/On-Codes/Batch-Opt-Highway-Driving/ros_ws/build/frenet_car/build/lib/frenet_car
copying frenet_car/optimize.py -> /home/vivek/On-Codes/Batch-Opt-Highway-Driving/ros_ws/build/frenet_car/build/lib/frenet_car
copying frenet_car/nlcon.py -> /home/vivek/On-Codes/Batch-Opt-Highway-Driving/ros_ws/build/frenet_car/build/lib/frenet_car
copying frenet_car/FF_func.py -> /home/vivek/On-Codes/Batch-Opt-Highway-Driving/ros_ws/build/frenet_car/build/lib/frenet_car
copying frenet_car/run_Linearized_VO.py -> /home/vivek/On-Codes/Batch-Opt-Highway-Driving/ros_ws/build/frenet_car/build/lib/frenet_car
copying frenet_car/circ.py -> /home/vivek/On-Codes/Batch-Opt-Highway-Driving/ros_ws/build/frenet_car/build/lib/frenet_car
copying frenet_car/frenet_optimal_trajectory.py -> /home/vivek/On-Codes/Batch-Opt-Highway-Driving/ros_ws/build/frenet_car/build/lib/frenet_car
copying frenet_car/draw.py -> /home/vivek/On-Codes/Batch-Opt-Highway-Driving/ros_ws/build/frenet_car/build/lib/frenet_car
copying frenet_car/NonLinearConstraint.py -> /home/vivek/On-Codes/Batch-Opt-Highway-Driving/ros_ws/build/frenet_car/build/lib/frenet_car
copying frenet_car/frenet.py -> /home/vivek/On-Codes/Batch-Opt-Highway-Driving/ros_ws/build/frenet_car/build/lib/frenet_car
copying frenet_car/optimize_lane.py -> /home/vivek/On-Codes/Batch-Opt-Highway-Driving/ros_ws/build/frenet_car/build/lib/frenet_car
copying frenet_car/term2.py -> /home/vivek/On-Codes/Batch-Opt-Highway-Driving/ros_ws/build/frenet_car/build/lib/frenet_car
copying frenet_car/test.py -> /home/vivek/On-Codes/Batch-Opt-Highway-Driving/ros_ws/build/frenet_car/build/lib/frenet_car
copying frenet_car/fo.py -> /home/vivek/On-Codes/Batch-Opt-Highway-Driving/ros_ws/build/frenet_car/build/lib/frenet_car
copying frenet_car/term1.py -> /home/vivek/On-Codes/Batch-Opt-Highway-Driving/ros_ws/build/frenet_car/build/lib/frenet_car
copying frenet_car/__init__.py -> /home/vivek/On-Codes/Batch-Opt-Highway-Driving/ros_ws/build/frenet_car/build/lib/frenet_car
copying frenet_car/cubic_spline_planner.py -> /home/vivek/On-Codes/Batch-Opt-Highway-Driving/ros_ws/build/frenet_car/build/lib/frenet_car
running install
running install_lib
creating /home/vivek/On-Codes/Batch-Opt-Highway-Driving/ros_ws/install/frenet_car/lib/python3.8/site-packages/frenet_car
copying /home/vivek/On-Codes/Batch-Opt-Highway-Driving/ros_ws/build/frenet_car/build/lib/frenet_car/optimize.py -> /home/vivek/On-Codes/Batch-Opt-Highway-Driving/ros_ws/install/frenet_car/lib/python3.8/site-packages/frenet_car
copying /home/vivek/On-Codes/Batch-Opt-Highway-Driving/ros_ws/build/frenet_car/build/lib/frenet_car/nlcon.py -> /home/vivek/On-Codes/Batch-Opt-Highway-Driving/ros_ws/install/frenet_car/lib/python3.8/site-packages/frenet_car
copying /home/vivek/On-Codes/Batch-Opt-Highway-Driving/ros_ws/build/frenet_car/build/lib/frenet_car/FF_func.py -> /home/vivek/On-Codes/Batch-Opt-Highway-Driving/ros_ws/install/frenet_car/lib/python3.8/site-packages/frenet_car
copying /home/vivek/On-Codes/Batch-Opt-Highway-Driving/ros_ws/build/frenet_car/build/lib/frenet_car/run_Linearized_VO.py -> /home/vivek/On-Codes/Batch-Opt-Highway-Driving/ros_ws/install/frenet_car/lib/python3.8/site-packages/frenet_car
copying /home/vivek/On-Codes/Batch-Opt-Highway-Driving/ros_ws/build/frenet_car/build/lib/frenet_car/circ.py -> /home/vivek/On-Codes/Batch-Opt-Highway-Driving/ros_ws/install/frenet_car/lib/python3.8/site-packages/frenet_car
copying /home/vivek/On-Codes/Batch-Opt-Highway-Driving/ros_ws/build/frenet_car/build/lib/frenet_car/frenet_optimal_trajectory.py -> /home/vivek/On-Codes/Batch-Opt-Highway-Driving/ros_ws/install/frenet_car/lib/python3.8/site-packages/frenet_car
copying /home/vivek/On-Codes/Batch-Opt-Highway-Driving/ros_ws/build/frenet_car/build/lib/frenet_car/draw.py -> /home/vivek/On-Codes/Batch-Opt-Highway-Driving/ros_ws/install/frenet_car/lib/python3.8/site-packages/frenet_car
copying /home/vivek/On-Codes/Batch-Opt-Highway-Driving/ros_ws/build/frenet_car/build/lib/frenet_car/NonLinearConstraint.py -> /home/vivek/On-Codes/Batch-Opt-Highway-Driving/ros_ws/install/frenet_car/lib/python3.8/site-packages/frenet_car
copying /home/vivek/On-Codes/Batch-Opt-Highway-Driving/ros_ws/build/frenet_car/build/lib/frenet_car/frenet.py -> /home/vivek/On-Codes/Batch-Opt-Highway-Driving/ros_ws/install/frenet_car/lib/python3.8/site-packages/frenet_car
copying /home/vivek/On-Codes/Batch-Opt-Highway-Driving/ros_ws/build/frenet_car/build/lib/frenet_car/optimize_lane.py -> /home/vivek/On-Codes/Batch-Opt-Highway-Driving/ros_ws/install/frenet_car/lib/python3.8/site-packages/frenet_car
copying /home/vivek/On-Codes/Batch-Opt-Highway-Driving/ros_ws/build/frenet_car/build/lib/frenet_car/term2.py -> /home/vivek/On-Codes/Batch-Opt-Highway-Driving/ros_ws/install/frenet_car/lib/python3.8/site-packages/frenet_car
copying /home/vivek/On-Codes/Batch-Opt-Highway-Driving/ros_ws/build/frenet_car/build/lib/frenet_car/test.py -> /home/vivek/On-Codes/Batch-Opt-Highway-Driving/ros_ws/install/frenet_car/lib/python3.8/site-packages/frenet_car
copying /home/vivek/On-Codes/Batch-Opt-Highway-Driving/ros_ws/build/frenet_car/build/lib/frenet_car/fo.py -> /home/vivek/On-Codes/Batch-Opt-Highway-Driving/ros_ws/install/frenet_car/lib/python3.8/site-packages/frenet_car
copying /home/vivek/On-Codes/Batch-Opt-Highway-Driving/ros_ws/build/frenet_car/build/lib/frenet_car/term1.py -> /home/vivek/On-Codes/Batch-Opt-Highway-Driving/ros_ws/install/frenet_car/lib/python3.8/site-packages/frenet_car
copying /home/vivek/On-Codes/Batch-Opt-Highway-Driving/ros_ws/build/frenet_car/build/lib/frenet_car/__init__.py -> /home/vivek/On-Codes/Batch-Opt-Highway-Driving/ros_ws/install/frenet_car/lib/python3.8/site-packages/frenet_car
copying /home/vivek/On-Codes/Batch-Opt-Highway-Driving/ros_ws/build/frenet_car/build/lib/frenet_car/cubic_spline_planner.py -> /home/vivek/On-Codes/Batch-Opt-Highway-Driving/ros_ws/install/frenet_car/lib/python3.8/site-packages/frenet_car
byte-compiling /home/vivek/On-Codes/Batch-Opt-Highway-Driving/ros_ws/install/frenet_car/lib/python3.8/site-packages/frenet_car/optimize.py to optimize.cpython-38.pyc
byte-compiling /home/vivek/On-Codes/Batch-Opt-Highway-Driving/ros_ws/install/frenet_car/lib/python3.8/site-packages/frenet_car/nlcon.py to nlcon.cpython-38.pyc
byte-compiling /home/vivek/On-Codes/Batch-Opt-Highway-Driving/ros_ws/install/frenet_car/lib/python3.8/site-packages/frenet_car/FF_func.py to FF_func.cpython-38.pyc
byte-compiling /home/vivek/On-Codes/Batch-Opt-Highway-Driving/ros_ws/install/frenet_car/lib/python3.8/site-packages/frenet_car/run_Linearized_VO.py to run_Linearized_VO.cpython-38.pyc
byte-compiling /home/vivek/On-Codes/Batch-Opt-Highway-Driving/ros_ws/install/frenet_car/lib/python3.8/site-packages/frenet_car/circ.py to circ.cpython-38.pyc
byte-compiling /home/vivek/On-Codes/Batch-Opt-Highway-Driving/ros_ws/install/frenet_car/lib/python3.8/site-packages/frenet_car/frenet_optimal_trajectory.py to frenet_optimal_trajectory.cpython-38.pyc
byte-compiling /home/vivek/On-Codes/Batch-Opt-Highway-Driving/ros_ws/install/frenet_car/lib/python3.8/site-packages/frenet_car/draw.py to draw.cpython-38.pyc
byte-compiling /home/vivek/On-Codes/Batch-Opt-Highway-Driving/ros_ws/install/frenet_car/lib/python3.8/site-packages/frenet_car/NonLinearConstraint.py to NonLinearConstraint.cpython-38.pyc
byte-compiling /home/vivek/On-Codes/Batch-Opt-Highway-Driving/ros_ws/install/frenet_car/lib/python3.8/site-packages/frenet_car/frenet.py to frenet.cpython-38.pyc
byte-compiling /home/vivek/On-Codes/Batch-Opt-Highway-Driving/ros_ws/install/frenet_car/lib/python3.8/site-packages/frenet_car/optimize_lane.py to optimize_lane.cpython-38.pyc
byte-compiling /home/vivek/On-Codes/Batch-Opt-Highway-Driving/ros_ws/install/frenet_car/lib/python3.8/site-packages/frenet_car/term2.py to term2.cpython-38.pyc
byte-compiling /home/vivek/On-Codes/Batch-Opt-Highway-Driving/ros_ws/install/frenet_car/lib/python3.8/site-packages/frenet_car/test.py to test.cpython-38.pyc
byte-compiling /home/vivek/On-Codes/Batch-Opt-Highway-Driving/ros_ws/install/frenet_car/lib/python3.8/site-packages/frenet_car/fo.py to fo.cpython-38.pyc
byte-compiling /home/vivek/On-Codes/Batch-Opt-Highway-Driving/ros_ws/install/frenet_car/lib/python3.8/site-packages/frenet_car/term1.py to term1.cpython-38.pyc
byte-compiling /home/vivek/On-Codes/Batch-Opt-Highway-Driving/ros_ws/install/frenet_car/lib/python3.8/site-packages/frenet_car/__init__.py to __init__.cpython-38.pyc
byte-compiling /home/vivek/On-Codes/Batch-Opt-Highway-Driving/ros_ws/install/frenet_car/lib/python3.8/site-packages/frenet_car/cubic_spline_planner.py to cubic_spline_planner.cpython-38.pyc
running install_data
creating /home/vivek/On-Codes/Batch-Opt-Highway-Driving/ros_ws/install/frenet_car/share/ament_index
creating /home/vivek/On-Codes/Batch-Opt-Highway-Driving/ros_ws/install/frenet_car/share/ament_index/resource_index
creating /home/vivek/On-Codes/Batch-Opt-Highway-Driving/ros_ws/install/frenet_car/share/ament_index/resource_index/packages
copying resource/frenet_car -> /home/vivek/On-Codes/Batch-Opt-Highway-Driving/ros_ws/install/frenet_car/share/ament_index/resource_index/packages
copying package.xml -> /home/vivek/On-Codes/Batch-Opt-Highway-Driving/ros_ws/install/frenet_car/share/frenet_car
running install_egg_info
Copying ../../build/frenet_car/frenet_car.egg-info to /home/vivek/On-Codes/Batch-Opt-Highway-Driving/ros_ws/install/frenet_car/lib/python3.8/site-packages/frenet_car-0.0.0-py3.8.egg-info
running install_scripts
Installing frenet_node script to /home/vivek/On-Codes/Batch-Opt-Highway-Driving/ros_ws/install/frenet_car/lib/frenet_car
writing list of installed files to '/home/vivek/On-Codes/Batch-Opt-Highway-Driving/ros_ws/build/frenet_car/install.log'
