/home/lenovo/ros2_foxy/src/Batch-Opt-Highway-Driving/ros_ws/install/frenet_car/lib/python3.8/site-packages/frenet_car/test.py
/home/lenovo/ros2_foxy/src/Batch-Opt-Highway-Driving/ros_ws/install/frenet_car/lib/python3.8/site-packages/frenet_car/circ.py
/home/lenovo/ros2_foxy/src/Batch-Opt-Highway-Driving/ros_ws/install/frenet_car/lib/python3.8/site-packages/frenet_car/cubic_spline_planner.py
/home/lenovo/ros2_foxy/src/Batch-Opt-Highway-Driving/ros_ws/install/frenet_car/lib/python3.8/site-packages/frenet_car/NonLinearConstraint.py
/home/lenovo/ros2_foxy/src/Batch-Opt-Highway-Driving/ros_ws/install/frenet_car/lib/python3.8/site-packages/frenet_car/frenet.py
/home/lenovo/ros2_foxy/src/Batch-Opt-Highway-Driving/ros_ws/install/frenet_car/lib/python3.8/site-packages/frenet_car/fo.py
/home/lenovo/ros2_foxy/src/Batch-Opt-Highway-Driving/ros_ws/install/frenet_car/lib/python3.8/site-packages/frenet_car/run_Linearized_VO.py
/home/lenovo/ros2_foxy/src/Batch-Opt-Highway-Driving/ros_ws/install/frenet_car/lib/python3.8/site-packages/frenet_car/optimize_lane.py
/home/lenovo/ros2_foxy/src/Batch-Opt-Highway-Driving/ros_ws/install/frenet_car/lib/python3.8/site-packages/frenet_car/frenet_optimal_trajectory.py
/home/lenovo/ros2_foxy/src/Batch-Opt-Highway-Driving/ros_ws/install/frenet_car/lib/python3.8/site-packages/frenet_car/FF_func.py
/home/lenovo/ros2_foxy/src/Batch-Opt-Highway-Driving/ros_ws/install/frenet_car/lib/python3.8/site-packages/frenet_car/term1.py
/home/lenovo/ros2_foxy/src/Batch-Opt-Highway-Driving/ros_ws/install/frenet_car/lib/python3.8/site-packages/frenet_car/nlcon.py
/home/lenovo/ros2_foxy/src/Batch-Opt-Highway-Driving/ros_ws/install/frenet_car/lib/python3.8/site-packages/frenet_car/optimize.py
/home/lenovo/ros2_foxy/src/Batch-Opt-Highway-Driving/ros_ws/install/frenet_car/lib/python3.8/site-packages/frenet_car/term2.py
/home/lenovo/ros2_foxy/src/Batch-Opt-Highway-Driving/ros_ws/install/frenet_car/lib/python3.8/site-packages/frenet_car/__init__.py
/home/lenovo/ros2_foxy/src/Batch-Opt-Highway-Driving/ros_ws/install/frenet_car/lib/python3.8/site-packages/frenet_car/draw.py
/home/lenovo/ros2_foxy/src/Batch-Opt-Highway-Driving/ros_ws/install/frenet_car/lib/python3.8/site-packages/frenet_car/__pycache__/test.cpython-38.pyc
/home/lenovo/ros2_foxy/src/Batch-Opt-Highway-Driving/ros_ws/install/frenet_car/lib/python3.8/site-packages/frenet_car/__pycache__/circ.cpython-38.pyc
/home/lenovo/ros2_foxy/src/Batch-Opt-Highway-Driving/ros_ws/install/frenet_car/lib/python3.8/site-packages/frenet_car/__pycache__/cubic_spline_planner.cpython-38.pyc
/home/lenovo/ros2_foxy/src/Batch-Opt-Highway-Driving/ros_ws/install/frenet_car/lib/python3.8/site-packages/frenet_car/__pycache__/NonLinearConstraint.cpython-38.pyc
/home/lenovo/ros2_foxy/src/Batch-Opt-Highway-Driving/ros_ws/install/frenet_car/lib/python3.8/site-packages/frenet_car/__pycache__/frenet.cpython-38.pyc
/home/lenovo/ros2_foxy/src/Batch-Opt-Highway-Driving/ros_ws/install/frenet_car/lib/python3.8/site-packages/frenet_car/__pycache__/fo.cpython-38.pyc
/home/lenovo/ros2_foxy/src/Batch-Opt-Highway-Driving/ros_ws/install/frenet_car/lib/python3.8/site-packages/frenet_car/__pycache__/run_Linearized_VO.cpython-38.pyc
/home/lenovo/ros2_foxy/src/Batch-Opt-Highway-Driving/ros_ws/install/frenet_car/lib/python3.8/site-packages/frenet_car/__pycache__/optimize_lane.cpython-38.pyc
/home/lenovo/ros2_foxy/src/Batch-Opt-Highway-Driving/ros_ws/install/frenet_car/lib/python3.8/site-packages/frenet_car/__pycache__/frenet_optimal_trajectory.cpython-38.pyc
/home/lenovo/ros2_foxy/src/Batch-Opt-Highway-Driving/ros_ws/install/frenet_car/lib/python3.8/site-packages/frenet_car/__pycache__/FF_func.cpython-38.pyc
/home/lenovo/ros2_foxy/src/Batch-Opt-Highway-Driving/ros_ws/install/frenet_car/lib/python3.8/site-packages/frenet_car/__pycache__/term1.cpython-38.pyc
/home/lenovo/ros2_foxy/src/Batch-Opt-Highway-Driving/ros_ws/install/frenet_car/lib/python3.8/site-packages/frenet_car/__pycache__/nlcon.cpython-38.pyc
/home/lenovo/ros2_foxy/src/Batch-Opt-Highway-Driving/ros_ws/install/frenet_car/lib/python3.8/site-packages/frenet_car/__pycache__/optimize.cpython-38.pyc
/home/lenovo/ros2_foxy/src/Batch-Opt-Highway-Driving/ros_ws/install/frenet_car/lib/python3.8/site-packages/frenet_car/__pycache__/term2.cpython-38.pyc
/home/lenovo/ros2_foxy/src/Batch-Opt-Highway-Driving/ros_ws/install/frenet_car/lib/python3.8/site-packages/frenet_car/__pycache__/__init__.cpython-38.pyc
/home/lenovo/ros2_foxy/src/Batch-Opt-Highway-Driving/ros_ws/install/frenet_car/lib/python3.8/site-packages/frenet_car/__pycache__/draw.cpython-38.pyc
/home/lenovo/ros2_foxy/src/Batch-Opt-Highway-Driving/ros_ws/install/frenet_car/share/ament_index/resource_index/packages/frenet_car
/home/lenovo/ros2_foxy/src/Batch-Opt-Highway-Driving/ros_ws/install/frenet_car/share/frenet_car/package.xml
/home/lenovo/ros2_foxy/src/Batch-Opt-Highway-Driving/ros_ws/install/frenet_car/lib/python3.8/site-packages/frenet_car-0.0.0-py3.8.egg-info/top_level.txt
/home/lenovo/ros2_foxy/src/Batch-Opt-Highway-Driving/ros_ws/install/frenet_car/lib/python3.8/site-packages/frenet_car-0.0.0-py3.8.egg-info/SOURCES.txt
/home/lenovo/ros2_foxy/src/Batch-Opt-Highway-Driving/ros_ws/install/frenet_car/lib/python3.8/site-packages/frenet_car-0.0.0-py3.8.egg-info/requires.txt
/home/lenovo/ros2_foxy/src/Batch-Opt-Highway-Driving/ros_ws/install/frenet_car/lib/python3.8/site-packages/frenet_car-0.0.0-py3.8.egg-info/entry_points.txt
/home/lenovo/ros2_foxy/src/Batch-Opt-Highway-Driving/ros_ws/install/frenet_car/lib/python3.8/site-packages/frenet_car-0.0.0-py3.8.egg-info/dependency_links.txt
/home/lenovo/ros2_foxy/src/Batch-Opt-Highway-Driving/ros_ws/install/frenet_car/lib/python3.8/site-packages/frenet_car-0.0.0-py3.8.egg-info/zip-safe
/home/lenovo/ros2_foxy/src/Batch-Opt-Highway-Driving/ros_ws/install/frenet_car/lib/python3.8/site-packages/frenet_car-0.0.0-py3.8.egg-info/PKG-INFO
/home/lenovo/ros2_foxy/src/Batch-Opt-Highway-Driving/ros_ws/install/frenet_car/lib/frenet_car/frenet_node
