[0.014s] Invoking command in '/home/vivek/On-Codes/Batch_traj_opt/mpc_car_batch/build/mpc_car_batch': CMAKE_PREFIX_PATH=/opt/ros/foxy /usr/bin/cmake --build /home/vivek/On-Codes/Batch_traj_opt/mpc_car_batch/build/mpc_car_batch -- -j4 -l4
[0.046s] -- Found ament_cmake: 0.9.8 (/opt/ros/foxy/share/ament_cmake/cmake)
[0.075s] -- Using PYTHON_EXECUTABLE: /usr/bin/python3
[0.272s] -- Found rclcpp: 2.3.1 (/opt/ros/foxy/share/rclcpp/cmake)
[0.306s] -- Using all available rosidl_typesupport_c: rosidl_typesupport_fastrtps_c;rosidl_typesupport_introspection_c
[0.310s] -- Found rosidl_adapter: 1.2.1 (/opt/ros/foxy/share/rosidl_adapter/cmake)
[0.428s] -- Using all available rosidl_typesupport_cpp: rosidl_typesupport_fastrtps_cpp;rosidl_typesupport_introspection_cpp
[0.479s] -- Found rmw_implementation_cmake: 1.0.3 (/opt/ros/foxy/share/rmw_implementation_cmake/cmake)
[0.481s] -- Using RMW implementation 'rmw_fastrtps_cpp' as default
[0.627s] -- Found geometry_msgs: 2.0.4 (/opt/ros/foxy/share/geometry_msgs/cmake)
[0.667s] -- Found nav_msgs: 2.0.4 (/opt/ros/foxy/share/nav_msgs/cmake)
[0.743s] -- Found ament_lint_auto: 0.9.6 (/opt/ros/foxy/share/ament_lint_auto/cmake)
[0.807s] -- Added test 'copyright' to check source files copyright and LICENSE
[0.829s] -- Added test 'cppcheck' to perform static code analysis on C / C++ code
[0.829s] -- Configured cppcheck include dirs: /home/vivek/On-Codes/Batch_traj_opt/mpc_car_batch/include
[0.829s] -- Configured cppcheck exclude dirs and/or files: 
[0.849s] -- Added test 'cpplint' to check C / C++ code against the Google style
[0.850s] -- Configured cpplint exclude dirs and/or files: 
[0.853s] -- Added test 'flake8' to check Python code syntax and style conventions
[0.859s] -- Added test 'lint_cmake' to check CMake code style
[0.862s] -- Added test 'pep257' to check Python code against some of the style conventions in PEP 257
[0.882s] -- Added test 'uncrustify' to check C / C++ code style
[0.883s] -- Configured uncrustify additional arguments: 
[0.886s] -- Added test 'xmllint' to check XML markup files
[0.889s] -- Configuring done
[0.900s] -- Generating done
[0.902s] -- Build files have been written to: /home/vivek/On-Codes/Batch_traj_opt/mpc_car_batch/build/mpc_car_batch
[0.936s] [ 50%] Built target mpc_node_lib
[0.947s] [35m[1mScanning dependencies of target mpc_node[0m
[0.958s] [ 75%] [32mBuilding CXX object CMakeFiles/mpc_node.dir/src/main.cpp.o[0m
[4.379s] [01m[K/home/vivek/On-Codes/Batch_traj_opt/mpc_car_batch/src/main.cpp:[m[K In function ‘[01m[Koptim::probData mpc(optim::probData, optim::three_var, Eigen::ArrayXXf, Eigen::ArrayXXf, float, float, float, float, float, float, Eigen::ArrayXXf, Eigen::ArrayXXf, Eigen::ArrayXXf, Eigen::ArrayXXf, Eigen::ArrayXXf, Eigen::ArrayXXf, Eigen::ArrayXXf, Eigen::ArrayXXf, bool)[m[K’:
[4.379s] [01m[K/home/vivek/On-Codes/Batch_traj_opt/mpc_car_batch/src/main.cpp:222:102:[m[K [01;35m[Kwarning: [m[Kunused parameter ‘[01m[Klane[m[K’ [[01;35m[K-Wunused-parameter[m[K]
[4.379s]   222 | ayXXf x_obs_temp, ArrayXXf y_obs_temp, ArrayXXf vx_obs, ArrayXXf vy_obs, [01;35m[KArrayXXf lane[m[K, ArrayXXf pre_x, ArrayXXf pre_y, ArrayXXf pre_xdot, bool sample)
[4.379s]       |                                                                          [01;35m[K~~~~~~~~~^~~~[m[K
[4.379s] 
[4.379s] [01m[K/home/vivek/On-Codes/Batch_traj_opt/mpc_car_batch/src/main.cpp:222:117:[m[K [01;35m[Kwarning: [m[Kunused parameter ‘[01m[Kpre_x[m[K’ [[01;35m[K-Wunused-parameter[m[K]
[4.379s]   222 | p, ArrayXXf y_obs_temp, ArrayXXf vx_obs, ArrayXXf vy_obs, ArrayXXf lane, [01;35m[KArrayXXf pre_x[m[K, ArrayXXf pre_y, ArrayXXf pre_xdot, bool sample)
[4.380s]       |                                                                          [01;35m[K~~~~~~~~~^~~~~[m[K
[4.380s] 
[4.380s] [01m[K/home/vivek/On-Codes/Batch_traj_opt/mpc_car_batch/src/main.cpp:222:133:[m[K [01;35m[Kwarning: [m[Kunused parameter ‘[01m[Kpre_y[m[K’ [[01;35m[K-Wunused-parameter[m[K]
[4.380s]   222 | s_temp, ArrayXXf vx_obs, ArrayXXf vy_obs, ArrayXXf lane, ArrayXXf pre_x, [01;35m[KArrayXXf pre_y[m[K, ArrayXXf pre_xdot, bool sample)
[4.380s]       |                                                                          [01;35m[K~~~~~~~~~^~~~~[m[K
[4.380s] 
[4.380s] [01m[K/home/vivek/On-Codes/Batch_traj_opt/mpc_car_batch/src/main.cpp:222:149:[m[K [01;35m[Kwarning: [m[Kunused parameter ‘[01m[Kpre_xdot[m[K’ [[01;35m[K-Wunused-parameter[m[K]
[4.380s]   222 |  vx_obs, ArrayXXf vy_obs, ArrayXXf lane, ArrayXXf pre_x, ArrayXXf pre_y, [01;35m[KArrayXXf pre_xdot[m[K, bool sample)
[4.380s]       |                                                                          [01;35m[K~~~~~~~~~^~~~~~~~[m[K
[4.380s] 
[4.380s] [01m[K/home/vivek/On-Codes/Batch_traj_opt/mpc_car_batch/src/main.cpp:222:164:[m[K [01;35m[Kwarning: [m[Kunused parameter ‘[01m[Ksample[m[K’ [[01;35m[K-Wunused-parameter[m[K]
[4.380s]   222 | Xf vy_obs, ArrayXXf lane, ArrayXXf pre_x, ArrayXXf pre_y, ArrayXXf pre_xdot, [01;35m[Kbool sample[m[K)
[4.380s]       |                                                                              [01;35m[K~~~~~^~~~~~[m[K
[4.381s] 
[4.381s] [01m[K/home/vivek/On-Codes/Batch_traj_opt/mpc_car_batch/src/main.cpp:[m[K In function ‘[01m[Koptim::three_var compute_bernstein(Eigen::ArrayXXf, float, int)[m[K’:
[4.381s] [01m[K/home/vivek/On-Codes/Batch_traj_opt/mpc_car_batch/src/main.cpp:325:54:[m[K [01;35m[Kwarning: [m[Kunused parameter ‘[01m[Kt_fin[m[K’ [[01;35m[K-Wunused-parameter[m[K]
[4.381s]   325 | three_var compute_bernstein(ArrayXXf tot_time, [01;35m[Kfloat t_fin[m[K, int num)
[4.381s]       |                                                [01;35m[K~~~~~~^~~~~[m[K
[6.393s] [100%] [32m[1mLinking CXX executable mpc_node[0m
[7.592s] [100%] Built target mpc_node
[7.604s] Invoked command in '/home/vivek/On-Codes/Batch_traj_opt/mpc_car_batch/build/mpc_car_batch' returned '0': CMAKE_PREFIX_PATH=/opt/ros/foxy /usr/bin/cmake --build /home/vivek/On-Codes/Batch_traj_opt/mpc_car_batch/build/mpc_car_batch -- -j4 -l4
[7.641s] Invoking command in '/home/vivek/On-Codes/Batch_traj_opt/mpc_car_batch/build/mpc_car_batch': CMAKE_PREFIX_PATH=/opt/ros/foxy /usr/bin/cmake --install /home/vivek/On-Codes/Batch_traj_opt/mpc_car_batch/build/mpc_car_batch
[7.649s] -- Install configuration: ""
[7.650s] -- Installing: /home/vivek/On-Codes/Batch_traj_opt/mpc_car_batch/install/mpc_car_batch/lib/mpc_car_batch/mpc_node
[7.655s] -- Set runtime path of "/home/vivek/On-Codes/Batch_traj_opt/mpc_car_batch/install/mpc_car_batch/lib/mpc_car_batch/mpc_node" to ""
[7.655s] -- Up-to-date: /home/vivek/On-Codes/Batch_traj_opt/mpc_car_batch/install/mpc_car_batch/share/ament_index/resource_index/package_run_dependencies/mpc_car_batch
[7.655s] -- Up-to-date: /home/vivek/On-Codes/Batch_traj_opt/mpc_car_batch/install/mpc_car_batch/share/ament_index/resource_index/parent_prefix_path/mpc_car_batch
[7.655s] -- Up-to-date: /home/vivek/On-Codes/Batch_traj_opt/mpc_car_batch/install/mpc_car_batch/share/mpc_car_batch/environment/ament_prefix_path.sh
[7.656s] -- Installing: /home/vivek/On-Codes/Batch_traj_opt/mpc_car_batch/install/mpc_car_batch/share/mpc_car_batch/environment/ament_prefix_path.dsv
[7.656s] -- Up-to-date: /home/vivek/On-Codes/Batch_traj_opt/mpc_car_batch/install/mpc_car_batch/share/mpc_car_batch/environment/path.sh
[7.656s] -- Installing: /home/vivek/On-Codes/Batch_traj_opt/mpc_car_batch/install/mpc_car_batch/share/mpc_car_batch/environment/path.dsv
[7.656s] -- Up-to-date: /home/vivek/On-Codes/Batch_traj_opt/mpc_car_batch/install/mpc_car_batch/share/mpc_car_batch/local_setup.bash
[7.656s] -- Up-to-date: /home/vivek/On-Codes/Batch_traj_opt/mpc_car_batch/install/mpc_car_batch/share/mpc_car_batch/local_setup.sh
[7.656s] -- Up-to-date: /home/vivek/On-Codes/Batch_traj_opt/mpc_car_batch/install/mpc_car_batch/share/mpc_car_batch/local_setup.zsh
[7.656s] -- Installing: /home/vivek/On-Codes/Batch_traj_opt/mpc_car_batch/install/mpc_car_batch/share/mpc_car_batch/local_setup.dsv
[7.656s] -- Installing: /home/vivek/On-Codes/Batch_traj_opt/mpc_car_batch/install/mpc_car_batch/share/mpc_car_batch/package.dsv
[7.656s] -- Up-to-date: /home/vivek/On-Codes/Batch_traj_opt/mpc_car_batch/install/mpc_car_batch/share/ament_index/resource_index/packages/mpc_car_batch
[7.656s] -- Up-to-date: /home/vivek/On-Codes/Batch_traj_opt/mpc_car_batch/install/mpc_car_batch/share/mpc_car_batch/cmake/mpc_car_batchConfig.cmake
[7.656s] -- Up-to-date: /home/vivek/On-Codes/Batch_traj_opt/mpc_car_batch/install/mpc_car_batch/share/mpc_car_batch/cmake/mpc_car_batchConfig-version.cmake
[7.656s] -- Up-to-date: /home/vivek/On-Codes/Batch_traj_opt/mpc_car_batch/install/mpc_car_batch/share/mpc_car_batch/package.xml
[7.659s] Invoked command in '/home/vivek/On-Codes/Batch_traj_opt/mpc_car_batch/build/mpc_car_batch' returned '0': CMAKE_PREFIX_PATH=/opt/ros/foxy /usr/bin/cmake --install /home/vivek/On-Codes/Batch_traj_opt/mpc_car_batch/build/mpc_car_batch
