-- Found ament_cmake: 0.9.8 (/opt/ros/foxy/share/ament_cmake/cmake)
-- Using PYTHON_EXECUTABLE: /usr/bin/python3
-- Found rclcpp: 2.3.1 (/opt/ros/foxy/share/rclcpp/cmake)
-- Using all available rosidl_typesupport_c: rosidl_typesupport_fastrtps_c;rosidl_typesupport_introspection_c
-- Found rosidl_adapter: 1.2.1 (/opt/ros/foxy/share/rosidl_adapter/cmake)
-- Using all available rosidl_typesupport_cpp: rosidl_typesupport_fastrtps_cpp;rosidl_typesupport_introspection_cpp
-- Found rmw_implementation_cmake: 1.0.3 (/opt/ros/foxy/share/rmw_implementation_cmake/cmake)
-- Using RMW implementation 'rmw_fastrtps_cpp' as default
-- Found nav_msgs: 2.0.4 (/opt/ros/foxy/share/nav_msgs/cmake)
-- ********************************************************************************
-- ---> Looking for ACADO toolkit:
-- Found ACADO toolkit include directories: /home/vivek/ACADOtoolkit;/home/vivek/ACADOtoolkit/acado;/home/vivek/ACADOtoolkit/external_packages;/home/vivek/ACADOtoolkit/external_packages/qpOASES-3.2.0/include;/home/vivek/ACADOtoolkit/build
-- Found ACADO toolkit library directories: /home/vivek/ACADOtoolkit/build/lib
-- Could not find ACADO static library.
-- Found ACADO shared library: acado_toolkit_s
-- ********************************************************************************
-- Found msgs_car: 0.0.0 (/home/vivek/On-Codes/Batch-Opt-Highway-Driving/ros_ws/install/msgs_car/share/msgs_car/cmake)
-- Found ament_lint_auto: 0.9.6 (/opt/ros/foxy/share/ament_lint_auto/cmake)
-- Added test 'copyright' to check source files copyright and LICENSE
-- Added test 'cppcheck' to perform static code analysis on C / C++ code
-- Configured cppcheck include dirs: /home/vivek/On-Codes/Batch-Opt-Highway-Driving/ros_ws/src/mpc_car_acado_single/.;/home/vivek/On-Codes/Batch-Opt-Highway-Driving/ros_ws/src/mpc_car_acado_single/include;/home/vivek/On-Codes/Batch-Opt-Highway-Driving/ros_ws/src/mpc_car_acado_single/model/codegen/;/home/vivek/On-Codes/Batch-Opt-Highway-Driving/ros_ws/src/mpc_car_acado_single/externals/qpoases;/home/vivek/On-Codes/Batch-Opt-Highway-Driving/ros_ws/src/mpc_car_acado_single/externals/qpoases/INCLUDE;/home/vivek/On-Codes/Batch-Opt-Highway-Driving/ros_ws/src/mpc_car_acado_single/externals/qpoases/SRC
-- Configured cppcheck exclude dirs and/or files: 
-- Added test 'cpplint' to check C / C++ code against the Google style
-- Configured cpplint exclude dirs and/or files: 
-- Added test 'lint_cmake' to check CMake code style
-- Added test 'uncrustify' to check C / C++ code style
-- Configured uncrustify additional arguments: 
-- Added test 'xmllint' to check XML markup files
-- Configuring done
-- Generating done
-- Build files have been written to: /home/vivek/On-Codes/Batch-Opt-Highway-Driving/ros_ws/build/mpc_car_acado_single
[ 88%] Built target mpc_solver_single
[35m[1mScanning dependencies of target mpc_node_single[0m
[ 94%] [32mBuilding CXX object CMakeFiles/mpc_node_single.dir/src/main_acado.cpp.o[0m
[01m[K/home/vivek/On-Codes/Batch-Opt-Highway-Driving/ros_ws/src/mpc_car_acado_single/src/main_acado.cpp:[m[K In constructor ‘[01m[KMinimalPublisher::MinimalPublisher()[m[K’:
[01m[K/home/vivek/On-Codes/Batch-Opt-Highway-Driving/ros_ws/src/mpc_car_acado_single/src/main_acado.cpp:137:10:[m[K [01;35m[Kwarning: [m[KISO C++ forbids variable length array ‘[01m[KThread[m[K’ [[01;35m[K-Wvla[m[K]
  137 |   thread [01;35m[KThread[m[K[num_goal];
      |          [01;35m[K^~~~~~[m[K
[01m[K/home/vivek/On-Codes/Batch-Opt-Highway-Driving/ros_ws/src/mpc_car_acado_single/src/main_acado.cpp:[m[K In member function ‘[01m[Kvoid MinimalPublisher::optimize(int)[m[K’:
[01m[K/home/vivek/On-Codes/Batch-Opt-Highway-Driving/ros_ws/src/mpc_car_acado_single/src/main_acado.cpp:257:18:[m[K [01;35m[Kwarning: [m[Kunused variable ‘[01m[Kt2[m[K’ [[01;35m[K-Wunused-variable[m[K]
  257 |   acado_timer t, [01;35m[Kt2[m[K;
      |                  [01;35m[K^~[m[K
[100%] [32m[1mLinking CXX executable mpc_node_single[0m
[100%] Built target mpc_node_single
-- Install configuration: ""
-- Up-to-date: /home/vivek/On-Codes/Batch-Opt-Highway-Driving/ros_ws/install/mpc_car_acado_single/include/mpc_car_acado_single/
-- Up-to-date: /home/vivek/On-Codes/Batch-Opt-Highway-Driving/ros_ws/install/mpc_car_acado_single/share/ament_index/resource_index/package_run_dependencies/mpc_car_acado_single
-- Installing: /home/vivek/On-Codes/Batch-Opt-Highway-Driving/ros_ws/install/mpc_car_acado_single/share/ament_index/resource_index/parent_prefix_path/mpc_car_acado_single
-- Up-to-date: /home/vivek/On-Codes/Batch-Opt-Highway-Driving/ros_ws/install/mpc_car_acado_single/share/mpc_car_acado_single/environment/ament_prefix_path.sh
-- Installing: /home/vivek/On-Codes/Batch-Opt-Highway-Driving/ros_ws/install/mpc_car_acado_single/share/mpc_car_acado_single/environment/ament_prefix_path.dsv
-- Up-to-date: /home/vivek/On-Codes/Batch-Opt-Highway-Driving/ros_ws/install/mpc_car_acado_single/share/mpc_car_acado_single/environment/path.sh
-- Installing: /home/vivek/On-Codes/Batch-Opt-Highway-Driving/ros_ws/install/mpc_car_acado_single/share/mpc_car_acado_single/environment/path.dsv
-- Up-to-date: /home/vivek/On-Codes/Batch-Opt-Highway-Driving/ros_ws/install/mpc_car_acado_single/share/mpc_car_acado_single/local_setup.bash
-- Up-to-date: /home/vivek/On-Codes/Batch-Opt-Highway-Driving/ros_ws/install/mpc_car_acado_single/share/mpc_car_acado_single/local_setup.sh
-- Up-to-date: /home/vivek/On-Codes/Batch-Opt-Highway-Driving/ros_ws/install/mpc_car_acado_single/share/mpc_car_acado_single/local_setup.zsh
-- Installing: /home/vivek/On-Codes/Batch-Opt-Highway-Driving/ros_ws/install/mpc_car_acado_single/share/mpc_car_acado_single/local_setup.dsv
-- Installing: /home/vivek/On-Codes/Batch-Opt-Highway-Driving/ros_ws/install/mpc_car_acado_single/share/mpc_car_acado_single/package.dsv
-- Up-to-date: /home/vivek/On-Codes/Batch-Opt-Highway-Driving/ros_ws/install/mpc_car_acado_single/share/ament_index/resource_index/packages/mpc_car_acado_single
-- Up-to-date: /home/vivek/On-Codes/Batch-Opt-Highway-Driving/ros_ws/install/mpc_car_acado_single/share/mpc_car_acado_single/cmake/ament_cmake_export_include_directories-extras.cmake
-- Up-to-date: /home/vivek/On-Codes/Batch-Opt-Highway-Driving/ros_ws/install/mpc_car_acado_single/share/mpc_car_acado_single/cmake/mpc_car_acado_singleConfig.cmake
-- Up-to-date: /home/vivek/On-Codes/Batch-Opt-Highway-Driving/ros_ws/install/mpc_car_acado_single/share/mpc_car_acado_single/cmake/mpc_car_acado_singleConfig-version.cmake
-- Up-to-date: /home/vivek/On-Codes/Batch-Opt-Highway-Driving/ros_ws/install/mpc_car_acado_single/share/mpc_car_acado_single/package.xml
-- Installing: /home/vivek/On-Codes/Batch-Opt-Highway-Driving/ros_ws/install/mpc_car_acado_single/lib/mpc_car_acado_single/mpc_node_single
-- Set runtime path of "/home/vivek/On-Codes/Batch-Opt-Highway-Driving/ros_ws/install/mpc_car_acado_single/lib/mpc_car_acado_single/mpc_node_single" to ""
