[0.626s] Invoking command in '/home/vivek/On-Codes/Batch-Opt-Highway-Driving/ros_ws/build/mpc_car_acado_single': CMAKE_PREFIX_PATH=/home/vivek/On-Codes/Batch-Opt-Highway-Driving/ros_ws/install/msgs_car:/home/vivek/On-Codes/Batch-Opt-Highway-Driving/ros_ws/install/mpc_car_batch:/home/vivek/On-Codes/Batch-Opt-Highway-Driving/ros_ws/install/mpc_car_acado_single:/home/vivek/On-Codes/Batch-Opt-Highway-Driving/ros_ws/install/mpc_car_acado:/home/vivek/On-Codes/Batch-Opt-Highway-Driving/ros_ws/install/highway_car:/home/vivek/On-Codes/Batch-Opt-Highway-Driving/ros_ws/install/frenet_car:/opt/ros/foxy PYTHONPATH=/home/vivek/On-Codes/Batch-Opt-Highway-Driving/ros_ws/install/msgs_car/lib/python3.8/site-packages:/home/vivek/On-Codes/Batch-Opt-Highway-Driving/ros_ws/install/highway_car/lib/python3.8/site-packages:/home/vivek/On-Codes/Batch-Opt-Highway-Driving/ros_ws/install/frenet_car/lib/python3.8/site-packages:/opt/ros/foxy/lib/python3.8/site-packages:/opt/carla-simulator/PythonAPI/carla/dist/carla-0.9.11-py3.7-linux-x86_64.egg:/opt/carla-simulator/PythonAPI/carla /usr/bin/cmake --build /home/vivek/On-Codes/Batch-Opt-Highway-Driving/ros_ws/build/mpc_car_acado_single -- -j4 -l4
[1.987s] -- Found ament_cmake: 0.9.8 (/opt/ros/foxy/share/ament_cmake/cmake)
[2.153s] -- Using PYTHON_EXECUTABLE: /usr/bin/python3
[2.830s] -- Found rclcpp: 2.3.1 (/opt/ros/foxy/share/rclcpp/cmake)
[2.893s] -- Using all available rosidl_typesupport_c: rosidl_typesupport_fastrtps_c;rosidl_typesupport_introspection_c
[2.896s] -- Found rosidl_adapter: 1.2.1 (/opt/ros/foxy/share/rosidl_adapter/cmake)
[3.474s] -- Using all available rosidl_typesupport_cpp: rosidl_typesupport_fastrtps_cpp;rosidl_typesupport_introspection_cpp
[3.529s] -- Found rmw_implementation_cmake: 1.0.3 (/opt/ros/foxy/share/rmw_implementation_cmake/cmake)
[3.531s] -- Using RMW implementation 'rmw_fastrtps_cpp' as default
[3.677s] -- Found nav_msgs: 2.0.4 (/opt/ros/foxy/share/nav_msgs/cmake)
[3.799s] -- ********************************************************************************
[3.800s] -- ---> Looking for ACADO toolkit:
[3.800s] -- Found ACADO toolkit include directories: /home/vivek/ACADOtoolkit;/home/vivek/ACADOtoolkit/acado;/home/vivek/ACADOtoolkit/external_packages;/home/vivek/ACADOtoolkit/external_packages/qpOASES-3.2.0/include;/home/vivek/ACADOtoolkit/build
[3.800s] -- Found ACADO toolkit library directories: /home/vivek/ACADOtoolkit/build/lib
[3.800s] -- Could not find ACADO static library.
[3.800s] -- Found ACADO shared library: acado_toolkit_s
[3.800s] -- ********************************************************************************
[3.800s] -- Found msgs_car: 0.0.0 (/home/vivek/On-Codes/Batch-Opt-Highway-Driving/ros_ws/install/msgs_car/share/msgs_car/cmake)
[3.860s] -- Found ament_lint_auto: 0.9.6 (/opt/ros/foxy/share/ament_lint_auto/cmake)
[4.446s] -- Added test 'copyright' to check source files copyright and LICENSE
[4.455s] -- Added test 'cppcheck' to perform static code analysis on C / C++ code
[4.457s] -- Configured cppcheck include dirs: /home/vivek/On-Codes/Batch-Opt-Highway-Driving/ros_ws/src/mpc_car_acado_single/.;/home/vivek/On-Codes/Batch-Opt-Highway-Driving/ros_ws/src/mpc_car_acado_single/include;/home/vivek/On-Codes/Batch-Opt-Highway-Driving/ros_ws/src/mpc_car_acado_single/model/codegen/;/home/vivek/On-Codes/Batch-Opt-Highway-Driving/ros_ws/src/mpc_car_acado_single/externals/qpoases;/home/vivek/On-Codes/Batch-Opt-Highway-Driving/ros_ws/src/mpc_car_acado_single/externals/qpoases/INCLUDE;/home/vivek/On-Codes/Batch-Opt-Highway-Driving/ros_ws/src/mpc_car_acado_single/externals/qpoases/SRC
[4.457s] -- Configured cppcheck exclude dirs and/or files: 
[4.466s] -- Added test 'cpplint' to check C / C++ code against the Google style
[4.466s] -- Configured cpplint exclude dirs and/or files: 
[4.470s] -- Added test 'lint_cmake' to check CMake code style
[4.478s] -- Added test 'uncrustify' to check C / C++ code style
[4.478s] -- Configured uncrustify additional arguments: 
[4.479s] -- Added test 'xmllint' to check XML markup files
[4.795s] -- Configuring done
[5.034s] -- Generating done
[5.040s] -- Build files have been written to: /home/vivek/On-Codes/Batch-Opt-Highway-Driving/ros_ws/build/mpc_car_acado_single
[5.125s] [ 88%] Built target mpc_solver_single
[5.143s] [35m[1mScanning dependencies of target mpc_node_single[0m
[5.709s] [ 94%] [32mBuilding CXX object CMakeFiles/mpc_node_single.dir/src/main_acado.cpp.o[0m
[7.823s] [01m[K/home/vivek/On-Codes/Batch-Opt-Highway-Driving/ros_ws/src/mpc_car_acado_single/src/main_acado.cpp:[m[K In constructor ‘[01m[KMinimalPublisher::MinimalPublisher()[m[K’:
[7.823s] [01m[K/home/vivek/On-Codes/Batch-Opt-Highway-Driving/ros_ws/src/mpc_car_acado_single/src/main_acado.cpp:137:10:[m[K [01;35m[Kwarning: [m[KISO C++ forbids variable length array ‘[01m[KThread[m[K’ [[01;35m[K-Wvla[m[K]
[7.823s]   137 |   thread [01;35m[KThread[m[K[num_goal];
[7.824s]       |          [01;35m[K^~~~~~[m[K
[7.941s] [01m[K/home/vivek/On-Codes/Batch-Opt-Highway-Driving/ros_ws/src/mpc_car_acado_single/src/main_acado.cpp:[m[K In member function ‘[01m[Kvoid MinimalPublisher::optimize(int)[m[K’:
[7.941s] [01m[K/home/vivek/On-Codes/Batch-Opt-Highway-Driving/ros_ws/src/mpc_car_acado_single/src/main_acado.cpp:257:18:[m[K [01;35m[Kwarning: [m[Kunused variable ‘[01m[Kt2[m[K’ [[01;35m[K-Wunused-variable[m[K]
[7.941s]   257 |   acado_timer t, [01;35m[Kt2[m[K;
[7.941s]       |                  [01;35m[K^~[m[K
[12.841s] [100%] [32m[1mLinking CXX executable mpc_node_single[0m
[13.937s] [100%] Built target mpc_node_single
[13.949s] Invoked command in '/home/vivek/On-Codes/Batch-Opt-Highway-Driving/ros_ws/build/mpc_car_acado_single' returned '0': CMAKE_PREFIX_PATH=/home/vivek/On-Codes/Batch-Opt-Highway-Driving/ros_ws/install/msgs_car:/home/vivek/On-Codes/Batch-Opt-Highway-Driving/ros_ws/install/mpc_car_batch:/home/vivek/On-Codes/Batch-Opt-Highway-Driving/ros_ws/install/mpc_car_acado_single:/home/vivek/On-Codes/Batch-Opt-Highway-Driving/ros_ws/install/mpc_car_acado:/home/vivek/On-Codes/Batch-Opt-Highway-Driving/ros_ws/install/highway_car:/home/vivek/On-Codes/Batch-Opt-Highway-Driving/ros_ws/install/frenet_car:/opt/ros/foxy PYTHONPATH=/home/vivek/On-Codes/Batch-Opt-Highway-Driving/ros_ws/install/msgs_car/lib/python3.8/site-packages:/home/vivek/On-Codes/Batch-Opt-Highway-Driving/ros_ws/install/highway_car/lib/python3.8/site-packages:/home/vivek/On-Codes/Batch-Opt-Highway-Driving/ros_ws/install/frenet_car/lib/python3.8/site-packages:/opt/ros/foxy/lib/python3.8/site-packages:/opt/carla-simulator/PythonAPI/carla/dist/carla-0.9.11-py3.7-linux-x86_64.egg:/opt/carla-simulator/PythonAPI/carla /usr/bin/cmake --build /home/vivek/On-Codes/Batch-Opt-Highway-Driving/ros_ws/build/mpc_car_acado_single -- -j4 -l4
[14.001s] Invoking command in '/home/vivek/On-Codes/Batch-Opt-Highway-Driving/ros_ws/build/mpc_car_acado_single': CMAKE_PREFIX_PATH=/home/vivek/On-Codes/Batch-Opt-Highway-Driving/ros_ws/install/msgs_car:/home/vivek/On-Codes/Batch-Opt-Highway-Driving/ros_ws/install/mpc_car_batch:/home/vivek/On-Codes/Batch-Opt-Highway-Driving/ros_ws/install/mpc_car_acado_single:/home/vivek/On-Codes/Batch-Opt-Highway-Driving/ros_ws/install/mpc_car_acado:/home/vivek/On-Codes/Batch-Opt-Highway-Driving/ros_ws/install/highway_car:/home/vivek/On-Codes/Batch-Opt-Highway-Driving/ros_ws/install/frenet_car:/opt/ros/foxy PYTHONPATH=/home/vivek/On-Codes/Batch-Opt-Highway-Driving/ros_ws/install/msgs_car/lib/python3.8/site-packages:/home/vivek/On-Codes/Batch-Opt-Highway-Driving/ros_ws/install/highway_car/lib/python3.8/site-packages:/home/vivek/On-Codes/Batch-Opt-Highway-Driving/ros_ws/install/frenet_car/lib/python3.8/site-packages:/opt/ros/foxy/lib/python3.8/site-packages:/opt/carla-simulator/PythonAPI/carla/dist/carla-0.9.11-py3.7-linux-x86_64.egg:/opt/carla-simulator/PythonAPI/carla /usr/bin/cmake --install /home/vivek/On-Codes/Batch-Opt-Highway-Driving/ros_ws/build/mpc_car_acado_single
[14.012s] -- Install configuration: ""
[14.012s] -- Up-to-date: /home/vivek/On-Codes/Batch-Opt-Highway-Driving/ros_ws/install/mpc_car_acado_single/include/mpc_car_acado_single/
[14.015s] -- Up-to-date: /home/vivek/On-Codes/Batch-Opt-Highway-Driving/ros_ws/install/mpc_car_acado_single/share/ament_index/resource_index/package_run_dependencies/mpc_car_acado_single
[14.015s] -- Installing: /home/vivek/On-Codes/Batch-Opt-Highway-Driving/ros_ws/install/mpc_car_acado_single/share/ament_index/resource_index/parent_prefix_path/mpc_car_acado_single
[14.015s] -- Up-to-date: /home/vivek/On-Codes/Batch-Opt-Highway-Driving/ros_ws/install/mpc_car_acado_single/share/mpc_car_acado_single/environment/ament_prefix_path.sh
[14.015s] -- Installing: /home/vivek/On-Codes/Batch-Opt-Highway-Driving/ros_ws/install/mpc_car_acado_single/share/mpc_car_acado_single/environment/ament_prefix_path.dsv
[14.015s] -- Up-to-date: /home/vivek/On-Codes/Batch-Opt-Highway-Driving/ros_ws/install/mpc_car_acado_single/share/mpc_car_acado_single/environment/path.sh
[14.016s] -- Installing: /home/vivek/On-Codes/Batch-Opt-Highway-Driving/ros_ws/install/mpc_car_acado_single/share/mpc_car_acado_single/environment/path.dsv
[14.016s] -- Up-to-date: /home/vivek/On-Codes/Batch-Opt-Highway-Driving/ros_ws/install/mpc_car_acado_single/share/mpc_car_acado_single/local_setup.bash
[14.016s] -- Up-to-date: /home/vivek/On-Codes/Batch-Opt-Highway-Driving/ros_ws/install/mpc_car_acado_single/share/mpc_car_acado_single/local_setup.sh
[14.016s] -- Up-to-date: /home/vivek/On-Codes/Batch-Opt-Highway-Driving/ros_ws/install/mpc_car_acado_single/share/mpc_car_acado_single/local_setup.zsh
[14.016s] -- Installing: /home/vivek/On-Codes/Batch-Opt-Highway-Driving/ros_ws/install/mpc_car_acado_single/share/mpc_car_acado_single/local_setup.dsv
[14.016s] -- Installing: /home/vivek/On-Codes/Batch-Opt-Highway-Driving/ros_ws/install/mpc_car_acado_single/share/mpc_car_acado_single/package.dsv
[14.016s] -- Up-to-date: /home/vivek/On-Codes/Batch-Opt-Highway-Driving/ros_ws/install/mpc_car_acado_single/share/ament_index/resource_index/packages/mpc_car_acado_single
[14.016s] -- Up-to-date: /home/vivek/On-Codes/Batch-Opt-Highway-Driving/ros_ws/install/mpc_car_acado_single/share/mpc_car_acado_single/cmake/ament_cmake_export_include_directories-extras.cmake
[14.016s] -- Up-to-date: /home/vivek/On-Codes/Batch-Opt-Highway-Driving/ros_ws/install/mpc_car_acado_single/share/mpc_car_acado_single/cmake/mpc_car_acado_singleConfig.cmake
[14.016s] -- Up-to-date: /home/vivek/On-Codes/Batch-Opt-Highway-Driving/ros_ws/install/mpc_car_acado_single/share/mpc_car_acado_single/cmake/mpc_car_acado_singleConfig-version.cmake
[14.016s] -- Up-to-date: /home/vivek/On-Codes/Batch-Opt-Highway-Driving/ros_ws/install/mpc_car_acado_single/share/mpc_car_acado_single/package.xml
[14.017s] -- Installing: /home/vivek/On-Codes/Batch-Opt-Highway-Driving/ros_ws/install/mpc_car_acado_single/lib/mpc_car_acado_single/mpc_node_single
[14.019s] -- Set runtime path of "/home/vivek/On-Codes/Batch-Opt-Highway-Driving/ros_ws/install/mpc_car_acado_single/lib/mpc_car_acado_single/mpc_node_single" to ""
[14.023s] Invoked command in '/home/vivek/On-Codes/Batch-Opt-Highway-Driving/ros_ws/build/mpc_car_acado_single' returned '0': CMAKE_PREFIX_PATH=/home/vivek/On-Codes/Batch-Opt-Highway-Driving/ros_ws/install/msgs_car:/home/vivek/On-Codes/Batch-Opt-Highway-Driving/ros_ws/install/mpc_car_batch:/home/vivek/On-Codes/Batch-Opt-Highway-Driving/ros_ws/install/mpc_car_acado_single:/home/vivek/On-Codes/Batch-Opt-Highway-Driving/ros_ws/install/mpc_car_acado:/home/vivek/On-Codes/Batch-Opt-Highway-Driving/ros_ws/install/highway_car:/home/vivek/On-Codes/Batch-Opt-Highway-Driving/ros_ws/install/frenet_car:/opt/ros/foxy PYTHONPATH=/home/vivek/On-Codes/Batch-Opt-Highway-Driving/ros_ws/install/msgs_car/lib/python3.8/site-packages:/home/vivek/On-Codes/Batch-Opt-Highway-Driving/ros_ws/install/highway_car/lib/python3.8/site-packages:/home/vivek/On-Codes/Batch-Opt-Highway-Driving/ros_ws/install/frenet_car/lib/python3.8/site-packages:/opt/ros/foxy/lib/python3.8/site-packages:/opt/carla-simulator/PythonAPI/carla/dist/carla-0.9.11-py3.7-linux-x86_64.egg:/opt/carla-simulator/PythonAPI/carla /usr/bin/cmake --install /home/vivek/On-Codes/Batch-Opt-Highway-Driving/ros_ws/build/mpc_car_acado_single
