[0.014s] Invoking command in '/home/vivek/On-Codes/Batch_traj_opt/mpc_car_batch/build/mpc_car_batch': CMAKE_PREFIX_PATH=/opt/ros/foxy /usr/bin/cmake --build /home/vivek/On-Codes/Batch_traj_opt/mpc_car_batch/build/mpc_car_batch -- -j4 -l4
[0.055s] [35m[1mScanning dependencies of target mpc_node[0m
[0.056s] [35m[1mScanning dependencies of target mpc_node_lib[0m
[0.085s] [ 50%] [32mBuilding CXX object CMakeFiles/mpc_node_lib.dir/src/optim.cpp.o[0m
[0.085s] [ 50%] [32mBuilding CXX object CMakeFiles/mpc_node.dir/src/main.cpp.o[0m
[0.120s] [01m[K/home/vivek/On-Codes/Batch_traj_opt/mpc_car_batch/src/optim.cpp:2:10:[m[K [01;31m[Kfatal error: [m[Koptim.h: No such file or directory
[0.120s]     2 | #include [01;31m[K"optim.h"[m[K
[0.120s]       |          [01;31m[K^~~~~~~~~[m[K
[0.120s] compilation terminated.
[0.124s] make[2]: *** [CMakeFiles/mpc_node_lib.dir/build.make:63: CMakeFiles/mpc_node_lib.dir/src/optim.cpp.o] Error 1
[0.125s] make[1]: *** [CMakeFiles/Makefile2:107: CMakeFiles/mpc_node_lib.dir/all] Error 2
[0.125s] make[1]: *** Waiting for unfinished jobs....
[0.201s] [01m[K/home/vivek/On-Codes/Batch_traj_opt/mpc_car_batch/src/main.cpp:9:10:[m[K [01;31m[Kfatal error: [m[Koptim.h: No such file or directory
[0.201s]     9 | #include [01;31m[K"optim.h"[m[K
[0.201s]       |          [01;31m[K^~~~~~~~~[m[K
[0.201s] compilation terminated.
[0.204s] make[2]: *** [CMakeFiles/mpc_node.dir/build.make:63: CMakeFiles/mpc_node.dir/src/main.cpp.o] Error 1
[0.204s] make[1]: *** [CMakeFiles/Makefile2:80: CMakeFiles/mpc_node.dir/all] Error 2
[0.204s] make: *** [Makefile:141: all] Error 2
[0.206s] Invoked command in '/home/vivek/On-Codes/Batch_traj_opt/mpc_car_batch/build/mpc_car_batch' returned '2': CMAKE_PREFIX_PATH=/opt/ros/foxy /usr/bin/cmake --build /home/vivek/On-Codes/Batch_traj_opt/mpc_car_batch/build/mpc_car_batch -- -j4 -l4
