[0.014s] Invoking command in '/home/vivek/On-Codes/Batch_traj_opt/mpc_car_batch/build/mpc_car_batch': CMAKE_PREFIX_PATH=/opt/ros/foxy /usr/bin/cmake --build /home/vivek/On-Codes/Batch_traj_opt/mpc_car_batch/build/mpc_car_batch -- -j4 -l4
[0.042s] -- Found ament_cmake: 0.9.8 (/opt/ros/foxy/share/ament_cmake/cmake)
[0.071s] -- Using PYTHON_EXECUTABLE: /usr/bin/python3
[0.843s] -- Found rclcpp: 2.3.1 (/opt/ros/foxy/share/rclcpp/cmake)
[4.873s] -- Using all available rosidl_typesupport_c: rosidl_typesupport_fastrtps_c;rosidl_typesupport_introspection_c
[4.932s] -- Found rosidl_adapter: 1.2.1 (/opt/ros/foxy/share/rosidl_adapter/cmake)
[9.676s] -- Found OpenSSL: /usr/lib/x86_64-linux-gnu/libcrypto.so (found version "1.1.1f")  
[9.734s] -- Found FastRTPS: /opt/ros/foxy/include  
[10.386s] -- Using all available rosidl_typesupport_cpp: rosidl_typesupport_fastrtps_cpp;rosidl_typesupport_introspection_cpp
[11.624s] -- Found rmw_implementation_cmake: 1.0.3 (/opt/ros/foxy/share/rmw_implementation_cmake/cmake)
[11.784s] -- Using RMW implementation 'rmw_fastrtps_cpp' as default
[12.257s] -- Looking for pthread.h
[12.334s] -- Looking for pthread.h - found
[12.334s] -- Performing Test CMAKE_HAVE_LIBC_PTHREAD
[12.605s] -- Performing Test CMAKE_HAVE_LIBC_PTHREAD - Failed
[12.605s] -- Looking for pthread_create in pthreads
[12.965s] -- Looking for pthread_create in pthreads - not found
[12.965s] -- Looking for pthread_create in pthread
[13.415s] -- Looking for pthread_create in pthread - found
[13.417s] -- Found Threads: TRUE  
[16.127s] -- Found geometry_msgs: 2.0.4 (/opt/ros/foxy/share/geometry_msgs/cmake)
[16.209s] CMake Error at CMakeLists.txt:26 (find_package):
[16.209s]   By not providing "Findodometry_msgs.cmake" in CMAKE_MODULE_PATH this
[16.209s]   project has asked CMake to find a package configuration file provided by
[16.209s]   "odometry_msgs", but CMake did not find one.
[16.209s] 
[16.209s]   Could not find a package configuration file provided by "odometry_msgs"
[16.209s]   with any of the following names:
[16.209s] 
[16.209s]     odometry_msgsConfig.cmake
[16.210s]     odometry_msgs-config.cmake
[16.210s] 
[16.210s]   Add the installation prefix of "odometry_msgs" to CMAKE_PREFIX_PATH or set
[16.210s]   "odometry_msgs_DIR" to a directory containing one of the above files.  If
[16.210s]   "odometry_msgs" provides a separate development package or SDK, be sure it
[16.210s]   has been installed.
[16.210s] 
[16.210s] 
[16.210s] -- Configuring incomplete, errors occurred!
[16.211s] See also "/home/vivek/On-Codes/Batch_traj_opt/mpc_car_batch/build/mpc_car_batch/CMakeFiles/CMakeOutput.log".
[16.211s] See also "/home/vivek/On-Codes/Batch_traj_opt/mpc_car_batch/build/mpc_car_batch/CMakeFiles/CMakeError.log".
[16.217s] make: *** [Makefile:310: cmake_check_build_system] Error 1
[16.221s] Invoked command in '/home/vivek/On-Codes/Batch_traj_opt/mpc_car_batch/build/mpc_car_batch' returned '2': CMAKE_PREFIX_PATH=/opt/ros/foxy /usr/bin/cmake --build /home/vivek/On-Codes/Batch_traj_opt/mpc_car_batch/build/mpc_car_batch -- -j4 -l4
