[01m[K/home/vivek/On-Codes/Batch-Opt-Highway-Driving/ros_ws/src/mpc_car_batch/src/main_batch.cpp:[m[K In constructor ‘[01m[KMinimalPublisher::MinimalPublisher()[m[K’:
[01m[K/home/vivek/On-Codes/Batch-Opt-Highway-Driving/ros_ws/src/mpc_car_batch/src/main_batch.cpp:129:9:[m[K [01;31m[Kerror: [m[K‘[01m[KString[m[K’ was not declared in this scope
  129 |         [01;31m[KString[m[K setting = map["setting"].as<string>();
      |         [01;31m[K^~~~~~[m[K
[01m[K/home/vivek/On-Codes/Batch-Opt-Highway-Driving/ros_ws/src/mpc_car_batch/src/main_batch.cpp:131:51:[m[K [01;31m[Kerror: [m[K‘[01m[Ksetting[m[K’ was not declared in this scope
  131 |         prob_data.num_goal = map["configuration"][[01;31m[Ksetting[m[K]["goal"].as<float>();
      |                                                   [01;31m[K^~~~~~~[m[K
[01m[K/home/vivek/On-Codes/Batch-Opt-Highway-Driving/ros_ws/src/mpc_car_batch/src/main_batch.cpp:131:71:[m[K [01;31m[Kerror: [m[Kexpected primary-expression before ‘[01m[Kfloat[m[K’
  131 |         prob_data.num_goal = map["configuration"][setting]["goal"].as<[01;31m[Kfloat[m[K>();
      |                                                                       [01;31m[K^~~~~[m[K
[01m[K/home/vivek/On-Codes/Batch-Opt-Highway-Driving/ros_ws/src/mpc_car_batch/src/main_batch.cpp:132:61:[m[K [01;31m[Kerror: [m[Kexpected primary-expression before ‘[01m[Kfloat[m[K’
  132 |         w0 = map["configuration"][setting]["weights"][0].as<[01;31m[Kfloat[m[K>();
      |                                                             [01;31m[K^~~~~[m[K
[01m[K/home/vivek/On-Codes/Batch-Opt-Highway-Driving/ros_ws/src/mpc_car_batch/src/main_batch.cpp:133:61:[m[K [01;31m[Kerror: [m[Kexpected primary-expression before ‘[01m[Kfloat[m[K’
  133 |         w1 = map["configuration"][setting]["weights"][1].as<[01;31m[Kfloat[m[K>();
      |                                                             [01;31m[K^~~~~[m[K
[01m[K/home/vivek/On-Codes/Batch-Opt-Highway-Driving/ros_ws/src/mpc_car_batch/src/main_batch.cpp:134:61:[m[K [01;31m[Kerror: [m[Kexpected primary-expression before ‘[01m[Kfloat[m[K’
  134 |         w2 = map["configuration"][setting]["weights"][2].as<[01;31m[Kfloat[m[K>();
      |                                                             [01;31m[K^~~~~[m[K
[01m[K/home/vivek/On-Codes/Batch-Opt-Highway-Driving/ros_ws/src/mpc_car_batch/src/main_batch.cpp:135:61:[m[K [01;31m[Kerror: [m[Kexpected primary-expression before ‘[01m[Kfloat[m[K’
  135 |         w3 = map["configuration"][setting]["weights"][3].as<[01;31m[Kfloat[m[K>();
      |                                                             [01;31m[K^~~~~[m[K
[01m[K/home/vivek/On-Codes/Batch-Opt-Highway-Driving/ros_ws/src/mpc_car_batch/src/main_batch.cpp:145:65:[m[K [01;31m[Kerror: [m[Kexpected primary-expression before ‘[01m[Kfloat[m[K’
  145 |             x_g(i) = map["configuration"][setting]["x_g"][i].as<[01;31m[Kfloat[m[K>();
      |                                                                 [01;31m[K^~~~~[m[K
[01m[K/home/vivek/On-Codes/Batch-Opt-Highway-Driving/ros_ws/src/mpc_car_batch/src/main_batch.cpp:146:65:[m[K [01;31m[Kerror: [m[Kexpected primary-expression before ‘[01m[Kfloat[m[K’
  146 |             y_g(i) = map["configuration"][setting]["y_g"][i].as<[01;31m[Kfloat[m[K>();
      |                                                                 [01;31m[K^~~~~[m[K
[01m[K/home/vivek/On-Codes/Batch-Opt-Highway-Driving/ros_ws/src/mpc_car_batch/src/main_batch.cpp:161:69:[m[K [01;31m[Kerror: [m[Kexpected primary-expression before ‘[01m[K>[m[K’ token
  161 |         outdata.open(map["configuration"][setting]["file"].as<string[01;31m[K>[m[K());
      |                                                                     [01;31m[K^[m[K
[01m[K/home/vivek/On-Codes/Batch-Opt-Highway-Driving/ros_ws/src/mpc_car_batch/src/main_batch.cpp:161:71:[m[K [01;31m[Kerror: [m[Kexpected primary-expression before ‘[01m[K)[m[K’ token
  161 |         outdata.open(map["configuration"][setting]["file"].as<string>([01;31m[K)[m[K);
      |                                                                       [01;31m[K^[m[K
make[2]: *** [CMakeFiles/mpc_node.dir/build.make:63: CMakeFiles/mpc_node.dir/src/main_batch.cpp.o] Error 1
make[1]: *** [CMakeFiles/Makefile2:80: CMakeFiles/mpc_node.dir/all] Error 2
make: *** [Makefile:141: all] Error 2
