[0.016s] Invoking command in '/home/vivek/On-Codes/Batch-Opt-Highway-Driving/ros_ws/build/mpc_car_batch': CMAKE_PREFIX_PATH=/home/vivek/On-Codes/Batch-Opt-Highway-Driving/ros_ws/install/msgs_car:/home/vivek/On-Codes/Batch-Opt-Highway-Driving/ros_ws/install/mpc_car_batch:/home/vivek/On-Codes/Batch-Opt-Highway-Driving/ros_ws/install/mpc_car_acado_single:/home/vivek/On-Codes/Batch-Opt-Highway-Driving/ros_ws/install/mpc_car_acado:/home/vivek/On-Codes/Batch-Opt-Highway-Driving/ros_ws/install/highway_car:/home/vivek/On-Codes/Batch-Opt-Highway-Driving/ros_ws/install/frenet_car:/opt/ros/foxy PYTHONPATH=/home/vivek/On-Codes/Batch-Opt-Highway-Driving/ros_ws/install/msgs_car/lib/python3.8/site-packages:/home/vivek/On-Codes/Batch-Opt-Highway-Driving/ros_ws/install/highway_car/lib/python3.8/site-packages:/home/vivek/On-Codes/Batch-Opt-Highway-Driving/ros_ws/install/frenet_car/lib/python3.8/site-packages:/opt/ros/foxy/lib/python3.8/site-packages:/opt/carla-simulator/PythonAPI/carla/dist/carla-0.9.11-py3.7-linux-x86_64.egg:/opt/carla-simulator/PythonAPI/carla /usr/bin/cmake --build /home/vivek/On-Codes/Batch-Opt-Highway-Driving/ros_ws/build/mpc_car_batch -- -j4 -l4
[0.073s] [ 50%] Built target mpc_node_lib
[0.088s] [35m[1mScanning dependencies of target mpc_node[0m
[0.121s] [ 75%] [32mBuilding CXX object CMakeFiles/mpc_node.dir/src/main_batch.cpp.o[0m
[2.570s] [01m[K/home/vivek/On-Codes/Batch-Opt-Highway-Driving/ros_ws/src/mpc_car_batch/src/main_batch.cpp:[m[K In constructor ‘[01m[KMinimalPublisher::MinimalPublisher()[m[K’:
[2.570s] [01m[K/home/vivek/On-Codes/Batch-Opt-Highway-Driving/ros_ws/src/mpc_car_batch/src/main_batch.cpp:129:9:[m[K [01;31m[Kerror: [m[K‘[01m[KString[m[K’ was not declared in this scope
[2.570s]   129 |         [01;31m[KString[m[K setting = map["setting"].as<string>();
[2.571s]       |         [01;31m[K^~~~~~[m[K
[2.573s] [01m[K/home/vivek/On-Codes/Batch-Opt-Highway-Driving/ros_ws/src/mpc_car_batch/src/main_batch.cpp:131:51:[m[K [01;31m[Kerror: [m[K‘[01m[Ksetting[m[K’ was not declared in this scope
[2.574s]   131 |         prob_data.num_goal = map["configuration"][[01;31m[Ksetting[m[K]["goal"].as<float>();
[2.574s]       |                                                   [01;31m[K^~~~~~~[m[K
[2.574s] [01m[K/home/vivek/On-Codes/Batch-Opt-Highway-Driving/ros_ws/src/mpc_car_batch/src/main_batch.cpp:131:71:[m[K [01;31m[Kerror: [m[Kexpected primary-expression before ‘[01m[Kfloat[m[K’
[2.574s]   131 |         prob_data.num_goal = map["configuration"][setting]["goal"].as<[01;31m[Kfloat[m[K>();
[2.574s]       |                                                                       [01;31m[K^~~~~[m[K
[2.574s] [01m[K/home/vivek/On-Codes/Batch-Opt-Highway-Driving/ros_ws/src/mpc_car_batch/src/main_batch.cpp:132:61:[m[K [01;31m[Kerror: [m[Kexpected primary-expression before ‘[01m[Kfloat[m[K’
[2.574s]   132 |         w0 = map["configuration"][setting]["weights"][0].as<[01;31m[Kfloat[m[K>();
[2.574s]       |                                                             [01;31m[K^~~~~[m[K
[2.574s] [01m[K/home/vivek/On-Codes/Batch-Opt-Highway-Driving/ros_ws/src/mpc_car_batch/src/main_batch.cpp:133:61:[m[K [01;31m[Kerror: [m[Kexpected primary-expression before ‘[01m[Kfloat[m[K’
[2.574s]   133 |         w1 = map["configuration"][setting]["weights"][1].as<[01;31m[Kfloat[m[K>();
[2.574s]       |                                                             [01;31m[K^~~~~[m[K
[2.574s] [01m[K/home/vivek/On-Codes/Batch-Opt-Highway-Driving/ros_ws/src/mpc_car_batch/src/main_batch.cpp:134:61:[m[K [01;31m[Kerror: [m[Kexpected primary-expression before ‘[01m[Kfloat[m[K’
[2.575s]   134 |         w2 = map["configuration"][setting]["weights"][2].as<[01;31m[Kfloat[m[K>();
[2.575s]       |                                                             [01;31m[K^~~~~[m[K
[2.575s] [01m[K/home/vivek/On-Codes/Batch-Opt-Highway-Driving/ros_ws/src/mpc_car_batch/src/main_batch.cpp:135:61:[m[K [01;31m[Kerror: [m[Kexpected primary-expression before ‘[01m[Kfloat[m[K’
[2.575s]   135 |         w3 = map["configuration"][setting]["weights"][3].as<[01;31m[Kfloat[m[K>();
[2.575s]       |                                                             [01;31m[K^~~~~[m[K
[2.575s] [01m[K/home/vivek/On-Codes/Batch-Opt-Highway-Driving/ros_ws/src/mpc_car_batch/src/main_batch.cpp:145:65:[m[K [01;31m[Kerror: [m[Kexpected primary-expression before ‘[01m[Kfloat[m[K’
[2.575s]   145 |             x_g(i) = map["configuration"][setting]["x_g"][i].as<[01;31m[Kfloat[m[K>();
[2.575s]       |                                                                 [01;31m[K^~~~~[m[K
[2.575s] [01m[K/home/vivek/On-Codes/Batch-Opt-Highway-Driving/ros_ws/src/mpc_car_batch/src/main_batch.cpp:146:65:[m[K [01;31m[Kerror: [m[Kexpected primary-expression before ‘[01m[Kfloat[m[K’
[2.575s]   146 |             y_g(i) = map["configuration"][setting]["y_g"][i].as<[01;31m[Kfloat[m[K>();
[2.575s]       |                                                                 [01;31m[K^~~~~[m[K
[2.594s] [01m[K/home/vivek/On-Codes/Batch-Opt-Highway-Driving/ros_ws/src/mpc_car_batch/src/main_batch.cpp:161:69:[m[K [01;31m[Kerror: [m[Kexpected primary-expression before ‘[01m[K>[m[K’ token
[2.595s]   161 |         outdata.open(map["configuration"][setting]["file"].as<string[01;31m[K>[m[K());
[2.595s]       |                                                                     [01;31m[K^[m[K
[2.595s] [01m[K/home/vivek/On-Codes/Batch-Opt-Highway-Driving/ros_ws/src/mpc_car_batch/src/main_batch.cpp:161:71:[m[K [01;31m[Kerror: [m[Kexpected primary-expression before ‘[01m[K)[m[K’ token
[2.595s]   161 |         outdata.open(map["configuration"][setting]["file"].as<string>([01;31m[K)[m[K);
[2.595s]       |                                                                       [01;31m[K^[m[K
[4.908s] make[2]: *** [CMakeFiles/mpc_node.dir/build.make:63: CMakeFiles/mpc_node.dir/src/main_batch.cpp.o] Error 1
[4.909s] make[1]: *** [CMakeFiles/Makefile2:80: CMakeFiles/mpc_node.dir/all] Error 2
[4.909s] make: *** [Makefile:141: all] Error 2
[4.911s] Invoked command in '/home/vivek/On-Codes/Batch-Opt-Highway-Driving/ros_ws/build/mpc_car_batch' returned '2': CMAKE_PREFIX_PATH=/home/vivek/On-Codes/Batch-Opt-Highway-Driving/ros_ws/install/msgs_car:/home/vivek/On-Codes/Batch-Opt-Highway-Driving/ros_ws/install/mpc_car_batch:/home/vivek/On-Codes/Batch-Opt-Highway-Driving/ros_ws/install/mpc_car_acado_single:/home/vivek/On-Codes/Batch-Opt-Highway-Driving/ros_ws/install/mpc_car_acado:/home/vivek/On-Codes/Batch-Opt-Highway-Driving/ros_ws/install/highway_car:/home/vivek/On-Codes/Batch-Opt-Highway-Driving/ros_ws/install/frenet_car:/opt/ros/foxy PYTHONPATH=/home/vivek/On-Codes/Batch-Opt-Highway-Driving/ros_ws/install/msgs_car/lib/python3.8/site-packages:/home/vivek/On-Codes/Batch-Opt-Highway-Driving/ros_ws/install/highway_car/lib/python3.8/site-packages:/home/vivek/On-Codes/Batch-Opt-Highway-Driving/ros_ws/install/frenet_car/lib/python3.8/site-packages:/opt/ros/foxy/lib/python3.8/site-packages:/opt/carla-simulator/PythonAPI/carla/dist/carla-0.9.11-py3.7-linux-x86_64.egg:/opt/carla-simulator/PythonAPI/carla /usr/bin/cmake --build /home/vivek/On-Codes/Batch-Opt-Highway-Driving/ros_ws/build/mpc_car_batch -- -j4 -l4
