[0.017s] Invoking command in '/home/vivek/On-Codes/Batch_traj_opt/mpc_car_batch/build/mpc_car_batch': CMAKE_PREFIX_PATH=/opt/ros/foxy /usr/bin/cmake --build /home/vivek/On-Codes/Batch_traj_opt/mpc_car_batch/build/mpc_car_batch -- -j4 -l4
[0.056s] -- Found ament_cmake: 0.9.8 (/opt/ros/foxy/share/ament_cmake/cmake)
[0.091s] -- Using PYTHON_EXECUTABLE: /usr/bin/python3
[0.292s] -- Found rclcpp: 2.3.1 (/opt/ros/foxy/share/rclcpp/cmake)
[0.330s] -- Using all available rosidl_typesupport_c: rosidl_typesupport_fastrtps_c;rosidl_typesupport_introspection_c
[0.334s] -- Found rosidl_adapter: 1.2.1 (/opt/ros/foxy/share/rosidl_adapter/cmake)
[0.486s] -- Using all available rosidl_typesupport_cpp: rosidl_typesupport_fastrtps_cpp;rosidl_typesupport_introspection_cpp
[0.554s] -- Found rmw_implementation_cmake: 1.0.3 (/opt/ros/foxy/share/rmw_implementation_cmake/cmake)
[0.556s] -- Using RMW implementation 'rmw_fastrtps_cpp' as default
[0.765s] -- Found geometry_msgs: 2.0.4 (/opt/ros/foxy/share/geometry_msgs/cmake)
[0.811s] -- Found nav_msgs: 2.0.4 (/opt/ros/foxy/share/nav_msgs/cmake)
[0.923s] CMake Error at CMakeLists.txt:32 (find_package):
[0.923s]   By not providing "Findhighway_env.cmake" in CMAKE_MODULE_PATH this project
[0.923s]   has asked CMake to find a package configuration file provided by
[0.923s]   "highway_env", but CMake did not find one.
[0.923s] 
[0.923s]   Could not find a package configuration file provided by "highway_env" with
[0.923s]   any of the following names:
[0.923s] 
[0.923s]     highway_envConfig.cmake
[0.923s]     highway_env-config.cmake
[0.923s] 
[0.924s]   Add the installation prefix of "highway_env" to CMAKE_PREFIX_PATH or set
[0.924s]   "highway_env_DIR" to a directory containing one of the above files.  If
[0.924s]   "highway_env" provides a separate development package or SDK, be sure it
[0.924s]   has been installed.
[0.924s] 
[0.924s] 
[0.924s] -- Configuring incomplete, errors occurred!
[0.924s] See also "/home/vivek/On-Codes/Batch_traj_opt/mpc_car_batch/build/mpc_car_batch/CMakeFiles/CMakeOutput.log".
[0.924s] See also "/home/vivek/On-Codes/Batch_traj_opt/mpc_car_batch/build/mpc_car_batch/CMakeFiles/CMakeError.log".
[0.932s] make: *** [Makefile:324: cmake_check_build_system] Error 1
[0.936s] Invoked command in '/home/vivek/On-Codes/Batch_traj_opt/mpc_car_batch/build/mpc_car_batch' returned '2': CMAKE_PREFIX_PATH=/opt/ros/foxy /usr/bin/cmake --build /home/vivek/On-Codes/Batch_traj_opt/mpc_car_batch/build/mpc_car_batch -- -j4 -l4
